[0.007s] Invoking command in '/home/rc1/STrAduts/ConQU/Service_Learning/homework/build/morihuoshan': CMAKE_PREFIX_PATH=/opt/ros/humble /usr/bin/cmake --build /home/rc1/STrAduts/ConQU/Service_Learning/homework/build/morihuoshan -- -j8 -l8
[0.023s] -- Found ament_cmake: 1.3.12 (/opt/ros/humble/share/ament_cmake/cmake)
[0.112s] -- Found rclcpp: 16.0.15 (/opt/ros/humble/share/rclcpp/cmake)
[0.130s] -- Found rosidl_generator_c: 3.1.7 (/opt/ros/humble/share/rosidl_generator_c/cmake)
[0.132s] -- Found rosidl_adapter: 3.1.7 (/opt/ros/humble/share/rosidl_adapter/cmake)
[0.136s] -- Found rosidl_generator_cpp: 3.1.7 (/opt/ros/humble/share/rosidl_generator_cpp/cmake)
[0.142s] -- Using all available rosidl_typesupport_c: rosidl_typesupport_fastrtps_c;rosidl_typesupport_introspection_c
[0.150s] -- Using all available rosidl_typesupport_cpp: rosidl_typesupport_fastrtps_cpp;rosidl_typesupport_introspection_cpp
[0.172s] -- Found rmw_implementation_cmake: 6.1.2 (/opt/ros/humble/share/rmw_implementation_cmake/cmake)
[0.172s] -- Found rmw_fastrtps_cpp: 6.2.9 (/opt/ros/humble/share/rmw_fastrtps_cpp/cmake)
[0.239s] -- Using RMW implementation 'rmw_fastrtps_cpp' as default
[0.272s] -- Found lr_interfaces: 0.0.0 (/home/rc1/STrAduts/ConQU/Service_Learning/homework/install/lr_interfaces/share/lr_interfaces/cmake)
[0.278s] -- Found ament_lint_auto: 0.12.14 (/opt/ros/humble/share/ament_lint_auto/cmake)
[0.328s] -- Added test 'cppcheck' to perform static code analysis on C / C++ code
[0.328s] -- Configured cppcheck include dirs: 
[0.328s] -- Configured cppcheck exclude dirs and/or files: 
[0.328s] -- Added test 'lint_cmake' to check CMake code style
[0.329s] -- Added test 'uncrustify' to check C / C++ code style
[0.329s] -- Configured uncrustify additional arguments: 
[0.329s] -- Added test 'xmllint' to check XML markup files
[0.329s] -- Configuring done
[0.337s] -- Generating done
[0.340s] -- Build files have been written to: /home/rc1/STrAduts/ConQU/Service_Learning/homework/build/morihuoshan
[0.358s] [35m[1mConsolidate compiler generated dependencies of target car_service[0m
[0.359s] [35m[1mConsolidate compiler generated dependencies of target car_client[0m
[0.370s] [ 50%] [32mBuilding CXX object CMakeFiles/car_client.dir/src/car_client.cpp.o[0m
[0.370s] [ 50%] [32mBuilding CXX object CMakeFiles/car_service.dir/src/car_service.cpp.o[0m
[3.223s] [ 75%] [32m[1mLinking CXX executable car_service[0m
[3.333s] [ 75%] Built target car_service
[3.345s] [100%] [32m[1mLinking CXX executable car_client[0m
[3.452s] [100%] Built target car_client
[3.459s] Invoked command in '/home/rc1/STrAduts/ConQU/Service_Learning/homework/build/morihuoshan' returned '0': CMAKE_PREFIX_PATH=/opt/ros/humble /usr/bin/cmake --build /home/rc1/STrAduts/ConQU/Service_Learning/homework/build/morihuoshan -- -j8 -l8
[3.460s] Invoking command in '/home/rc1/STrAduts/ConQU/Service_Learning/homework/build/morihuoshan': CMAKE_PREFIX_PATH=/opt/ros/humble /usr/bin/cmake --install /home/rc1/STrAduts/ConQU/Service_Learning/homework/build/morihuoshan
[3.466s] -- Install configuration: ""
[3.466s] -- Installing: /home/rc1/STrAduts/ConQU/Service_Learning/homework/install/morihuoshan/lib/morihuoshan/car_service
[3.466s] -- Set runtime path of "/home/rc1/STrAduts/ConQU/Service_Learning/homework/install/morihuoshan/lib/morihuoshan/car_service" to ""
[3.466s] -- Installing: /home/rc1/STrAduts/ConQU/Service_Learning/homework/install/morihuoshan/lib/morihuoshan/car_client
[3.467s] -- Set runtime path of "/home/rc1/STrAduts/ConQU/Service_Learning/homework/install/morihuoshan/lib/morihuoshan/car_client" to ""
[3.467s] -- Up-to-date: /home/rc1/STrAduts/ConQU/Service_Learning/homework/install/morihuoshan/share/ament_index/resource_index/package_run_dependencies/morihuoshan
[3.467s] -- Installing: /home/rc1/STrAduts/ConQU/Service_Learning/homework/install/morihuoshan/share/ament_index/resource_index/parent_prefix_path/morihuoshan
[3.467s] -- Installing: /home/rc1/STrAduts/ConQU/Service_Learning/homework/install/morihuoshan/share/morihuoshan/environment/ament_prefix_path.sh
[3.467s] -- Installing: /home/rc1/STrAduts/ConQU/Service_Learning/homework/install/morihuoshan/share/morihuoshan/environment/ament_prefix_path.dsv
[3.467s] -- Installing: /home/rc1/STrAduts/ConQU/Service_Learning/homework/install/morihuoshan/share/morihuoshan/environment/path.sh
[3.467s] -- Installing: /home/rc1/STrAduts/ConQU/Service_Learning/homework/install/morihuoshan/share/morihuoshan/environment/path.dsv
[3.467s] -- Up-to-date: /home/rc1/STrAduts/ConQU/Service_Learning/homework/install/morihuoshan/share/morihuoshan/local_setup.bash
[3.467s] -- Up-to-date: /home/rc1/STrAduts/ConQU/Service_Learning/homework/install/morihuoshan/share/morihuoshan/local_setup.sh
[3.467s] -- Up-to-date: /home/rc1/STrAduts/ConQU/Service_Learning/homework/install/morihuoshan/share/morihuoshan/local_setup.zsh
[3.467s] -- Installing: /home/rc1/STrAduts/ConQU/Service_Learning/homework/install/morihuoshan/share/morihuoshan/local_setup.dsv
[3.467s] -- Installing: /home/rc1/STrAduts/ConQU/Service_Learning/homework/install/morihuoshan/share/morihuoshan/package.dsv
[3.468s] -- Up-to-date: /home/rc1/STrAduts/ConQU/Service_Learning/homework/install/morihuoshan/share/ament_index/resource_index/packages/morihuoshan
[3.468s] -- Up-to-date: /home/rc1/STrAduts/ConQU/Service_Learning/homework/install/morihuoshan/share/morihuoshan/cmake/morihuoshanConfig.cmake
[3.468s] -- Up-to-date: /home/rc1/STrAduts/ConQU/Service_Learning/homework/install/morihuoshan/share/morihuoshan/cmake/morihuoshanConfig-version.cmake
[3.468s] -- Up-to-date: /home/rc1/STrAduts/ConQU/Service_Learning/homework/install/morihuoshan/share/morihuoshan/package.xml
[3.469s] Invoked command in '/home/rc1/STrAduts/ConQU/Service_Learning/homework/build/morihuoshan' returned '0': CMAKE_PREFIX_PATH=/opt/ros/humble /usr/bin/cmake --install /home/rc1/STrAduts/ConQU/Service_Learning/homework/build/morihuoshan
