[0.066s] DEBUG:colcon:Command line arguments: ['/usr/bin/colcon', 'build']
[0.066s] DEBUG:colcon:Parsed command line arguments: Namespace(log_base=None, log_level=None, verb_name='build', build_base='build', install_base='install', merge_install=False, symlink_install=False, test_result_base=None, continue_on_error=False, executor='parallel', parallel_workers=8, event_handlers=None, ignore_user_meta=False, metas=['./colcon.meta'], base_paths=['.'], packages_ignore=None, packages_ignore_regex=None, paths=None, packages_up_to=None, packages_up_to_regex=None, packages_above=None, packages_above_and_dependencies=None, packages_above_depth=None, packages_select_by_dep=None, packages_skip_by_dep=None, packages_skip_up_to=None, packages_select_build_failed=False, packages_skip_build_finished=False, packages_select_test_failures=False, packages_skip_test_passed=False, packages_select=None, packages_skip=None, packages_select_regex=None, packages_skip_regex=None, packages_start=None, packages_end=None, allow_overriding=[], cmake_args=None, cmake_target=None, cmake_target_skip_unavailable=False, cmake_clean_cache=False, cmake_clean_first=False, cmake_force_configure=False, ament_cmake_args=None, catkin_cmake_args=None, catkin_skip_building_tests=False, verb_parser=<colcon_defaults.argument_parser.defaults.DefaultArgumentsDecorator object at 0x7559b9a26ef0>, verb_extension=<colcon_core.verb.build.BuildVerb object at 0x7559b9bd87f0>, main=<bound method BuildVerb.main of <colcon_core.verb.build.BuildVerb object at 0x7559b9bd87f0>>)
[0.164s] Level 1:colcon.colcon_core.package_discovery:discover_packages(colcon_meta) check parameters
[0.164s] Level 1:colcon.colcon_core.package_discovery:discover_packages(recursive) check parameters
[0.164s] Level 1:colcon.colcon_core.package_discovery:discover_packages(ignore) check parameters
[0.164s] Level 1:colcon.colcon_core.package_discovery:discover_packages(path) check parameters
[0.164s] Level 1:colcon.colcon_core.package_discovery:discover_packages(colcon_meta) discover
[0.164s] Level 1:colcon.colcon_core.package_discovery:discover_packages(recursive) discover
[0.164s] INFO:colcon.colcon_core.package_discovery:Crawling recursively for packages in '/home/rc1/STrAduts/ConQU/Topic_Learning'
[0.164s] Level 1:colcon.colcon_core.package_identification:_identify(.) by extensions ['ignore', 'ignore_ament_install']
[0.164s] Level 1:colcon.colcon_core.package_identification:_identify(.) by extension 'ignore'
[0.164s] Level 1:colcon.colcon_core.package_identification:_identify(.) by extension 'ignore_ament_install'
[0.164s] Level 1:colcon.colcon_core.package_identification:_identify(.) by extensions ['colcon_pkg']
[0.164s] Level 1:colcon.colcon_core.package_identification:_identify(.) by extension 'colcon_pkg'
[0.164s] Level 1:colcon.colcon_core.package_identification:_identify(.) by extensions ['colcon_meta']
[0.164s] Level 1:colcon.colcon_core.package_identification:_identify(.) by extension 'colcon_meta'
[0.164s] Level 1:colcon.colcon_core.package_identification:_identify(.) by extensions ['ros']
[0.164s] Level 1:colcon.colcon_core.package_identification:_identify(.) by extension 'ros'
[0.172s] Level 1:colcon.colcon_core.package_identification:_identify(.) by extensions ['cmake', 'python']
[0.172s] Level 1:colcon.colcon_core.package_identification:_identify(.) by extension 'cmake'
[0.172s] Level 1:colcon.colcon_core.package_identification:_identify(.) by extension 'python'
[0.172s] Level 1:colcon.colcon_core.package_identification:_identify(.) by extensions ['python_setup_py']
[0.172s] Level 1:colcon.colcon_core.package_identification:_identify(.) by extension 'python_setup_py'
[0.172s] Level 1:colcon.colcon_core.package_identification:_identify(build) by extensions ['ignore', 'ignore_ament_install']
[0.172s] Level 1:colcon.colcon_core.package_identification:_identify(build) by extension 'ignore'
[0.172s] Level 1:colcon.colcon_core.package_identification:_identify(build) ignored
[0.172s] Level 1:colcon.colcon_core.package_identification:_identify(install) by extensions ['ignore', 'ignore_ament_install']
[0.172s] Level 1:colcon.colcon_core.package_identification:_identify(install) by extension 'ignore'
[0.172s] Level 1:colcon.colcon_core.package_identification:_identify(install) ignored
[0.172s] Level 1:colcon.colcon_core.package_identification:_identify(log) by extensions ['ignore', 'ignore_ament_install']
[0.172s] Level 1:colcon.colcon_core.package_identification:_identify(log) by extension 'ignore'
[0.172s] Level 1:colcon.colcon_core.package_identification:_identify(log) ignored
[0.172s] Level 1:colcon.colcon_core.package_identification:_identify(niluo) by extensions ['ignore', 'ignore_ament_install']
[0.173s] Level 1:colcon.colcon_core.package_identification:_identify(niluo) by extension 'ignore'
[0.173s] Level 1:colcon.colcon_core.package_identification:_identify(niluo) by extension 'ignore_ament_install'
[0.173s] Level 1:colcon.colcon_core.package_identification:_identify(niluo) by extensions ['colcon_pkg']
[0.173s] Level 1:colcon.colcon_core.package_identification:_identify(niluo) by extension 'colcon_pkg'
[0.173s] Level 1:colcon.colcon_core.package_identification:_identify(niluo) by extensions ['colcon_meta']
[0.173s] Level 1:colcon.colcon_core.package_identification:_identify(niluo) by extension 'colcon_meta'
[0.173s] Level 1:colcon.colcon_core.package_identification:_identify(niluo) by extensions ['ros']
[0.173s] Level 1:colcon.colcon_core.package_identification:_identify(niluo) by extension 'ros'
[0.173s] Level 1:colcon.colcon_core.package_identification:_identify(niluo) by extensions ['cmake', 'python']
[0.173s] Level 1:colcon.colcon_core.package_identification:_identify(niluo) by extension 'cmake'
[0.173s] Level 1:colcon.colcon_core.package_identification:_identify(niluo) by extension 'python'
[0.173s] Level 1:colcon.colcon_core.package_identification:_identify(niluo) by extensions ['python_setup_py']
[0.173s] Level 1:colcon.colcon_core.package_identification:_identify(niluo) by extension 'python_setup_py'
[0.173s] Level 1:colcon.colcon_core.package_identification:_identify(niluo/src) by extensions ['ignore', 'ignore_ament_install']
[0.173s] Level 1:colcon.colcon_core.package_identification:_identify(niluo/src) by extension 'ignore'
[0.173s] Level 1:colcon.colcon_core.package_identification:_identify(niluo/src) by extension 'ignore_ament_install'
[0.173s] Level 1:colcon.colcon_core.package_identification:_identify(niluo/src) by extensions ['colcon_pkg']
[0.173s] Level 1:colcon.colcon_core.package_identification:_identify(niluo/src) by extension 'colcon_pkg'
[0.173s] Level 1:colcon.colcon_core.package_identification:_identify(niluo/src) by extensions ['colcon_meta']
[0.173s] Level 1:colcon.colcon_core.package_identification:_identify(niluo/src) by extension 'colcon_meta'
[0.173s] Level 1:colcon.colcon_core.package_identification:_identify(niluo/src) by extensions ['ros']
[0.173s] Level 1:colcon.colcon_core.package_identification:_identify(niluo/src) by extension 'ros'
[0.173s] Level 1:colcon.colcon_core.package_identification:_identify(niluo/src) by extensions ['cmake', 'python']
[0.173s] Level 1:colcon.colcon_core.package_identification:_identify(niluo/src) by extension 'cmake'
[0.173s] Level 1:colcon.colcon_core.package_identification:_identify(niluo/src) by extension 'python'
[0.173s] Level 1:colcon.colcon_core.package_identification:_identify(niluo/src) by extensions ['python_setup_py']
[0.173s] Level 1:colcon.colcon_core.package_identification:_identify(niluo/src) by extension 'python_setup_py'
[0.173s] Level 1:colcon.colcon_core.package_identification:_identify(niluo/src/niluo_node_rclcpp) by extensions ['ignore', 'ignore_ament_install']
[0.173s] Level 1:colcon.colcon_core.package_identification:_identify(niluo/src/niluo_node_rclcpp) by extension 'ignore'
[0.173s] Level 1:colcon.colcon_core.package_identification:_identify(niluo/src/niluo_node_rclcpp) by extension 'ignore_ament_install'
[0.173s] Level 1:colcon.colcon_core.package_identification:_identify(niluo/src/niluo_node_rclcpp) by extensions ['colcon_pkg']
[0.174s] Level 1:colcon.colcon_core.package_identification:_identify(niluo/src/niluo_node_rclcpp) by extension 'colcon_pkg'
[0.174s] Level 1:colcon.colcon_core.package_identification:_identify(niluo/src/niluo_node_rclcpp) by extensions ['colcon_meta']
[0.174s] Level 1:colcon.colcon_core.package_identification:_identify(niluo/src/niluo_node_rclcpp) by extension 'colcon_meta'
[0.174s] Level 1:colcon.colcon_core.package_identification:_identify(niluo/src/niluo_node_rclcpp) by extensions ['ros']
[0.174s] Level 1:colcon.colcon_core.package_identification:_identify(niluo/src/niluo_node_rclcpp) by extension 'ros'
[0.175s] DEBUG:colcon.colcon_core.package_identification:Package 'niluo/src/niluo_node_rclcpp' with type 'ros.ament_cmake' and name 'niluo_node_rclcpp'
[0.175s] Level 1:colcon.colcon_core.package_identification:_identify(student) by extensions ['ignore', 'ignore_ament_install']
[0.176s] Level 1:colcon.colcon_core.package_identification:_identify(student) by extension 'ignore'
[0.176s] Level 1:colcon.colcon_core.package_identification:_identify(student) by extension 'ignore_ament_install'
[0.176s] Level 1:colcon.colcon_core.package_identification:_identify(student) by extensions ['colcon_pkg']
[0.176s] Level 1:colcon.colcon_core.package_identification:_identify(student) by extension 'colcon_pkg'
[0.176s] Level 1:colcon.colcon_core.package_identification:_identify(student) by extensions ['colcon_meta']
[0.176s] Level 1:colcon.colcon_core.package_identification:_identify(student) by extension 'colcon_meta'
[0.176s] Level 1:colcon.colcon_core.package_identification:_identify(student) by extensions ['ros']
[0.176s] Level 1:colcon.colcon_core.package_identification:_identify(student) by extension 'ros'
[0.176s] Level 1:colcon.colcon_core.package_identification:_identify(student) by extensions ['cmake', 'python']
[0.176s] Level 1:colcon.colcon_core.package_identification:_identify(student) by extension 'cmake'
[0.176s] Level 1:colcon.colcon_core.package_identification:_identify(student) by extension 'python'
[0.176s] Level 1:colcon.colcon_core.package_identification:_identify(student) by extensions ['python_setup_py']
[0.176s] Level 1:colcon.colcon_core.package_identification:_identify(student) by extension 'python_setup_py'
[0.176s] Level 1:colcon.colcon_core.package_identification:_identify(student/src) by extensions ['ignore', 'ignore_ament_install']
[0.176s] Level 1:colcon.colcon_core.package_identification:_identify(student/src) by extension 'ignore'
[0.176s] Level 1:colcon.colcon_core.package_identification:_identify(student/src) by extension 'ignore_ament_install'
[0.176s] Level 1:colcon.colcon_core.package_identification:_identify(student/src) by extensions ['colcon_pkg']
[0.176s] Level 1:colcon.colcon_core.package_identification:_identify(student/src) by extension 'colcon_pkg'
[0.176s] Level 1:colcon.colcon_core.package_identification:_identify(student/src) by extensions ['colcon_meta']
[0.176s] Level 1:colcon.colcon_core.package_identification:_identify(student/src) by extension 'colcon_meta'
[0.176s] Level 1:colcon.colcon_core.package_identification:_identify(student/src) by extensions ['ros']
[0.176s] Level 1:colcon.colcon_core.package_identification:_identify(student/src) by extension 'ros'
[0.176s] Level 1:colcon.colcon_core.package_identification:_identify(student/src) by extensions ['cmake', 'python']
[0.176s] Level 1:colcon.colcon_core.package_identification:_identify(student/src) by extension 'cmake'
[0.176s] Level 1:colcon.colcon_core.package_identification:_identify(student/src) by extension 'python'
[0.176s] Level 1:colcon.colcon_core.package_identification:_identify(student/src) by extensions ['python_setup_py']
[0.176s] Level 1:colcon.colcon_core.package_identification:_identify(student/src) by extension 'python_setup_py'
[0.176s] Level 1:colcon.colcon_core.package_identification:_identify(student/src/student_node_rclcpp) by extensions ['ignore', 'ignore_ament_install']
[0.176s] Level 1:colcon.colcon_core.package_identification:_identify(student/src/student_node_rclcpp) by extension 'ignore'
[0.177s] Level 1:colcon.colcon_core.package_identification:_identify(student/src/student_node_rclcpp) by extension 'ignore_ament_install'
[0.177s] Level 1:colcon.colcon_core.package_identification:_identify(student/src/student_node_rclcpp) by extensions ['colcon_pkg']
[0.177s] Level 1:colcon.colcon_core.package_identification:_identify(student/src/student_node_rclcpp) by extension 'colcon_pkg'
[0.177s] Level 1:colcon.colcon_core.package_identification:_identify(student/src/student_node_rclcpp) by extensions ['colcon_meta']
[0.177s] Level 1:colcon.colcon_core.package_identification:_identify(student/src/student_node_rclcpp) by extension 'colcon_meta'
[0.177s] Level 1:colcon.colcon_core.package_identification:_identify(student/src/student_node_rclcpp) by extensions ['ros']
[0.177s] Level 1:colcon.colcon_core.package_identification:_identify(student/src/student_node_rclcpp) by extension 'ros'
[0.177s] DEBUG:colcon.colcon_core.package_identification:Package 'student/src/student_node_rclcpp' with type 'ros.ament_cmake' and name 'student_node_rclcpp'
[0.177s] Level 1:colcon.colcon_core.package_discovery:discover_packages(recursive) using defaults
[0.177s] Level 1:colcon.colcon_core.package_discovery:discover_packages(ignore) discover
[0.177s] Level 1:colcon.colcon_core.package_discovery:discover_packages(ignore) using defaults
[0.177s] Level 1:colcon.colcon_core.package_discovery:discover_packages(path) discover
[0.177s] Level 1:colcon.colcon_core.package_discovery:discover_packages(path) using defaults
[0.190s] Level 1:colcon.colcon_core.package_discovery:discover_packages(prefix_path) check parameters
[0.190s] Level 1:colcon.colcon_core.package_discovery:discover_packages(prefix_path) discover
[0.191s] DEBUG:colcon.colcon_installed_package_information.package_discovery:Found 2 installed packages in /home/rc1/STrAduts/ConQU/Service_Learning/homework/install
[0.192s] DEBUG:colcon.colcon_installed_package_information.package_discovery:Found 271 installed packages in /opt/ros/humble
[0.194s] Level 1:colcon.colcon_core.package_discovery:discover_packages(prefix_path) using defaults
[0.224s] Level 5:colcon.colcon_core.verb:set package 'niluo_node_rclcpp' build argument 'cmake_args' from command line to 'None'
[0.224s] Level 5:colcon.colcon_core.verb:set package 'niluo_node_rclcpp' build argument 'cmake_target' from command line to 'None'
[0.224s] Level 5:colcon.colcon_core.verb:set package 'niluo_node_rclcpp' build argument 'cmake_target_skip_unavailable' from command line to 'False'
[0.224s] Level 5:colcon.colcon_core.verb:set package 'niluo_node_rclcpp' build argument 'cmake_clean_cache' from command line to 'False'
[0.224s] Level 5:colcon.colcon_core.verb:set package 'niluo_node_rclcpp' build argument 'cmake_clean_first' from command line to 'False'
[0.224s] Level 5:colcon.colcon_core.verb:set package 'niluo_node_rclcpp' build argument 'cmake_force_configure' from command line to 'False'
[0.224s] Level 5:colcon.colcon_core.verb:set package 'niluo_node_rclcpp' build argument 'ament_cmake_args' from command line to 'None'
[0.224s] Level 5:colcon.colcon_core.verb:set package 'niluo_node_rclcpp' build argument 'catkin_cmake_args' from command line to 'None'
[0.224s] Level 5:colcon.colcon_core.verb:set package 'niluo_node_rclcpp' build argument 'catkin_skip_building_tests' from command line to 'False'
[0.224s] DEBUG:colcon.colcon_core.verb:Building package 'niluo_node_rclcpp' with the following arguments: {'ament_cmake_args': None, 'build_base': '/home/rc1/STrAduts/ConQU/Topic_Learning/build/niluo_node_rclcpp', 'catkin_cmake_args': None, 'catkin_skip_building_tests': False, 'cmake_args': None, 'cmake_clean_cache': False, 'cmake_clean_first': False, 'cmake_force_configure': False, 'cmake_target': None, 'cmake_target_skip_unavailable': False, 'install_base': '/home/rc1/STrAduts/ConQU/Topic_Learning/install/niluo_node_rclcpp', 'merge_install': False, 'path': '/home/rc1/STrAduts/ConQU/Topic_Learning/niluo/src/niluo_node_rclcpp', 'symlink_install': False, 'test_result_base': None}
[0.225s] Level 5:colcon.colcon_core.verb:set package 'student_node_rclcpp' build argument 'cmake_args' from command line to 'None'
[0.225s] Level 5:colcon.colcon_core.verb:set package 'student_node_rclcpp' build argument 'cmake_target' from command line to 'None'
[0.225s] Level 5:colcon.colcon_core.verb:set package 'student_node_rclcpp' build argument 'cmake_target_skip_unavailable' from command line to 'False'
[0.225s] Level 5:colcon.colcon_core.verb:set package 'student_node_rclcpp' build argument 'cmake_clean_cache' from command line to 'False'
[0.225s] Level 5:colcon.colcon_core.verb:set package 'student_node_rclcpp' build argument 'cmake_clean_first' from command line to 'False'
[0.225s] Level 5:colcon.colcon_core.verb:set package 'student_node_rclcpp' build argument 'cmake_force_configure' from command line to 'False'
[0.225s] Level 5:colcon.colcon_core.verb:set package 'student_node_rclcpp' build argument 'ament_cmake_args' from command line to 'None'
[0.225s] Level 5:colcon.colcon_core.verb:set package 'student_node_rclcpp' build argument 'catkin_cmake_args' from command line to 'None'
[0.225s] Level 5:colcon.colcon_core.verb:set package 'student_node_rclcpp' build argument 'catkin_skip_building_tests' from command line to 'False'
[0.225s] DEBUG:colcon.colcon_core.verb:Building package 'student_node_rclcpp' with the following arguments: {'ament_cmake_args': None, 'build_base': '/home/rc1/STrAduts/ConQU/Topic_Learning/build/student_node_rclcpp', 'catkin_cmake_args': None, 'catkin_skip_building_tests': False, 'cmake_args': None, 'cmake_clean_cache': False, 'cmake_clean_first': False, 'cmake_force_configure': False, 'cmake_target': None, 'cmake_target_skip_unavailable': False, 'install_base': '/home/rc1/STrAduts/ConQU/Topic_Learning/install/student_node_rclcpp', 'merge_install': False, 'path': '/home/rc1/STrAduts/ConQU/Topic_Learning/student/src/student_node_rclcpp', 'symlink_install': False, 'test_result_base': None}
[0.225s] INFO:colcon.colcon_core.executor:Executing jobs using 'parallel' executor
[0.226s] DEBUG:colcon.colcon_parallel_executor.executor.parallel:run_until_complete
[0.226s] INFO:colcon.colcon_ros.task.ament_cmake.build:Building ROS package in '/home/rc1/STrAduts/ConQU/Topic_Learning/niluo/src/niluo_node_rclcpp' with build type 'ament_cmake'
[0.226s] INFO:colcon.colcon_cmake.task.cmake.build:Building CMake package in '/home/rc1/STrAduts/ConQU/Topic_Learning/niluo/src/niluo_node_rclcpp'
[0.227s] INFO:colcon.colcon_core.plugin_system:Skipping extension 'colcon_core.shell.bat': Not used on non-Windows systems
[0.227s] INFO:colcon.colcon_core.shell:Skip shell extension 'powershell' for command environment: Not usable outside of PowerShell
[0.227s] DEBUG:colcon.colcon_core.shell:Skip shell extension 'dsv' for command environment
[0.230s] INFO:colcon.colcon_ros.task.ament_cmake.build:Building ROS package in '/home/rc1/STrAduts/ConQU/Topic_Learning/student/src/student_node_rclcpp' with build type 'ament_cmake'
[0.230s] INFO:colcon.colcon_cmake.task.cmake.build:Building CMake package in '/home/rc1/STrAduts/ConQU/Topic_Learning/student/src/student_node_rclcpp'
[0.230s] INFO:colcon.colcon_core.shell:Skip shell extension 'powershell' for command environment: Not usable outside of PowerShell
[0.230s] DEBUG:colcon.colcon_core.shell:Skip shell extension 'dsv' for command environment
[0.236s] DEBUG:colcon.colcon_core.event_handler.log_command:Invoking command in '/home/rc1/STrAduts/ConQU/Topic_Learning/build/niluo_node_rclcpp': CMAKE_PREFIX_PATH=${CMAKE_PREFIX_PATH}:/opt/ros/humble /usr/bin/cmake --build /home/rc1/STrAduts/ConQU/Topic_Learning/build/niluo_node_rclcpp -- -j8 -l8
[0.238s] DEBUG:colcon.colcon_core.event_handler.log_command:Invoking command in '/home/rc1/STrAduts/ConQU/Topic_Learning/build/student_node_rclcpp': CMAKE_PREFIX_PATH=${CMAKE_PREFIX_PATH}:/opt/ros/humble /usr/bin/cmake --build /home/rc1/STrAduts/ConQU/Topic_Learning/build/student_node_rclcpp -- -j8 -l8
[0.280s] DEBUG:colcon.colcon_core.event_handler.log_command:Invoked command in '/home/rc1/STrAduts/ConQU/Topic_Learning/build/niluo_node_rclcpp' returned '0': CMAKE_PREFIX_PATH=${CMAKE_PREFIX_PATH}:/opt/ros/humble /usr/bin/cmake --build /home/rc1/STrAduts/ConQU/Topic_Learning/build/niluo_node_rclcpp -- -j8 -l8
[0.287s] DEBUG:colcon.colcon_core.event_handler.log_command:Invoking command in '/home/rc1/STrAduts/ConQU/Topic_Learning/build/niluo_node_rclcpp': CMAKE_PREFIX_PATH=${CMAKE_PREFIX_PATH}:/opt/ros/humble /usr/bin/cmake --install /home/rc1/STrAduts/ConQU/Topic_Learning/build/niluo_node_rclcpp
[0.294s] Level 1:colcon.colcon_core.environment:create_environment_scripts_only(niluo_node_rclcpp)
[0.294s] DEBUG:colcon.colcon_core.event_handler.log_command:Invoked command in '/home/rc1/STrAduts/ConQU/Topic_Learning/build/niluo_node_rclcpp' returned '0': CMAKE_PREFIX_PATH=${CMAKE_PREFIX_PATH}:/opt/ros/humble /usr/bin/cmake --install /home/rc1/STrAduts/ConQU/Topic_Learning/build/niluo_node_rclcpp
[0.296s] Level 1:colcon.colcon_core.environment:checking '/home/rc1/STrAduts/ConQU/Topic_Learning/install/niluo_node_rclcpp' for CMake module files
[0.296s] Level 1:colcon.colcon_core.environment:checking '/home/rc1/STrAduts/ConQU/Topic_Learning/install/niluo_node_rclcpp' for CMake config files
[0.296s] Level 1:colcon.colcon_core.shell:create_environment_hook('niluo_node_rclcpp', 'cmake_prefix_path')
[0.297s] INFO:colcon.colcon_core.shell:Creating environment hook '/home/rc1/STrAduts/ConQU/Topic_Learning/install/niluo_node_rclcpp/share/niluo_node_rclcpp/hook/cmake_prefix_path.ps1'
[0.297s] INFO:colcon.colcon_core.shell:Creating environment descriptor '/home/rc1/STrAduts/ConQU/Topic_Learning/install/niluo_node_rclcpp/share/niluo_node_rclcpp/hook/cmake_prefix_path.dsv'
[0.297s] INFO:colcon.colcon_core.shell:Creating environment hook '/home/rc1/STrAduts/ConQU/Topic_Learning/install/niluo_node_rclcpp/share/niluo_node_rclcpp/hook/cmake_prefix_path.sh'
[0.298s] Level 1:colcon.colcon_core.environment:checking '/home/rc1/STrAduts/ConQU/Topic_Learning/install/niluo_node_rclcpp/lib'
[0.298s] Level 1:colcon.colcon_core.environment:checking '/home/rc1/STrAduts/ConQU/Topic_Learning/install/niluo_node_rclcpp/bin'
[0.298s] Level 1:colcon.colcon_core.environment:checking '/home/rc1/STrAduts/ConQU/Topic_Learning/install/niluo_node_rclcpp/lib/pkgconfig/niluo_node_rclcpp.pc'
[0.298s] Level 1:colcon.colcon_core.environment:checking '/home/rc1/STrAduts/ConQU/Topic_Learning/install/niluo_node_rclcpp/lib/python3.10/site-packages'
[0.298s] Level 1:colcon.colcon_core.environment:checking '/home/rc1/STrAduts/ConQU/Topic_Learning/install/niluo_node_rclcpp/bin'
[0.299s] INFO:colcon.colcon_core.shell:Creating package script '/home/rc1/STrAduts/ConQU/Topic_Learning/install/niluo_node_rclcpp/share/niluo_node_rclcpp/package.ps1'
[0.299s] INFO:colcon.colcon_core.shell:Creating package descriptor '/home/rc1/STrAduts/ConQU/Topic_Learning/install/niluo_node_rclcpp/share/niluo_node_rclcpp/package.dsv'
[0.300s] INFO:colcon.colcon_core.shell:Creating package script '/home/rc1/STrAduts/ConQU/Topic_Learning/install/niluo_node_rclcpp/share/niluo_node_rclcpp/package.sh'
[0.300s] INFO:colcon.colcon_core.shell:Creating package script '/home/rc1/STrAduts/ConQU/Topic_Learning/install/niluo_node_rclcpp/share/niluo_node_rclcpp/package.bash'
[0.301s] INFO:colcon.colcon_core.shell:Creating package script '/home/rc1/STrAduts/ConQU/Topic_Learning/install/niluo_node_rclcpp/share/niluo_node_rclcpp/package.zsh'
[0.301s] Level 1:colcon.colcon_core.environment:create_file_with_runtime_dependencies(/home/rc1/STrAduts/ConQU/Topic_Learning/install/niluo_node_rclcpp/share/colcon-core/packages/niluo_node_rclcpp)
[0.301s] Level 1:colcon.colcon_core.environment:create_environment_scripts_only(niluo_node_rclcpp)
[0.302s] Level 1:colcon.colcon_core.environment:checking '/home/rc1/STrAduts/ConQU/Topic_Learning/install/niluo_node_rclcpp' for CMake module files
[0.302s] Level 1:colcon.colcon_core.environment:checking '/home/rc1/STrAduts/ConQU/Topic_Learning/install/niluo_node_rclcpp' for CMake config files
[0.302s] Level 1:colcon.colcon_core.shell:create_environment_hook('niluo_node_rclcpp', 'cmake_prefix_path')
[0.302s] INFO:colcon.colcon_core.shell:Creating environment hook '/home/rc1/STrAduts/ConQU/Topic_Learning/install/niluo_node_rclcpp/share/niluo_node_rclcpp/hook/cmake_prefix_path.ps1'
[0.302s] INFO:colcon.colcon_core.shell:Creating environment descriptor '/home/rc1/STrAduts/ConQU/Topic_Learning/install/niluo_node_rclcpp/share/niluo_node_rclcpp/hook/cmake_prefix_path.dsv'
[0.303s] INFO:colcon.colcon_core.shell:Creating environment hook '/home/rc1/STrAduts/ConQU/Topic_Learning/install/niluo_node_rclcpp/share/niluo_node_rclcpp/hook/cmake_prefix_path.sh'
[0.303s] Level 1:colcon.colcon_core.environment:checking '/home/rc1/STrAduts/ConQU/Topic_Learning/install/niluo_node_rclcpp/lib'
[0.303s] Level 1:colcon.colcon_core.environment:checking '/home/rc1/STrAduts/ConQU/Topic_Learning/install/niluo_node_rclcpp/bin'
[0.303s] Level 1:colcon.colcon_core.environment:checking '/home/rc1/STrAduts/ConQU/Topic_Learning/install/niluo_node_rclcpp/lib/pkgconfig/niluo_node_rclcpp.pc'
[0.303s] Level 1:colcon.colcon_core.environment:checking '/home/rc1/STrAduts/ConQU/Topic_Learning/install/niluo_node_rclcpp/lib/python3.10/site-packages'
[0.303s] Level 1:colcon.colcon_core.environment:checking '/home/rc1/STrAduts/ConQU/Topic_Learning/install/niluo_node_rclcpp/bin'
[0.304s] INFO:colcon.colcon_core.shell:Creating package script '/home/rc1/STrAduts/ConQU/Topic_Learning/install/niluo_node_rclcpp/share/niluo_node_rclcpp/package.ps1'
[0.304s] INFO:colcon.colcon_core.shell:Creating package descriptor '/home/rc1/STrAduts/ConQU/Topic_Learning/install/niluo_node_rclcpp/share/niluo_node_rclcpp/package.dsv'
[0.304s] INFO:colcon.colcon_core.shell:Creating package script '/home/rc1/STrAduts/ConQU/Topic_Learning/install/niluo_node_rclcpp/share/niluo_node_rclcpp/package.sh'
[0.304s] INFO:colcon.colcon_core.shell:Creating package script '/home/rc1/STrAduts/ConQU/Topic_Learning/install/niluo_node_rclcpp/share/niluo_node_rclcpp/package.bash'
[0.305s] INFO:colcon.colcon_core.shell:Creating package script '/home/rc1/STrAduts/ConQU/Topic_Learning/install/niluo_node_rclcpp/share/niluo_node_rclcpp/package.zsh'
[0.305s] Level 1:colcon.colcon_core.environment:create_file_with_runtime_dependencies(/home/rc1/STrAduts/ConQU/Topic_Learning/install/niluo_node_rclcpp/share/colcon-core/packages/niluo_node_rclcpp)
[6.195s] DEBUG:colcon.colcon_core.event_handler.log_command:Invoked command in '/home/rc1/STrAduts/ConQU/Topic_Learning/build/student_node_rclcpp' returned '0': CMAKE_PREFIX_PATH=${CMAKE_PREFIX_PATH}:/opt/ros/humble /usr/bin/cmake --build /home/rc1/STrAduts/ConQU/Topic_Learning/build/student_node_rclcpp -- -j8 -l8
[6.196s] DEBUG:colcon.colcon_core.event_handler.log_command:Invoking command in '/home/rc1/STrAduts/ConQU/Topic_Learning/build/student_node_rclcpp': CMAKE_PREFIX_PATH=${CMAKE_PREFIX_PATH}:/opt/ros/humble /usr/bin/cmake --install /home/rc1/STrAduts/ConQU/Topic_Learning/build/student_node_rclcpp
[6.204s] Level 1:colcon.colcon_core.environment:create_environment_scripts_only(student_node_rclcpp)
[6.204s] Level 1:colcon.colcon_core.environment:checking '/home/rc1/STrAduts/ConQU/Topic_Learning/install/student_node_rclcpp' for CMake module files
[6.205s] DEBUG:colcon.colcon_core.event_handler.log_command:Invoked command in '/home/rc1/STrAduts/ConQU/Topic_Learning/build/student_node_rclcpp' returned '0': CMAKE_PREFIX_PATH=${CMAKE_PREFIX_PATH}:/opt/ros/humble /usr/bin/cmake --install /home/rc1/STrAduts/ConQU/Topic_Learning/build/student_node_rclcpp
[6.205s] Level 1:colcon.colcon_core.environment:checking '/home/rc1/STrAduts/ConQU/Topic_Learning/install/student_node_rclcpp' for CMake config files
[6.205s] Level 1:colcon.colcon_core.shell:create_environment_hook('student_node_rclcpp', 'cmake_prefix_path')
[6.205s] INFO:colcon.colcon_core.shell:Creating environment hook '/home/rc1/STrAduts/ConQU/Topic_Learning/install/student_node_rclcpp/share/student_node_rclcpp/hook/cmake_prefix_path.ps1'
[6.206s] INFO:colcon.colcon_core.shell:Creating environment descriptor '/home/rc1/STrAduts/ConQU/Topic_Learning/install/student_node_rclcpp/share/student_node_rclcpp/hook/cmake_prefix_path.dsv'
[6.206s] INFO:colcon.colcon_core.shell:Creating environment hook '/home/rc1/STrAduts/ConQU/Topic_Learning/install/student_node_rclcpp/share/student_node_rclcpp/hook/cmake_prefix_path.sh'
[6.206s] Level 1:colcon.colcon_core.environment:checking '/home/rc1/STrAduts/ConQU/Topic_Learning/install/student_node_rclcpp/lib'
[6.206s] Level 1:colcon.colcon_core.environment:checking '/home/rc1/STrAduts/ConQU/Topic_Learning/install/student_node_rclcpp/bin'
[6.206s] Level 1:colcon.colcon_core.environment:checking '/home/rc1/STrAduts/ConQU/Topic_Learning/install/student_node_rclcpp/lib/pkgconfig/student_node_rclcpp.pc'
[6.207s] Level 1:colcon.colcon_core.environment:checking '/home/rc1/STrAduts/ConQU/Topic_Learning/install/student_node_rclcpp/lib/python3.10/site-packages'
[6.207s] Level 1:colcon.colcon_core.environment:checking '/home/rc1/STrAduts/ConQU/Topic_Learning/install/student_node_rclcpp/bin'
[6.207s] INFO:colcon.colcon_core.shell:Creating package script '/home/rc1/STrAduts/ConQU/Topic_Learning/install/student_node_rclcpp/share/student_node_rclcpp/package.ps1'
[6.207s] INFO:colcon.colcon_core.shell:Creating package descriptor '/home/rc1/STrAduts/ConQU/Topic_Learning/install/student_node_rclcpp/share/student_node_rclcpp/package.dsv'
[6.208s] INFO:colcon.colcon_core.shell:Creating package script '/home/rc1/STrAduts/ConQU/Topic_Learning/install/student_node_rclcpp/share/student_node_rclcpp/package.sh'
[6.208s] INFO:colcon.colcon_core.shell:Creating package script '/home/rc1/STrAduts/ConQU/Topic_Learning/install/student_node_rclcpp/share/student_node_rclcpp/package.bash'
[6.208s] INFO:colcon.colcon_core.shell:Creating package script '/home/rc1/STrAduts/ConQU/Topic_Learning/install/student_node_rclcpp/share/student_node_rclcpp/package.zsh'
[6.209s] Level 1:colcon.colcon_core.environment:create_file_with_runtime_dependencies(/home/rc1/STrAduts/ConQU/Topic_Learning/install/student_node_rclcpp/share/colcon-core/packages/student_node_rclcpp)
[6.209s] Level 1:colcon.colcon_core.environment:create_environment_scripts_only(student_node_rclcpp)
[6.209s] Level 1:colcon.colcon_core.environment:checking '/home/rc1/STrAduts/ConQU/Topic_Learning/install/student_node_rclcpp' for CMake module files
[6.210s] Level 1:colcon.colcon_core.environment:checking '/home/rc1/STrAduts/ConQU/Topic_Learning/install/student_node_rclcpp' for CMake config files
[6.210s] Level 1:colcon.colcon_core.shell:create_environment_hook('student_node_rclcpp', 'cmake_prefix_path')
[6.210s] INFO:colcon.colcon_core.shell:Creating environment hook '/home/rc1/STrAduts/ConQU/Topic_Learning/install/student_node_rclcpp/share/student_node_rclcpp/hook/cmake_prefix_path.ps1'
[6.210s] INFO:colcon.colcon_core.shell:Creating environment descriptor '/home/rc1/STrAduts/ConQU/Topic_Learning/install/student_node_rclcpp/share/student_node_rclcpp/hook/cmake_prefix_path.dsv'
[6.211s] INFO:colcon.colcon_core.shell:Creating environment hook '/home/rc1/STrAduts/ConQU/Topic_Learning/install/student_node_rclcpp/share/student_node_rclcpp/hook/cmake_prefix_path.sh'
[6.211s] Level 1:colcon.colcon_core.environment:checking '/home/rc1/STrAduts/ConQU/Topic_Learning/install/student_node_rclcpp/lib'
[6.211s] Level 1:colcon.colcon_core.environment:checking '/home/rc1/STrAduts/ConQU/Topic_Learning/install/student_node_rclcpp/bin'
[6.211s] Level 1:colcon.colcon_core.environment:checking '/home/rc1/STrAduts/ConQU/Topic_Learning/install/student_node_rclcpp/lib/pkgconfig/student_node_rclcpp.pc'
[6.211s] Level 1:colcon.colcon_core.environment:checking '/home/rc1/STrAduts/ConQU/Topic_Learning/install/student_node_rclcpp/lib/python3.10/site-packages'
[6.212s] Level 1:colcon.colcon_core.environment:checking '/home/rc1/STrAduts/ConQU/Topic_Learning/install/student_node_rclcpp/bin'
[6.212s] INFO:colcon.colcon_core.shell:Creating package script '/home/rc1/STrAduts/ConQU/Topic_Learning/install/student_node_rclcpp/share/student_node_rclcpp/package.ps1'
[6.212s] INFO:colcon.colcon_core.shell:Creating package descriptor '/home/rc1/STrAduts/ConQU/Topic_Learning/install/student_node_rclcpp/share/student_node_rclcpp/package.dsv'
[6.213s] INFO:colcon.colcon_core.shell:Creating package script '/home/rc1/STrAduts/ConQU/Topic_Learning/install/student_node_rclcpp/share/student_node_rclcpp/package.sh'
[6.213s] INFO:colcon.colcon_core.shell:Creating package script '/home/rc1/STrAduts/ConQU/Topic_Learning/install/student_node_rclcpp/share/student_node_rclcpp/package.bash'
[6.213s] INFO:colcon.colcon_core.shell:Creating package script '/home/rc1/STrAduts/ConQU/Topic_Learning/install/student_node_rclcpp/share/student_node_rclcpp/package.zsh'
[6.213s] Level 1:colcon.colcon_core.environment:create_file_with_runtime_dependencies(/home/rc1/STrAduts/ConQU/Topic_Learning/install/student_node_rclcpp/share/colcon-core/packages/student_node_rclcpp)
[6.214s] DEBUG:colcon.colcon_parallel_executor.executor.parallel:closing loop
[6.214s] DEBUG:colcon.colcon_parallel_executor.executor.parallel:loop closed
[6.214s] DEBUG:colcon.colcon_parallel_executor.executor.parallel:run_until_complete finished with '0'
[6.214s] DEBUG:colcon.colcon_core.event_reactor:joining thread
[6.218s] INFO:colcon.colcon_core.plugin_system:Skipping extension 'colcon_notification.desktop_notification.terminal_notifier': Not used on non-Darwin systems
[6.218s] INFO:colcon.colcon_core.plugin_system:Skipping extension 'colcon_notification.desktop_notification.win32': Not used on non-Windows systems
[6.218s] INFO:colcon.colcon_notification.desktop_notification:Sending desktop notification using 'notify2'
[6.224s] DEBUG:colcon.colcon_core.event_reactor:joined thread
[6.224s] INFO:colcon.colcon_core.shell:Creating prefix script '/home/rc1/STrAduts/ConQU/Topic_Learning/install/local_setup.ps1'
[6.225s] INFO:colcon.colcon_core.shell:Creating prefix util module '/home/rc1/STrAduts/ConQU/Topic_Learning/install/_local_setup_util_ps1.py'
[6.226s] INFO:colcon.colcon_core.shell:Creating prefix chain script '/home/rc1/STrAduts/ConQU/Topic_Learning/install/setup.ps1'
[6.227s] INFO:colcon.colcon_core.shell:Creating prefix script '/home/rc1/STrAduts/ConQU/Topic_Learning/install/local_setup.sh'
[6.227s] INFO:colcon.colcon_core.shell:Creating prefix util module '/home/rc1/STrAduts/ConQU/Topic_Learning/install/_local_setup_util_sh.py'
[6.227s] INFO:colcon.colcon_core.shell:Creating prefix chain script '/home/rc1/STrAduts/ConQU/Topic_Learning/install/setup.sh'
[6.228s] INFO:colcon.colcon_core.shell:Creating prefix script '/home/rc1/STrAduts/ConQU/Topic_Learning/install/local_setup.bash'
[6.228s] INFO:colcon.colcon_core.shell:Creating prefix chain script '/home/rc1/STrAduts/ConQU/Topic_Learning/install/setup.bash'
[6.229s] INFO:colcon.colcon_core.shell:Creating prefix script '/home/rc1/STrAduts/ConQU/Topic_Learning/install/local_setup.zsh'
[6.229s] INFO:colcon.colcon_core.shell:Creating prefix chain script '/home/rc1/STrAduts/ConQU/Topic_Learning/install/setup.zsh'
