[0.007s] Invoking command in '/home/rc1/STrAduts/ConQU/Service_Learning/homework/build/morihuoshan': CMAKE_PREFIX_PATH=/opt/ros/humble /usr/bin/cmake /home/rc1/STrAduts/ConQU/Service_Learning/homework/src/morihuoshan -DCMAKE_INSTALL_PREFIX=/home/rc1/STrAduts/ConQU/Service_Learning/homework/install/morihuoshan
[0.015s] -- Found ament_cmake: 1.3.12 (/opt/ros/humble/share/ament_cmake/cmake)
[0.104s] -- Found rclcpp: 16.0.15 (/opt/ros/humble/share/rclcpp/cmake)
[0.123s] -- Found rosidl_generator_c: 3.1.7 (/opt/ros/humble/share/rosidl_generator_c/cmake)
[0.125s] -- Found rosidl_adapter: 3.1.7 (/opt/ros/humble/share/rosidl_adapter/cmake)
[0.129s] -- Found rosidl_generator_cpp: 3.1.7 (/opt/ros/humble/share/rosidl_generator_cpp/cmake)
[0.135s] -- Using all available rosidl_typesupport_c: rosidl_typesupport_fastrtps_c;rosidl_typesupport_introspection_c
[0.143s] -- Using all available rosidl_typesupport_cpp: rosidl_typesupport_fastrtps_cpp;rosidl_typesupport_introspection_cpp
[0.165s] -- Found rmw_implementation_cmake: 6.1.2 (/opt/ros/humble/share/rmw_implementation_cmake/cmake)
[0.166s] -- Found rmw_fastrtps_cpp: 6.2.9 (/opt/ros/humble/share/rmw_fastrtps_cpp/cmake)
[0.234s] -- Using RMW implementation 'rmw_fastrtps_cpp' as default
[0.273s] [31mCMake Error at CMakeLists.txt:11 (find_package):
[0.273s]   By not providing "Findlr_interfaces.cmake" in CMAKE_MODULE_PATH this
[0.273s]   project has asked CMake to find a package configuration file provided by
[0.273s]   "lr_interfaces", but CMake did not find one.
[0.273s] 
[0.273s]   Could not find a package configuration file provided by "lr_interfaces"
[0.273s]   with any of the following names:
[0.273s] 
[0.273s]     lr_interfacesConfig.cmake
[0.273s]     lr_interfaces-config.cmake
[0.273s] 
[0.273s]   Add the installation prefix of "lr_interfaces" to CMAKE_PREFIX_PATH or set
[0.273s]   "lr_interfaces_DIR" to a directory containing one of the above files.  If
[0.273s]   "lr_interfaces" provides a separate development package or SDK, be sure it
[0.273s]   has been installed.
[0.273s] 
[0.274s] [0m
[0.274s] -- Configuring incomplete, errors occurred!
[0.274s] See also "/home/rc1/STrAduts/ConQU/Service_Learning/homework/build/morihuoshan/CMakeFiles/CMakeOutput.log".
[0.278s] Invoked command in '/home/rc1/STrAduts/ConQU/Service_Learning/homework/build/morihuoshan' returned '1': CMAKE_PREFIX_PATH=/opt/ros/humble /usr/bin/cmake /home/rc1/STrAduts/ConQU/Service_Learning/homework/src/morihuoshan -DCMAKE_INSTALL_PREFIX=/home/rc1/STrAduts/ConQU/Service_Learning/homework/install/morihuoshan
