[0.006s] Invoking command in '/home/rc-005/STrAduts/ConQU/Topic_Learning/student/build/student_node_rclcpp': CMAKE_PREFIX_PATH=${CMAKE_PREFIX_PATH}:/opt/ros/humble /usr/bin/cmake /home/rc-005/STrAduts/ConQU/Topic_Learning/student/src/student_node_rclcpp -DCMAKE_INSTALL_PREFIX=/home/rc-005/STrAduts/ConQU/Topic_Learning/student/install/student_node_rclcpp
[0.044s] -- The C compiler identification is GNU 11.4.0
[0.089s] -- The CXX compiler identification is GNU 11.4.0
[0.094s] -- Detecting C compiler ABI info
[0.155s] -- Detecting C compiler ABI info - done
[0.162s] -- Check for working C compiler: /usr/bin/cc - skipped
[0.162s] -- Detecting C compile features
[0.163s] -- Detecting C compile features - done
[0.166s] -- Detecting CXX compiler ABI info
[0.221s] -- Detecting CXX compiler ABI info - done
[0.226s] -- Check for working CXX compiler: /usr/bin/c++ - skipped
[0.226s] -- Detecting CXX compile features
[0.226s] -- Detecting CXX compile features - done
[0.228s] -- Found ament_cmake: 1.3.12 (/opt/ros/humble/share/ament_cmake/cmake)
[0.328s] -- Found Python3: /usr/bin/python3 (found version "3.10.12") found components: Interpreter 
[0.383s] -- Found rclcpp: 16.0.15 (/opt/ros/humble/share/rclcpp/cmake)
[0.406s] -- Found rosidl_generator_c: 3.1.7 (/opt/ros/humble/share/rosidl_generator_c/cmake)
[0.409s] -- Found rosidl_adapter: 3.1.7 (/opt/ros/humble/share/rosidl_adapter/cmake)
[0.414s] -- Found rosidl_generator_cpp: 3.1.7 (/opt/ros/humble/share/rosidl_generator_cpp/cmake)
[0.421s] -- Using all available rosidl_typesupport_c: rosidl_typesupport_fastrtps_c;rosidl_typesupport_introspection_c
[0.431s] -- Using all available rosidl_typesupport_cpp: rosidl_typesupport_fastrtps_cpp;rosidl_typesupport_introspection_cpp
[0.456s] -- Found rmw_implementation_cmake: 6.1.2 (/opt/ros/humble/share/rmw_implementation_cmake/cmake)
[0.457s] -- Found rmw_fastrtps_cpp: 6.2.9 (/opt/ros/humble/share/rmw_fastrtps_cpp/cmake)
[0.509s] -- Found OpenSSL: /usr/lib/x86_64-linux-gnu/libcrypto.so (found version "3.0.2")  
[0.526s] -- Found FastRTPS: /opt/ros/humble/include  
[0.550s] -- Using RMW implementation 'rmw_fastrtps_cpp' as default
[0.555s] -- Looking for pthread.h
[0.622s] -- Looking for pthread.h - found
[0.622s] -- Performing Test CMAKE_HAVE_LIBC_PTHREAD
[0.686s] -- Performing Test CMAKE_HAVE_LIBC_PTHREAD - Success
[0.687s] -- Found Threads: TRUE  
[0.725s] -- Found ament_lint_auto: 0.12.14 (/opt/ros/humble/share/ament_lint_auto/cmake)
[0.777s] -- Added test 'cppcheck' to perform static code analysis on C / C++ code
[0.777s] -- Configured cppcheck include dirs: 
[0.778s] -- Configured cppcheck exclude dirs and/or files: 
[0.778s] -- Added test 'lint_cmake' to check CMake code style
[0.778s] -- Added test 'uncrustify' to check C / C++ code style
[0.778s] -- Configured uncrustify additional arguments: 
[0.778s] -- Added test 'xmllint' to check XML markup files
[0.780s] -- Configuring done
[0.785s] -- Generating done
[0.787s] -- Build files have been written to: /home/rc-005/STrAduts/ConQU/Topic_Learning/student/build/student_node_rclcpp
[0.795s] Invoked command in '/home/rc-005/STrAduts/ConQU/Topic_Learning/student/build/student_node_rclcpp' returned '0': CMAKE_PREFIX_PATH=${CMAKE_PREFIX_PATH}:/opt/ros/humble /usr/bin/cmake /home/rc-005/STrAduts/ConQU/Topic_Learning/student/src/student_node_rclcpp -DCMAKE_INSTALL_PREFIX=/home/rc-005/STrAduts/ConQU/Topic_Learning/student/install/student_node_rclcpp
[0.795s] Invoking command in '/home/rc-005/STrAduts/ConQU/Topic_Learning/student/build/student_node_rclcpp': CMAKE_PREFIX_PATH=${CMAKE_PREFIX_PATH}:/opt/ros/humble /usr/bin/cmake --build /home/rc-005/STrAduts/ConQU/Topic_Learning/student/build/student_node_rclcpp -- -j8 -l8
[0.835s] [ 50%] [32mBuilding CXX object CMakeFiles/student_node.dir/src/student_node.cpp.o[0m
[2.379s] [01m[K/home/rc-005/STrAduts/ConQU/Topic_Learning/student/src/student_node_rclcpp/src/student_node.cpp:[m[K In member function ‘[01m[Kvoid Student_Node::receive_callback(std_msgs::msg::String_<std::allocator<void> >::SharedPtr)[m[K’:
[2.379s] [01m[K/home/rc-005/STrAduts/ConQU/Topic_Learning/student/src/student_node_rclcpp/src/student_node.cpp:42:77:[m[K [01;35m[Kwarning: [m[Kunused parameter ‘[01m[Kmsg[m[K’ [[01;35m[K]8;;https://gcc.gnu.org/onlinedocs/gcc/Warning-Options.html#index-Wunused-parameter-Wunused-parameter]8;;[m[K]
[2.379s]    42 |         void receive_callback ([01;35m[Kconst std_msgs :: msg :: String :: SharedPtr msg[m[K) {
[2.380s]       |                                [01;35m[K~~~~~~~~~~~~~~~~~~~~~~~~~~~~~~~~~~~~~~~~~~~~~^~~[m[K
[6.417s] [100%] [32m[1mLinking CXX executable student_node[0m
[6.688s] [100%] Built target student_node
[6.696s] Invoked command in '/home/rc-005/STrAduts/ConQU/Topic_Learning/student/build/student_node_rclcpp' returned '0': CMAKE_PREFIX_PATH=${CMAKE_PREFIX_PATH}:/opt/ros/humble /usr/bin/cmake --build /home/rc-005/STrAduts/ConQU/Topic_Learning/student/build/student_node_rclcpp -- -j8 -l8
[6.703s] Invoking command in '/home/rc-005/STrAduts/ConQU/Topic_Learning/student/build/student_node_rclcpp': CMAKE_PREFIX_PATH=${CMAKE_PREFIX_PATH}:/opt/ros/humble /usr/bin/cmake --install /home/rc-005/STrAduts/ConQU/Topic_Learning/student/build/student_node_rclcpp
[6.708s] -- Install configuration: ""
[6.708s] -- Up-to-date: /home/rc-005/STrAduts/ConQU/Topic_Learning/student/install/student_node_rclcpp/share/ament_index/resource_index/package_run_dependencies/student_node_rclcpp
[6.708s] -- Installing: /home/rc-005/STrAduts/ConQU/Topic_Learning/student/install/student_node_rclcpp/share/ament_index/resource_index/parent_prefix_path/student_node_rclcpp
[6.708s] -- Installing: /home/rc-005/STrAduts/ConQU/Topic_Learning/student/install/student_node_rclcpp/share/student_node_rclcpp/environment/ament_prefix_path.sh
[6.708s] -- Installing: /home/rc-005/STrAduts/ConQU/Topic_Learning/student/install/student_node_rclcpp/share/student_node_rclcpp/environment/ament_prefix_path.dsv
[6.708s] -- Installing: /home/rc-005/STrAduts/ConQU/Topic_Learning/student/install/student_node_rclcpp/share/student_node_rclcpp/environment/path.sh
[6.708s] -- Installing: /home/rc-005/STrAduts/ConQU/Topic_Learning/student/install/student_node_rclcpp/share/student_node_rclcpp/environment/path.dsv
[6.709s] -- Up-to-date: /home/rc-005/STrAduts/ConQU/Topic_Learning/student/install/student_node_rclcpp/share/student_node_rclcpp/local_setup.bash
[6.709s] -- Up-to-date: /home/rc-005/STrAduts/ConQU/Topic_Learning/student/install/student_node_rclcpp/share/student_node_rclcpp/local_setup.sh
[6.709s] -- Up-to-date: /home/rc-005/STrAduts/ConQU/Topic_Learning/student/install/student_node_rclcpp/share/student_node_rclcpp/local_setup.zsh
[6.709s] -- Installing: /home/rc-005/STrAduts/ConQU/Topic_Learning/student/install/student_node_rclcpp/share/student_node_rclcpp/local_setup.dsv
[6.709s] -- Installing: /home/rc-005/STrAduts/ConQU/Topic_Learning/student/install/student_node_rclcpp/share/student_node_rclcpp/package.dsv
[6.709s] -- Up-to-date: /home/rc-005/STrAduts/ConQU/Topic_Learning/student/install/student_node_rclcpp/share/ament_index/resource_index/packages/student_node_rclcpp
[6.709s] -- Up-to-date: /home/rc-005/STrAduts/ConQU/Topic_Learning/student/install/student_node_rclcpp/share/student_node_rclcpp/cmake/student_node_rclcppConfig.cmake
[6.709s] -- Up-to-date: /home/rc-005/STrAduts/ConQU/Topic_Learning/student/install/student_node_rclcpp/share/student_node_rclcpp/cmake/student_node_rclcppConfig-version.cmake
[6.709s] -- Up-to-date: /home/rc-005/STrAduts/ConQU/Topic_Learning/student/install/student_node_rclcpp/share/student_node_rclcpp/package.xml
[6.709s] -- Installing: /home/rc-005/STrAduts/ConQU/Topic_Learning/student/install/student_node_rclcpp/lib/student_node_rclcpp/student_node
[6.710s] -- Set runtime path of "/home/rc-005/STrAduts/ConQU/Topic_Learning/student/install/student_node_rclcpp/lib/student_node_rclcpp/student_node" to ""
[6.712s] Invoked command in '/home/rc-005/STrAduts/ConQU/Topic_Learning/student/build/student_node_rclcpp' returned '0': CMAKE_PREFIX_PATH=${CMAKE_PREFIX_PATH}:/opt/ros/humble /usr/bin/cmake --install /home/rc-005/STrAduts/ConQU/Topic_Learning/student/build/student_node_rclcpp
