-- Found rosidl_default_generators: 1.2.0 (/opt/ros/humble/share/rosidl_default_generators/cmake)
-- Found ament_cmake_core: 1.3.12 (/opt/ros/humble/share/ament_cmake_core/cmake)
-- Using all available rosidl_typesupport_c: rosidl_typesupport_fastrtps_c;rosidl_typesupport_introspection_c
-- Found rosidl_adapter: 3.1.7 (/opt/ros/humble/share/rosidl_adapter/cmake)
-- Using all available rosidl_typesupport_cpp: rosidl_typesupport_fastrtps_cpp;rosidl_typesupport_introspection_cpp
-- Found ament_cmake_ros: 0.10.0 (/opt/ros/humble/share/ament_cmake_ros/cmake)
-- Using all available rosidl_typesupport_c: rosidl_typesupport_fastrtps_c;rosidl_typesupport_introspection_c
-- Using all available rosidl_typesupport_cpp: rosidl_typesupport_fastrtps_cpp;rosidl_typesupport_introspection_cpp
-- Found python_cmake_module: 0.10.0 (/opt/ros/humble/share/python_cmake_module/cmake)
-- Using PYTHON_EXECUTABLE: /usr/bin/python3
-- Using PYTHON_INCLUDE_DIRS: /usr/include/python3.10
-- Using PYTHON_LIBRARIES: /usr/lib/x86_64-linux-gnu/libpython3.10.so
-- Found ament_lint_auto: 0.12.14 (/opt/ros/humble/share/ament_lint_auto/cmake)
-- Added test 'lint_cmake' to check CMake code style
-- Added test 'xmllint' to check XML markup files
-- Configuring done
-- Generating done
-- Build files have been written to: /home/rc1/STrAduts/ConQU/Service_Learning/homework/build/lr_interfaces
[35m[1mConsolidate compiler generated dependencies of target lr_interfaces__rosidl_generator_c[0m
[  6%] Built target lr_interfaces__cpp
[  6%] [32mBuilding C object CMakeFiles/lr_interfaces__rosidl_generator_c.dir/rosidl_generator_c/lr_interfaces/srv/detail/climb__functions.c.o[0m
[  6%] Built target ament_cmake_python_copy_lr_interfaces
[35m[1mConsolidate compiler generated dependencies of target lr_interfaces__rosidl_typesupport_introspection_cpp[0m
[35m[1mConsolidate compiler generated dependencies of target lr_interfaces__rosidl_typesupport_fastrtps_cpp[0m
[35m[1mConsolidate compiler generated dependencies of target lr_interfaces__rosidl_typesupport_cpp[0m
[  9%] [32mBuilding CXX object CMakeFiles/lr_interfaces__rosidl_typesupport_fastrtps_cpp.dir/rosidl_typesupport_fastrtps_cpp/lr_interfaces/srv/detail/dds_fastrtps/climb__type_support.cpp.o[0m
[ 16%] [32mBuilding CXX object CMakeFiles/lr_interfaces__rosidl_typesupport_introspection_cpp.dir/rosidl_typesupport_introspection_cpp/lr_interfaces/srv/detail/climb__type_support.cpp.o[0m
[ 16%] [32mBuilding CXX object CMakeFiles/lr_interfaces__rosidl_typesupport_cpp.dir/rosidl_typesupport_cpp/lr_interfaces/srv/climb__type_support.cpp.o[0m
[ 19%] [32m[1mLinking C shared library liblr_interfaces__rosidl_generator_c.so[0m
[ 22%] Built target lr_interfaces__rosidl_generator_c
[35m[1mConsolidate compiler generated dependencies of target lr_interfaces__rosidl_typesupport_fastrtps_c[0m
[35m[1mConsolidate compiler generated dependencies of target lr_interfaces__rosidl_typesupport_c[0m
[35m[1mConsolidate compiler generated dependencies of target lr_interfaces__rosidl_typesupport_introspection_c[0m
[ 25%] [32mBuilding CXX object CMakeFiles/lr_interfaces__rosidl_typesupport_fastrtps_c.dir/rosidl_typesupport_fastrtps_c/lr_interfaces/srv/detail/climb__type_support_c.cpp.o[0m
[ 29%] [32mBuilding CXX object CMakeFiles/lr_interfaces__rosidl_typesupport_c.dir/rosidl_typesupport_c/lr_interfaces/srv/climb__type_support.cpp.o[0m
[ 32%] [32mBuilding C object CMakeFiles/lr_interfaces__rosidl_typesupport_introspection_c.dir/rosidl_typesupport_introspection_c/lr_interfaces/srv/detail/climb__type_support.c.o[0m
[ 35%] [32m[1mLinking CXX shared library liblr_interfaces__rosidl_typesupport_c.so[0m
[ 38%] [32m[1mLinking C shared library liblr_interfaces__rosidl_typesupport_introspection_c.so[0m
[ 41%] Built target lr_interfaces__rosidl_typesupport_introspection_c
[ 45%] Built target lr_interfaces__rosidl_typesupport_c
[ 48%] [32m[1mLinking CXX shared library liblr_interfaces__rosidl_typesupport_cpp.so[0m
running egg_info
writing lr_interfaces.egg-info/PKG-INFO
writing dependency_links to lr_interfaces.egg-info/dependency_links.txt
writing top-level names to lr_interfaces.egg-info/top_level.txt
reading manifest file 'lr_interfaces.egg-info/SOURCES.txt'
writing manifest file 'lr_interfaces.egg-info/SOURCES.txt'
[ 51%] Built target lr_interfaces__rosidl_typesupport_cpp
[ 51%] Built target ament_cmake_python_build_lr_interfaces_egg
[ 54%] [32m[1mLinking CXX shared library liblr_interfaces__rosidl_typesupport_introspection_cpp.so[0m
[ 58%] [32m[1mLinking CXX shared library liblr_interfaces__rosidl_typesupport_fastrtps_c.so[0m
[ 61%] Built target lr_interfaces__rosidl_typesupport_introspection_cpp
[ 64%] [32m[1mLinking CXX shared library liblr_interfaces__rosidl_typesupport_fastrtps_cpp.so[0m
[ 67%] Built target lr_interfaces__rosidl_typesupport_fastrtps_c
[ 70%] Built target lr_interfaces__rosidl_typesupport_fastrtps_cpp
[ 70%] Built target lr_interfaces
[ 74%] Built target lr_interfaces__py
[35m[1mConsolidate compiler generated dependencies of target lr_interfaces__rosidl_generator_py[0m
[ 77%] [32mBuilding C object CMakeFiles/lr_interfaces__rosidl_generator_py.dir/rosidl_generator_py/lr_interfaces/srv/_climb_s.c.o[0m
[ 80%] [32m[1mLinking C shared library rosidl_generator_py/lr_interfaces/liblr_interfaces__rosidl_generator_py.so[0m
[ 80%] Built target lr_interfaces__rosidl_generator_py
[35m[1mConsolidate compiler generated dependencies of target lr_interfaces__rosidl_typesupport_c__pyext[0m
[35m[1mConsolidate compiler generated dependencies of target lr_interfaces__rosidl_typesupport_introspection_c__pyext[0m
[35m[1mConsolidate compiler generated dependencies of target lr_interfaces__rosidl_typesupport_fastrtps_c__pyext[0m
[ 83%] [32mBuilding C object CMakeFiles/lr_interfaces__rosidl_typesupport_introspection_c__pyext.dir/rosidl_generator_py/lr_interfaces/_lr_interfaces_s.ep.rosidl_typesupport_introspection_c.c.o[0m
[ 87%] [32mBuilding C object CMakeFiles/lr_interfaces__rosidl_typesupport_c__pyext.dir/rosidl_generator_py/lr_interfaces/_lr_interfaces_s.ep.rosidl_typesupport_c.c.o[0m
[ 90%] [32mBuilding C object CMakeFiles/lr_interfaces__rosidl_typesupport_fastrtps_c__pyext.dir/rosidl_generator_py/lr_interfaces/_lr_interfaces_s.ep.rosidl_typesupport_fastrtps_c.c.o[0m
[ 93%] [32m[1mLinking C shared library rosidl_generator_py/lr_interfaces/lr_interfaces_s__rosidl_typesupport_fastrtps_c.cpython-310-x86_64-linux-gnu.so[0m
[ 93%] Built target lr_interfaces__rosidl_typesupport_fastrtps_c__pyext
[ 96%] [32m[1mLinking C shared library rosidl_generator_py/lr_interfaces/lr_interfaces_s__rosidl_typesupport_c.cpython-310-x86_64-linux-gnu.so[0m
[100%] [32m[1mLinking C shared library rosidl_generator_py/lr_interfaces/lr_interfaces_s__rosidl_typesupport_introspection_c.cpython-310-x86_64-linux-gnu.so[0m
[100%] Built target lr_interfaces__rosidl_typesupport_c__pyext
[100%] Built target lr_interfaces__rosidl_typesupport_introspection_c__pyext
-- Install configuration: ""
-- Up-to-date: /home/rc1/STrAduts/ConQU/Service_Learning/homework/install/lr_interfaces/share/ament_index/resource_index/rosidl_interfaces/lr_interfaces
-- Up-to-date: /home/rc1/STrAduts/ConQU/Service_Learning/homework/install/lr_interfaces/include/lr_interfaces/lr_interfaces
-- Up-to-date: /home/rc1/STrAduts/ConQU/Service_Learning/homework/install/lr_interfaces/include/lr_interfaces/lr_interfaces/msg
-- Up-to-date: /home/rc1/STrAduts/ConQU/Service_Learning/homework/install/lr_interfaces/include/lr_interfaces/lr_interfaces/msg/rosidl_generator_c__visibility_control.h
-- Up-to-date: /home/rc1/STrAduts/ConQU/Service_Learning/homework/install/lr_interfaces/include/lr_interfaces/lr_interfaces/srv
-- Up-to-date: /home/rc1/STrAduts/ConQU/Service_Learning/homework/install/lr_interfaces/include/lr_interfaces/lr_interfaces/srv/detail
-- Up-to-date: /home/rc1/STrAduts/ConQU/Service_Learning/homework/install/lr_interfaces/include/lr_interfaces/lr_interfaces/srv/detail/climb__functions.c
-- Up-to-date: /home/rc1/STrAduts/ConQU/Service_Learning/homework/install/lr_interfaces/include/lr_interfaces/lr_interfaces/srv/detail/climb__struct.h
-- Up-to-date: /home/rc1/STrAduts/ConQU/Service_Learning/homework/install/lr_interfaces/include/lr_interfaces/lr_interfaces/srv/detail/climb__type_support.h
-- Up-to-date: /home/rc1/STrAduts/ConQU/Service_Learning/homework/install/lr_interfaces/include/lr_interfaces/lr_interfaces/srv/detail/climb__functions.h
-- Up-to-date: /home/rc1/STrAduts/ConQU/Service_Learning/homework/install/lr_interfaces/include/lr_interfaces/lr_interfaces/srv/climb.h
-- Installing: /home/rc1/STrAduts/ConQU/Service_Learning/homework/install/lr_interfaces/share/lr_interfaces/environment/library_path.sh
-- Installing: /home/rc1/STrAduts/ConQU/Service_Learning/homework/install/lr_interfaces/share/lr_interfaces/environment/library_path.dsv
-- Installing: /home/rc1/STrAduts/ConQU/Service_Learning/homework/install/lr_interfaces/lib/liblr_interfaces__rosidl_generator_c.so
-- Set runtime path of "/home/rc1/STrAduts/ConQU/Service_Learning/homework/install/lr_interfaces/lib/liblr_interfaces__rosidl_generator_c.so" to ""
-- Up-to-date: /home/rc1/STrAduts/ConQU/Service_Learning/homework/install/lr_interfaces/include/lr_interfaces/lr_interfaces
-- Up-to-date: /home/rc1/STrAduts/ConQU/Service_Learning/homework/install/lr_interfaces/include/lr_interfaces/lr_interfaces/msg
-- Up-to-date: /home/rc1/STrAduts/ConQU/Service_Learning/homework/install/lr_interfaces/include/lr_interfaces/lr_interfaces/msg/rosidl_typesupport_fastrtps_c__visibility_control.h
-- Up-to-date: /home/rc1/STrAduts/ConQU/Service_Learning/homework/install/lr_interfaces/include/lr_interfaces/lr_interfaces/srv
-- Up-to-date: /home/rc1/STrAduts/ConQU/Service_Learning/homework/install/lr_interfaces/include/lr_interfaces/lr_interfaces/srv/detail
-- Up-to-date: /home/rc1/STrAduts/ConQU/Service_Learning/homework/install/lr_interfaces/include/lr_interfaces/lr_interfaces/srv/detail/climb__rosidl_typesupport_fastrtps_c.h
-- Installing: /home/rc1/STrAduts/ConQU/Service_Learning/homework/install/lr_interfaces/lib/liblr_interfaces__rosidl_typesupport_fastrtps_c.so
-- Set runtime path of "/home/rc1/STrAduts/ConQU/Service_Learning/homework/install/lr_interfaces/lib/liblr_interfaces__rosidl_typesupport_fastrtps_c.so" to ""
-- Up-to-date: /home/rc1/STrAduts/ConQU/Service_Learning/homework/install/lr_interfaces/include/lr_interfaces/lr_interfaces
-- Up-to-date: /home/rc1/STrAduts/ConQU/Service_Learning/homework/install/lr_interfaces/include/lr_interfaces/lr_interfaces/msg
-- Up-to-date: /home/rc1/STrAduts/ConQU/Service_Learning/homework/install/lr_interfaces/include/lr_interfaces/lr_interfaces/msg/rosidl_typesupport_introspection_c__visibility_control.h
-- Up-to-date: /home/rc1/STrAduts/ConQU/Service_Learning/homework/install/lr_interfaces/include/lr_interfaces/lr_interfaces/srv
-- Up-to-date: /home/rc1/STrAduts/ConQU/Service_Learning/homework/install/lr_interfaces/include/lr_interfaces/lr_interfaces/srv/detail
-- Up-to-date: /home/rc1/STrAduts/ConQU/Service_Learning/homework/install/lr_interfaces/include/lr_interfaces/lr_interfaces/srv/detail/climb__type_support.c
-- Up-to-date: /home/rc1/STrAduts/ConQU/Service_Learning/homework/install/lr_interfaces/include/lr_interfaces/lr_interfaces/srv/detail/climb__rosidl_typesupport_introspection_c.h
-- Installing: /home/rc1/STrAduts/ConQU/Service_Learning/homework/install/lr_interfaces/lib/liblr_interfaces__rosidl_typesupport_introspection_c.so
-- Set runtime path of "/home/rc1/STrAduts/ConQU/Service_Learning/homework/install/lr_interfaces/lib/liblr_interfaces__rosidl_typesupport_introspection_c.so" to ""
-- Installing: /home/rc1/STrAduts/ConQU/Service_Learning/homework/install/lr_interfaces/lib/liblr_interfaces__rosidl_typesupport_c.so
-- Set runtime path of "/home/rc1/STrAduts/ConQU/Service_Learning/homework/install/lr_interfaces/lib/liblr_interfaces__rosidl_typesupport_c.so" to ""
-- Up-to-date: /home/rc1/STrAduts/ConQU/Service_Learning/homework/install/lr_interfaces/include/lr_interfaces/lr_interfaces
-- Up-to-date: /home/rc1/STrAduts/ConQU/Service_Learning/homework/install/lr_interfaces/include/lr_interfaces/lr_interfaces/msg
-- Up-to-date: /home/rc1/STrAduts/ConQU/Service_Learning/homework/install/lr_interfaces/include/lr_interfaces/lr_interfaces/msg/rosidl_generator_cpp__visibility_control.hpp
-- Up-to-date: /home/rc1/STrAduts/ConQU/Service_Learning/homework/install/lr_interfaces/include/lr_interfaces/lr_interfaces/srv
-- Up-to-date: /home/rc1/STrAduts/ConQU/Service_Learning/homework/install/lr_interfaces/include/lr_interfaces/lr_interfaces/srv/climb.hpp
-- Up-to-date: /home/rc1/STrAduts/ConQU/Service_Learning/homework/install/lr_interfaces/include/lr_interfaces/lr_interfaces/srv/detail
-- Up-to-date: /home/rc1/STrAduts/ConQU/Service_Learning/homework/install/lr_interfaces/include/lr_interfaces/lr_interfaces/srv/detail/climb__struct.hpp
-- Up-to-date: /home/rc1/STrAduts/ConQU/Service_Learning/homework/install/lr_interfaces/include/lr_interfaces/lr_interfaces/srv/detail/climb__builder.hpp
-- Up-to-date: /home/rc1/STrAduts/ConQU/Service_Learning/homework/install/lr_interfaces/include/lr_interfaces/lr_interfaces/srv/detail/climb__type_support.hpp
-- Up-to-date: /home/rc1/STrAduts/ConQU/Service_Learning/homework/install/lr_interfaces/include/lr_interfaces/lr_interfaces/srv/detail/climb__traits.hpp
-- Up-to-date: /home/rc1/STrAduts/ConQU/Service_Learning/homework/install/lr_interfaces/include/lr_interfaces/lr_interfaces
-- Up-to-date: /home/rc1/STrAduts/ConQU/Service_Learning/homework/install/lr_interfaces/include/lr_interfaces/lr_interfaces/msg
-- Up-to-date: /home/rc1/STrAduts/ConQU/Service_Learning/homework/install/lr_interfaces/include/lr_interfaces/lr_interfaces/msg/rosidl_typesupport_fastrtps_cpp__visibility_control.h
-- Up-to-date: /home/rc1/STrAduts/ConQU/Service_Learning/homework/install/lr_interfaces/include/lr_interfaces/lr_interfaces/srv
-- Up-to-date: /home/rc1/STrAduts/ConQU/Service_Learning/homework/install/lr_interfaces/include/lr_interfaces/lr_interfaces/srv/detail
-- Up-to-date: /home/rc1/STrAduts/ConQU/Service_Learning/homework/install/lr_interfaces/include/lr_interfaces/lr_interfaces/srv/detail/climb__rosidl_typesupport_fastrtps_cpp.hpp
-- Up-to-date: /home/rc1/STrAduts/ConQU/Service_Learning/homework/install/lr_interfaces/include/lr_interfaces/lr_interfaces/srv/detail/dds_fastrtps
-- Installing: /home/rc1/STrAduts/ConQU/Service_Learning/homework/install/lr_interfaces/lib/liblr_interfaces__rosidl_typesupport_fastrtps_cpp.so
-- Set runtime path of "/home/rc1/STrAduts/ConQU/Service_Learning/homework/install/lr_interfaces/lib/liblr_interfaces__rosidl_typesupport_fastrtps_cpp.so" to ""
-- Up-to-date: /home/rc1/STrAduts/ConQU/Service_Learning/homework/install/lr_interfaces/include/lr_interfaces/lr_interfaces
-- Up-to-date: /home/rc1/STrAduts/ConQU/Service_Learning/homework/install/lr_interfaces/include/lr_interfaces/lr_interfaces/srv
-- Up-to-date: /home/rc1/STrAduts/ConQU/Service_Learning/homework/install/lr_interfaces/include/lr_interfaces/lr_interfaces/srv/detail
-- Up-to-date: /home/rc1/STrAduts/ConQU/Service_Learning/homework/install/lr_interfaces/include/lr_interfaces/lr_interfaces/srv/detail/climb__rosidl_typesupport_introspection_cpp.hpp
-- Up-to-date: /home/rc1/STrAduts/ConQU/Service_Learning/homework/install/lr_interfaces/include/lr_interfaces/lr_interfaces/srv/detail/climb__type_support.cpp
-- Installing: /home/rc1/STrAduts/ConQU/Service_Learning/homework/install/lr_interfaces/lib/liblr_interfaces__rosidl_typesupport_introspection_cpp.so
-- Set runtime path of "/home/rc1/STrAduts/ConQU/Service_Learning/homework/install/lr_interfaces/lib/liblr_interfaces__rosidl_typesupport_introspection_cpp.so" to ""
-- Installing: /home/rc1/STrAduts/ConQU/Service_Learning/homework/install/lr_interfaces/lib/liblr_interfaces__rosidl_typesupport_cpp.so
-- Set runtime path of "/home/rc1/STrAduts/ConQU/Service_Learning/homework/install/lr_interfaces/lib/liblr_interfaces__rosidl_typesupport_cpp.so" to ""
-- Up-to-date: /home/rc1/STrAduts/ConQU/Service_Learning/homework/install/lr_interfaces/share/lr_interfaces/environment/pythonpath.sh
-- Installing: /home/rc1/STrAduts/ConQU/Service_Learning/homework/install/lr_interfaces/share/lr_interfaces/environment/pythonpath.dsv
-- Up-to-date: /home/rc1/STrAduts/ConQU/Service_Learning/homework/install/lr_interfaces/local/lib/python3.10/dist-packages/lr_interfaces-0.0.0-py3.10.egg-info
-- Installing: /home/rc1/STrAduts/ConQU/Service_Learning/homework/install/lr_interfaces/local/lib/python3.10/dist-packages/lr_interfaces-0.0.0-py3.10.egg-info/PKG-INFO
-- Installing: /home/rc1/STrAduts/ConQU/Service_Learning/homework/install/lr_interfaces/local/lib/python3.10/dist-packages/lr_interfaces-0.0.0-py3.10.egg-info/top_level.txt
-- Installing: /home/rc1/STrAduts/ConQU/Service_Learning/homework/install/lr_interfaces/local/lib/python3.10/dist-packages/lr_interfaces-0.0.0-py3.10.egg-info/dependency_links.txt
-- Installing: /home/rc1/STrAduts/ConQU/Service_Learning/homework/install/lr_interfaces/local/lib/python3.10/dist-packages/lr_interfaces-0.0.0-py3.10.egg-info/SOURCES.txt
-- Up-to-date: /home/rc1/STrAduts/ConQU/Service_Learning/homework/install/lr_interfaces/local/lib/python3.10/dist-packages/lr_interfaces
-- Installing: /home/rc1/STrAduts/ConQU/Service_Learning/homework/install/lr_interfaces/local/lib/python3.10/dist-packages/lr_interfaces/liblr_interfaces__rosidl_generator_py.so
-- Up-to-date: /home/rc1/STrAduts/ConQU/Service_Learning/homework/install/lr_interfaces/local/lib/python3.10/dist-packages/lr_interfaces/_lr_interfaces_s.ep.rosidl_typesupport_introspection_c.c
-- Installing: /home/rc1/STrAduts/ConQU/Service_Learning/homework/install/lr_interfaces/local/lib/python3.10/dist-packages/lr_interfaces/__init__.py
-- Installing: /home/rc1/STrAduts/ConQU/Service_Learning/homework/install/lr_interfaces/local/lib/python3.10/dist-packages/lr_interfaces/lr_interfaces_s__rosidl_typesupport_fastrtps_c.cpython-310-x86_64-linux-gnu.so
-- Up-to-date: /home/rc1/STrAduts/ConQU/Service_Learning/homework/install/lr_interfaces/local/lib/python3.10/dist-packages/lr_interfaces/_lr_interfaces_s.ep.rosidl_typesupport_c.c
-- Installing: /home/rc1/STrAduts/ConQU/Service_Learning/homework/install/lr_interfaces/local/lib/python3.10/dist-packages/lr_interfaces/lr_interfaces_s__rosidl_typesupport_c.cpython-310-x86_64-linux-gnu.so
-- Up-to-date: /home/rc1/STrAduts/ConQU/Service_Learning/homework/install/lr_interfaces/local/lib/python3.10/dist-packages/lr_interfaces/srv
-- Up-to-date: /home/rc1/STrAduts/ConQU/Service_Learning/homework/install/lr_interfaces/local/lib/python3.10/dist-packages/lr_interfaces/srv/__init__.py
-- Up-to-date: /home/rc1/STrAduts/ConQU/Service_Learning/homework/install/lr_interfaces/local/lib/python3.10/dist-packages/lr_interfaces/srv/_climb_s.c
-- Up-to-date: /home/rc1/STrAduts/ConQU/Service_Learning/homework/install/lr_interfaces/local/lib/python3.10/dist-packages/lr_interfaces/srv/_climb.py
-- Up-to-date: /home/rc1/STrAduts/ConQU/Service_Learning/homework/install/lr_interfaces/local/lib/python3.10/dist-packages/lr_interfaces/_lr_interfaces_s.ep.rosidl_typesupport_fastrtps_c.c
-- Installing: /home/rc1/STrAduts/ConQU/Service_Learning/homework/install/lr_interfaces/local/lib/python3.10/dist-packages/lr_interfaces/lr_interfaces_s__rosidl_typesupport_introspection_c.cpython-310-x86_64-linux-gnu.so
Listing '/home/rc1/STrAduts/ConQU/Service_Learning/homework/install/lr_interfaces/local/lib/python3.10/dist-packages/lr_interfaces'...
Compiling '/home/rc1/STrAduts/ConQU/Service_Learning/homework/install/lr_interfaces/local/lib/python3.10/dist-packages/lr_interfaces/__init__.py'...
Listing '/home/rc1/STrAduts/ConQU/Service_Learning/homework/install/lr_interfaces/local/lib/python3.10/dist-packages/lr_interfaces/srv'...
Compiling '/home/rc1/STrAduts/ConQU/Service_Learning/homework/install/lr_interfaces/local/lib/python3.10/dist-packages/lr_interfaces/srv/__init__.py'...
Compiling '/home/rc1/STrAduts/ConQU/Service_Learning/homework/install/lr_interfaces/local/lib/python3.10/dist-packages/lr_interfaces/srv/_climb.py'...
-- Installing: /home/rc1/STrAduts/ConQU/Service_Learning/homework/install/lr_interfaces/local/lib/python3.10/dist-packages/lr_interfaces/lr_interfaces_s__rosidl_typesupport_fastrtps_c.cpython-310-x86_64-linux-gnu.so
-- Set runtime path of "/home/rc1/STrAduts/ConQU/Service_Learning/homework/install/lr_interfaces/local/lib/python3.10/dist-packages/lr_interfaces/lr_interfaces_s__rosidl_typesupport_fastrtps_c.cpython-310-x86_64-linux-gnu.so" to ""
-- Installing: /home/rc1/STrAduts/ConQU/Service_Learning/homework/install/lr_interfaces/local/lib/python3.10/dist-packages/lr_interfaces/lr_interfaces_s__rosidl_typesupport_introspection_c.cpython-310-x86_64-linux-gnu.so
-- Set runtime path of "/home/rc1/STrAduts/ConQU/Service_Learning/homework/install/lr_interfaces/local/lib/python3.10/dist-packages/lr_interfaces/lr_interfaces_s__rosidl_typesupport_introspection_c.cpython-310-x86_64-linux-gnu.so" to ""
-- Installing: /home/rc1/STrAduts/ConQU/Service_Learning/homework/install/lr_interfaces/local/lib/python3.10/dist-packages/lr_interfaces/lr_interfaces_s__rosidl_typesupport_c.cpython-310-x86_64-linux-gnu.so
-- Set runtime path of "/home/rc1/STrAduts/ConQU/Service_Learning/homework/install/lr_interfaces/local/lib/python3.10/dist-packages/lr_interfaces/lr_interfaces_s__rosidl_typesupport_c.cpython-310-x86_64-linux-gnu.so" to ""
-- Installing: /home/rc1/STrAduts/ConQU/Service_Learning/homework/install/lr_interfaces/lib/liblr_interfaces__rosidl_generator_py.so
-- Set runtime path of "/home/rc1/STrAduts/ConQU/Service_Learning/homework/install/lr_interfaces/lib/liblr_interfaces__rosidl_generator_py.so" to ""
-- Up-to-date: /home/rc1/STrAduts/ConQU/Service_Learning/homework/install/lr_interfaces/share/lr_interfaces/srv/Climb.idl
-- Up-to-date: /home/rc1/STrAduts/ConQU/Service_Learning/homework/install/lr_interfaces/share/lr_interfaces/srv/Climb.srv
-- Up-to-date: /home/rc1/STrAduts/ConQU/Service_Learning/homework/install/lr_interfaces/share/lr_interfaces/srv/Climb_Request.msg
-- Up-to-date: /home/rc1/STrAduts/ConQU/Service_Learning/homework/install/lr_interfaces/share/lr_interfaces/srv/Climb_Response.msg
-- Up-to-date: /home/rc1/STrAduts/ConQU/Service_Learning/homework/install/lr_interfaces/share/ament_index/resource_index/package_run_dependencies/lr_interfaces
-- Up-to-date: /home/rc1/STrAduts/ConQU/Service_Learning/homework/install/lr_interfaces/share/ament_index/resource_index/parent_prefix_path/lr_interfaces
-- Installing: /home/rc1/STrAduts/ConQU/Service_Learning/homework/install/lr_interfaces/share/lr_interfaces/environment/ament_prefix_path.sh
-- Installing: /home/rc1/STrAduts/ConQU/Service_Learning/homework/install/lr_interfaces/share/lr_interfaces/environment/ament_prefix_path.dsv
-- Installing: /home/rc1/STrAduts/ConQU/Service_Learning/homework/install/lr_interfaces/share/lr_interfaces/environment/path.sh
-- Installing: /home/rc1/STrAduts/ConQU/Service_Learning/homework/install/lr_interfaces/share/lr_interfaces/environment/path.dsv
-- Up-to-date: /home/rc1/STrAduts/ConQU/Service_Learning/homework/install/lr_interfaces/share/lr_interfaces/local_setup.bash
-- Up-to-date: /home/rc1/STrAduts/ConQU/Service_Learning/homework/install/lr_interfaces/share/lr_interfaces/local_setup.sh
-- Up-to-date: /home/rc1/STrAduts/ConQU/Service_Learning/homework/install/lr_interfaces/share/lr_interfaces/local_setup.zsh
-- Installing: /home/rc1/STrAduts/ConQU/Service_Learning/homework/install/lr_interfaces/share/lr_interfaces/local_setup.dsv
-- Installing: /home/rc1/STrAduts/ConQU/Service_Learning/homework/install/lr_interfaces/share/lr_interfaces/package.dsv
-- Up-to-date: /home/rc1/STrAduts/ConQU/Service_Learning/homework/install/lr_interfaces/share/ament_index/resource_index/packages/lr_interfaces
-- Up-to-date: /home/rc1/STrAduts/ConQU/Service_Learning/homework/install/lr_interfaces/share/lr_interfaces/cmake/export_lr_interfaces__rosidl_generator_cExport.cmake
-- Up-to-date: /home/rc1/STrAduts/ConQU/Service_Learning/homework/install/lr_interfaces/share/lr_interfaces/cmake/export_lr_interfaces__rosidl_generator_cExport-noconfig.cmake
-- Up-to-date: /home/rc1/STrAduts/ConQU/Service_Learning/homework/install/lr_interfaces/share/lr_interfaces/cmake/export_lr_interfaces__rosidl_typesupport_fastrtps_cExport.cmake
-- Up-to-date: /home/rc1/STrAduts/ConQU/Service_Learning/homework/install/lr_interfaces/share/lr_interfaces/cmake/export_lr_interfaces__rosidl_typesupport_fastrtps_cExport-noconfig.cmake
-- Up-to-date: /home/rc1/STrAduts/ConQU/Service_Learning/homework/install/lr_interfaces/share/lr_interfaces/cmake/lr_interfaces__rosidl_typesupport_introspection_cExport.cmake
-- Up-to-date: /home/rc1/STrAduts/ConQU/Service_Learning/homework/install/lr_interfaces/share/lr_interfaces/cmake/lr_interfaces__rosidl_typesupport_introspection_cExport-noconfig.cmake
-- Up-to-date: /home/rc1/STrAduts/ConQU/Service_Learning/homework/install/lr_interfaces/share/lr_interfaces/cmake/lr_interfaces__rosidl_typesupport_cExport.cmake
-- Up-to-date: /home/rc1/STrAduts/ConQU/Service_Learning/homework/install/lr_interfaces/share/lr_interfaces/cmake/lr_interfaces__rosidl_typesupport_cExport-noconfig.cmake
-- Up-to-date: /home/rc1/STrAduts/ConQU/Service_Learning/homework/install/lr_interfaces/share/lr_interfaces/cmake/export_lr_interfaces__rosidl_generator_cppExport.cmake
-- Up-to-date: /home/rc1/STrAduts/ConQU/Service_Learning/homework/install/lr_interfaces/share/lr_interfaces/cmake/export_lr_interfaces__rosidl_typesupport_fastrtps_cppExport.cmake
-- Up-to-date: /home/rc1/STrAduts/ConQU/Service_Learning/homework/install/lr_interfaces/share/lr_interfaces/cmake/export_lr_interfaces__rosidl_typesupport_fastrtps_cppExport-noconfig.cmake
-- Up-to-date: /home/rc1/STrAduts/ConQU/Service_Learning/homework/install/lr_interfaces/share/lr_interfaces/cmake/lr_interfaces__rosidl_typesupport_introspection_cppExport.cmake
-- Up-to-date: /home/rc1/STrAduts/ConQU/Service_Learning/homework/install/lr_interfaces/share/lr_interfaces/cmake/lr_interfaces__rosidl_typesupport_introspection_cppExport-noconfig.cmake
-- Up-to-date: /home/rc1/STrAduts/ConQU/Service_Learning/homework/install/lr_interfaces/share/lr_interfaces/cmake/lr_interfaces__rosidl_typesupport_cppExport.cmake
-- Up-to-date: /home/rc1/STrAduts/ConQU/Service_Learning/homework/install/lr_interfaces/share/lr_interfaces/cmake/lr_interfaces__rosidl_typesupport_cppExport-noconfig.cmake
-- Up-to-date: /home/rc1/STrAduts/ConQU/Service_Learning/homework/install/lr_interfaces/share/lr_interfaces/cmake/export_lr_interfaces__rosidl_generator_pyExport.cmake
-- Up-to-date: /home/rc1/STrAduts/ConQU/Service_Learning/homework/install/lr_interfaces/share/lr_interfaces/cmake/export_lr_interfaces__rosidl_generator_pyExport-noconfig.cmake
-- Up-to-date: /home/rc1/STrAduts/ConQU/Service_Learning/homework/install/lr_interfaces/share/lr_interfaces/cmake/rosidl_cmake-extras.cmake
-- Up-to-date: /home/rc1/STrAduts/ConQU/Service_Learning/homework/install/lr_interfaces/share/lr_interfaces/cmake/ament_cmake_export_include_directories-extras.cmake
-- Up-to-date: /home/rc1/STrAduts/ConQU/Service_Learning/homework/install/lr_interfaces/share/lr_interfaces/cmake/ament_cmake_export_libraries-extras.cmake
-- Up-to-date: /home/rc1/STrAduts/ConQU/Service_Learning/homework/install/lr_interfaces/share/lr_interfaces/cmake/ament_cmake_export_targets-extras.cmake
-- Up-to-date: /home/rc1/STrAduts/ConQU/Service_Learning/homework/install/lr_interfaces/share/lr_interfaces/cmake/rosidl_cmake_export_typesupport_targets-extras.cmake
-- Up-to-date: /home/rc1/STrAduts/ConQU/Service_Learning/homework/install/lr_interfaces/share/lr_interfaces/cmake/ament_cmake_export_dependencies-extras.cmake
-- Up-to-date: /home/rc1/STrAduts/ConQU/Service_Learning/homework/install/lr_interfaces/share/lr_interfaces/cmake/rosidl_cmake_export_typesupport_libraries-extras.cmake
-- Up-to-date: /home/rc1/STrAduts/ConQU/Service_Learning/homework/install/lr_interfaces/share/lr_interfaces/cmake/lr_interfacesConfig.cmake
-- Up-to-date: /home/rc1/STrAduts/ConQU/Service_Learning/homework/install/lr_interfaces/share/lr_interfaces/cmake/lr_interfacesConfig-version.cmake
-- Up-to-date: /home/rc1/STrAduts/ConQU/Service_Learning/homework/install/lr_interfaces/share/lr_interfaces/package.xml
