[0.008s] Invoking command in '/home/rc1/STrAduts/ConQU/Service_Learning/homework/build/lr_interfaces': CMAKE_PREFIX_PATH=/opt/ros/humble /usr/bin/cmake --build /home/rc1/STrAduts/ConQU/Service_Learning/homework/build/lr_interfaces -- -j8 -l8
[0.025s] -- Found rosidl_default_generators: 1.2.0 (/opt/ros/humble/share/rosidl_default_generators/cmake)
[0.025s] -- Found ament_cmake_core: 1.3.12 (/opt/ros/humble/share/ament_cmake_core/cmake)
[0.111s] -- Using all available rosidl_typesupport_c: rosidl_typesupport_fastrtps_c;rosidl_typesupport_introspection_c
[0.113s] -- Found rosidl_adapter: 3.1.7 (/opt/ros/humble/share/rosidl_adapter/cmake)
[0.137s] -- Using all available rosidl_typesupport_cpp: rosidl_typesupport_fastrtps_cpp;rosidl_typesupport_introspection_cpp
[0.321s] -- Found ament_cmake_ros: 0.10.0 (/opt/ros/humble/share/ament_cmake_ros/cmake)
[0.453s] -- Using all available rosidl_typesupport_c: rosidl_typesupport_fastrtps_c;rosidl_typesupport_introspection_c
[0.639s] -- Using all available rosidl_typesupport_cpp: rosidl_typesupport_fastrtps_cpp;rosidl_typesupport_introspection_cpp
[0.655s] -- Found python_cmake_module: 0.10.0 (/opt/ros/humble/share/python_cmake_module/cmake)
[0.672s] -- Using PYTHON_EXECUTABLE: /usr/bin/python3
[0.673s] -- Using PYTHON_INCLUDE_DIRS: /usr/include/python3.10
[0.673s] -- Using PYTHON_LIBRARIES: /usr/lib/x86_64-linux-gnu/libpython3.10.so
[0.680s] -- Found ament_lint_auto: 0.12.14 (/opt/ros/humble/share/ament_lint_auto/cmake)
[0.687s] -- Added test 'lint_cmake' to check CMake code style
[0.688s] -- Added test 'xmllint' to check XML markup files
[0.690s] -- Configuring done
[0.714s] -- Generating done
[0.722s] -- Build files have been written to: /home/rc1/STrAduts/ConQU/Service_Learning/homework/build/lr_interfaces
[0.741s] [35m[1mConsolidate compiler generated dependencies of target lr_interfaces__rosidl_generator_c[0m
[0.751s] [  6%] Built target lr_interfaces__cpp
[0.752s] [  6%] [32mBuilding C object CMakeFiles/lr_interfaces__rosidl_generator_c.dir/rosidl_generator_c/lr_interfaces/srv/detail/climb__functions.c.o[0m
[0.760s] [  6%] Built target ament_cmake_python_copy_lr_interfaces
[0.762s] [35m[1mConsolidate compiler generated dependencies of target lr_interfaces__rosidl_typesupport_introspection_cpp[0m
[0.762s] [35m[1mConsolidate compiler generated dependencies of target lr_interfaces__rosidl_typesupport_fastrtps_cpp[0m
[0.765s] [35m[1mConsolidate compiler generated dependencies of target lr_interfaces__rosidl_typesupport_cpp[0m
[0.777s] [  9%] [32mBuilding CXX object CMakeFiles/lr_interfaces__rosidl_typesupport_fastrtps_cpp.dir/rosidl_typesupport_fastrtps_cpp/lr_interfaces/srv/detail/dds_fastrtps/climb__type_support.cpp.o[0m
[0.778s] [ 16%] [32mBuilding CXX object CMakeFiles/lr_interfaces__rosidl_typesupport_introspection_cpp.dir/rosidl_typesupport_introspection_cpp/lr_interfaces/srv/detail/climb__type_support.cpp.o[0m
[0.778s] [ 16%] [32mBuilding CXX object CMakeFiles/lr_interfaces__rosidl_typesupport_cpp.dir/rosidl_typesupport_cpp/lr_interfaces/srv/climb__type_support.cpp.o[0m
[0.813s] [ 19%] [32m[1mLinking C shared library liblr_interfaces__rosidl_generator_c.so[0m
[0.851s] [ 22%] Built target lr_interfaces__rosidl_generator_c
[0.862s] [35m[1mConsolidate compiler generated dependencies of target lr_interfaces__rosidl_typesupport_fastrtps_c[0m
[0.875s] [35m[1mConsolidate compiler generated dependencies of target lr_interfaces__rosidl_typesupport_c[0m
[0.878s] [35m[1mConsolidate compiler generated dependencies of target lr_interfaces__rosidl_typesupport_introspection_c[0m
[0.882s] [ 25%] [32mBuilding CXX object CMakeFiles/lr_interfaces__rosidl_typesupport_fastrtps_c.dir/rosidl_typesupport_fastrtps_c/lr_interfaces/srv/detail/climb__type_support_c.cpp.o[0m
[0.895s] [ 29%] [32mBuilding CXX object CMakeFiles/lr_interfaces__rosidl_typesupport_c.dir/rosidl_typesupport_c/lr_interfaces/srv/climb__type_support.cpp.o[0m
[0.898s] [ 32%] [32mBuilding C object CMakeFiles/lr_interfaces__rosidl_typesupport_introspection_c.dir/rosidl_typesupport_introspection_c/lr_interfaces/srv/detail/climb__type_support.c.o[0m
[0.975s] [ 35%] [32m[1mLinking CXX shared library liblr_interfaces__rosidl_typesupport_c.so[0m
[0.987s] [ 38%] [32m[1mLinking C shared library liblr_interfaces__rosidl_typesupport_introspection_c.so[0m
[1.058s] [ 41%] Built target lr_interfaces__rosidl_typesupport_introspection_c
[1.080s] [ 45%] Built target lr_interfaces__rosidl_typesupport_c
[1.104s] [ 48%] [32m[1mLinking CXX shared library liblr_interfaces__rosidl_typesupport_cpp.so[0m
[1.114s] running egg_info
[1.116s] writing lr_interfaces.egg-info/PKG-INFO
[1.118s] writing dependency_links to lr_interfaces.egg-info/dependency_links.txt
[1.118s] writing top-level names to lr_interfaces.egg-info/top_level.txt
[1.123s] reading manifest file 'lr_interfaces.egg-info/SOURCES.txt'
[1.124s] writing manifest file 'lr_interfaces.egg-info/SOURCES.txt'
[1.156s] [ 51%] Built target lr_interfaces__rosidl_typesupport_cpp
[1.165s] [ 51%] Built target ament_cmake_python_build_lr_interfaces_egg
[1.221s] [ 54%] [32m[1mLinking CXX shared library liblr_interfaces__rosidl_typesupport_introspection_cpp.so[0m
[1.247s] [ 58%] [32m[1mLinking CXX shared library liblr_interfaces__rosidl_typesupport_fastrtps_c.so[0m
[1.251s] [ 61%] Built target lr_interfaces__rosidl_typesupport_introspection_cpp
[1.301s] [ 64%] [32m[1mLinking CXX shared library liblr_interfaces__rosidl_typesupport_fastrtps_cpp.so[0m
[1.310s] [ 67%] Built target lr_interfaces__rosidl_typesupport_fastrtps_c
[1.362s] [ 70%] Built target lr_interfaces__rosidl_typesupport_fastrtps_cpp
[1.377s] [ 70%] Built target lr_interfaces
[1.391s] [ 74%] Built target lr_interfaces__py
[1.399s] [35m[1mConsolidate compiler generated dependencies of target lr_interfaces__rosidl_generator_py[0m
[1.408s] [ 77%] [32mBuilding C object CMakeFiles/lr_interfaces__rosidl_generator_py.dir/rosidl_generator_py/lr_interfaces/srv/_climb_s.c.o[0m
[1.482s] [ 80%] [32m[1mLinking C shared library rosidl_generator_py/lr_interfaces/liblr_interfaces__rosidl_generator_py.so[0m
[1.510s] [ 80%] Built target lr_interfaces__rosidl_generator_py
[1.518s] [35m[1mConsolidate compiler generated dependencies of target lr_interfaces__rosidl_typesupport_c__pyext[0m
[1.518s] [35m[1mConsolidate compiler generated dependencies of target lr_interfaces__rosidl_typesupport_introspection_c__pyext[0m
[1.520s] [35m[1mConsolidate compiler generated dependencies of target lr_interfaces__rosidl_typesupport_fastrtps_c__pyext[0m
[1.527s] [ 83%] [32mBuilding C object CMakeFiles/lr_interfaces__rosidl_typesupport_introspection_c__pyext.dir/rosidl_generator_py/lr_interfaces/_lr_interfaces_s.ep.rosidl_typesupport_introspection_c.c.o[0m
[1.530s] [ 87%] [32mBuilding C object CMakeFiles/lr_interfaces__rosidl_typesupport_c__pyext.dir/rosidl_generator_py/lr_interfaces/_lr_interfaces_s.ep.rosidl_typesupport_c.c.o[0m
[1.532s] [ 90%] [32mBuilding C object CMakeFiles/lr_interfaces__rosidl_typesupport_fastrtps_c__pyext.dir/rosidl_generator_py/lr_interfaces/_lr_interfaces_s.ep.rosidl_typesupport_fastrtps_c.c.o[0m
[1.605s] [ 93%] [32m[1mLinking C shared library rosidl_generator_py/lr_interfaces/lr_interfaces_s__rosidl_typesupport_fastrtps_c.cpython-310-x86_64-linux-gnu.so[0m
[1.630s] [ 93%] Built target lr_interfaces__rosidl_typesupport_fastrtps_c__pyext
[1.632s] [ 96%] [32m[1mLinking C shared library rosidl_generator_py/lr_interfaces/lr_interfaces_s__rosidl_typesupport_c.cpython-310-x86_64-linux-gnu.so[0m
[1.639s] [100%] [32m[1mLinking C shared library rosidl_generator_py/lr_interfaces/lr_interfaces_s__rosidl_typesupport_introspection_c.cpython-310-x86_64-linux-gnu.so[0m
[1.657s] [100%] Built target lr_interfaces__rosidl_typesupport_c__pyext
[1.665s] [100%] Built target lr_interfaces__rosidl_typesupport_introspection_c__pyext
[1.673s] Invoked command in '/home/rc1/STrAduts/ConQU/Service_Learning/homework/build/lr_interfaces' returned '0': CMAKE_PREFIX_PATH=/opt/ros/humble /usr/bin/cmake --build /home/rc1/STrAduts/ConQU/Service_Learning/homework/build/lr_interfaces -- -j8 -l8
[1.681s] Invoking command in '/home/rc1/STrAduts/ConQU/Service_Learning/homework/build/lr_interfaces': CMAKE_PREFIX_PATH=/opt/ros/humble /usr/bin/cmake --install /home/rc1/STrAduts/ConQU/Service_Learning/homework/build/lr_interfaces
[1.687s] -- Install configuration: ""
[1.687s] -- Up-to-date: /home/rc1/STrAduts/ConQU/Service_Learning/homework/install/lr_interfaces/share/ament_index/resource_index/rosidl_interfaces/lr_interfaces
[1.687s] -- Up-to-date: /home/rc1/STrAduts/ConQU/Service_Learning/homework/install/lr_interfaces/include/lr_interfaces/lr_interfaces
[1.687s] -- Up-to-date: /home/rc1/STrAduts/ConQU/Service_Learning/homework/install/lr_interfaces/include/lr_interfaces/lr_interfaces/msg
[1.687s] -- Up-to-date: /home/rc1/STrAduts/ConQU/Service_Learning/homework/install/lr_interfaces/include/lr_interfaces/lr_interfaces/msg/rosidl_generator_c__visibility_control.h
[1.687s] -- Up-to-date: /home/rc1/STrAduts/ConQU/Service_Learning/homework/install/lr_interfaces/include/lr_interfaces/lr_interfaces/srv
[1.687s] -- Up-to-date: /home/rc1/STrAduts/ConQU/Service_Learning/homework/install/lr_interfaces/include/lr_interfaces/lr_interfaces/srv/detail
[1.687s] -- Up-to-date: /home/rc1/STrAduts/ConQU/Service_Learning/homework/install/lr_interfaces/include/lr_interfaces/lr_interfaces/srv/detail/climb__functions.c
[1.687s] -- Up-to-date: /home/rc1/STrAduts/ConQU/Service_Learning/homework/install/lr_interfaces/include/lr_interfaces/lr_interfaces/srv/detail/climb__struct.h
[1.687s] -- Up-to-date: /home/rc1/STrAduts/ConQU/Service_Learning/homework/install/lr_interfaces/include/lr_interfaces/lr_interfaces/srv/detail/climb__type_support.h
[1.687s] -- Up-to-date: /home/rc1/STrAduts/ConQU/Service_Learning/homework/install/lr_interfaces/include/lr_interfaces/lr_interfaces/srv/detail/climb__functions.h
[1.687s] -- Up-to-date: /home/rc1/STrAduts/ConQU/Service_Learning/homework/install/lr_interfaces/include/lr_interfaces/lr_interfaces/srv/climb.h
[1.687s] -- Installing: /home/rc1/STrAduts/ConQU/Service_Learning/homework/install/lr_interfaces/share/lr_interfaces/environment/library_path.sh
[1.687s] -- Installing: /home/rc1/STrAduts/ConQU/Service_Learning/homework/install/lr_interfaces/share/lr_interfaces/environment/library_path.dsv
[1.687s] -- Installing: /home/rc1/STrAduts/ConQU/Service_Learning/homework/install/lr_interfaces/lib/liblr_interfaces__rosidl_generator_c.so
[1.687s] -- Set runtime path of "/home/rc1/STrAduts/ConQU/Service_Learning/homework/install/lr_interfaces/lib/liblr_interfaces__rosidl_generator_c.so" to ""
[1.687s] -- Up-to-date: /home/rc1/STrAduts/ConQU/Service_Learning/homework/install/lr_interfaces/include/lr_interfaces/lr_interfaces
[1.688s] -- Up-to-date: /home/rc1/STrAduts/ConQU/Service_Learning/homework/install/lr_interfaces/include/lr_interfaces/lr_interfaces/msg
[1.688s] -- Up-to-date: /home/rc1/STrAduts/ConQU/Service_Learning/homework/install/lr_interfaces/include/lr_interfaces/lr_interfaces/msg/rosidl_typesupport_fastrtps_c__visibility_control.h
[1.688s] -- Up-to-date: /home/rc1/STrAduts/ConQU/Service_Learning/homework/install/lr_interfaces/include/lr_interfaces/lr_interfaces/srv
[1.688s] -- Up-to-date: /home/rc1/STrAduts/ConQU/Service_Learning/homework/install/lr_interfaces/include/lr_interfaces/lr_interfaces/srv/detail
[1.688s] -- Up-to-date: /home/rc1/STrAduts/ConQU/Service_Learning/homework/install/lr_interfaces/include/lr_interfaces/lr_interfaces/srv/detail/climb__rosidl_typesupport_fastrtps_c.h
[1.688s] -- Installing: /home/rc1/STrAduts/ConQU/Service_Learning/homework/install/lr_interfaces/lib/liblr_interfaces__rosidl_typesupport_fastrtps_c.so
[1.688s] -- Set runtime path of "/home/rc1/STrAduts/ConQU/Service_Learning/homework/install/lr_interfaces/lib/liblr_interfaces__rosidl_typesupport_fastrtps_c.so" to ""
[1.688s] -- Up-to-date: /home/rc1/STrAduts/ConQU/Service_Learning/homework/install/lr_interfaces/include/lr_interfaces/lr_interfaces
[1.688s] -- Up-to-date: /home/rc1/STrAduts/ConQU/Service_Learning/homework/install/lr_interfaces/include/lr_interfaces/lr_interfaces/msg
[1.688s] -- Up-to-date: /home/rc1/STrAduts/ConQU/Service_Learning/homework/install/lr_interfaces/include/lr_interfaces/lr_interfaces/msg/rosidl_typesupport_introspection_c__visibility_control.h
[1.688s] -- Up-to-date: /home/rc1/STrAduts/ConQU/Service_Learning/homework/install/lr_interfaces/include/lr_interfaces/lr_interfaces/srv
[1.688s] -- Up-to-date: /home/rc1/STrAduts/ConQU/Service_Learning/homework/install/lr_interfaces/include/lr_interfaces/lr_interfaces/srv/detail
[1.688s] -- Up-to-date: /home/rc1/STrAduts/ConQU/Service_Learning/homework/install/lr_interfaces/include/lr_interfaces/lr_interfaces/srv/detail/climb__type_support.c
[1.688s] -- Up-to-date: /home/rc1/STrAduts/ConQU/Service_Learning/homework/install/lr_interfaces/include/lr_interfaces/lr_interfaces/srv/detail/climb__rosidl_typesupport_introspection_c.h
[1.688s] -- Installing: /home/rc1/STrAduts/ConQU/Service_Learning/homework/install/lr_interfaces/lib/liblr_interfaces__rosidl_typesupport_introspection_c.so
[1.688s] -- Set runtime path of "/home/rc1/STrAduts/ConQU/Service_Learning/homework/install/lr_interfaces/lib/liblr_interfaces__rosidl_typesupport_introspection_c.so" to ""
[1.688s] -- Installing: /home/rc1/STrAduts/ConQU/Service_Learning/homework/install/lr_interfaces/lib/liblr_interfaces__rosidl_typesupport_c.so
[1.688s] -- Set runtime path of "/home/rc1/STrAduts/ConQU/Service_Learning/homework/install/lr_interfaces/lib/liblr_interfaces__rosidl_typesupport_c.so" to ""
[1.688s] -- Up-to-date: /home/rc1/STrAduts/ConQU/Service_Learning/homework/install/lr_interfaces/include/lr_interfaces/lr_interfaces
[1.688s] -- Up-to-date: /home/rc1/STrAduts/ConQU/Service_Learning/homework/install/lr_interfaces/include/lr_interfaces/lr_interfaces/msg
[1.689s] -- Up-to-date: /home/rc1/STrAduts/ConQU/Service_Learning/homework/install/lr_interfaces/include/lr_interfaces/lr_interfaces/msg/rosidl_generator_cpp__visibility_control.hpp
[1.689s] -- Up-to-date: /home/rc1/STrAduts/ConQU/Service_Learning/homework/install/lr_interfaces/include/lr_interfaces/lr_interfaces/srv
[1.689s] -- Up-to-date: /home/rc1/STrAduts/ConQU/Service_Learning/homework/install/lr_interfaces/include/lr_interfaces/lr_interfaces/srv/climb.hpp
[1.689s] -- Up-to-date: /home/rc1/STrAduts/ConQU/Service_Learning/homework/install/lr_interfaces/include/lr_interfaces/lr_interfaces/srv/detail
[1.689s] -- Up-to-date: /home/rc1/STrAduts/ConQU/Service_Learning/homework/install/lr_interfaces/include/lr_interfaces/lr_interfaces/srv/detail/climb__struct.hpp
[1.689s] -- Up-to-date: /home/rc1/STrAduts/ConQU/Service_Learning/homework/install/lr_interfaces/include/lr_interfaces/lr_interfaces/srv/detail/climb__builder.hpp
[1.689s] -- Up-to-date: /home/rc1/STrAduts/ConQU/Service_Learning/homework/install/lr_interfaces/include/lr_interfaces/lr_interfaces/srv/detail/climb__type_support.hpp
[1.689s] -- Up-to-date: /home/rc1/STrAduts/ConQU/Service_Learning/homework/install/lr_interfaces/include/lr_interfaces/lr_interfaces/srv/detail/climb__traits.hpp
[1.689s] -- Up-to-date: /home/rc1/STrAduts/ConQU/Service_Learning/homework/install/lr_interfaces/include/lr_interfaces/lr_interfaces
[1.689s] -- Up-to-date: /home/rc1/STrAduts/ConQU/Service_Learning/homework/install/lr_interfaces/include/lr_interfaces/lr_interfaces/msg
[1.689s] -- Up-to-date: /home/rc1/STrAduts/ConQU/Service_Learning/homework/install/lr_interfaces/include/lr_interfaces/lr_interfaces/msg/rosidl_typesupport_fastrtps_cpp__visibility_control.h
[1.689s] -- Up-to-date: /home/rc1/STrAduts/ConQU/Service_Learning/homework/install/lr_interfaces/include/lr_interfaces/lr_interfaces/srv
[1.689s] -- Up-to-date: /home/rc1/STrAduts/ConQU/Service_Learning/homework/install/lr_interfaces/include/lr_interfaces/lr_interfaces/srv/detail
[1.689s] -- Up-to-date: /home/rc1/STrAduts/ConQU/Service_Learning/homework/install/lr_interfaces/include/lr_interfaces/lr_interfaces/srv/detail/climb__rosidl_typesupport_fastrtps_cpp.hpp
[1.689s] -- Up-to-date: /home/rc1/STrAduts/ConQU/Service_Learning/homework/install/lr_interfaces/include/lr_interfaces/lr_interfaces/srv/detail/dds_fastrtps
[1.689s] -- Installing: /home/rc1/STrAduts/ConQU/Service_Learning/homework/install/lr_interfaces/lib/liblr_interfaces__rosidl_typesupport_fastrtps_cpp.so
[1.689s] -- Set runtime path of "/home/rc1/STrAduts/ConQU/Service_Learning/homework/install/lr_interfaces/lib/liblr_interfaces__rosidl_typesupport_fastrtps_cpp.so" to ""
[1.689s] -- Up-to-date: /home/rc1/STrAduts/ConQU/Service_Learning/homework/install/lr_interfaces/include/lr_interfaces/lr_interfaces
[1.689s] -- Up-to-date: /home/rc1/STrAduts/ConQU/Service_Learning/homework/install/lr_interfaces/include/lr_interfaces/lr_interfaces/srv
[1.689s] -- Up-to-date: /home/rc1/STrAduts/ConQU/Service_Learning/homework/install/lr_interfaces/include/lr_interfaces/lr_interfaces/srv/detail
[1.689s] -- Up-to-date: /home/rc1/STrAduts/ConQU/Service_Learning/homework/install/lr_interfaces/include/lr_interfaces/lr_interfaces/srv/detail/climb__rosidl_typesupport_introspection_cpp.hpp
[1.689s] -- Up-to-date: /home/rc1/STrAduts/ConQU/Service_Learning/homework/install/lr_interfaces/include/lr_interfaces/lr_interfaces/srv/detail/climb__type_support.cpp
[1.690s] -- Installing: /home/rc1/STrAduts/ConQU/Service_Learning/homework/install/lr_interfaces/lib/liblr_interfaces__rosidl_typesupport_introspection_cpp.so
[1.690s] -- Set runtime path of "/home/rc1/STrAduts/ConQU/Service_Learning/homework/install/lr_interfaces/lib/liblr_interfaces__rosidl_typesupport_introspection_cpp.so" to ""
[1.690s] -- Installing: /home/rc1/STrAduts/ConQU/Service_Learning/homework/install/lr_interfaces/lib/liblr_interfaces__rosidl_typesupport_cpp.so
[1.690s] -- Set runtime path of "/home/rc1/STrAduts/ConQU/Service_Learning/homework/install/lr_interfaces/lib/liblr_interfaces__rosidl_typesupport_cpp.so" to ""
[1.690s] -- Up-to-date: /home/rc1/STrAduts/ConQU/Service_Learning/homework/install/lr_interfaces/share/lr_interfaces/environment/pythonpath.sh
[1.690s] -- Installing: /home/rc1/STrAduts/ConQU/Service_Learning/homework/install/lr_interfaces/share/lr_interfaces/environment/pythonpath.dsv
[1.690s] -- Up-to-date: /home/rc1/STrAduts/ConQU/Service_Learning/homework/install/lr_interfaces/local/lib/python3.10/dist-packages/lr_interfaces-0.0.0-py3.10.egg-info
[1.690s] -- Installing: /home/rc1/STrAduts/ConQU/Service_Learning/homework/install/lr_interfaces/local/lib/python3.10/dist-packages/lr_interfaces-0.0.0-py3.10.egg-info/PKG-INFO
[1.690s] -- Installing: /home/rc1/STrAduts/ConQU/Service_Learning/homework/install/lr_interfaces/local/lib/python3.10/dist-packages/lr_interfaces-0.0.0-py3.10.egg-info/top_level.txt
[1.690s] -- Installing: /home/rc1/STrAduts/ConQU/Service_Learning/homework/install/lr_interfaces/local/lib/python3.10/dist-packages/lr_interfaces-0.0.0-py3.10.egg-info/dependency_links.txt
[1.690s] -- Installing: /home/rc1/STrAduts/ConQU/Service_Learning/homework/install/lr_interfaces/local/lib/python3.10/dist-packages/lr_interfaces-0.0.0-py3.10.egg-info/SOURCES.txt
[1.690s] -- Up-to-date: /home/rc1/STrAduts/ConQU/Service_Learning/homework/install/lr_interfaces/local/lib/python3.10/dist-packages/lr_interfaces
[1.690s] -- Installing: /home/rc1/STrAduts/ConQU/Service_Learning/homework/install/lr_interfaces/local/lib/python3.10/dist-packages/lr_interfaces/liblr_interfaces__rosidl_generator_py.so
[1.690s] -- Up-to-date: /home/rc1/STrAduts/ConQU/Service_Learning/homework/install/lr_interfaces/local/lib/python3.10/dist-packages/lr_interfaces/_lr_interfaces_s.ep.rosidl_typesupport_introspection_c.c
[1.690s] -- Installing: /home/rc1/STrAduts/ConQU/Service_Learning/homework/install/lr_interfaces/local/lib/python3.10/dist-packages/lr_interfaces/__init__.py
[1.690s] -- Installing: /home/rc1/STrAduts/ConQU/Service_Learning/homework/install/lr_interfaces/local/lib/python3.10/dist-packages/lr_interfaces/lr_interfaces_s__rosidl_typesupport_fastrtps_c.cpython-310-x86_64-linux-gnu.so
[1.690s] -- Up-to-date: /home/rc1/STrAduts/ConQU/Service_Learning/homework/install/lr_interfaces/local/lib/python3.10/dist-packages/lr_interfaces/_lr_interfaces_s.ep.rosidl_typesupport_c.c
[1.690s] -- Installing: /home/rc1/STrAduts/ConQU/Service_Learning/homework/install/lr_interfaces/local/lib/python3.10/dist-packages/lr_interfaces/lr_interfaces_s__rosidl_typesupport_c.cpython-310-x86_64-linux-gnu.so
[1.691s] -- Up-to-date: /home/rc1/STrAduts/ConQU/Service_Learning/homework/install/lr_interfaces/local/lib/python3.10/dist-packages/lr_interfaces/srv
[1.691s] -- Up-to-date: /home/rc1/STrAduts/ConQU/Service_Learning/homework/install/lr_interfaces/local/lib/python3.10/dist-packages/lr_interfaces/srv/__init__.py
[1.691s] -- Up-to-date: /home/rc1/STrAduts/ConQU/Service_Learning/homework/install/lr_interfaces/local/lib/python3.10/dist-packages/lr_interfaces/srv/_climb_s.c
[1.691s] -- Up-to-date: /home/rc1/STrAduts/ConQU/Service_Learning/homework/install/lr_interfaces/local/lib/python3.10/dist-packages/lr_interfaces/srv/_climb.py
[1.691s] -- Up-to-date: /home/rc1/STrAduts/ConQU/Service_Learning/homework/install/lr_interfaces/local/lib/python3.10/dist-packages/lr_interfaces/_lr_interfaces_s.ep.rosidl_typesupport_fastrtps_c.c
[1.691s] -- Installing: /home/rc1/STrAduts/ConQU/Service_Learning/homework/install/lr_interfaces/local/lib/python3.10/dist-packages/lr_interfaces/lr_interfaces_s__rosidl_typesupport_introspection_c.cpython-310-x86_64-linux-gnu.so
[1.716s] Listing '/home/rc1/STrAduts/ConQU/Service_Learning/homework/install/lr_interfaces/local/lib/python3.10/dist-packages/lr_interfaces'...
[1.716s] Compiling '/home/rc1/STrAduts/ConQU/Service_Learning/homework/install/lr_interfaces/local/lib/python3.10/dist-packages/lr_interfaces/__init__.py'...
[1.716s] Listing '/home/rc1/STrAduts/ConQU/Service_Learning/homework/install/lr_interfaces/local/lib/python3.10/dist-packages/lr_interfaces/srv'...
[1.716s] Compiling '/home/rc1/STrAduts/ConQU/Service_Learning/homework/install/lr_interfaces/local/lib/python3.10/dist-packages/lr_interfaces/srv/__init__.py'...
[1.716s] Compiling '/home/rc1/STrAduts/ConQU/Service_Learning/homework/install/lr_interfaces/local/lib/python3.10/dist-packages/lr_interfaces/srv/_climb.py'...
[1.720s] -- Installing: /home/rc1/STrAduts/ConQU/Service_Learning/homework/install/lr_interfaces/local/lib/python3.10/dist-packages/lr_interfaces/lr_interfaces_s__rosidl_typesupport_fastrtps_c.cpython-310-x86_64-linux-gnu.so
[1.720s] -- Set runtime path of "/home/rc1/STrAduts/ConQU/Service_Learning/homework/install/lr_interfaces/local/lib/python3.10/dist-packages/lr_interfaces/lr_interfaces_s__rosidl_typesupport_fastrtps_c.cpython-310-x86_64-linux-gnu.so" to ""
[1.720s] -- Installing: /home/rc1/STrAduts/ConQU/Service_Learning/homework/install/lr_interfaces/local/lib/python3.10/dist-packages/lr_interfaces/lr_interfaces_s__rosidl_typesupport_introspection_c.cpython-310-x86_64-linux-gnu.so
[1.721s] -- Set runtime path of "/home/rc1/STrAduts/ConQU/Service_Learning/homework/install/lr_interfaces/local/lib/python3.10/dist-packages/lr_interfaces/lr_interfaces_s__rosidl_typesupport_introspection_c.cpython-310-x86_64-linux-gnu.so" to ""
[1.721s] -- Installing: /home/rc1/STrAduts/ConQU/Service_Learning/homework/install/lr_interfaces/local/lib/python3.10/dist-packages/lr_interfaces/lr_interfaces_s__rosidl_typesupport_c.cpython-310-x86_64-linux-gnu.so
[1.721s] -- Set runtime path of "/home/rc1/STrAduts/ConQU/Service_Learning/homework/install/lr_interfaces/local/lib/python3.10/dist-packages/lr_interfaces/lr_interfaces_s__rosidl_typesupport_c.cpython-310-x86_64-linux-gnu.so" to ""
[1.721s] -- Installing: /home/rc1/STrAduts/ConQU/Service_Learning/homework/install/lr_interfaces/lib/liblr_interfaces__rosidl_generator_py.so
[1.721s] -- Set runtime path of "/home/rc1/STrAduts/ConQU/Service_Learning/homework/install/lr_interfaces/lib/liblr_interfaces__rosidl_generator_py.so" to ""
[1.721s] -- Up-to-date: /home/rc1/STrAduts/ConQU/Service_Learning/homework/install/lr_interfaces/share/lr_interfaces/srv/Climb.idl
[1.722s] -- Up-to-date: /home/rc1/STrAduts/ConQU/Service_Learning/homework/install/lr_interfaces/share/lr_interfaces/srv/Climb.srv
[1.722s] -- Up-to-date: /home/rc1/STrAduts/ConQU/Service_Learning/homework/install/lr_interfaces/share/lr_interfaces/srv/Climb_Request.msg
[1.722s] -- Up-to-date: /home/rc1/STrAduts/ConQU/Service_Learning/homework/install/lr_interfaces/share/lr_interfaces/srv/Climb_Response.msg
[1.722s] -- Up-to-date: /home/rc1/STrAduts/ConQU/Service_Learning/homework/install/lr_interfaces/share/ament_index/resource_index/package_run_dependencies/lr_interfaces
[1.722s] -- Up-to-date: /home/rc1/STrAduts/ConQU/Service_Learning/homework/install/lr_interfaces/share/ament_index/resource_index/parent_prefix_path/lr_interfaces
[1.722s] -- Installing: /home/rc1/STrAduts/ConQU/Service_Learning/homework/install/lr_interfaces/share/lr_interfaces/environment/ament_prefix_path.sh
[1.722s] -- Installing: /home/rc1/STrAduts/ConQU/Service_Learning/homework/install/lr_interfaces/share/lr_interfaces/environment/ament_prefix_path.dsv
[1.722s] -- Installing: /home/rc1/STrAduts/ConQU/Service_Learning/homework/install/lr_interfaces/share/lr_interfaces/environment/path.sh
[1.722s] -- Installing: /home/rc1/STrAduts/ConQU/Service_Learning/homework/install/lr_interfaces/share/lr_interfaces/environment/path.dsv
[1.722s] -- Up-to-date: /home/rc1/STrAduts/ConQU/Service_Learning/homework/install/lr_interfaces/share/lr_interfaces/local_setup.bash
[1.722s] -- Up-to-date: /home/rc1/STrAduts/ConQU/Service_Learning/homework/install/lr_interfaces/share/lr_interfaces/local_setup.sh
[1.723s] -- Up-to-date: /home/rc1/STrAduts/ConQU/Service_Learning/homework/install/lr_interfaces/share/lr_interfaces/local_setup.zsh
[1.723s] -- Installing: /home/rc1/STrAduts/ConQU/Service_Learning/homework/install/lr_interfaces/share/lr_interfaces/local_setup.dsv
[1.723s] -- Installing: /home/rc1/STrAduts/ConQU/Service_Learning/homework/install/lr_interfaces/share/lr_interfaces/package.dsv
[1.723s] -- Up-to-date: /home/rc1/STrAduts/ConQU/Service_Learning/homework/install/lr_interfaces/share/ament_index/resource_index/packages/lr_interfaces
[1.723s] -- Up-to-date: /home/rc1/STrAduts/ConQU/Service_Learning/homework/install/lr_interfaces/share/lr_interfaces/cmake/export_lr_interfaces__rosidl_generator_cExport.cmake
[1.723s] -- Up-to-date: /home/rc1/STrAduts/ConQU/Service_Learning/homework/install/lr_interfaces/share/lr_interfaces/cmake/export_lr_interfaces__rosidl_generator_cExport-noconfig.cmake
[1.723s] -- Up-to-date: /home/rc1/STrAduts/ConQU/Service_Learning/homework/install/lr_interfaces/share/lr_interfaces/cmake/export_lr_interfaces__rosidl_typesupport_fastrtps_cExport.cmake
[1.723s] -- Up-to-date: /home/rc1/STrAduts/ConQU/Service_Learning/homework/install/lr_interfaces/share/lr_interfaces/cmake/export_lr_interfaces__rosidl_typesupport_fastrtps_cExport-noconfig.cmake
[1.723s] -- Up-to-date: /home/rc1/STrAduts/ConQU/Service_Learning/homework/install/lr_interfaces/share/lr_interfaces/cmake/lr_interfaces__rosidl_typesupport_introspection_cExport.cmake
[1.723s] -- Up-to-date: /home/rc1/STrAduts/ConQU/Service_Learning/homework/install/lr_interfaces/share/lr_interfaces/cmake/lr_interfaces__rosidl_typesupport_introspection_cExport-noconfig.cmake
[1.723s] -- Up-to-date: /home/rc1/STrAduts/ConQU/Service_Learning/homework/install/lr_interfaces/share/lr_interfaces/cmake/lr_interfaces__rosidl_typesupport_cExport.cmake
[1.724s] -- Up-to-date: /home/rc1/STrAduts/ConQU/Service_Learning/homework/install/lr_interfaces/share/lr_interfaces/cmake/lr_interfaces__rosidl_typesupport_cExport-noconfig.cmake
[1.724s] -- Up-to-date: /home/rc1/STrAduts/ConQU/Service_Learning/homework/install/lr_interfaces/share/lr_interfaces/cmake/export_lr_interfaces__rosidl_generator_cppExport.cmake
[1.724s] -- Up-to-date: /home/rc1/STrAduts/ConQU/Service_Learning/homework/install/lr_interfaces/share/lr_interfaces/cmake/export_lr_interfaces__rosidl_typesupport_fastrtps_cppExport.cmake
[1.724s] -- Up-to-date: /home/rc1/STrAduts/ConQU/Service_Learning/homework/install/lr_interfaces/share/lr_interfaces/cmake/export_lr_interfaces__rosidl_typesupport_fastrtps_cppExport-noconfig.cmake
[1.724s] -- Up-to-date: /home/rc1/STrAduts/ConQU/Service_Learning/homework/install/lr_interfaces/share/lr_interfaces/cmake/lr_interfaces__rosidl_typesupport_introspection_cppExport.cmake
[1.724s] -- Up-to-date: /home/rc1/STrAduts/ConQU/Service_Learning/homework/install/lr_interfaces/share/lr_interfaces/cmake/lr_interfaces__rosidl_typesupport_introspection_cppExport-noconfig.cmake
[1.724s] -- Up-to-date: /home/rc1/STrAduts/ConQU/Service_Learning/homework/install/lr_interfaces/share/lr_interfaces/cmake/lr_interfaces__rosidl_typesupport_cppExport.cmake
[1.724s] -- Up-to-date: /home/rc1/STrAduts/ConQU/Service_Learning/homework/install/lr_interfaces/share/lr_interfaces/cmake/lr_interfaces__rosidl_typesupport_cppExport-noconfig.cmake
[1.724s] -- Up-to-date: /home/rc1/STrAduts/ConQU/Service_Learning/homework/install/lr_interfaces/share/lr_interfaces/cmake/export_lr_interfaces__rosidl_generator_pyExport.cmake
[1.724s] -- Up-to-date: /home/rc1/STrAduts/ConQU/Service_Learning/homework/install/lr_interfaces/share/lr_interfaces/cmake/export_lr_interfaces__rosidl_generator_pyExport-noconfig.cmake
[1.724s] -- Up-to-date: /home/rc1/STrAduts/ConQU/Service_Learning/homework/install/lr_interfaces/share/lr_interfaces/cmake/rosidl_cmake-extras.cmake
[1.724s] -- Up-to-date: /home/rc1/STrAduts/ConQU/Service_Learning/homework/install/lr_interfaces/share/lr_interfaces/cmake/ament_cmake_export_include_directories-extras.cmake
[1.725s] -- Up-to-date: /home/rc1/STrAduts/ConQU/Service_Learning/homework/install/lr_interfaces/share/lr_interfaces/cmake/ament_cmake_export_libraries-extras.cmake
[1.725s] -- Up-to-date: /home/rc1/STrAduts/ConQU/Service_Learning/homework/install/lr_interfaces/share/lr_interfaces/cmake/ament_cmake_export_targets-extras.cmake
[1.725s] -- Up-to-date: /home/rc1/STrAduts/ConQU/Service_Learning/homework/install/lr_interfaces/share/lr_interfaces/cmake/rosidl_cmake_export_typesupport_targets-extras.cmake
[1.725s] -- Up-to-date: /home/rc1/STrAduts/ConQU/Service_Learning/homework/install/lr_interfaces/share/lr_interfaces/cmake/ament_cmake_export_dependencies-extras.cmake
[1.725s] -- Up-to-date: /home/rc1/STrAduts/ConQU/Service_Learning/homework/install/lr_interfaces/share/lr_interfaces/cmake/rosidl_cmake_export_typesupport_libraries-extras.cmake
[1.725s] -- Up-to-date: /home/rc1/STrAduts/ConQU/Service_Learning/homework/install/lr_interfaces/share/lr_interfaces/cmake/lr_interfacesConfig.cmake
[1.725s] -- Up-to-date: /home/rc1/STrAduts/ConQU/Service_Learning/homework/install/lr_interfaces/share/lr_interfaces/cmake/lr_interfacesConfig-version.cmake
[1.725s] -- Up-to-date: /home/rc1/STrAduts/ConQU/Service_Learning/homework/install/lr_interfaces/share/lr_interfaces/package.xml
[1.726s] Invoked command in '/home/rc1/STrAduts/ConQU/Service_Learning/homework/build/lr_interfaces' returned '0': CMAKE_PREFIX_PATH=/opt/ros/humble /usr/bin/cmake --install /home/rc1/STrAduts/ConQU/Service_Learning/homework/build/lr_interfaces
