[0.008s] Invoking command in '/home/rc-005/STrAduts/ConQU/Topic_Learning/niluo/build/niluo_node_rclcpp': CMAKE_PREFIX_PATH=/opt/ros/humble /usr/bin/cmake --build /home/rc-005/STrAduts/ConQU/Topic_Learning/niluo/build/niluo_node_rclcpp -- -j8 -l8
[0.042s] [35m[1mConsolidate compiler generated dependencies of target niluo_node[0m
[0.058s] [ 50%] [32mBuilding CXX object CMakeFiles/niluo_node.dir/src/niluo_node.cpp.o[0m
[1.885s] [01m[K/home/rc-005/STrAduts/ConQU/Topic_Learning/niluo/src/niluo_node_rclcpp/src/niluo_node.cpp:[m[K In constructor ‘[01m[KNiluo_Node::Niluo_Node()[m[K’:
[1.885s] [01m[K/home/rc-005/STrAduts/ConQU/Topic_Learning/niluo/src/niluo_node_rclcpp/src/niluo_node.cpp:7:31:[m[K [01;31m[Kerror: [m[Kno matching function for call to ‘[01m[Krclcpp::Node::Node()[m[K’
[1.886s]     7 |         Niluo_Node () : Node ([01;31m[K)[m[K {
[1.886s]       |                               [01;31m[K^[m[K
[1.886s] In file included from [01m[K/opt/ros/humble/include/rclcpp/rclcpp/executors/single_threaded_executor.hpp:28[m[K,
[1.886s]                  from [01m[K/opt/ros/humble/include/rclcpp/rclcpp/executors.hpp:22[m[K,
[1.886s]                  from [01m[K/opt/ros/humble/include/rclcpp/rclcpp/rclcpp.hpp:155[m[K,
[1.886s]                  from [01m[K/home/rc-005/STrAduts/ConQU/Topic_Learning/niluo/src/niluo_node_rclcpp/src/niluo_node.cpp:1[m[K:
[1.886s] [01m[K/opt/ros/humble/include/rclcpp/rclcpp/node.hpp:1294:3:[m[K [01;36m[Knote: [m[Kcandidate: ‘[01m[Krclcpp::Node::Node(const rclcpp::Node&, const string&)[m[K’
[1.886s]  1294 |   [01;36m[KNode[m[K(
[1.886s]       |   [01;36m[K^~~~[m[K
[1.886s] [01m[K/opt/ros/humble/include/rclcpp/rclcpp/node.hpp:1294:3:[m[K [01;36m[Knote: [m[K  candidate expects 2 arguments, 0 provided
[1.886s] [01m[K/opt/ros/humble/include/rclcpp/rclcpp/node.hpp:101:12:[m[K [01;36m[Knote: [m[Kcandidate: ‘[01m[Krclcpp::Node::Node(const string&, const string&, const rclcpp::NodeOptions&)[m[K’
[1.886s]   101 |   explicit [01;36m[KNode[m[K(
[1.886s]       |            [01;36m[K^~~~[m[K
[1.886s] [01m[K/opt/ros/humble/include/rclcpp/rclcpp/node.hpp:101:12:[m[K [01;36m[Knote: [m[K  candidate expects 3 arguments, 0 provided
[1.886s] [01m[K/opt/ros/humble/include/rclcpp/rclcpp/node.hpp:89:12:[m[K [01;36m[Knote: [m[Kcandidate: ‘[01m[Krclcpp::Node::Node(const string&, const rclcpp::NodeOptions&)[m[K’
[1.886s]    89 |   explicit [01;36m[KNode[m[K(
[1.886s]       |            [01;36m[K^~~~[m[K
[1.886s] [01m[K/opt/ros/humble/include/rclcpp/rclcpp/node.hpp:89:12:[m[K [01;36m[Knote: [m[K  candidate expects 2 arguments, 0 provided
[2.288s] In file included from [01m[K/usr/include/x86_64-linux-gnu/c++/11/bits/c++allocator.h:33[m[K,
[2.288s]                  from [01m[K/usr/include/c++/11/bits/allocator.h:46[m[K,
[2.288s]                  from [01m[K/usr/include/c++/11/memory:64[m[K,
[2.288s]                  from [01m[K/opt/ros/humble/include/rclcpp/rclcpp/rclcpp.hpp:153[m[K,
[2.289s]                  from [01m[K/home/rc-005/STrAduts/ConQU/Topic_Learning/niluo/src/niluo_node_rclcpp/src/niluo_node.cpp:1[m[K:
[2.289s] /usr/include/c++/11/ext/new_allocator.h: In instantiation of ‘[01m[Kvoid __gnu_cxx::new_allocator<_Tp>::construct(_Up*, _Args&& ...) [with _Up = Niluo_Node; _Args = {const char (&)[11]}; _Tp = Niluo_Node][m[K’:
[2.289s] [01m[K/usr/include/c++/11/bits/alloc_traits.h:516:17:[m[K   required from ‘[01m[Kstatic void std::allocator_traits<std::allocator<_Tp1> >::construct(std::allocator_traits<std::allocator<_Tp1> >::allocator_type&, _Up*, _Args&& ...) [with _Up = Niluo_Node; _Args = {const char (&)[11]}; _Tp = Niluo_Node; std::allocator_traits<std::allocator<_Tp1> >::allocator_type = std::allocator<Niluo_Node>][m[K’
[2.289s] [01m[K/usr/include/c++/11/bits/shared_ptr_base.h:519:39:[m[K   required from ‘[01m[Kstd::_Sp_counted_ptr_inplace<_Tp, _Alloc, _Lp>::_Sp_counted_ptr_inplace(_Alloc, _Args&& ...) [with _Args = {const char (&)[11]}; _Tp = Niluo_Node; _Alloc = std::allocator<Niluo_Node>; __gnu_cxx::_Lock_policy _Lp = __gnu_cxx::_S_atomic][m[K’
[2.289s] [01m[K/usr/include/c++/11/bits/shared_ptr_base.h:650:16:[m[K   required from ‘[01m[Kstd::__shared_count<_Lp>::__shared_count(_Tp*&, std::_Sp_alloc_shared_tag<_Alloc>, _Args&& ...) [with _Tp = Niluo_Node; _Alloc = std::allocator<Niluo_Node>; _Args = {const char (&)[11]}; __gnu_cxx::_Lock_policy _Lp = __gnu_cxx::_S_atomic][m[K’
[2.289s] [01m[K/usr/include/c++/11/bits/shared_ptr_base.h:1342:14:[m[K   required from ‘[01m[Kstd::__shared_ptr<_Tp, _Lp>::__shared_ptr(std::_Sp_alloc_shared_tag<_Tp>, _Args&& ...) [with _Alloc = std::allocator<Niluo_Node>; _Args = {const char (&)[11]}; _Tp = Niluo_Node; __gnu_cxx::_Lock_policy _Lp = __gnu_cxx::_S_atomic][m[K’
[2.289s] [01m[K/usr/include/c++/11/bits/shared_ptr.h:409:59:[m[K   required from ‘[01m[Kstd::shared_ptr<_Tp>::shared_ptr(std::_Sp_alloc_shared_tag<_Tp>, _Args&& ...) [with _Alloc = std::allocator<Niluo_Node>; _Args = {const char (&)[11]}; _Tp = Niluo_Node][m[K’
[2.289s] [01m[K/usr/include/c++/11/bits/shared_ptr.h:862:14:[m[K   required from ‘[01m[Kstd::shared_ptr<_Tp> std::allocate_shared(const _Alloc&, _Args&& ...) [with _Tp = Niluo_Node; _Alloc = std::allocator<Niluo_Node>; _Args = {const char (&)[11]}][m[K’
[2.289s] [01m[K/usr/include/c++/11/bits/shared_ptr.h:878:39:[m[K   required from ‘[01m[Kstd::shared_ptr<_Tp> std::make_shared(_Args&& ...) [with _Tp = Niluo_Node; _Args = {const char (&)[11]}][m[K’
[2.289s] [01m[K/home/rc-005/STrAduts/ConQU/Topic_Learning/niluo/src/niluo_node_rclcpp/src/niluo_node.cpp:37:49:[m[K   required from here
[2.289s] [01m[K/usr/include/c++/11/ext/new_allocator.h:162:11:[m[K [01;31m[Kerror: [m[Kno matching function for call to ‘[01m[KNiluo_Node::Niluo_Node(const char [11])[m[K’
[2.289s]   162 |         { [01;31m[K::new((void *)__p) _Up(std::forward<_Args>(__args)...)[m[K; }
[2.289s]       |           [01;31m[K^~~~~~~~~~~~~~~~~~~~~~~~~~~~~~~~~~~~~~~~~~~~~~~~~~~~~~[m[K
[2.289s] [01m[K/home/rc-005/STrAduts/ConQU/Topic_Learning/niluo/src/niluo_node_rclcpp/src/niluo_node.cpp:7:9:[m[K [01;36m[Knote: [m[Kcandidate: ‘[01m[KNiluo_Node::Niluo_Node()[m[K’
[2.289s]     7 |         [01;36m[KNiluo_Node[m[K () : Node () {
[2.289s]       |         [01;36m[K^~~~~~~~~~[m[K
[2.289s] [01m[K/home/rc-005/STrAduts/ConQU/Topic_Learning/niluo/src/niluo_node_rclcpp/src/niluo_node.cpp:7:9:[m[K [01;36m[Knote: [m[K  candidate expects 0 arguments, 1 provided
[2.519s] gmake[2]: *** [CMakeFiles/niluo_node.dir/build.make:76: CMakeFiles/niluo_node.dir/src/niluo_node.cpp.o] Error 1
[2.519s] gmake[1]: *** [CMakeFiles/Makefile2:137: CMakeFiles/niluo_node.dir/all] Error 2
[2.519s] gmake: *** [Makefile:146: all] Error 2
[2.521s] Invoked command in '/home/rc-005/STrAduts/ConQU/Topic_Learning/niluo/build/niluo_node_rclcpp' returned '2': CMAKE_PREFIX_PATH=/opt/ros/humble /usr/bin/cmake --build /home/rc-005/STrAduts/ConQU/Topic_Learning/niluo/build/niluo_node_rclcpp -- -j8 -l8
