[0.008s] Invoking command in '/home/rc1/STrAduts/ConQU/Service_Learning/homework/build/lr_interfaces': CMAKE_PREFIX_PATH=/opt/ros/humble /usr/bin/cmake --build /home/rc1/STrAduts/ConQU/Service_Learning/homework/build/lr_interfaces -- -j8 -l8
[0.025s] -- Found ament_cmake: 1.3.12 (/opt/ros/humble/share/ament_cmake/cmake)
[0.115s] -- Found rosidl_default_generators: 1.2.0 (/opt/ros/humble/share/rosidl_default_generators/cmake)
[0.116s] -- Using all available rosidl_typesupport_c: rosidl_typesupport_fastrtps_c;rosidl_typesupport_introspection_c
[0.118s] -- Found rosidl_adapter: 3.1.7 (/opt/ros/humble/share/rosidl_adapter/cmake)
[0.137s] -- Using all available rosidl_typesupport_cpp: rosidl_typesupport_fastrtps_cpp;rosidl_typesupport_introspection_cpp
[0.325s] -- Found ament_cmake_ros: 0.10.0 (/opt/ros/humble/share/ament_cmake_ros/cmake)
[0.442s] -- Using all available rosidl_typesupport_c: rosidl_typesupport_fastrtps_c;rosidl_typesupport_introspection_c
[0.602s] -- Using all available rosidl_typesupport_cpp: rosidl_typesupport_fastrtps_cpp;rosidl_typesupport_introspection_cpp
[0.617s] -- Found python_cmake_module: 0.10.0 (/opt/ros/humble/share/python_cmake_module/cmake)
[0.633s] -- Using PYTHON_EXECUTABLE: /usr/bin/python3
[0.633s] -- Using PYTHON_INCLUDE_DIRS: /usr/include/python3.10
[0.633s] -- Using PYTHON_LIBRARIES: /usr/lib/x86_64-linux-gnu/libpython3.10.so
[0.639s] -- Found ament_lint_auto: 0.12.14 (/opt/ros/humble/share/ament_lint_auto/cmake)
[0.644s] -- Added test 'lint_cmake' to check CMake code style
[0.645s] -- Added test 'xmllint' to check XML markup files
[0.646s] -- Configuring done
[0.662s] -- Generating done
[0.670s] -- Build files have been written to: /home/rc1/STrAduts/ConQU/Service_Learning/homework/build/lr_interfaces
[0.685s] [35m[1mConsolidate compiler generated dependencies of target lr_interfaces__rosidl_generator_c[0m
[0.692s] [  3%] Built target lr_interfaces__cpp
[0.692s] [ 12%] Built target lr_interfaces__rosidl_generator_c
[0.703s] [ 12%] Built target ament_cmake_python_copy_lr_interfaces
[0.703s] [35m[1mConsolidate compiler generated dependencies of target lr_interfaces__rosidl_typesupport_cpp[0m
[0.704s] [35m[1mConsolidate compiler generated dependencies of target lr_interfaces__rosidl_typesupport_introspection_cpp[0m
[0.704s] [35m[1mConsolidate compiler generated dependencies of target lr_interfaces__rosidl_typesupport_fastrtps_c[0m
[0.704s] [35m[1mConsolidate compiler generated dependencies of target lr_interfaces__rosidl_typesupport_fastrtps_cpp[0m
[0.704s] [35m[1mConsolidate compiler generated dependencies of target lr_interfaces__rosidl_typesupport_c[0m
[0.704s] [35m[1mConsolidate compiler generated dependencies of target lr_interfaces__rosidl_typesupport_introspection_c[0m
[0.715s] [ 32%] Built target lr_interfaces__rosidl_typesupport_c
[0.715s] [ 32%] Built target lr_interfaces__rosidl_typesupport_introspection_cpp
[0.715s] [ 41%] Built target lr_interfaces__rosidl_typesupport_cpp
[0.715s] [ 67%] Built target lr_interfaces__rosidl_typesupport_introspection_c
[0.715s] [ 67%] Built target lr_interfaces__rosidl_typesupport_fastrtps_cpp
[0.715s] [ 70%] Built target lr_interfaces__rosidl_typesupport_fastrtps_c
[0.728s] [ 70%] Built target lr_interfaces
[0.742s] [ 74%] Built target lr_interfaces__py
[0.749s] [35m[1mConsolidate compiler generated dependencies of target lr_interfaces__rosidl_generator_py[0m
[0.757s] [ 80%] Built target lr_interfaces__rosidl_generator_py
[0.765s] [35m[1mConsolidate compiler generated dependencies of target lr_interfaces__rosidl_typesupport_c__pyext[0m
[0.765s] [35m[1mConsolidate compiler generated dependencies of target lr_interfaces__rosidl_typesupport_introspection_c__pyext[0m
[0.766s] [35m[1mConsolidate compiler generated dependencies of target lr_interfaces__rosidl_typesupport_fastrtps_c__pyext[0m
[0.774s] [ 87%] Built target lr_interfaces__rosidl_typesupport_introspection_c__pyext
[0.774s] [ 93%] Built target lr_interfaces__rosidl_typesupport_c__pyext
[0.778s] [100%] Built target lr_interfaces__rosidl_typesupport_fastrtps_c__pyext
[0.864s] running egg_info
[0.865s] writing lr_interfaces.egg-info/PKG-INFO
[0.865s] writing dependency_links to lr_interfaces.egg-info/dependency_links.txt
[0.865s] writing top-level names to lr_interfaces.egg-info/top_level.txt
[0.866s] reading manifest file 'lr_interfaces.egg-info/SOURCES.txt'
[0.867s] writing manifest file 'lr_interfaces.egg-info/SOURCES.txt'
[0.887s] [100%] Built target ament_cmake_python_build_lr_interfaces_egg
