[0.009s] Invoking command in '/home/rc-005/STrAduts/ConQU/Topic_Learning/niluo/build/niluo_node_rclcpp': CMAKE_PREFIX_PATH=/opt/ros/humble /usr/bin/cmake --build /home/rc-005/STrAduts/ConQU/Topic_Learning/niluo/build/niluo_node_rclcpp -- -j8 -l8
[0.042s] [35m[1mConsolidate compiler generated dependencies of target niluo_node[0m
[0.056s] [ 50%] [32mBuilding CXX object CMakeFiles/niluo_node.dir/src/niluo_node.cpp.o[0m
[6.627s] [100%] [32m[1mLinking CXX executable niluo_node[0m
[6.971s] [100%] Built target niluo_node
[6.980s] Invoked command in '/home/rc-005/STrAduts/ConQU/Topic_Learning/niluo/build/niluo_node_rclcpp' returned '0': CMAKE_PREFIX_PATH=/opt/ros/humble /usr/bin/cmake --build /home/rc-005/STrAduts/ConQU/Topic_Learning/niluo/build/niluo_node_rclcpp -- -j8 -l8
[6.987s] Invoking command in '/home/rc-005/STrAduts/ConQU/Topic_Learning/niluo/build/niluo_node_rclcpp': CMAKE_PREFIX_PATH=/opt/ros/humble /usr/bin/cmake --install /home/rc-005/STrAduts/ConQU/Topic_Learning/niluo/build/niluo_node_rclcpp
[6.993s] -- Install configuration: ""
[6.993s] -- Up-to-date: /home/rc-005/STrAduts/ConQU/Topic_Learning/niluo/install/niluo_node_rclcpp/share/ament_index/resource_index/package_run_dependencies/niluo_node_rclcpp
[6.994s] -- Up-to-date: /home/rc-005/STrAduts/ConQU/Topic_Learning/niluo/install/niluo_node_rclcpp/share/ament_index/resource_index/parent_prefix_path/niluo_node_rclcpp
[6.994s] -- Up-to-date: /home/rc-005/STrAduts/ConQU/Topic_Learning/niluo/install/niluo_node_rclcpp/share/niluo_node_rclcpp/environment/ament_prefix_path.sh
[6.994s] -- Up-to-date: /home/rc-005/STrAduts/ConQU/Topic_Learning/niluo/install/niluo_node_rclcpp/share/niluo_node_rclcpp/environment/ament_prefix_path.dsv
[6.994s] -- Up-to-date: /home/rc-005/STrAduts/ConQU/Topic_Learning/niluo/install/niluo_node_rclcpp/share/niluo_node_rclcpp/environment/path.sh
[6.994s] -- Up-to-date: /home/rc-005/STrAduts/ConQU/Topic_Learning/niluo/install/niluo_node_rclcpp/share/niluo_node_rclcpp/environment/path.dsv
[6.994s] -- Up-to-date: /home/rc-005/STrAduts/ConQU/Topic_Learning/niluo/install/niluo_node_rclcpp/share/niluo_node_rclcpp/local_setup.bash
[6.994s] -- Up-to-date: /home/rc-005/STrAduts/ConQU/Topic_Learning/niluo/install/niluo_node_rclcpp/share/niluo_node_rclcpp/local_setup.sh
[6.994s] -- Up-to-date: /home/rc-005/STrAduts/ConQU/Topic_Learning/niluo/install/niluo_node_rclcpp/share/niluo_node_rclcpp/local_setup.zsh
[6.994s] -- Up-to-date: /home/rc-005/STrAduts/ConQU/Topic_Learning/niluo/install/niluo_node_rclcpp/share/niluo_node_rclcpp/local_setup.dsv
[6.994s] -- Installing: /home/rc-005/STrAduts/ConQU/Topic_Learning/niluo/install/niluo_node_rclcpp/share/niluo_node_rclcpp/package.dsv
[6.994s] -- Up-to-date: /home/rc-005/STrAduts/ConQU/Topic_Learning/niluo/install/niluo_node_rclcpp/share/ament_index/resource_index/packages/niluo_node_rclcpp
[6.994s] -- Up-to-date: /home/rc-005/STrAduts/ConQU/Topic_Learning/niluo/install/niluo_node_rclcpp/share/niluo_node_rclcpp/cmake/niluo_node_rclcppConfig.cmake
[6.994s] -- Up-to-date: /home/rc-005/STrAduts/ConQU/Topic_Learning/niluo/install/niluo_node_rclcpp/share/niluo_node_rclcpp/cmake/niluo_node_rclcppConfig-version.cmake
[6.994s] -- Up-to-date: /home/rc-005/STrAduts/ConQU/Topic_Learning/niluo/install/niluo_node_rclcpp/share/niluo_node_rclcpp/package.xml
[6.995s] -- Installing: /home/rc-005/STrAduts/ConQU/Topic_Learning/niluo/install/niluo_node_rclcpp/lib/niluo_node_rclcpp/niluo_node
[6.996s] -- Set runtime path of "/home/rc-005/STrAduts/ConQU/Topic_Learning/niluo/install/niluo_node_rclcpp/lib/niluo_node_rclcpp/niluo_node" to ""
[6.997s] Invoked command in '/home/rc-005/STrAduts/ConQU/Topic_Learning/niluo/build/niluo_node_rclcpp' returned '0': CMAKE_PREFIX_PATH=/opt/ros/humble /usr/bin/cmake --install /home/rc-005/STrAduts/ConQU/Topic_Learning/niluo/build/niluo_node_rclcpp
