[35m[1mConsolidate compiler generated dependencies of target student_node[0m
[ 50%] [32mBuilding CXX object CMakeFiles/student_node.dir/src/student_node.cpp.o[0m
[100%] [32m[1mLinking CXX executable student_node[0m
[100%] Built target student_node
-- Install configuration: ""
-- Up-to-date: /home/rc1/STrAduts/ConQU/Topic_Learning/install/student_node_rclcpp/share/ament_index/resource_index/package_run_dependencies/student_node_rclcpp
-- Up-to-date: /home/rc1/STrAduts/ConQU/Topic_Learning/install/student_node_rclcpp/share/ament_index/resource_index/parent_prefix_path/student_node_rclcpp
-- Up-to-date: /home/rc1/STrAduts/ConQU/Topic_Learning/install/student_node_rclcpp/share/student_node_rclcpp/environment/ament_prefix_path.sh
-- Up-to-date: /home/rc1/STrAduts/ConQU/Topic_Learning/install/student_node_rclcpp/share/student_node_rclcpp/environment/ament_prefix_path.dsv
-- Up-to-date: /home/rc1/STrAduts/ConQU/Topic_Learning/install/student_node_rclcpp/share/student_node_rclcpp/environment/path.sh
-- Up-to-date: /home/rc1/STrAduts/ConQU/Topic_Learning/install/student_node_rclcpp/share/student_node_rclcpp/environment/path.dsv
-- Up-to-date: /home/rc1/STrAduts/ConQU/Topic_Learning/install/student_node_rclcpp/share/student_node_rclcpp/local_setup.bash
-- Up-to-date: /home/rc1/STrAduts/ConQU/Topic_Learning/install/student_node_rclcpp/share/student_node_rclcpp/local_setup.sh
-- Up-to-date: /home/rc1/STrAduts/ConQU/Topic_Learning/install/student_node_rclcpp/share/student_node_rclcpp/local_setup.zsh
-- Up-to-date: /home/rc1/STrAduts/ConQU/Topic_Learning/install/student_node_rclcpp/share/student_node_rclcpp/local_setup.dsv
-- Installing: /home/rc1/STrAduts/ConQU/Topic_Learning/install/student_node_rclcpp/share/student_node_rclcpp/package.dsv
-- Up-to-date: /home/rc1/STrAduts/ConQU/Topic_Learning/install/student_node_rclcpp/share/ament_index/resource_index/packages/student_node_rclcpp
-- Up-to-date: /home/rc1/STrAduts/ConQU/Topic_Learning/install/student_node_rclcpp/share/student_node_rclcpp/cmake/student_node_rclcppConfig.cmake
-- Up-to-date: /home/rc1/STrAduts/ConQU/Topic_Learning/install/student_node_rclcpp/share/student_node_rclcpp/cmake/student_node_rclcppConfig-version.cmake
-- Up-to-date: /home/rc1/STrAduts/ConQU/Topic_Learning/install/student_node_rclcpp/share/student_node_rclcpp/package.xml
-- Installing: /home/rc1/STrAduts/ConQU/Topic_Learning/install/student_node_rclcpp/lib/student_node_rclcpp/student_node
-- Set runtime path of "/home/rc1/STrAduts/ConQU/Topic_Learning/install/student_node_rclcpp/lib/student_node_rclcpp/student_node" to ""
