[0.009s] Invoking command in '/home/rc1/STrAduts/ConQU/Topic_Learning/build/niluo_node_rclcpp': CMAKE_PREFIX_PATH=${CMAKE_PREFIX_PATH}:/opt/ros/humble /usr/bin/cmake --build /home/rc1/STrAduts/ConQU/Topic_Learning/build/niluo_node_rclcpp -- -j8 -l8
[0.036s] [35m[1mConsolidate compiler generated dependencies of target niluo_node[0m
[0.048s] [100%] Built target niluo_node
[0.056s] Invoked command in '/home/rc1/STrAduts/ConQU/Topic_Learning/build/niluo_node_rclcpp' returned '0': CMAKE_PREFIX_PATH=${CMAKE_PREFIX_PATH}:/opt/ros/humble /usr/bin/cmake --build /home/rc1/STrAduts/ConQU/Topic_Learning/build/niluo_node_rclcpp -- -j8 -l8
[0.063s] Invoking command in '/home/rc1/STrAduts/ConQU/Topic_Learning/build/niluo_node_rclcpp': CMAKE_PREFIX_PATH=${CMAKE_PREFIX_PATH}:/opt/ros/humble /usr/bin/cmake --install /home/rc1/STrAduts/ConQU/Topic_Learning/build/niluo_node_rclcpp
[0.068s] -- Install configuration: ""
[0.068s] -- Up-to-date: /home/rc1/STrAduts/ConQU/Topic_Learning/install/niluo_node_rclcpp/share/ament_index/resource_index/package_run_dependencies/niluo_node_rclcpp
[0.068s] -- Up-to-date: /home/rc1/STrAduts/ConQU/Topic_Learning/install/niluo_node_rclcpp/share/ament_index/resource_index/parent_prefix_path/niluo_node_rclcpp
[0.068s] -- Up-to-date: /home/rc1/STrAduts/ConQU/Topic_Learning/install/niluo_node_rclcpp/share/niluo_node_rclcpp/environment/ament_prefix_path.sh
[0.068s] -- Up-to-date: /home/rc1/STrAduts/ConQU/Topic_Learning/install/niluo_node_rclcpp/share/niluo_node_rclcpp/environment/ament_prefix_path.dsv
[0.068s] -- Up-to-date: /home/rc1/STrAduts/ConQU/Topic_Learning/install/niluo_node_rclcpp/share/niluo_node_rclcpp/environment/path.sh
[0.068s] -- Up-to-date: /home/rc1/STrAduts/ConQU/Topic_Learning/install/niluo_node_rclcpp/share/niluo_node_rclcpp/environment/path.dsv
[0.068s] -- Up-to-date: /home/rc1/STrAduts/ConQU/Topic_Learning/install/niluo_node_rclcpp/share/niluo_node_rclcpp/local_setup.bash
[0.068s] -- Up-to-date: /home/rc1/STrAduts/ConQU/Topic_Learning/install/niluo_node_rclcpp/share/niluo_node_rclcpp/local_setup.sh
[0.068s] -- Up-to-date: /home/rc1/STrAduts/ConQU/Topic_Learning/install/niluo_node_rclcpp/share/niluo_node_rclcpp/local_setup.zsh
[0.068s] -- Up-to-date: /home/rc1/STrAduts/ConQU/Topic_Learning/install/niluo_node_rclcpp/share/niluo_node_rclcpp/local_setup.dsv
[0.068s] -- Installing: /home/rc1/STrAduts/ConQU/Topic_Learning/install/niluo_node_rclcpp/share/niluo_node_rclcpp/package.dsv
[0.068s] -- Up-to-date: /home/rc1/STrAduts/ConQU/Topic_Learning/install/niluo_node_rclcpp/share/ament_index/resource_index/packages/niluo_node_rclcpp
[0.068s] -- Up-to-date: /home/rc1/STrAduts/ConQU/Topic_Learning/install/niluo_node_rclcpp/share/niluo_node_rclcpp/cmake/niluo_node_rclcppConfig.cmake
[0.069s] -- Up-to-date: /home/rc1/STrAduts/ConQU/Topic_Learning/install/niluo_node_rclcpp/share/niluo_node_rclcpp/cmake/niluo_node_rclcppConfig-version.cmake
[0.069s] -- Up-to-date: /home/rc1/STrAduts/ConQU/Topic_Learning/install/niluo_node_rclcpp/share/niluo_node_rclcpp/package.xml
[0.069s] -- Up-to-date: /home/rc1/STrAduts/ConQU/Topic_Learning/install/niluo_node_rclcpp/lib/niluo_node_rclcpp/niluo_node
[0.070s] Invoked command in '/home/rc1/STrAduts/ConQU/Topic_Learning/build/niluo_node_rclcpp' returned '0': CMAKE_PREFIX_PATH=${CMAKE_PREFIX_PATH}:/opt/ros/humble /usr/bin/cmake --install /home/rc1/STrAduts/ConQU/Topic_Learning/build/niluo_node_rclcpp
