[0.006s] Invoking command in '/home/rc1/STrAduts/ConQU/Topic_Learning/build/student_node_rclcpp': CMAKE_PREFIX_PATH=${CMAKE_PREFIX_PATH}:/opt/ros/humble /usr/bin/cmake /home/rc1/STrAduts/ConQU/Topic_Learning/student/src/student_node_rclcpp -DCMAKE_INSTALL_PREFIX=/home/rc1/STrAduts/ConQU/Topic_Learning/install/student_node_rclcpp
[0.041s] -- The C compiler identification is GNU 11.4.0
[0.080s] -- The CXX compiler identification is GNU 11.4.0
[0.085s] -- Detecting C compiler ABI info
[0.131s] -- Detecting C compiler ABI info - done
[0.139s] -- Check for working C compiler: /usr/bin/cc - skipped
[0.139s] -- Detecting C compile features
[0.140s] -- Detecting C compile features - done
[0.142s] -- Detecting CXX compiler ABI info
[0.198s] -- Detecting CXX compiler ABI info - done
[0.203s] -- Check for working CXX compiler: /usr/bin/c++ - skipped
[0.204s] -- Detecting CXX compile features
[0.204s] -- Detecting CXX compile features - done
[0.205s] -- Found ament_cmake: 1.3.12 (/opt/ros/humble/share/ament_cmake/cmake)
[0.311s] -- Found Python3: /usr/bin/python3 (found version "3.10.12") found components: Interpreter 
[0.375s] -- Found rclcpp: 16.0.15 (/opt/ros/humble/share/rclcpp/cmake)
[0.400s] -- Found rosidl_generator_c: 3.1.7 (/opt/ros/humble/share/rosidl_generator_c/cmake)
[0.404s] -- Found rosidl_adapter: 3.1.7 (/opt/ros/humble/share/rosidl_adapter/cmake)
[0.409s] -- Found rosidl_generator_cpp: 3.1.7 (/opt/ros/humble/share/rosidl_generator_cpp/cmake)
[0.416s] -- Using all available rosidl_typesupport_c: rosidl_typesupport_fastrtps_c;rosidl_typesupport_introspection_c
[0.427s] -- Using all available rosidl_typesupport_cpp: rosidl_typesupport_fastrtps_cpp;rosidl_typesupport_introspection_cpp
[0.454s] -- Found rmw_implementation_cmake: 6.1.2 (/opt/ros/humble/share/rmw_implementation_cmake/cmake)
[0.455s] -- Found rmw_fastrtps_cpp: 6.2.9 (/opt/ros/humble/share/rmw_fastrtps_cpp/cmake)
[0.509s] -- Found OpenSSL: /usr/lib/x86_64-linux-gnu/libcrypto.so (found version "3.0.2")  
[0.527s] -- Found FastRTPS: /opt/ros/humble/include  
[0.563s] -- Using RMW implementation 'rmw_fastrtps_cpp' as default
[0.568s] -- Looking for pthread.h
[0.617s] -- Looking for pthread.h - found
[0.618s] -- Performing Test CMAKE_HAVE_LIBC_PTHREAD
[0.667s] -- Performing Test CMAKE_HAVE_LIBC_PTHREAD - Success
[0.668s] -- Found Threads: TRUE  
[0.703s] -- Found ament_lint_auto: 0.12.14 (/opt/ros/humble/share/ament_lint_auto/cmake)
[0.758s] -- Added test 'cppcheck' to perform static code analysis on C / C++ code
[0.758s] -- Configured cppcheck include dirs: 
[0.758s] -- Configured cppcheck exclude dirs and/or files: 
[0.759s] -- Added test 'lint_cmake' to check CMake code style
[0.759s] -- Added test 'uncrustify' to check C / C++ code style
[0.759s] -- Configured uncrustify additional arguments: 
[0.760s] -- Added test 'xmllint' to check XML markup files
[0.761s] -- Configuring done
[0.767s] -- Generating done
[0.770s] -- Build files have been written to: /home/rc1/STrAduts/ConQU/Topic_Learning/build/student_node_rclcpp
[0.777s] Invoked command in '/home/rc1/STrAduts/ConQU/Topic_Learning/build/student_node_rclcpp' returned '0': CMAKE_PREFIX_PATH=${CMAKE_PREFIX_PATH}:/opt/ros/humble /usr/bin/cmake /home/rc1/STrAduts/ConQU/Topic_Learning/student/src/student_node_rclcpp -DCMAKE_INSTALL_PREFIX=/home/rc1/STrAduts/ConQU/Topic_Learning/install/student_node_rclcpp
[0.778s] Invoking command in '/home/rc1/STrAduts/ConQU/Topic_Learning/build/student_node_rclcpp': CMAKE_PREFIX_PATH=${CMAKE_PREFIX_PATH}:/opt/ros/humble /usr/bin/cmake --build /home/rc1/STrAduts/ConQU/Topic_Learning/build/student_node_rclcpp -- -j8 -l8
[0.811s] [ 50%] [32mBuilding CXX object CMakeFiles/student_node.dir/src/student_node.cpp.o[0m
[2.485s] [01m[K/home/rc1/STrAduts/ConQU/Topic_Learning/student/src/student_node_rclcpp/src/student_node.cpp:[m[K In member function ‘[01m[Kvoid Student_Node::receive_callback(std_msgs::msg::String_<std::allocator<void> >::SharedPtr)[m[K’:
[2.485s] [01m[K/home/rc1/STrAduts/ConQU/Topic_Learning/student/src/student_node_rclcpp/src/student_node.cpp:42:77:[m[K [01;35m[Kwarning: [m[Kunused parameter ‘[01m[Kmsg[m[K’ [[01;35m[K]8;;https://gcc.gnu.org/onlinedocs/gcc/Warning-Options.html#index-Wunused-parameter-Wunused-parameter]8;;[m[K]
[2.485s]    42 | e_callback ([01;35m[Kconst std_msgs :: msg :: String :: SharedPtr msg[m[K) {
[2.485s]       |             [01;35m[K~~~~~~~~~~~~~~~~~~~~~~~~~~~~~~~~~~~~~~~~~~~~~^~~[m[K
[2.485s] 
[6.892s] [100%] [32m[1mLinking CXX executable student_node[0m
[7.216s] [100%] Built target student_node
[7.224s] Invoked command in '/home/rc1/STrAduts/ConQU/Topic_Learning/build/student_node_rclcpp' returned '0': CMAKE_PREFIX_PATH=${CMAKE_PREFIX_PATH}:/opt/ros/humble /usr/bin/cmake --build /home/rc1/STrAduts/ConQU/Topic_Learning/build/student_node_rclcpp -- -j8 -l8
[7.225s] Invoking command in '/home/rc1/STrAduts/ConQU/Topic_Learning/build/student_node_rclcpp': CMAKE_PREFIX_PATH=${CMAKE_PREFIX_PATH}:/opt/ros/humble /usr/bin/cmake --install /home/rc1/STrAduts/ConQU/Topic_Learning/build/student_node_rclcpp
[7.229s] -- Install configuration: ""
[7.230s] -- Installing: /home/rc1/STrAduts/ConQU/Topic_Learning/install/student_node_rclcpp/share/ament_index/resource_index/package_run_dependencies/student_node_rclcpp
[7.230s] -- Installing: /home/rc1/STrAduts/ConQU/Topic_Learning/install/student_node_rclcpp/share/ament_index/resource_index/parent_prefix_path/student_node_rclcpp
[7.230s] -- Installing: /home/rc1/STrAduts/ConQU/Topic_Learning/install/student_node_rclcpp/share/student_node_rclcpp/environment/ament_prefix_path.sh
[7.230s] -- Installing: /home/rc1/STrAduts/ConQU/Topic_Learning/install/student_node_rclcpp/share/student_node_rclcpp/environment/ament_prefix_path.dsv
[7.230s] -- Installing: /home/rc1/STrAduts/ConQU/Topic_Learning/install/student_node_rclcpp/share/student_node_rclcpp/environment/path.sh
[7.230s] -- Installing: /home/rc1/STrAduts/ConQU/Topic_Learning/install/student_node_rclcpp/share/student_node_rclcpp/environment/path.dsv
[7.230s] -- Installing: /home/rc1/STrAduts/ConQU/Topic_Learning/install/student_node_rclcpp/share/student_node_rclcpp/local_setup.bash
[7.230s] -- Installing: /home/rc1/STrAduts/ConQU/Topic_Learning/install/student_node_rclcpp/share/student_node_rclcpp/local_setup.sh
[7.230s] -- Installing: /home/rc1/STrAduts/ConQU/Topic_Learning/install/student_node_rclcpp/share/student_node_rclcpp/local_setup.zsh
[7.230s] -- Installing: /home/rc1/STrAduts/ConQU/Topic_Learning/install/student_node_rclcpp/share/student_node_rclcpp/local_setup.dsv
[7.230s] -- Installing: /home/rc1/STrAduts/ConQU/Topic_Learning/install/student_node_rclcpp/share/student_node_rclcpp/package.dsv
[7.231s] -- Installing: /home/rc1/STrAduts/ConQU/Topic_Learning/install/student_node_rclcpp/share/ament_index/resource_index/packages/student_node_rclcpp
[7.231s] -- Installing: /home/rc1/STrAduts/ConQU/Topic_Learning/install/student_node_rclcpp/share/student_node_rclcpp/cmake/student_node_rclcppConfig.cmake
[7.231s] -- Installing: /home/rc1/STrAduts/ConQU/Topic_Learning/install/student_node_rclcpp/share/student_node_rclcpp/cmake/student_node_rclcppConfig-version.cmake
[7.231s] -- Installing: /home/rc1/STrAduts/ConQU/Topic_Learning/install/student_node_rclcpp/share/student_node_rclcpp/package.xml
[7.231s] -- Installing: /home/rc1/STrAduts/ConQU/Topic_Learning/install/student_node_rclcpp/lib/student_node_rclcpp/student_node
[7.233s] -- Set runtime path of "/home/rc1/STrAduts/ConQU/Topic_Learning/install/student_node_rclcpp/lib/student_node_rclcpp/student_node" to ""
[7.234s] Invoked command in '/home/rc1/STrAduts/ConQU/Topic_Learning/build/student_node_rclcpp' returned '0': CMAKE_PREFIX_PATH=${CMAKE_PREFIX_PATH}:/opt/ros/humble /usr/bin/cmake --install /home/rc1/STrAduts/ConQU/Topic_Learning/build/student_node_rclcpp
