[0.006s] Invoking command in '/home/rc1/STrAduts/ConQU/Service_Learning/homework/build/morihuoshan': CMAKE_PREFIX_PATH=${CMAKE_PREFIX_PATH}:/opt/ros/humble /usr/bin/cmake --build /home/rc1/STrAduts/ConQU/Service_Learning/homework/build/morihuoshan -- -j8 -l8
[0.036s] [35m[1mConsolidate compiler generated dependencies of target car_client[0m
[0.036s] [35m[1mConsolidate compiler generated dependencies of target car_service[0m
[0.047s] [ 50%] Built target car_client
[0.048s] [100%] Built target car_service
[0.056s] Invoked command in '/home/rc1/STrAduts/ConQU/Service_Learning/homework/build/morihuoshan' returned '0': CMAKE_PREFIX_PATH=${CMAKE_PREFIX_PATH}:/opt/ros/humble /usr/bin/cmake --build /home/rc1/STrAduts/ConQU/Service_Learning/homework/build/morihuoshan -- -j8 -l8
[0.063s] Invoking command in '/home/rc1/STrAduts/ConQU/Service_Learning/homework/build/morihuoshan': CMAKE_PREFIX_PATH=${CMAKE_PREFIX_PATH}:/opt/ros/humble /usr/bin/cmake --install /home/rc1/STrAduts/ConQU/Service_Learning/homework/build/morihuoshan
[0.068s] -- Install configuration: ""
[0.068s] -- Up-to-date: /home/rc1/STrAduts/ConQU/Service_Learning/homework/install/morihuoshan/lib/morihuoshan/car_service
[0.068s] -- Up-to-date: /home/rc1/STrAduts/ConQU/Service_Learning/homework/install/morihuoshan/lib/morihuoshan/car_client
[0.068s] -- Up-to-date: /home/rc1/STrAduts/ConQU/Service_Learning/homework/install/morihuoshan/share/ament_index/resource_index/package_run_dependencies/morihuoshan
[0.068s] -- Up-to-date: /home/rc1/STrAduts/ConQU/Service_Learning/homework/install/morihuoshan/share/ament_index/resource_index/parent_prefix_path/morihuoshan
[0.068s] -- Up-to-date: /home/rc1/STrAduts/ConQU/Service_Learning/homework/install/morihuoshan/share/morihuoshan/environment/ament_prefix_path.sh
[0.069s] -- Up-to-date: /home/rc1/STrAduts/ConQU/Service_Learning/homework/install/morihuoshan/share/morihuoshan/environment/ament_prefix_path.dsv
[0.069s] -- Up-to-date: /home/rc1/STrAduts/ConQU/Service_Learning/homework/install/morihuoshan/share/morihuoshan/environment/path.sh
[0.069s] -- Up-to-date: /home/rc1/STrAduts/ConQU/Service_Learning/homework/install/morihuoshan/share/morihuoshan/environment/path.dsv
[0.069s] -- Up-to-date: /home/rc1/STrAduts/ConQU/Service_Learning/homework/install/morihuoshan/share/morihuoshan/local_setup.bash
[0.069s] -- Up-to-date: /home/rc1/STrAduts/ConQU/Service_Learning/homework/install/morihuoshan/share/morihuoshan/local_setup.sh
[0.069s] -- Up-to-date: /home/rc1/STrAduts/ConQU/Service_Learning/homework/install/morihuoshan/share/morihuoshan/local_setup.zsh
[0.069s] -- Up-to-date: /home/rc1/STrAduts/ConQU/Service_Learning/homework/install/morihuoshan/share/morihuoshan/local_setup.dsv
[0.069s] -- Installing: /home/rc1/STrAduts/ConQU/Service_Learning/homework/install/morihuoshan/share/morihuoshan/package.dsv
[0.069s] -- Up-to-date: /home/rc1/STrAduts/ConQU/Service_Learning/homework/install/morihuoshan/share/ament_index/resource_index/packages/morihuoshan
[0.069s] -- Up-to-date: /home/rc1/STrAduts/ConQU/Service_Learning/homework/install/morihuoshan/share/morihuoshan/cmake/morihuoshanConfig.cmake
[0.069s] -- Up-to-date: /home/rc1/STrAduts/ConQU/Service_Learning/homework/install/morihuoshan/share/morihuoshan/cmake/morihuoshanConfig-version.cmake
[0.069s] -- Up-to-date: /home/rc1/STrAduts/ConQU/Service_Learning/homework/install/morihuoshan/share/morihuoshan/package.xml
[0.070s] Invoked command in '/home/rc1/STrAduts/ConQU/Service_Learning/homework/build/morihuoshan' returned '0': CMAKE_PREFIX_PATH=${CMAKE_PREFIX_PATH}:/opt/ros/humble /usr/bin/cmake --install /home/rc1/STrAduts/ConQU/Service_Learning/homework/build/morihuoshan
