[  9%] Built target lr_interfaces__rosidl_generator_c
[ 12%] Built target lr_interfaces__cpp
[ 12%] Built target ament_cmake_python_copy_lr_interfaces
[ 22%] Built target lr_interfaces__rosidl_typesupport_c
[ 32%] Built target lr_interfaces__rosidl_typesupport_introspection_c
[ 41%] Built target lr_interfaces__rosidl_typesupport_fastrtps_cpp
[ 61%] Built target lr_interfaces__rosidl_typesupport_fastrtps_c
[ 61%] Built target lr_interfaces__rosidl_typesupport_cpp
[ 70%] Built target lr_interfaces__rosidl_typesupport_introspection_cpp
[ 70%] Built target lr_interfaces
[ 74%] Built target lr_interfaces__py
[ 80%] Built target lr_interfaces__rosidl_generator_py
[100%] Built target lr_interfaces__rosidl_typesupport_introspection_c__pyext
[100%] Built target lr_interfaces__rosidl_typesupport_c__pyext
[100%] Built target lr_interfaces__rosidl_typesupport_fastrtps_c__pyext
running egg_info
writing lr_interfaces.egg-info/PKG-INFO
writing dependency_links to lr_interfaces.egg-info/dependency_links.txt
writing top-level names to lr_interfaces.egg-info/top_level.txt
reading manifest file 'lr_interfaces.egg-info/SOURCES.txt'
writing manifest file 'lr_interfaces.egg-info/SOURCES.txt'
[100%] Built target ament_cmake_python_build_lr_interfaces_egg
-- Install configuration: ""
-- Up-to-date: /home/rc1/STrAduts/ConQU/Service_Learning/homework/install/lr_interfaces/share/ament_index/resource_index/rosidl_interfaces/lr_interfaces
-- Up-to-date: /home/rc1/STrAduts/ConQU/Service_Learning/homework/install/lr_interfaces/include/lr_interfaces/lr_interfaces
-- Up-to-date: /home/rc1/STrAduts/ConQU/Service_Learning/homework/install/lr_interfaces/include/lr_interfaces/lr_interfaces/msg
-- Up-to-date: /home/rc1/STrAduts/ConQU/Service_Learning/homework/install/lr_interfaces/include/lr_interfaces/lr_interfaces/msg/rosidl_generator_c__visibility_control.h
-- Up-to-date: /home/rc1/STrAduts/ConQU/Service_Learning/homework/install/lr_interfaces/include/lr_interfaces/lr_interfaces/srv
-- Up-to-date: /home/rc1/STrAduts/ConQU/Service_Learning/homework/install/lr_interfaces/include/lr_interfaces/lr_interfaces/srv/detail
-- Up-to-date: /home/rc1/STrAduts/ConQU/Service_Learning/homework/install/lr_interfaces/include/lr_interfaces/lr_interfaces/srv/detail/climb__functions.c
-- Up-to-date: /home/rc1/STrAduts/ConQU/Service_Learning/homework/install/lr_interfaces/include/lr_interfaces/lr_interfaces/srv/detail/climb__struct.h
-- Up-to-date: /home/rc1/STrAduts/ConQU/Service_Learning/homework/install/lr_interfaces/include/lr_interfaces/lr_interfaces/srv/detail/climb__type_support.h
-- Up-to-date: /home/rc1/STrAduts/ConQU/Service_Learning/homework/install/lr_interfaces/include/lr_interfaces/lr_interfaces/srv/detail/climb__functions.h
-- Up-to-date: /home/rc1/STrAduts/ConQU/Service_Learning/homework/install/lr_interfaces/include/lr_interfaces/lr_interfaces/srv/climb.h
-- Up-to-date: /home/rc1/STrAduts/ConQU/Service_Learning/homework/install/lr_interfaces/share/lr_interfaces/environment/library_path.sh
-- Up-to-date: /home/rc1/STrAduts/ConQU/Service_Learning/homework/install/lr_interfaces/share/lr_interfaces/environment/library_path.dsv
-- Up-to-date: /home/rc1/STrAduts/ConQU/Service_Learning/homework/install/lr_interfaces/lib/liblr_interfaces__rosidl_generator_c.so
-- Up-to-date: /home/rc1/STrAduts/ConQU/Service_Learning/homework/install/lr_interfaces/include/lr_interfaces/lr_interfaces
-- Up-to-date: /home/rc1/STrAduts/ConQU/Service_Learning/homework/install/lr_interfaces/include/lr_interfaces/lr_interfaces/msg
-- Up-to-date: /home/rc1/STrAduts/ConQU/Service_Learning/homework/install/lr_interfaces/include/lr_interfaces/lr_interfaces/msg/rosidl_typesupport_fastrtps_c__visibility_control.h
-- Up-to-date: /home/rc1/STrAduts/ConQU/Service_Learning/homework/install/lr_interfaces/include/lr_interfaces/lr_interfaces/srv
-- Up-to-date: /home/rc1/STrAduts/ConQU/Service_Learning/homework/install/lr_interfaces/include/lr_interfaces/lr_interfaces/srv/detail
-- Up-to-date: /home/rc1/STrAduts/ConQU/Service_Learning/homework/install/lr_interfaces/include/lr_interfaces/lr_interfaces/srv/detail/climb__rosidl_typesupport_fastrtps_c.h
-- Up-to-date: /home/rc1/STrAduts/ConQU/Service_Learning/homework/install/lr_interfaces/lib/liblr_interfaces__rosidl_typesupport_fastrtps_c.so
-- Up-to-date: /home/rc1/STrAduts/ConQU/Service_Learning/homework/install/lr_interfaces/include/lr_interfaces/lr_interfaces
-- Up-to-date: /home/rc1/STrAduts/ConQU/Service_Learning/homework/install/lr_interfaces/include/lr_interfaces/lr_interfaces/msg
-- Up-to-date: /home/rc1/STrAduts/ConQU/Service_Learning/homework/install/lr_interfaces/include/lr_interfaces/lr_interfaces/msg/rosidl_typesupport_introspection_c__visibility_control.h
-- Up-to-date: /home/rc1/STrAduts/ConQU/Service_Learning/homework/install/lr_interfaces/include/lr_interfaces/lr_interfaces/srv
-- Up-to-date: /home/rc1/STrAduts/ConQU/Service_Learning/homework/install/lr_interfaces/include/lr_interfaces/lr_interfaces/srv/detail
-- Up-to-date: /home/rc1/STrAduts/ConQU/Service_Learning/homework/install/lr_interfaces/include/lr_interfaces/lr_interfaces/srv/detail/climb__type_support.c
-- Up-to-date: /home/rc1/STrAduts/ConQU/Service_Learning/homework/install/lr_interfaces/include/lr_interfaces/lr_interfaces/srv/detail/climb__rosidl_typesupport_introspection_c.h
-- Up-to-date: /home/rc1/STrAduts/ConQU/Service_Learning/homework/install/lr_interfaces/lib/liblr_interfaces__rosidl_typesupport_introspection_c.so
-- Up-to-date: /home/rc1/STrAduts/ConQU/Service_Learning/homework/install/lr_interfaces/lib/liblr_interfaces__rosidl_typesupport_c.so
-- Up-to-date: /home/rc1/STrAduts/ConQU/Service_Learning/homework/install/lr_interfaces/include/lr_interfaces/lr_interfaces
-- Up-to-date: /home/rc1/STrAduts/ConQU/Service_Learning/homework/install/lr_interfaces/include/lr_interfaces/lr_interfaces/msg
-- Up-to-date: /home/rc1/STrAduts/ConQU/Service_Learning/homework/install/lr_interfaces/include/lr_interfaces/lr_interfaces/msg/rosidl_generator_cpp__visibility_control.hpp
-- Up-to-date: /home/rc1/STrAduts/ConQU/Service_Learning/homework/install/lr_interfaces/include/lr_interfaces/lr_interfaces/srv
-- Up-to-date: /home/rc1/STrAduts/ConQU/Service_Learning/homework/install/lr_interfaces/include/lr_interfaces/lr_interfaces/srv/climb.hpp
-- Up-to-date: /home/rc1/STrAduts/ConQU/Service_Learning/homework/install/lr_interfaces/include/lr_interfaces/lr_interfaces/srv/detail
-- Up-to-date: /home/rc1/STrAduts/ConQU/Service_Learning/homework/install/lr_interfaces/include/lr_interfaces/lr_interfaces/srv/detail/climb__struct.hpp
-- Up-to-date: /home/rc1/STrAduts/ConQU/Service_Learning/homework/install/lr_interfaces/include/lr_interfaces/lr_interfaces/srv/detail/climb__builder.hpp
-- Up-to-date: /home/rc1/STrAduts/ConQU/Service_Learning/homework/install/lr_interfaces/include/lr_interfaces/lr_interfaces/srv/detail/climb__type_support.hpp
-- Up-to-date: /home/rc1/STrAduts/ConQU/Service_Learning/homework/install/lr_interfaces/include/lr_interfaces/lr_interfaces/srv/detail/climb__traits.hpp
-- Up-to-date: /home/rc1/STrAduts/ConQU/Service_Learning/homework/install/lr_interfaces/include/lr_interfaces/lr_interfaces
-- Up-to-date: /home/rc1/STrAduts/ConQU/Service_Learning/homework/install/lr_interfaces/include/lr_interfaces/lr_interfaces/msg
-- Up-to-date: /home/rc1/STrAduts/ConQU/Service_Learning/homework/install/lr_interfaces/include/lr_interfaces/lr_interfaces/msg/rosidl_typesupport_fastrtps_cpp__visibility_control.h
-- Up-to-date: /home/rc1/STrAduts/ConQU/Service_Learning/homework/install/lr_interfaces/include/lr_interfaces/lr_interfaces/srv
-- Up-to-date: /home/rc1/STrAduts/ConQU/Service_Learning/homework/install/lr_interfaces/include/lr_interfaces/lr_interfaces/srv/detail
-- Up-to-date: /home/rc1/STrAduts/ConQU/Service_Learning/homework/install/lr_interfaces/include/lr_interfaces/lr_interfaces/srv/detail/climb__rosidl_typesupport_fastrtps_cpp.hpp
-- Up-to-date: /home/rc1/STrAduts/ConQU/Service_Learning/homework/install/lr_interfaces/include/lr_interfaces/lr_interfaces/srv/detail/dds_fastrtps
-- Up-to-date: /home/rc1/STrAduts/ConQU/Service_Learning/homework/install/lr_interfaces/lib/liblr_interfaces__rosidl_typesupport_fastrtps_cpp.so
-- Up-to-date: /home/rc1/STrAduts/ConQU/Service_Learning/homework/install/lr_interfaces/include/lr_interfaces/lr_interfaces
-- Up-to-date: /home/rc1/STrAduts/ConQU/Service_Learning/homework/install/lr_interfaces/include/lr_interfaces/lr_interfaces/srv
-- Up-to-date: /home/rc1/STrAduts/ConQU/Service_Learning/homework/install/lr_interfaces/include/lr_interfaces/lr_interfaces/srv/detail
-- Up-to-date: /home/rc1/STrAduts/ConQU/Service_Learning/homework/install/lr_interfaces/include/lr_interfaces/lr_interfaces/srv/detail/climb__rosidl_typesupport_introspection_cpp.hpp
-- Up-to-date: /home/rc1/STrAduts/ConQU/Service_Learning/homework/install/lr_interfaces/include/lr_interfaces/lr_interfaces/srv/detail/climb__type_support.cpp
-- Up-to-date: /home/rc1/STrAduts/ConQU/Service_Learning/homework/install/lr_interfaces/lib/liblr_interfaces__rosidl_typesupport_introspection_cpp.so
-- Up-to-date: /home/rc1/STrAduts/ConQU/Service_Learning/homework/install/lr_interfaces/lib/liblr_interfaces__rosidl_typesupport_cpp.so
-- Up-to-date: /home/rc1/STrAduts/ConQU/Service_Learning/homework/install/lr_interfaces/share/lr_interfaces/environment/pythonpath.sh
-- Up-to-date: /home/rc1/STrAduts/ConQU/Service_Learning/homework/install/lr_interfaces/share/lr_interfaces/environment/pythonpath.dsv
-- Up-to-date: /home/rc1/STrAduts/ConQU/Service_Learning/homework/install/lr_interfaces/local/lib/python3.10/dist-packages/lr_interfaces-0.0.0-py3.10.egg-info
-- Installing: /home/rc1/STrAduts/ConQU/Service_Learning/homework/install/lr_interfaces/local/lib/python3.10/dist-packages/lr_interfaces-0.0.0-py3.10.egg-info/PKG-INFO
-- Installing: /home/rc1/STrAduts/ConQU/Service_Learning/homework/install/lr_interfaces/local/lib/python3.10/dist-packages/lr_interfaces-0.0.0-py3.10.egg-info/top_level.txt
-- Installing: /home/rc1/STrAduts/ConQU/Service_Learning/homework/install/lr_interfaces/local/lib/python3.10/dist-packages/lr_interfaces-0.0.0-py3.10.egg-info/dependency_links.txt
-- Installing: /home/rc1/STrAduts/ConQU/Service_Learning/homework/install/lr_interfaces/local/lib/python3.10/dist-packages/lr_interfaces-0.0.0-py3.10.egg-info/SOURCES.txt
-- Up-to-date: /home/rc1/STrAduts/ConQU/Service_Learning/homework/install/lr_interfaces/local/lib/python3.10/dist-packages/lr_interfaces
-- Up-to-date: /home/rc1/STrAduts/ConQU/Service_Learning/homework/install/lr_interfaces/local/lib/python3.10/dist-packages/lr_interfaces/liblr_interfaces__rosidl_generator_py.so
-- Up-to-date: /home/rc1/STrAduts/ConQU/Service_Learning/homework/install/lr_interfaces/local/lib/python3.10/dist-packages/lr_interfaces/_lr_interfaces_s.ep.rosidl_typesupport_introspection_c.c
-- Up-to-date: /home/rc1/STrAduts/ConQU/Service_Learning/homework/install/lr_interfaces/local/lib/python3.10/dist-packages/lr_interfaces/__init__.py
-- Up-to-date: /home/rc1/STrAduts/ConQU/Service_Learning/homework/install/lr_interfaces/local/lib/python3.10/dist-packages/lr_interfaces/lr_interfaces_s__rosidl_typesupport_fastrtps_c.cpython-310-x86_64-linux-gnu.so
-- Up-to-date: /home/rc1/STrAduts/ConQU/Service_Learning/homework/install/lr_interfaces/local/lib/python3.10/dist-packages/lr_interfaces/_lr_interfaces_s.ep.rosidl_typesupport_c.c
-- Up-to-date: /home/rc1/STrAduts/ConQU/Service_Learning/homework/install/lr_interfaces/local/lib/python3.10/dist-packages/lr_interfaces/lr_interfaces_s__rosidl_typesupport_c.cpython-310-x86_64-linux-gnu.so
-- Up-to-date: /home/rc1/STrAduts/ConQU/Service_Learning/homework/install/lr_interfaces/local/lib/python3.10/dist-packages/lr_interfaces/srv
-- Up-to-date: /home/rc1/STrAduts/ConQU/Service_Learning/homework/install/lr_interfaces/local/lib/python3.10/dist-packages/lr_interfaces/srv/__init__.py
-- Up-to-date: /home/rc1/STrAduts/ConQU/Service_Learning/homework/install/lr_interfaces/local/lib/python3.10/dist-packages/lr_interfaces/srv/_climb_s.c
-- Up-to-date: /home/rc1/STrAduts/ConQU/Service_Learning/homework/install/lr_interfaces/local/lib/python3.10/dist-packages/lr_interfaces/srv/_climb.py
-- Up-to-date: /home/rc1/STrAduts/ConQU/Service_Learning/homework/install/lr_interfaces/local/lib/python3.10/dist-packages/lr_interfaces/_lr_interfaces_s.ep.rosidl_typesupport_fastrtps_c.c
-- Up-to-date: /home/rc1/STrAduts/ConQU/Service_Learning/homework/install/lr_interfaces/local/lib/python3.10/dist-packages/lr_interfaces/lr_interfaces_s__rosidl_typesupport_introspection_c.cpython-310-x86_64-linux-gnu.so
Listing '/home/rc1/STrAduts/ConQU/Service_Learning/homework/install/lr_interfaces/local/lib/python3.10/dist-packages/lr_interfaces'...
Listing '/home/rc1/STrAduts/ConQU/Service_Learning/homework/install/lr_interfaces/local/lib/python3.10/dist-packages/lr_interfaces/srv'...
-- Up-to-date: /home/rc1/STrAduts/ConQU/Service_Learning/homework/install/lr_interfaces/local/lib/python3.10/dist-packages/lr_interfaces/lr_interfaces_s__rosidl_typesupport_fastrtps_c.cpython-310-x86_64-linux-gnu.so
-- Up-to-date: /home/rc1/STrAduts/ConQU/Service_Learning/homework/install/lr_interfaces/local/lib/python3.10/dist-packages/lr_interfaces/lr_interfaces_s__rosidl_typesupport_introspection_c.cpython-310-x86_64-linux-gnu.so
-- Up-to-date: /home/rc1/STrAduts/ConQU/Service_Learning/homework/install/lr_interfaces/local/lib/python3.10/dist-packages/lr_interfaces/lr_interfaces_s__rosidl_typesupport_c.cpython-310-x86_64-linux-gnu.so
-- Up-to-date: /home/rc1/STrAduts/ConQU/Service_Learning/homework/install/lr_interfaces/lib/liblr_interfaces__rosidl_generator_py.so
-- Up-to-date: /home/rc1/STrAduts/ConQU/Service_Learning/homework/install/lr_interfaces/share/lr_interfaces/srv/Climb.idl
-- Up-to-date: /home/rc1/STrAduts/ConQU/Service_Learning/homework/install/lr_interfaces/share/lr_interfaces/srv/Climb.srv
-- Up-to-date: /home/rc1/STrAduts/ConQU/Service_Learning/homework/install/lr_interfaces/share/lr_interfaces/srv/Climb_Request.msg
-- Up-to-date: /home/rc1/STrAduts/ConQU/Service_Learning/homework/install/lr_interfaces/share/lr_interfaces/srv/Climb_Response.msg
-- Up-to-date: /home/rc1/STrAduts/ConQU/Service_Learning/homework/install/lr_interfaces/share/ament_index/resource_index/package_run_dependencies/lr_interfaces
-- Up-to-date: /home/rc1/STrAduts/ConQU/Service_Learning/homework/install/lr_interfaces/share/ament_index/resource_index/parent_prefix_path/lr_interfaces
-- Up-to-date: /home/rc1/STrAduts/ConQU/Service_Learning/homework/install/lr_interfaces/share/lr_interfaces/environment/ament_prefix_path.sh
-- Up-to-date: /home/rc1/STrAduts/ConQU/Service_Learning/homework/install/lr_interfaces/share/lr_interfaces/environment/ament_prefix_path.dsv
-- Up-to-date: /home/rc1/STrAduts/ConQU/Service_Learning/homework/install/lr_interfaces/share/lr_interfaces/environment/path.sh
-- Up-to-date: /home/rc1/STrAduts/ConQU/Service_Learning/homework/install/lr_interfaces/share/lr_interfaces/environment/path.dsv
-- Up-to-date: /home/rc1/STrAduts/ConQU/Service_Learning/homework/install/lr_interfaces/share/lr_interfaces/local_setup.bash
-- Up-to-date: /home/rc1/STrAduts/ConQU/Service_Learning/homework/install/lr_interfaces/share/lr_interfaces/local_setup.sh
-- Up-to-date: /home/rc1/STrAduts/ConQU/Service_Learning/homework/install/lr_interfaces/share/lr_interfaces/local_setup.zsh
-- Up-to-date: /home/rc1/STrAduts/ConQU/Service_Learning/homework/install/lr_interfaces/share/lr_interfaces/local_setup.dsv
-- Installing: /home/rc1/STrAduts/ConQU/Service_Learning/homework/install/lr_interfaces/share/lr_interfaces/package.dsv
-- Up-to-date: /home/rc1/STrAduts/ConQU/Service_Learning/homework/install/lr_interfaces/share/ament_index/resource_index/packages/lr_interfaces
-- Up-to-date: /home/rc1/STrAduts/ConQU/Service_Learning/homework/install/lr_interfaces/share/lr_interfaces/cmake/export_lr_interfaces__rosidl_generator_cExport.cmake
-- Up-to-date: /home/rc1/STrAduts/ConQU/Service_Learning/homework/install/lr_interfaces/share/lr_interfaces/cmake/export_lr_interfaces__rosidl_generator_cExport-noconfig.cmake
-- Up-to-date: /home/rc1/STrAduts/ConQU/Service_Learning/homework/install/lr_interfaces/share/lr_interfaces/cmake/export_lr_interfaces__rosidl_typesupport_fastrtps_cExport.cmake
-- Up-to-date: /home/rc1/STrAduts/ConQU/Service_Learning/homework/install/lr_interfaces/share/lr_interfaces/cmake/export_lr_interfaces__rosidl_typesupport_fastrtps_cExport-noconfig.cmake
-- Up-to-date: /home/rc1/STrAduts/ConQU/Service_Learning/homework/install/lr_interfaces/share/lr_interfaces/cmake/lr_interfaces__rosidl_typesupport_introspection_cExport.cmake
-- Up-to-date: /home/rc1/STrAduts/ConQU/Service_Learning/homework/install/lr_interfaces/share/lr_interfaces/cmake/lr_interfaces__rosidl_typesupport_introspection_cExport-noconfig.cmake
-- Up-to-date: /home/rc1/STrAduts/ConQU/Service_Learning/homework/install/lr_interfaces/share/lr_interfaces/cmake/lr_interfaces__rosidl_typesupport_cExport.cmake
-- Up-to-date: /home/rc1/STrAduts/ConQU/Service_Learning/homework/install/lr_interfaces/share/lr_interfaces/cmake/lr_interfaces__rosidl_typesupport_cExport-noconfig.cmake
-- Up-to-date: /home/rc1/STrAduts/ConQU/Service_Learning/homework/install/lr_interfaces/share/lr_interfaces/cmake/export_lr_interfaces__rosidl_generator_cppExport.cmake
-- Up-to-date: /home/rc1/STrAduts/ConQU/Service_Learning/homework/install/lr_interfaces/share/lr_interfaces/cmake/export_lr_interfaces__rosidl_typesupport_fastrtps_cppExport.cmake
-- Up-to-date: /home/rc1/STrAduts/ConQU/Service_Learning/homework/install/lr_interfaces/share/lr_interfaces/cmake/export_lr_interfaces__rosidl_typesupport_fastrtps_cppExport-noconfig.cmake
-- Up-to-date: /home/rc1/STrAduts/ConQU/Service_Learning/homework/install/lr_interfaces/share/lr_interfaces/cmake/lr_interfaces__rosidl_typesupport_introspection_cppExport.cmake
-- Up-to-date: /home/rc1/STrAduts/ConQU/Service_Learning/homework/install/lr_interfaces/share/lr_interfaces/cmake/lr_interfaces__rosidl_typesupport_introspection_cppExport-noconfig.cmake
-- Up-to-date: /home/rc1/STrAduts/ConQU/Service_Learning/homework/install/lr_interfaces/share/lr_interfaces/cmake/lr_interfaces__rosidl_typesupport_cppExport.cmake
-- Up-to-date: /home/rc1/STrAduts/ConQU/Service_Learning/homework/install/lr_interfaces/share/lr_interfaces/cmake/lr_interfaces__rosidl_typesupport_cppExport-noconfig.cmake
-- Up-to-date: /home/rc1/STrAduts/ConQU/Service_Learning/homework/install/lr_interfaces/share/lr_interfaces/cmake/export_lr_interfaces__rosidl_generator_pyExport.cmake
-- Up-to-date: /home/rc1/STrAduts/ConQU/Service_Learning/homework/install/lr_interfaces/share/lr_interfaces/cmake/export_lr_interfaces__rosidl_generator_pyExport-noconfig.cmake
-- Up-to-date: /home/rc1/STrAduts/ConQU/Service_Learning/homework/install/lr_interfaces/share/lr_interfaces/cmake/rosidl_cmake-extras.cmake
-- Up-to-date: /home/rc1/STrAduts/ConQU/Service_Learning/homework/install/lr_interfaces/share/lr_interfaces/cmake/ament_cmake_export_include_directories-extras.cmake
-- Up-to-date: /home/rc1/STrAduts/ConQU/Service_Learning/homework/install/lr_interfaces/share/lr_interfaces/cmake/ament_cmake_export_libraries-extras.cmake
-- Up-to-date: /home/rc1/STrAduts/ConQU/Service_Learning/homework/install/lr_interfaces/share/lr_interfaces/cmake/ament_cmake_export_targets-extras.cmake
-- Up-to-date: /home/rc1/STrAduts/ConQU/Service_Learning/homework/install/lr_interfaces/share/lr_interfaces/cmake/rosidl_cmake_export_typesupport_targets-extras.cmake
-- Up-to-date: /home/rc1/STrAduts/ConQU/Service_Learning/homework/install/lr_interfaces/share/lr_interfaces/cmake/ament_cmake_export_dependencies-extras.cmake
-- Up-to-date: /home/rc1/STrAduts/ConQU/Service_Learning/homework/install/lr_interfaces/share/lr_interfaces/cmake/rosidl_cmake_export_typesupport_libraries-extras.cmake
-- Up-to-date: /home/rc1/STrAduts/ConQU/Service_Learning/homework/install/lr_interfaces/share/lr_interfaces/cmake/lr_interfacesConfig.cmake
-- Up-to-date: /home/rc1/STrAduts/ConQU/Service_Learning/homework/install/lr_interfaces/share/lr_interfaces/cmake/lr_interfacesConfig-version.cmake
-- Up-to-date: /home/rc1/STrAduts/ConQU/Service_Learning/homework/install/lr_interfaces/share/lr_interfaces/package.xml
