[ 50%] [32mBuilding CXX object CMakeFiles/car_service.dir/src/car_service.cpp.o[0m
[ 75%] Built target car_client
[100%] [32m[1mLinking CXX executable car_service[0m
[100%] Built target car_service
-- Install configuration: ""
-- Installing: /home/rc1/STrAduts/ConQU/Service_Learning/homework/install/morihuoshan/lib/morihuoshan/car_service
-- Set runtime path of "/home/rc1/STrAduts/ConQU/Service_Learning/homework/install/morihuoshan/lib/morihuoshan/car_service" to ""
-- Up-to-date: /home/rc1/STrAduts/ConQU/Service_Learning/homework/install/morihuoshan/lib/morihuoshan/car_client
-- Up-to-date: /home/rc1/STrAduts/ConQU/Service_Learning/homework/install/morihuoshan/share/ament_index/resource_index/package_run_dependencies/morihuoshan
-- Up-to-date: /home/rc1/STrAduts/ConQU/Service_Learning/homework/install/morihuoshan/share/ament_index/resource_index/parent_prefix_path/morihuoshan
-- Up-to-date: /home/rc1/STrAduts/ConQU/Service_Learning/homework/install/morihuoshan/share/morihuoshan/environment/ament_prefix_path.sh
-- Up-to-date: /home/rc1/STrAduts/ConQU/Service_Learning/homework/install/morihuoshan/share/morihuoshan/environment/ament_prefix_path.dsv
-- Up-to-date: /home/rc1/STrAduts/ConQU/Service_Learning/homework/install/morihuoshan/share/morihuoshan/environment/path.sh
-- Up-to-date: /home/rc1/STrAduts/ConQU/Service_Learning/homework/install/morihuoshan/share/morihuoshan/environment/path.dsv
-- Up-to-date: /home/rc1/STrAduts/ConQU/Service_Learning/homework/install/morihuoshan/share/morihuoshan/local_setup.bash
-- Up-to-date: /home/rc1/STrAduts/ConQU/Service_Learning/homework/install/morihuoshan/share/morihuoshan/local_setup.sh
-- Up-to-date: /home/rc1/STrAduts/ConQU/Service_Learning/homework/install/morihuoshan/share/morihuoshan/local_setup.zsh
-- Up-to-date: /home/rc1/STrAduts/ConQU/Service_Learning/homework/install/morihuoshan/share/morihuoshan/local_setup.dsv
-- Installing: /home/rc1/STrAduts/ConQU/Service_Learning/homework/install/morihuoshan/share/morihuoshan/package.dsv
-- Up-to-date: /home/rc1/STrAduts/ConQU/Service_Learning/homework/install/morihuoshan/share/ament_index/resource_index/packages/morihuoshan
-- Up-to-date: /home/rc1/STrAduts/ConQU/Service_Learning/homework/install/morihuoshan/share/morihuoshan/cmake/morihuoshanConfig.cmake
-- Up-to-date: /home/rc1/STrAduts/ConQU/Service_Learning/homework/install/morihuoshan/share/morihuoshan/cmake/morihuoshanConfig-version.cmake
-- Up-to-date: /home/rc1/STrAduts/ConQU/Service_Learning/homework/install/morihuoshan/share/morihuoshan/package.xml
