[0.007s] Invoking command in '/home/rc1/STrAduts/ConQU/Service_Learning/homework/build/morihuoshan': CMAKE_PREFIX_PATH=${CMAKE_PREFIX_PATH}:/opt/ros/humble /usr/bin/cmake --build /home/rc1/STrAduts/ConQU/Service_Learning/homework/build/morihuoshan -- -j8 -l8
[0.046s] [ 50%] [32mBuilding CXX object CMakeFiles/car_service.dir/src/car_service.cpp.o[0m
[0.046s] [ 75%] Built target car_client
[2.342s] [100%] [32m[1mLinking CXX executable car_service[0m
[2.445s] [100%] Built target car_service
[2.452s] Invoked command in '/home/rc1/STrAduts/ConQU/Service_Learning/homework/build/morihuoshan' returned '0': CMAKE_PREFIX_PATH=${CMAKE_PREFIX_PATH}:/opt/ros/humble /usr/bin/cmake --build /home/rc1/STrAduts/ConQU/Service_Learning/homework/build/morihuoshan -- -j8 -l8
[2.459s] Invoking command in '/home/rc1/STrAduts/ConQU/Service_Learning/homework/build/morihuoshan': CMAKE_PREFIX_PATH=${CMAKE_PREFIX_PATH}:/opt/ros/humble /usr/bin/cmake --install /home/rc1/STrAduts/ConQU/Service_Learning/homework/build/morihuoshan
[2.464s] -- Install configuration: ""
[2.464s] -- Installing: /home/rc1/STrAduts/ConQU/Service_Learning/homework/install/morihuoshan/lib/morihuoshan/car_service
[2.465s] -- Set runtime path of "/home/rc1/STrAduts/ConQU/Service_Learning/homework/install/morihuoshan/lib/morihuoshan/car_service" to ""
[2.465s] -- Up-to-date: /home/rc1/STrAduts/ConQU/Service_Learning/homework/install/morihuoshan/lib/morihuoshan/car_client
[2.465s] -- Up-to-date: /home/rc1/STrAduts/ConQU/Service_Learning/homework/install/morihuoshan/share/ament_index/resource_index/package_run_dependencies/morihuoshan
[2.465s] -- Up-to-date: /home/rc1/STrAduts/ConQU/Service_Learning/homework/install/morihuoshan/share/ament_index/resource_index/parent_prefix_path/morihuoshan
[2.465s] -- Up-to-date: /home/rc1/STrAduts/ConQU/Service_Learning/homework/install/morihuoshan/share/morihuoshan/environment/ament_prefix_path.sh
[2.465s] -- Up-to-date: /home/rc1/STrAduts/ConQU/Service_Learning/homework/install/morihuoshan/share/morihuoshan/environment/ament_prefix_path.dsv
[2.465s] -- Up-to-date: /home/rc1/STrAduts/ConQU/Service_Learning/homework/install/morihuoshan/share/morihuoshan/environment/path.sh
[2.465s] -- Up-to-date: /home/rc1/STrAduts/ConQU/Service_Learning/homework/install/morihuoshan/share/morihuoshan/environment/path.dsv
[2.465s] -- Up-to-date: /home/rc1/STrAduts/ConQU/Service_Learning/homework/install/morihuoshan/share/morihuoshan/local_setup.bash
[2.466s] -- Up-to-date: /home/rc1/STrAduts/ConQU/Service_Learning/homework/install/morihuoshan/share/morihuoshan/local_setup.sh
[2.466s] -- Up-to-date: /home/rc1/STrAduts/ConQU/Service_Learning/homework/install/morihuoshan/share/morihuoshan/local_setup.zsh
[2.466s] -- Up-to-date: /home/rc1/STrAduts/ConQU/Service_Learning/homework/install/morihuoshan/share/morihuoshan/local_setup.dsv
[2.466s] -- Installing: /home/rc1/STrAduts/ConQU/Service_Learning/homework/install/morihuoshan/share/morihuoshan/package.dsv
[2.466s] -- Up-to-date: /home/rc1/STrAduts/ConQU/Service_Learning/homework/install/morihuoshan/share/ament_index/resource_index/packages/morihuoshan
[2.466s] -- Up-to-date: /home/rc1/STrAduts/ConQU/Service_Learning/homework/install/morihuoshan/share/morihuoshan/cmake/morihuoshanConfig.cmake
[2.466s] -- Up-to-date: /home/rc1/STrAduts/ConQU/Service_Learning/homework/install/morihuoshan/share/morihuoshan/cmake/morihuoshanConfig-version.cmake
[2.466s] -- Up-to-date: /home/rc1/STrAduts/ConQU/Service_Learning/homework/install/morihuoshan/share/morihuoshan/package.xml
[2.467s] Invoked command in '/home/rc1/STrAduts/ConQU/Service_Learning/homework/build/morihuoshan' returned '0': CMAKE_PREFIX_PATH=${CMAKE_PREFIX_PATH}:/opt/ros/humble /usr/bin/cmake --install /home/rc1/STrAduts/ConQU/Service_Learning/homework/build/morihuoshan
