[0.008s] Invoking command in '/home/rc1/STrAduts/ConQU/Service_Learning/homework/build/lr_interfaces': CMAKE_PREFIX_PATH=/opt/ros/humble /usr/bin/cmake /home/rc1/STrAduts/ConQU/Service_Learning/homework/src/lr_interfaces -DCMAKE_INSTALL_PREFIX=/home/rc1/STrAduts/ConQU/Service_Learning/homework/install/lr_interfaces
[0.016s] -- Found rosidl_default_generators: 1.2.0 (/opt/ros/humble/share/rosidl_default_generators/cmake)
[0.016s] -- Found ament_cmake_core: 1.3.12 (/opt/ros/humble/share/ament_cmake_core/cmake)
[0.103s] -- Using all available rosidl_typesupport_c: rosidl_typesupport_fastrtps_c;rosidl_typesupport_introspection_c
[0.105s] -- Found rosidl_adapter: 3.1.7 (/opt/ros/humble/share/rosidl_adapter/cmake)
[0.128s] -- Using all available rosidl_typesupport_cpp: rosidl_typesupport_fastrtps_cpp;rosidl_typesupport_introspection_cpp
[0.307s] -- Found ament_cmake_ros: 0.10.0 (/opt/ros/humble/share/ament_cmake_ros/cmake)
[0.430s] -- Using all available rosidl_typesupport_c: rosidl_typesupport_fastrtps_c;rosidl_typesupport_introspection_c
[0.592s] -- Using all available rosidl_typesupport_cpp: rosidl_typesupport_fastrtps_cpp;rosidl_typesupport_introspection_cpp
[0.608s] -- Found PythonInterp: /usr/bin/python3 (found suitable version "3.10.12", minimum required is "3.6") 
[0.609s] -- Found python_cmake_module: 0.10.0 (/opt/ros/humble/share/python_cmake_module/cmake)
[0.627s] -- Found PythonLibs: /usr/lib/x86_64-linux-gnu/libpython3.10.so (found suitable version "3.10.12", minimum required is "3.5") 
[0.627s] -- Using PYTHON_EXECUTABLE: /usr/bin/python3
[0.627s] -- Using PYTHON_INCLUDE_DIRS: /usr/include/python3.10
[0.627s] -- Using PYTHON_LIBRARIES: /usr/lib/x86_64-linux-gnu/libpython3.10.so
[0.641s] -- Found PythonExtra: .so  
[0.663s] -- Found ament_lint_auto: 0.12.14 (/opt/ros/humble/share/ament_lint_auto/cmake)
[0.673s] -- Added test 'lint_cmake' to check CMake code style
[0.674s] -- Added test 'xmllint' to check XML markup files
[0.675s] -- Configuring done
[0.691s] -- Generating done
[0.698s] -- Build files have been written to: /home/rc1/STrAduts/ConQU/Service_Learning/homework/build/lr_interfaces
[0.701s] Invoked command in '/home/rc1/STrAduts/ConQU/Service_Learning/homework/build/lr_interfaces' returned '0': CMAKE_PREFIX_PATH=/opt/ros/humble /usr/bin/cmake /home/rc1/STrAduts/ConQU/Service_Learning/homework/src/lr_interfaces -DCMAKE_INSTALL_PREFIX=/home/rc1/STrAduts/ConQU/Service_Learning/homework/install/lr_interfaces
[0.702s] Invoking command in '/home/rc1/STrAduts/ConQU/Service_Learning/homework/build/lr_interfaces': CMAKE_PREFIX_PATH=/opt/ros/humble /usr/bin/cmake --build /home/rc1/STrAduts/ConQU/Service_Learning/homework/build/lr_interfaces -- -j8 -l8
[0.727s] [  3%] [34m[1mGenerating C code for ROS interfaces[0m
[0.734s] [  6%] [34m[1mGenerating C++ code for ROS interfaces[0m
[0.740s] [  6%] Built target ament_cmake_python_copy_lr_interfaces
[0.908s] running egg_info
[0.908s] creating lr_interfaces.egg-info
[0.909s] writing lr_interfaces.egg-info/PKG-INFO
[0.909s] writing dependency_links to lr_interfaces.egg-info/dependency_links.txt
[0.909s] writing top-level names to lr_interfaces.egg-info/top_level.txt
[0.909s] writing manifest file 'lr_interfaces.egg-info/SOURCES.txt'
[0.911s] reading manifest file 'lr_interfaces.egg-info/SOURCES.txt'
[0.911s] writing manifest file 'lr_interfaces.egg-info/SOURCES.txt'
[0.934s] [  6%] Built target ament_cmake_python_build_lr_interfaces_egg
[0.945s] [  6%] Built target lr_interfaces__cpp
[0.953s] [ 16%] [34m[1mGenerating C++ introspection for ROS interfaces[0m
[0.953s] [ 16%] [34m[1mGenerating C++ type support dispatch for ROS interfaces[0m
[0.954s] [ 16%] [34m[1mGenerating C++ type support for eProsima Fast-RTPS[0m
[0.965s] [ 19%] [32mBuilding C object CMakeFiles/lr_interfaces__rosidl_generator_c.dir/rosidl_generator_c/lr_interfaces/srv/detail/climb__functions.c.o[0m
[1.008s] [ 22%] [32m[1mLinking C shared library liblr_interfaces__rosidl_generator_c.so[0m
[1.032s] [ 22%] Built target lr_interfaces__rosidl_generator_c
[1.039s] [ 25%] [34m[1mGenerating C type support for eProsima Fast-RTPS[0m
[1.042s] [ 32%] [34m[1mGenerating C type support dispatch for ROS interfaces[0m
[1.042s] [ 32%] [34m[1mGenerating C introspection for ROS interfaces[0m
[1.134s] [ 35%] [32mBuilding CXX object CMakeFiles/lr_interfaces__rosidl_typesupport_cpp.dir/rosidl_typesupport_cpp/lr_interfaces/srv/climb__type_support.cpp.o[0m
[1.147s] [ 38%] [32mBuilding CXX object CMakeFiles/lr_interfaces__rosidl_typesupport_introspection_cpp.dir/rosidl_typesupport_introspection_cpp/lr_interfaces/srv/detail/climb__type_support.cpp.o[0m
[1.255s] [ 41%] [32mBuilding CXX object CMakeFiles/lr_interfaces__rosidl_typesupport_fastrtps_cpp.dir/rosidl_typesupport_fastrtps_cpp/lr_interfaces/srv/detail/dds_fastrtps/climb__type_support.cpp.o[0m
[1.303s] [ 45%] [32mBuilding CXX object CMakeFiles/lr_interfaces__rosidl_typesupport_c.dir/rosidl_typesupport_c/lr_interfaces/srv/climb__type_support.cpp.o[0m
[1.338s] [ 48%] [32m[1mLinking CXX shared library liblr_interfaces__rosidl_typesupport_c.so[0m
[1.351s] [ 51%] [32mBuilding CXX object CMakeFiles/lr_interfaces__rosidl_typesupport_fastrtps_c.dir/rosidl_typesupport_fastrtps_c/lr_interfaces/srv/detail/climb__type_support_c.cpp.o[0m
[1.367s] [ 54%] [32m[1mLinking CXX shared library liblr_interfaces__rosidl_typesupport_cpp.so[0m
[1.375s] [ 58%] [32mBuilding C object CMakeFiles/lr_interfaces__rosidl_typesupport_introspection_c.dir/rosidl_typesupport_introspection_c/lr_interfaces/srv/detail/climb__type_support.c.o[0m
[1.375s] [ 58%] Built target lr_interfaces__rosidl_typesupport_c
[1.404s] [ 61%] [32m[1mLinking C shared library liblr_interfaces__rosidl_typesupport_introspection_c.so[0m
[1.409s] [ 61%] Built target lr_interfaces__rosidl_typesupport_cpp
[1.426s] [ 61%] Built target lr_interfaces__rosidl_typesupport_introspection_c
[1.437s] [ 64%] [32m[1mLinking CXX shared library liblr_interfaces__rosidl_typesupport_introspection_cpp.so[0m
[1.466s] [ 64%] Built target lr_interfaces__rosidl_typesupport_introspection_cpp
[1.578s] [ 67%] [32m[1mLinking CXX shared library liblr_interfaces__rosidl_typesupport_fastrtps_cpp.so[0m
[1.592s] [ 70%] [32m[1mLinking CXX shared library liblr_interfaces__rosidl_typesupport_fastrtps_c.so[0m
[1.644s] [ 70%] Built target lr_interfaces__rosidl_typesupport_fastrtps_cpp
[1.656s] [ 70%] Built target lr_interfaces__rosidl_typesupport_fastrtps_c
[1.668s] [ 70%] Built target lr_interfaces
[1.682s] [ 74%] [34m[1mGenerating Python code for ROS interfaces[0m
[1.923s] [ 74%] Built target lr_interfaces__py
[1.936s] [ 77%] [32mBuilding C object CMakeFiles/lr_interfaces__rosidl_generator_py.dir/rosidl_generator_py/lr_interfaces/srv/_climb_s.c.o[0m
[2.016s] [ 80%] [32m[1mLinking C shared library rosidl_generator_py/lr_interfaces/liblr_interfaces__rosidl_generator_py.so[0m
[2.048s] [ 80%] Built target lr_interfaces__rosidl_generator_py
[2.062s] [ 90%] [32mBuilding C object CMakeFiles/lr_interfaces__rosidl_typesupport_introspection_c__pyext.dir/rosidl_generator_py/lr_interfaces/_lr_interfaces_s.ep.rosidl_typesupport_introspection_c.c.o[0m
[2.062s] [ 90%] [32mBuilding C object CMakeFiles/lr_interfaces__rosidl_typesupport_fastrtps_c__pyext.dir/rosidl_generator_py/lr_interfaces/_lr_interfaces_s.ep.rosidl_typesupport_fastrtps_c.c.o[0m
[2.062s] [ 90%] [32mBuilding C object CMakeFiles/lr_interfaces__rosidl_typesupport_c__pyext.dir/rosidl_generator_py/lr_interfaces/_lr_interfaces_s.ep.rosidl_typesupport_c.c.o[0m
[2.127s] [ 93%] [32m[1mLinking C shared library rosidl_generator_py/lr_interfaces/lr_interfaces_s__rosidl_typesupport_c.cpython-310-x86_64-linux-gnu.so[0m
[2.127s] [ 96%] [32m[1mLinking C shared library rosidl_generator_py/lr_interfaces/lr_interfaces_s__rosidl_typesupport_introspection_c.cpython-310-x86_64-linux-gnu.so[0m
[2.129s] [100%] [32m[1mLinking C shared library rosidl_generator_py/lr_interfaces/lr_interfaces_s__rosidl_typesupport_fastrtps_c.cpython-310-x86_64-linux-gnu.so[0m
[2.149s] [100%] Built target lr_interfaces__rosidl_typesupport_introspection_c__pyext
[2.149s] [100%] Built target lr_interfaces__rosidl_typesupport_c__pyext
[2.152s] [100%] Built target lr_interfaces__rosidl_typesupport_fastrtps_c__pyext
[2.159s] Invoked command in '/home/rc1/STrAduts/ConQU/Service_Learning/homework/build/lr_interfaces' returned '0': CMAKE_PREFIX_PATH=/opt/ros/humble /usr/bin/cmake --build /home/rc1/STrAduts/ConQU/Service_Learning/homework/build/lr_interfaces -- -j8 -l8
[2.160s] Invoking command in '/home/rc1/STrAduts/ConQU/Service_Learning/homework/build/lr_interfaces': CMAKE_PREFIX_PATH=/opt/ros/humble /usr/bin/cmake --install /home/rc1/STrAduts/ConQU/Service_Learning/homework/build/lr_interfaces
[2.166s] -- Install configuration: ""
[2.166s] -- Installing: /home/rc1/STrAduts/ConQU/Service_Learning/homework/install/lr_interfaces/share/ament_index/resource_index/rosidl_interfaces/lr_interfaces
[2.166s] -- Installing: /home/rc1/STrAduts/ConQU/Service_Learning/homework/install/lr_interfaces/include/lr_interfaces/lr_interfaces
[2.166s] -- Installing: /home/rc1/STrAduts/ConQU/Service_Learning/homework/install/lr_interfaces/include/lr_interfaces/lr_interfaces/msg
[2.166s] -- Installing: /home/rc1/STrAduts/ConQU/Service_Learning/homework/install/lr_interfaces/include/lr_interfaces/lr_interfaces/msg/rosidl_generator_c__visibility_control.h
[2.166s] -- Installing: /home/rc1/STrAduts/ConQU/Service_Learning/homework/install/lr_interfaces/include/lr_interfaces/lr_interfaces/srv
[2.166s] -- Installing: /home/rc1/STrAduts/ConQU/Service_Learning/homework/install/lr_interfaces/include/lr_interfaces/lr_interfaces/srv/detail
[2.166s] -- Installing: /home/rc1/STrAduts/ConQU/Service_Learning/homework/install/lr_interfaces/include/lr_interfaces/lr_interfaces/srv/detail/climb__functions.c
[2.166s] -- Installing: /home/rc1/STrAduts/ConQU/Service_Learning/homework/install/lr_interfaces/include/lr_interfaces/lr_interfaces/srv/detail/climb__struct.h
[2.167s] -- Installing: /home/rc1/STrAduts/ConQU/Service_Learning/homework/install/lr_interfaces/include/lr_interfaces/lr_interfaces/srv/detail/climb__type_support.h
[2.167s] -- Installing: /home/rc1/STrAduts/ConQU/Service_Learning/homework/install/lr_interfaces/include/lr_interfaces/lr_interfaces/srv/detail/climb__functions.h
[2.167s] -- Installing: /home/rc1/STrAduts/ConQU/Service_Learning/homework/install/lr_interfaces/include/lr_interfaces/lr_interfaces/srv/climb.h
[2.167s] -- Installing: /home/rc1/STrAduts/ConQU/Service_Learning/homework/install/lr_interfaces/share/lr_interfaces/environment/library_path.sh
[2.167s] -- Installing: /home/rc1/STrAduts/ConQU/Service_Learning/homework/install/lr_interfaces/share/lr_interfaces/environment/library_path.dsv
[2.167s] -- Installing: /home/rc1/STrAduts/ConQU/Service_Learning/homework/install/lr_interfaces/lib/liblr_interfaces__rosidl_generator_c.so
[2.167s] -- Set runtime path of "/home/rc1/STrAduts/ConQU/Service_Learning/homework/install/lr_interfaces/lib/liblr_interfaces__rosidl_generator_c.so" to ""
[2.167s] -- Up-to-date: /home/rc1/STrAduts/ConQU/Service_Learning/homework/install/lr_interfaces/include/lr_interfaces/lr_interfaces
[2.167s] -- Up-to-date: /home/rc1/STrAduts/ConQU/Service_Learning/homework/install/lr_interfaces/include/lr_interfaces/lr_interfaces/msg
[2.167s] -- Installing: /home/rc1/STrAduts/ConQU/Service_Learning/homework/install/lr_interfaces/include/lr_interfaces/lr_interfaces/msg/rosidl_typesupport_fastrtps_c__visibility_control.h
[2.167s] -- Up-to-date: /home/rc1/STrAduts/ConQU/Service_Learning/homework/install/lr_interfaces/include/lr_interfaces/lr_interfaces/srv
[2.167s] -- Up-to-date: /home/rc1/STrAduts/ConQU/Service_Learning/homework/install/lr_interfaces/include/lr_interfaces/lr_interfaces/srv/detail
[2.168s] -- Installing: /home/rc1/STrAduts/ConQU/Service_Learning/homework/install/lr_interfaces/include/lr_interfaces/lr_interfaces/srv/detail/climb__rosidl_typesupport_fastrtps_c.h
[2.168s] -- Installing: /home/rc1/STrAduts/ConQU/Service_Learning/homework/install/lr_interfaces/lib/liblr_interfaces__rosidl_typesupport_fastrtps_c.so
[2.168s] -- Set runtime path of "/home/rc1/STrAduts/ConQU/Service_Learning/homework/install/lr_interfaces/lib/liblr_interfaces__rosidl_typesupport_fastrtps_c.so" to ""
[2.168s] -- Up-to-date: /home/rc1/STrAduts/ConQU/Service_Learning/homework/install/lr_interfaces/include/lr_interfaces/lr_interfaces
[2.168s] -- Up-to-date: /home/rc1/STrAduts/ConQU/Service_Learning/homework/install/lr_interfaces/include/lr_interfaces/lr_interfaces/msg
[2.168s] -- Installing: /home/rc1/STrAduts/ConQU/Service_Learning/homework/install/lr_interfaces/include/lr_interfaces/lr_interfaces/msg/rosidl_typesupport_introspection_c__visibility_control.h
[2.168s] -- Up-to-date: /home/rc1/STrAduts/ConQU/Service_Learning/homework/install/lr_interfaces/include/lr_interfaces/lr_interfaces/srv
[2.168s] -- Up-to-date: /home/rc1/STrAduts/ConQU/Service_Learning/homework/install/lr_interfaces/include/lr_interfaces/lr_interfaces/srv/detail
[2.168s] -- Installing: /home/rc1/STrAduts/ConQU/Service_Learning/homework/install/lr_interfaces/include/lr_interfaces/lr_interfaces/srv/detail/climb__type_support.c
[2.168s] -- Installing: /home/rc1/STrAduts/ConQU/Service_Learning/homework/install/lr_interfaces/include/lr_interfaces/lr_interfaces/srv/detail/climb__rosidl_typesupport_introspection_c.h
[2.168s] -- Installing: /home/rc1/STrAduts/ConQU/Service_Learning/homework/install/lr_interfaces/lib/liblr_interfaces__rosidl_typesupport_introspection_c.so
[2.168s] -- Set runtime path of "/home/rc1/STrAduts/ConQU/Service_Learning/homework/install/lr_interfaces/lib/liblr_interfaces__rosidl_typesupport_introspection_c.so" to ""
[2.168s] -- Installing: /home/rc1/STrAduts/ConQU/Service_Learning/homework/install/lr_interfaces/lib/liblr_interfaces__rosidl_typesupport_c.so
[2.169s] -- Set runtime path of "/home/rc1/STrAduts/ConQU/Service_Learning/homework/install/lr_interfaces/lib/liblr_interfaces__rosidl_typesupport_c.so" to ""
[2.169s] -- Up-to-date: /home/rc1/STrAduts/ConQU/Service_Learning/homework/install/lr_interfaces/include/lr_interfaces/lr_interfaces
[2.169s] -- Up-to-date: /home/rc1/STrAduts/ConQU/Service_Learning/homework/install/lr_interfaces/include/lr_interfaces/lr_interfaces/msg
[2.169s] -- Installing: /home/rc1/STrAduts/ConQU/Service_Learning/homework/install/lr_interfaces/include/lr_interfaces/lr_interfaces/msg/rosidl_generator_cpp__visibility_control.hpp
[2.169s] -- Up-to-date: /home/rc1/STrAduts/ConQU/Service_Learning/homework/install/lr_interfaces/include/lr_interfaces/lr_interfaces/srv
[2.169s] -- Installing: /home/rc1/STrAduts/ConQU/Service_Learning/homework/install/lr_interfaces/include/lr_interfaces/lr_interfaces/srv/climb.hpp
[2.169s] -- Up-to-date: /home/rc1/STrAduts/ConQU/Service_Learning/homework/install/lr_interfaces/include/lr_interfaces/lr_interfaces/srv/detail
[2.169s] -- Installing: /home/rc1/STrAduts/ConQU/Service_Learning/homework/install/lr_interfaces/include/lr_interfaces/lr_interfaces/srv/detail/climb__struct.hpp
[2.169s] -- Installing: /home/rc1/STrAduts/ConQU/Service_Learning/homework/install/lr_interfaces/include/lr_interfaces/lr_interfaces/srv/detail/climb__builder.hpp
[2.169s] -- Installing: /home/rc1/STrAduts/ConQU/Service_Learning/homework/install/lr_interfaces/include/lr_interfaces/lr_interfaces/srv/detail/climb__type_support.hpp
[2.169s] -- Installing: /home/rc1/STrAduts/ConQU/Service_Learning/homework/install/lr_interfaces/include/lr_interfaces/lr_interfaces/srv/detail/climb__traits.hpp
[2.169s] -- Up-to-date: /home/rc1/STrAduts/ConQU/Service_Learning/homework/install/lr_interfaces/include/lr_interfaces/lr_interfaces
[2.169s] -- Up-to-date: /home/rc1/STrAduts/ConQU/Service_Learning/homework/install/lr_interfaces/include/lr_interfaces/lr_interfaces/msg
[2.169s] -- Installing: /home/rc1/STrAduts/ConQU/Service_Learning/homework/install/lr_interfaces/include/lr_interfaces/lr_interfaces/msg/rosidl_typesupport_fastrtps_cpp__visibility_control.h
[2.169s] -- Up-to-date: /home/rc1/STrAduts/ConQU/Service_Learning/homework/install/lr_interfaces/include/lr_interfaces/lr_interfaces/srv
[2.169s] -- Up-to-date: /home/rc1/STrAduts/ConQU/Service_Learning/homework/install/lr_interfaces/include/lr_interfaces/lr_interfaces/srv/detail
[2.170s] -- Installing: /home/rc1/STrAduts/ConQU/Service_Learning/homework/install/lr_interfaces/include/lr_interfaces/lr_interfaces/srv/detail/climb__rosidl_typesupport_fastrtps_cpp.hpp
[2.170s] -- Installing: /home/rc1/STrAduts/ConQU/Service_Learning/homework/install/lr_interfaces/include/lr_interfaces/lr_interfaces/srv/detail/dds_fastrtps
[2.170s] -- Installing: /home/rc1/STrAduts/ConQU/Service_Learning/homework/install/lr_interfaces/lib/liblr_interfaces__rosidl_typesupport_fastrtps_cpp.so
[2.170s] -- Set runtime path of "/home/rc1/STrAduts/ConQU/Service_Learning/homework/install/lr_interfaces/lib/liblr_interfaces__rosidl_typesupport_fastrtps_cpp.so" to ""
[2.170s] -- Up-to-date: /home/rc1/STrAduts/ConQU/Service_Learning/homework/install/lr_interfaces/include/lr_interfaces/lr_interfaces
[2.170s] -- Up-to-date: /home/rc1/STrAduts/ConQU/Service_Learning/homework/install/lr_interfaces/include/lr_interfaces/lr_interfaces/srv
[2.170s] -- Up-to-date: /home/rc1/STrAduts/ConQU/Service_Learning/homework/install/lr_interfaces/include/lr_interfaces/lr_interfaces/srv/detail
[2.170s] -- Installing: /home/rc1/STrAduts/ConQU/Service_Learning/homework/install/lr_interfaces/include/lr_interfaces/lr_interfaces/srv/detail/climb__rosidl_typesupport_introspection_cpp.hpp
[2.170s] -- Installing: /home/rc1/STrAduts/ConQU/Service_Learning/homework/install/lr_interfaces/include/lr_interfaces/lr_interfaces/srv/detail/climb__type_support.cpp
[2.170s] -- Installing: /home/rc1/STrAduts/ConQU/Service_Learning/homework/install/lr_interfaces/lib/liblr_interfaces__rosidl_typesupport_introspection_cpp.so
[2.170s] -- Set runtime path of "/home/rc1/STrAduts/ConQU/Service_Learning/homework/install/lr_interfaces/lib/liblr_interfaces__rosidl_typesupport_introspection_cpp.so" to ""
[2.170s] -- Installing: /home/rc1/STrAduts/ConQU/Service_Learning/homework/install/lr_interfaces/lib/liblr_interfaces__rosidl_typesupport_cpp.so
[2.171s] -- Set runtime path of "/home/rc1/STrAduts/ConQU/Service_Learning/homework/install/lr_interfaces/lib/liblr_interfaces__rosidl_typesupport_cpp.so" to ""
[2.171s] -- Installing: /home/rc1/STrAduts/ConQU/Service_Learning/homework/install/lr_interfaces/share/lr_interfaces/environment/pythonpath.sh
[2.171s] -- Installing: /home/rc1/STrAduts/ConQU/Service_Learning/homework/install/lr_interfaces/share/lr_interfaces/environment/pythonpath.dsv
[2.171s] -- Installing: /home/rc1/STrAduts/ConQU/Service_Learning/homework/install/lr_interfaces/local/lib/python3.10/dist-packages/lr_interfaces-0.0.0-py3.10.egg-info
[2.171s] -- Installing: /home/rc1/STrAduts/ConQU/Service_Learning/homework/install/lr_interfaces/local/lib/python3.10/dist-packages/lr_interfaces-0.0.0-py3.10.egg-info/PKG-INFO
[2.171s] -- Installing: /home/rc1/STrAduts/ConQU/Service_Learning/homework/install/lr_interfaces/local/lib/python3.10/dist-packages/lr_interfaces-0.0.0-py3.10.egg-info/top_level.txt
[2.171s] -- Installing: /home/rc1/STrAduts/ConQU/Service_Learning/homework/install/lr_interfaces/local/lib/python3.10/dist-packages/lr_interfaces-0.0.0-py3.10.egg-info/dependency_links.txt
[2.171s] -- Installing: /home/rc1/STrAduts/ConQU/Service_Learning/homework/install/lr_interfaces/local/lib/python3.10/dist-packages/lr_interfaces-0.0.0-py3.10.egg-info/SOURCES.txt
[2.171s] -- Installing: /home/rc1/STrAduts/ConQU/Service_Learning/homework/install/lr_interfaces/local/lib/python3.10/dist-packages/lr_interfaces
[2.171s] -- Installing: /home/rc1/STrAduts/ConQU/Service_Learning/homework/install/lr_interfaces/local/lib/python3.10/dist-packages/lr_interfaces/liblr_interfaces__rosidl_generator_py.so
[2.171s] -- Installing: /home/rc1/STrAduts/ConQU/Service_Learning/homework/install/lr_interfaces/local/lib/python3.10/dist-packages/lr_interfaces/_lr_interfaces_s.ep.rosidl_typesupport_introspection_c.c
[2.171s] -- Installing: /home/rc1/STrAduts/ConQU/Service_Learning/homework/install/lr_interfaces/local/lib/python3.10/dist-packages/lr_interfaces/__init__.py
[2.171s] -- Installing: /home/rc1/STrAduts/ConQU/Service_Learning/homework/install/lr_interfaces/local/lib/python3.10/dist-packages/lr_interfaces/lr_interfaces_s__rosidl_typesupport_fastrtps_c.cpython-310-x86_64-linux-gnu.so
[2.171s] -- Installing: /home/rc1/STrAduts/ConQU/Service_Learning/homework/install/lr_interfaces/local/lib/python3.10/dist-packages/lr_interfaces/_lr_interfaces_s.ep.rosidl_typesupport_c.c
[2.172s] -- Installing: /home/rc1/STrAduts/ConQU/Service_Learning/homework/install/lr_interfaces/local/lib/python3.10/dist-packages/lr_interfaces/lr_interfaces_s__rosidl_typesupport_c.cpython-310-x86_64-linux-gnu.so
[2.172s] -- Installing: /home/rc1/STrAduts/ConQU/Service_Learning/homework/install/lr_interfaces/local/lib/python3.10/dist-packages/lr_interfaces/srv
[2.172s] -- Installing: /home/rc1/STrAduts/ConQU/Service_Learning/homework/install/lr_interfaces/local/lib/python3.10/dist-packages/lr_interfaces/srv/__init__.py
[2.172s] -- Installing: /home/rc1/STrAduts/ConQU/Service_Learning/homework/install/lr_interfaces/local/lib/python3.10/dist-packages/lr_interfaces/srv/_climb_s.c
[2.172s] -- Installing: /home/rc1/STrAduts/ConQU/Service_Learning/homework/install/lr_interfaces/local/lib/python3.10/dist-packages/lr_interfaces/srv/_climb.py
[2.172s] -- Installing: /home/rc1/STrAduts/ConQU/Service_Learning/homework/install/lr_interfaces/local/lib/python3.10/dist-packages/lr_interfaces/_lr_interfaces_s.ep.rosidl_typesupport_fastrtps_c.c
[2.172s] -- Installing: /home/rc1/STrAduts/ConQU/Service_Learning/homework/install/lr_interfaces/local/lib/python3.10/dist-packages/lr_interfaces/lr_interfaces_s__rosidl_typesupport_introspection_c.cpython-310-x86_64-linux-gnu.so
[2.196s] Listing '/home/rc1/STrAduts/ConQU/Service_Learning/homework/install/lr_interfaces/local/lib/python3.10/dist-packages/lr_interfaces'...
[2.196s] Compiling '/home/rc1/STrAduts/ConQU/Service_Learning/homework/install/lr_interfaces/local/lib/python3.10/dist-packages/lr_interfaces/__init__.py'...
[2.196s] Listing '/home/rc1/STrAduts/ConQU/Service_Learning/homework/install/lr_interfaces/local/lib/python3.10/dist-packages/lr_interfaces/srv'...
[2.196s] Compiling '/home/rc1/STrAduts/ConQU/Service_Learning/homework/install/lr_interfaces/local/lib/python3.10/dist-packages/lr_interfaces/srv/__init__.py'...
[2.196s] Compiling '/home/rc1/STrAduts/ConQU/Service_Learning/homework/install/lr_interfaces/local/lib/python3.10/dist-packages/lr_interfaces/srv/_climb.py'...
[2.199s] -- Installing: /home/rc1/STrAduts/ConQU/Service_Learning/homework/install/lr_interfaces/local/lib/python3.10/dist-packages/lr_interfaces/lr_interfaces_s__rosidl_typesupport_fastrtps_c.cpython-310-x86_64-linux-gnu.so
[2.199s] -- Set runtime path of "/home/rc1/STrAduts/ConQU/Service_Learning/homework/install/lr_interfaces/local/lib/python3.10/dist-packages/lr_interfaces/lr_interfaces_s__rosidl_typesupport_fastrtps_c.cpython-310-x86_64-linux-gnu.so" to ""
[2.199s] -- Installing: /home/rc1/STrAduts/ConQU/Service_Learning/homework/install/lr_interfaces/local/lib/python3.10/dist-packages/lr_interfaces/lr_interfaces_s__rosidl_typesupport_introspection_c.cpython-310-x86_64-linux-gnu.so
[2.200s] -- Set runtime path of "/home/rc1/STrAduts/ConQU/Service_Learning/homework/install/lr_interfaces/local/lib/python3.10/dist-packages/lr_interfaces/lr_interfaces_s__rosidl_typesupport_introspection_c.cpython-310-x86_64-linux-gnu.so" to ""
[2.200s] -- Installing: /home/rc1/STrAduts/ConQU/Service_Learning/homework/install/lr_interfaces/local/lib/python3.10/dist-packages/lr_interfaces/lr_interfaces_s__rosidl_typesupport_c.cpython-310-x86_64-linux-gnu.so
[2.200s] -- Set runtime path of "/home/rc1/STrAduts/ConQU/Service_Learning/homework/install/lr_interfaces/local/lib/python3.10/dist-packages/lr_interfaces/lr_interfaces_s__rosidl_typesupport_c.cpython-310-x86_64-linux-gnu.so" to ""
[2.200s] -- Installing: /home/rc1/STrAduts/ConQU/Service_Learning/homework/install/lr_interfaces/lib/liblr_interfaces__rosidl_generator_py.so
[2.200s] -- Set runtime path of "/home/rc1/STrAduts/ConQU/Service_Learning/homework/install/lr_interfaces/lib/liblr_interfaces__rosidl_generator_py.so" to ""
[2.200s] -- Installing: /home/rc1/STrAduts/ConQU/Service_Learning/homework/install/lr_interfaces/share/lr_interfaces/srv/Climb.idl
[2.200s] -- Installing: /home/rc1/STrAduts/ConQU/Service_Learning/homework/install/lr_interfaces/share/lr_interfaces/srv/Climb.srv
[2.200s] -- Installing: /home/rc1/STrAduts/ConQU/Service_Learning/homework/install/lr_interfaces/share/lr_interfaces/srv/Climb_Request.msg
[2.200s] -- Installing: /home/rc1/STrAduts/ConQU/Service_Learning/homework/install/lr_interfaces/share/lr_interfaces/srv/Climb_Response.msg
[2.201s] -- Installing: /home/rc1/STrAduts/ConQU/Service_Learning/homework/install/lr_interfaces/share/ament_index/resource_index/package_run_dependencies/lr_interfaces
[2.201s] -- Installing: /home/rc1/STrAduts/ConQU/Service_Learning/homework/install/lr_interfaces/share/ament_index/resource_index/parent_prefix_path/lr_interfaces
[2.201s] -- Installing: /home/rc1/STrAduts/ConQU/Service_Learning/homework/install/lr_interfaces/share/lr_interfaces/environment/ament_prefix_path.sh
[2.201s] -- Installing: /home/rc1/STrAduts/ConQU/Service_Learning/homework/install/lr_interfaces/share/lr_interfaces/environment/ament_prefix_path.dsv
[2.201s] -- Installing: /home/rc1/STrAduts/ConQU/Service_Learning/homework/install/lr_interfaces/share/lr_interfaces/environment/path.sh
[2.201s] -- Installing: /home/rc1/STrAduts/ConQU/Service_Learning/homework/install/lr_interfaces/share/lr_interfaces/environment/path.dsv
[2.201s] -- Installing: /home/rc1/STrAduts/ConQU/Service_Learning/homework/install/lr_interfaces/share/lr_interfaces/local_setup.bash
[2.201s] -- Installing: /home/rc1/STrAduts/ConQU/Service_Learning/homework/install/lr_interfaces/share/lr_interfaces/local_setup.sh
[2.201s] -- Installing: /home/rc1/STrAduts/ConQU/Service_Learning/homework/install/lr_interfaces/share/lr_interfaces/local_setup.zsh
[2.201s] -- Installing: /home/rc1/STrAduts/ConQU/Service_Learning/homework/install/lr_interfaces/share/lr_interfaces/local_setup.dsv
[2.201s] -- Installing: /home/rc1/STrAduts/ConQU/Service_Learning/homework/install/lr_interfaces/share/lr_interfaces/package.dsv
[2.201s] -- Installing: /home/rc1/STrAduts/ConQU/Service_Learning/homework/install/lr_interfaces/share/ament_index/resource_index/packages/lr_interfaces
[2.202s] -- Installing: /home/rc1/STrAduts/ConQU/Service_Learning/homework/install/lr_interfaces/share/lr_interfaces/cmake/export_lr_interfaces__rosidl_generator_cExport.cmake
[2.202s] -- Installing: /home/rc1/STrAduts/ConQU/Service_Learning/homework/install/lr_interfaces/share/lr_interfaces/cmake/export_lr_interfaces__rosidl_generator_cExport-noconfig.cmake
[2.202s] -- Installing: /home/rc1/STrAduts/ConQU/Service_Learning/homework/install/lr_interfaces/share/lr_interfaces/cmake/export_lr_interfaces__rosidl_typesupport_fastrtps_cExport.cmake
[2.202s] -- Installing: /home/rc1/STrAduts/ConQU/Service_Learning/homework/install/lr_interfaces/share/lr_interfaces/cmake/export_lr_interfaces__rosidl_typesupport_fastrtps_cExport-noconfig.cmake
[2.202s] -- Installing: /home/rc1/STrAduts/ConQU/Service_Learning/homework/install/lr_interfaces/share/lr_interfaces/cmake/lr_interfaces__rosidl_typesupport_introspection_cExport.cmake
[2.202s] -- Installing: /home/rc1/STrAduts/ConQU/Service_Learning/homework/install/lr_interfaces/share/lr_interfaces/cmake/lr_interfaces__rosidl_typesupport_introspection_cExport-noconfig.cmake
[2.202s] -- Installing: /home/rc1/STrAduts/ConQU/Service_Learning/homework/install/lr_interfaces/share/lr_interfaces/cmake/lr_interfaces__rosidl_typesupport_cExport.cmake
[2.202s] -- Installing: /home/rc1/STrAduts/ConQU/Service_Learning/homework/install/lr_interfaces/share/lr_interfaces/cmake/lr_interfaces__rosidl_typesupport_cExport-noconfig.cmake
[2.202s] -- Installing: /home/rc1/STrAduts/ConQU/Service_Learning/homework/install/lr_interfaces/share/lr_interfaces/cmake/export_lr_interfaces__rosidl_generator_cppExport.cmake
[2.202s] -- Installing: /home/rc1/STrAduts/ConQU/Service_Learning/homework/install/lr_interfaces/share/lr_interfaces/cmake/export_lr_interfaces__rosidl_typesupport_fastrtps_cppExport.cmake
[2.202s] -- Installing: /home/rc1/STrAduts/ConQU/Service_Learning/homework/install/lr_interfaces/share/lr_interfaces/cmake/export_lr_interfaces__rosidl_typesupport_fastrtps_cppExport-noconfig.cmake
[2.203s] -- Installing: /home/rc1/STrAduts/ConQU/Service_Learning/homework/install/lr_interfaces/share/lr_interfaces/cmake/lr_interfaces__rosidl_typesupport_introspection_cppExport.cmake
[2.203s] -- Installing: /home/rc1/STrAduts/ConQU/Service_Learning/homework/install/lr_interfaces/share/lr_interfaces/cmake/lr_interfaces__rosidl_typesupport_introspection_cppExport-noconfig.cmake
[2.203s] -- Installing: /home/rc1/STrAduts/ConQU/Service_Learning/homework/install/lr_interfaces/share/lr_interfaces/cmake/lr_interfaces__rosidl_typesupport_cppExport.cmake
[2.203s] -- Installing: /home/rc1/STrAduts/ConQU/Service_Learning/homework/install/lr_interfaces/share/lr_interfaces/cmake/lr_interfaces__rosidl_typesupport_cppExport-noconfig.cmake
[2.203s] -- Installing: /home/rc1/STrAduts/ConQU/Service_Learning/homework/install/lr_interfaces/share/lr_interfaces/cmake/export_lr_interfaces__rosidl_generator_pyExport.cmake
[2.203s] -- Installing: /home/rc1/STrAduts/ConQU/Service_Learning/homework/install/lr_interfaces/share/lr_interfaces/cmake/export_lr_interfaces__rosidl_generator_pyExport-noconfig.cmake
[2.203s] -- Installing: /home/rc1/STrAduts/ConQU/Service_Learning/homework/install/lr_interfaces/share/lr_interfaces/cmake/rosidl_cmake-extras.cmake
[2.203s] -- Installing: /home/rc1/STrAduts/ConQU/Service_Learning/homework/install/lr_interfaces/share/lr_interfaces/cmake/ament_cmake_export_include_directories-extras.cmake
[2.203s] -- Installing: /home/rc1/STrAduts/ConQU/Service_Learning/homework/install/lr_interfaces/share/lr_interfaces/cmake/ament_cmake_export_libraries-extras.cmake
[2.203s] -- Installing: /home/rc1/STrAduts/ConQU/Service_Learning/homework/install/lr_interfaces/share/lr_interfaces/cmake/ament_cmake_export_targets-extras.cmake
[2.203s] -- Installing: /home/rc1/STrAduts/ConQU/Service_Learning/homework/install/lr_interfaces/share/lr_interfaces/cmake/rosidl_cmake_export_typesupport_targets-extras.cmake
[2.203s] -- Installing: /home/rc1/STrAduts/ConQU/Service_Learning/homework/install/lr_interfaces/share/lr_interfaces/cmake/ament_cmake_export_dependencies-extras.cmake
[2.203s] -- Installing: /home/rc1/STrAduts/ConQU/Service_Learning/homework/install/lr_interfaces/share/lr_interfaces/cmake/rosidl_cmake_export_typesupport_libraries-extras.cmake
[2.203s] -- Installing: /home/rc1/STrAduts/ConQU/Service_Learning/homework/install/lr_interfaces/share/lr_interfaces/cmake/lr_interfacesConfig.cmake
[2.204s] -- Installing: /home/rc1/STrAduts/ConQU/Service_Learning/homework/install/lr_interfaces/share/lr_interfaces/cmake/lr_interfacesConfig-version.cmake
[2.204s] -- Installing: /home/rc1/STrAduts/ConQU/Service_Learning/homework/install/lr_interfaces/share/lr_interfaces/package.xml
[2.206s] Invoked command in '/home/rc1/STrAduts/ConQU/Service_Learning/homework/build/lr_interfaces' returned '0': CMAKE_PREFIX_PATH=/opt/ros/humble /usr/bin/cmake --install /home/rc1/STrAduts/ConQU/Service_Learning/homework/build/lr_interfaces
