[0.007s] Invoking command in '/home/rc1/STrAduts/ConQU/Service_Learning/homework/build/morihuoshan': CMAKE_PREFIX_PATH=/opt/ros/humble /usr/bin/cmake --build /home/rc1/STrAduts/ConQU/Service_Learning/homework/build/morihuoshan -- -j8 -l8
[0.033s] Invoked command in '/home/rc1/STrAduts/ConQU/Service_Learning/homework/build/morihuoshan' returned '0': CMAKE_PREFIX_PATH=/opt/ros/humble /usr/bin/cmake --build /home/rc1/STrAduts/ConQU/Service_Learning/homework/build/morihuoshan -- -j8 -l8
[0.040s] Invoking command in '/home/rc1/STrAduts/ConQU/Service_Learning/homework/build/morihuoshan': CMAKE_PREFIX_PATH=/opt/ros/humble /usr/bin/cmake --install /home/rc1/STrAduts/ConQU/Service_Learning/homework/build/morihuoshan
[0.045s] -- Install configuration: ""
[0.045s] -- Installing: /home/rc1/STrAduts/ConQU/Service_Learning/homework/install/morihuoshan/share/ament_index/resource_index/package_run_dependencies/morihuoshan
[0.046s] -- Installing: /home/rc1/STrAduts/ConQU/Service_Learning/homework/install/morihuoshan/share/ament_index/resource_index/parent_prefix_path/morihuoshan
[0.046s] -- Installing: /home/rc1/STrAduts/ConQU/Service_Learning/homework/install/morihuoshan/share/morihuoshan/environment/ament_prefix_path.sh
[0.046s] -- Installing: /home/rc1/STrAduts/ConQU/Service_Learning/homework/install/morihuoshan/share/morihuoshan/environment/ament_prefix_path.dsv
[0.046s] -- Installing: /home/rc1/STrAduts/ConQU/Service_Learning/homework/install/morihuoshan/share/morihuoshan/environment/path.sh
[0.046s] -- Installing: /home/rc1/STrAduts/ConQU/Service_Learning/homework/install/morihuoshan/share/morihuoshan/environment/path.dsv
[0.046s] -- Installing: /home/rc1/STrAduts/ConQU/Service_Learning/homework/install/morihuoshan/share/morihuoshan/local_setup.bash
[0.046s] -- Installing: /home/rc1/STrAduts/ConQU/Service_Learning/homework/install/morihuoshan/share/morihuoshan/local_setup.sh
[0.046s] -- Installing: /home/rc1/STrAduts/ConQU/Service_Learning/homework/install/morihuoshan/share/morihuoshan/local_setup.zsh
[0.046s] -- Installing: /home/rc1/STrAduts/ConQU/Service_Learning/homework/install/morihuoshan/share/morihuoshan/local_setup.dsv
[0.046s] -- Installing: /home/rc1/STrAduts/ConQU/Service_Learning/homework/install/morihuoshan/share/morihuoshan/package.dsv
[0.046s] -- Installing: /home/rc1/STrAduts/ConQU/Service_Learning/homework/install/morihuoshan/share/ament_index/resource_index/packages/morihuoshan
[0.046s] -- Installing: /home/rc1/STrAduts/ConQU/Service_Learning/homework/install/morihuoshan/share/morihuoshan/cmake/morihuoshanConfig.cmake
[0.047s] -- Installing: /home/rc1/STrAduts/ConQU/Service_Learning/homework/install/morihuoshan/share/morihuoshan/cmake/morihuoshanConfig-version.cmake
[0.047s] -- Installing: /home/rc1/STrAduts/ConQU/Service_Learning/homework/install/morihuoshan/share/morihuoshan/package.xml
[0.048s] Invoked command in '/home/rc1/STrAduts/ConQU/Service_Learning/homework/build/morihuoshan' returned '0': CMAKE_PREFIX_PATH=/opt/ros/humble /usr/bin/cmake --install /home/rc1/STrAduts/ConQU/Service_Learning/homework/build/morihuoshan
