[0.077s] DEBUG:colcon:Command line arguments: ['/usr/bin/colcon', 'build', '--packages-select', 'student_node_rclcpp']
[0.077s] DEBUG:colcon:Parsed command line arguments: Namespace(log_base=None, log_level=None, verb_name='build', build_base='build', install_base='install', merge_install=False, symlink_install=False, test_result_base=None, continue_on_error=False, executor='parallel', parallel_workers=8, event_handlers=None, ignore_user_meta=False, metas=['./colcon.meta'], base_paths=['.'], packages_ignore=None, packages_ignore_regex=None, paths=None, packages_up_to=None, packages_up_to_regex=None, packages_above=None, packages_above_and_dependencies=None, packages_above_depth=None, packages_select_by_dep=None, packages_skip_by_dep=None, packages_skip_up_to=None, packages_select_build_failed=False, packages_skip_build_finished=False, packages_select_test_failures=False, packages_skip_test_passed=False, packages_select=['student_node_rclcpp'], packages_skip=None, packages_select_regex=None, packages_skip_regex=None, packages_start=None, packages_end=None, allow_overriding=[], cmake_args=None, cmake_target=None, cmake_target_skip_unavailable=False, cmake_clean_cache=False, cmake_clean_first=False, cmake_force_configure=False, ament_cmake_args=None, catkin_cmake_args=None, catkin_skip_building_tests=False, verb_parser=<colcon_defaults.argument_parser.defaults.DefaultArgumentsDecorator object at 0x77bf57d1ecb0>, verb_extension=<colcon_core.verb.build.BuildVerb object at 0x77bf57ed85b0>, main=<bound method BuildVerb.main of <colcon_core.verb.build.BuildVerb object at 0x77bf57ed85b0>>)
[0.187s] Level 1:colcon.colcon_core.package_discovery:discover_packages(colcon_meta) check parameters
[0.187s] Level 1:colcon.colcon_core.package_discovery:discover_packages(recursive) check parameters
[0.187s] Level 1:colcon.colcon_core.package_discovery:discover_packages(ignore) check parameters
[0.187s] Level 1:colcon.colcon_core.package_discovery:discover_packages(path) check parameters
[0.187s] Level 1:colcon.colcon_core.package_discovery:discover_packages(colcon_meta) discover
[0.187s] Level 1:colcon.colcon_core.package_discovery:discover_packages(recursive) discover
[0.187s] INFO:colcon.colcon_core.package_discovery:Crawling recursively for packages in '/home/rc-005/STrAduts/ConQU/Topic_Learning/student'
[0.187s] Level 1:colcon.colcon_core.package_identification:_identify(.) by extensions ['ignore', 'ignore_ament_install']
[0.187s] Level 1:colcon.colcon_core.package_identification:_identify(.) by extension 'ignore'
[0.187s] Level 1:colcon.colcon_core.package_identification:_identify(.) by extension 'ignore_ament_install'
[0.187s] Level 1:colcon.colcon_core.package_identification:_identify(.) by extensions ['colcon_pkg']
[0.187s] Level 1:colcon.colcon_core.package_identification:_identify(.) by extension 'colcon_pkg'
[0.187s] Level 1:colcon.colcon_core.package_identification:_identify(.) by extensions ['colcon_meta']
[0.187s] Level 1:colcon.colcon_core.package_identification:_identify(.) by extension 'colcon_meta'
[0.188s] Level 1:colcon.colcon_core.package_identification:_identify(.) by extensions ['ros']
[0.188s] Level 1:colcon.colcon_core.package_identification:_identify(.) by extension 'ros'
[0.196s] Level 1:colcon.colcon_core.package_identification:_identify(.) by extensions ['cmake', 'python']
[0.196s] Level 1:colcon.colcon_core.package_identification:_identify(.) by extension 'cmake'
[0.196s] Level 1:colcon.colcon_core.package_identification:_identify(.) by extension 'python'
[0.196s] Level 1:colcon.colcon_core.package_identification:_identify(.) by extensions ['python_setup_py']
[0.196s] Level 1:colcon.colcon_core.package_identification:_identify(.) by extension 'python_setup_py'
[0.197s] Level 1:colcon.colcon_core.package_identification:_identify(build) by extensions ['ignore', 'ignore_ament_install']
[0.197s] Level 1:colcon.colcon_core.package_identification:_identify(build) by extension 'ignore'
[0.197s] Level 1:colcon.colcon_core.package_identification:_identify(build) ignored
[0.197s] Level 1:colcon.colcon_core.package_identification:_identify(install) by extensions ['ignore', 'ignore_ament_install']
[0.197s] Level 1:colcon.colcon_core.package_identification:_identify(install) by extension 'ignore'
[0.197s] Level 1:colcon.colcon_core.package_identification:_identify(install) ignored
[0.197s] Level 1:colcon.colcon_core.package_identification:_identify(log) by extensions ['ignore', 'ignore_ament_install']
[0.197s] Level 1:colcon.colcon_core.package_identification:_identify(log) by extension 'ignore'
[0.197s] Level 1:colcon.colcon_core.package_identification:_identify(log) ignored
[0.197s] Level 1:colcon.colcon_core.package_identification:_identify(src) by extensions ['ignore', 'ignore_ament_install']
[0.197s] Level 1:colcon.colcon_core.package_identification:_identify(src) by extension 'ignore'
[0.197s] Level 1:colcon.colcon_core.package_identification:_identify(src) by extension 'ignore_ament_install'
[0.197s] Level 1:colcon.colcon_core.package_identification:_identify(src) by extensions ['colcon_pkg']
[0.197s] Level 1:colcon.colcon_core.package_identification:_identify(src) by extension 'colcon_pkg'
[0.197s] Level 1:colcon.colcon_core.package_identification:_identify(src) by extensions ['colcon_meta']
[0.197s] Level 1:colcon.colcon_core.package_identification:_identify(src) by extension 'colcon_meta'
[0.197s] Level 1:colcon.colcon_core.package_identification:_identify(src) by extensions ['ros']
[0.197s] Level 1:colcon.colcon_core.package_identification:_identify(src) by extension 'ros'
[0.197s] Level 1:colcon.colcon_core.package_identification:_identify(src) by extensions ['cmake', 'python']
[0.197s] Level 1:colcon.colcon_core.package_identification:_identify(src) by extension 'cmake'
[0.197s] Level 1:colcon.colcon_core.package_identification:_identify(src) by extension 'python'
[0.197s] Level 1:colcon.colcon_core.package_identification:_identify(src) by extensions ['python_setup_py']
[0.197s] Level 1:colcon.colcon_core.package_identification:_identify(src) by extension 'python_setup_py'
[0.198s] Level 1:colcon.colcon_core.package_identification:_identify(src/student_node_rclcpp) by extensions ['ignore', 'ignore_ament_install']
[0.198s] Level 1:colcon.colcon_core.package_identification:_identify(src/student_node_rclcpp) by extension 'ignore'
[0.198s] Level 1:colcon.colcon_core.package_identification:_identify(src/student_node_rclcpp) by extension 'ignore_ament_install'
[0.198s] Level 1:colcon.colcon_core.package_identification:_identify(src/student_node_rclcpp) by extensions ['colcon_pkg']
[0.198s] Level 1:colcon.colcon_core.package_identification:_identify(src/student_node_rclcpp) by extension 'colcon_pkg'
[0.198s] Level 1:colcon.colcon_core.package_identification:_identify(src/student_node_rclcpp) by extensions ['colcon_meta']
[0.198s] Level 1:colcon.colcon_core.package_identification:_identify(src/student_node_rclcpp) by extension 'colcon_meta'
[0.198s] Level 1:colcon.colcon_core.package_identification:_identify(src/student_node_rclcpp) by extensions ['ros']
[0.198s] Level 1:colcon.colcon_core.package_identification:_identify(src/student_node_rclcpp) by extension 'ros'
[0.200s] DEBUG:colcon.colcon_core.package_identification:Package 'src/student_node_rclcpp' with type 'ros.ament_cmake' and name 'student_node_rclcpp'
[0.200s] Level 1:colcon.colcon_core.package_discovery:discover_packages(recursive) using defaults
[0.200s] Level 1:colcon.colcon_core.package_discovery:discover_packages(ignore) discover
[0.200s] Level 1:colcon.colcon_core.package_discovery:discover_packages(ignore) using defaults
[0.200s] Level 1:colcon.colcon_core.package_discovery:discover_packages(path) discover
[0.200s] Level 1:colcon.colcon_core.package_discovery:discover_packages(path) using defaults
[0.215s] Level 1:colcon.colcon_core.package_discovery:discover_packages(prefix_path) check parameters
[0.215s] Level 1:colcon.colcon_core.package_discovery:discover_packages(prefix_path) discover
[0.216s] DEBUG:colcon.colcon_installed_package_information.package_discovery:Found 1 installed packages in /home/rc-005/STrAduts/ConQU/Topic_Learning/niluo/install
[0.217s] DEBUG:colcon.colcon_installed_package_information.package_discovery:Found 271 installed packages in /opt/ros/humble
[0.219s] Level 1:colcon.colcon_core.package_discovery:discover_packages(prefix_path) using defaults
[0.255s] Level 5:colcon.colcon_core.verb:set package 'student_node_rclcpp' build argument 'cmake_args' from command line to 'None'
[0.255s] Level 5:colcon.colcon_core.verb:set package 'student_node_rclcpp' build argument 'cmake_target' from command line to 'None'
[0.255s] Level 5:colcon.colcon_core.verb:set package 'student_node_rclcpp' build argument 'cmake_target_skip_unavailable' from command line to 'False'
[0.255s] Level 5:colcon.colcon_core.verb:set package 'student_node_rclcpp' build argument 'cmake_clean_cache' from command line to 'False'
[0.255s] Level 5:colcon.colcon_core.verb:set package 'student_node_rclcpp' build argument 'cmake_clean_first' from command line to 'False'
[0.255s] Level 5:colcon.colcon_core.verb:set package 'student_node_rclcpp' build argument 'cmake_force_configure' from command line to 'False'
[0.255s] Level 5:colcon.colcon_core.verb:set package 'student_node_rclcpp' build argument 'ament_cmake_args' from command line to 'None'
[0.255s] Level 5:colcon.colcon_core.verb:set package 'student_node_rclcpp' build argument 'catkin_cmake_args' from command line to 'None'
[0.255s] Level 5:colcon.colcon_core.verb:set package 'student_node_rclcpp' build argument 'catkin_skip_building_tests' from command line to 'False'
[0.255s] DEBUG:colcon.colcon_core.verb:Building package 'student_node_rclcpp' with the following arguments: {'ament_cmake_args': None, 'build_base': '/home/rc-005/STrAduts/ConQU/Topic_Learning/student/build/student_node_rclcpp', 'catkin_cmake_args': None, 'catkin_skip_building_tests': False, 'cmake_args': None, 'cmake_clean_cache': False, 'cmake_clean_first': False, 'cmake_force_configure': False, 'cmake_target': None, 'cmake_target_skip_unavailable': False, 'install_base': '/home/rc-005/STrAduts/ConQU/Topic_Learning/student/install/student_node_rclcpp', 'merge_install': False, 'path': '/home/rc-005/STrAduts/ConQU/Topic_Learning/student/src/student_node_rclcpp', 'symlink_install': False, 'test_result_base': None}
[0.255s] INFO:colcon.colcon_core.executor:Executing jobs using 'parallel' executor
[0.257s] DEBUG:colcon.colcon_parallel_executor.executor.parallel:run_until_complete
[0.257s] INFO:colcon.colcon_ros.task.ament_cmake.build:Building ROS package in '/home/rc-005/STrAduts/ConQU/Topic_Learning/student/src/student_node_rclcpp' with build type 'ament_cmake'
[0.257s] INFO:colcon.colcon_cmake.task.cmake.build:Building CMake package in '/home/rc-005/STrAduts/ConQU/Topic_Learning/student/src/student_node_rclcpp'
[0.258s] INFO:colcon.colcon_core.plugin_system:Skipping extension 'colcon_core.shell.bat': Not used on non-Windows systems
[0.258s] INFO:colcon.colcon_core.shell:Skip shell extension 'powershell' for command environment: Not usable outside of PowerShell
[0.258s] DEBUG:colcon.colcon_core.shell:Skip shell extension 'dsv' for command environment
[0.265s] DEBUG:colcon.colcon_core.event_handler.log_command:Invoking command in '/home/rc-005/STrAduts/ConQU/Topic_Learning/student/build/student_node_rclcpp': CMAKE_PREFIX_PATH=${CMAKE_PREFIX_PATH}:/opt/ros/humble /usr/bin/cmake /home/rc-005/STrAduts/ConQU/Topic_Learning/student/src/student_node_rclcpp -DCMAKE_INSTALL_PREFIX=/home/rc-005/STrAduts/ConQU/Topic_Learning/student/install/student_node_rclcpp
[0.612s] DEBUG:colcon.colcon_core.event_handler.log_command:Invoked command in '/home/rc-005/STrAduts/ConQU/Topic_Learning/student/build/student_node_rclcpp' returned '0': CMAKE_PREFIX_PATH=${CMAKE_PREFIX_PATH}:/opt/ros/humble /usr/bin/cmake /home/rc-005/STrAduts/ConQU/Topic_Learning/student/src/student_node_rclcpp -DCMAKE_INSTALL_PREFIX=/home/rc-005/STrAduts/ConQU/Topic_Learning/student/install/student_node_rclcpp
[0.614s] DEBUG:colcon.colcon_core.event_handler.log_command:Invoking command in '/home/rc-005/STrAduts/ConQU/Topic_Learning/student/build/student_node_rclcpp': CMAKE_PREFIX_PATH=${CMAKE_PREFIX_PATH}:/opt/ros/humble /usr/bin/cmake --build /home/rc-005/STrAduts/ConQU/Topic_Learning/student/build/student_node_rclcpp -- -j8 -l8
[7.651s] DEBUG:colcon.colcon_core.event_handler.log_command:Invoked command in '/home/rc-005/STrAduts/ConQU/Topic_Learning/student/build/student_node_rclcpp' returned '0': CMAKE_PREFIX_PATH=${CMAKE_PREFIX_PATH}:/opt/ros/humble /usr/bin/cmake --build /home/rc-005/STrAduts/ConQU/Topic_Learning/student/build/student_node_rclcpp -- -j8 -l8
[7.659s] DEBUG:colcon.colcon_core.event_handler.log_command:Invoking command in '/home/rc-005/STrAduts/ConQU/Topic_Learning/student/build/student_node_rclcpp': CMAKE_PREFIX_PATH=${CMAKE_PREFIX_PATH}:/opt/ros/humble /usr/bin/cmake --install /home/rc-005/STrAduts/ConQU/Topic_Learning/student/build/student_node_rclcpp
[7.669s] Level 1:colcon.colcon_core.environment:create_environment_scripts_only(student_node_rclcpp)
[7.670s] DEBUG:colcon.colcon_core.event_handler.log_command:Invoked command in '/home/rc-005/STrAduts/ConQU/Topic_Learning/student/build/student_node_rclcpp' returned '0': CMAKE_PREFIX_PATH=${CMAKE_PREFIX_PATH}:/opt/ros/humble /usr/bin/cmake --install /home/rc-005/STrAduts/ConQU/Topic_Learning/student/build/student_node_rclcpp
[7.671s] Level 1:colcon.colcon_core.environment:checking '/home/rc-005/STrAduts/ConQU/Topic_Learning/student/install/student_node_rclcpp' for CMake module files
[7.671s] Level 1:colcon.colcon_core.environment:checking '/home/rc-005/STrAduts/ConQU/Topic_Learning/student/install/student_node_rclcpp' for CMake config files
[7.671s] Level 1:colcon.colcon_core.shell:create_environment_hook('student_node_rclcpp', 'cmake_prefix_path')
[7.672s] INFO:colcon.colcon_core.shell:Creating environment hook '/home/rc-005/STrAduts/ConQU/Topic_Learning/student/install/student_node_rclcpp/share/student_node_rclcpp/hook/cmake_prefix_path.ps1'
[7.672s] INFO:colcon.colcon_core.shell:Creating environment descriptor '/home/rc-005/STrAduts/ConQU/Topic_Learning/student/install/student_node_rclcpp/share/student_node_rclcpp/hook/cmake_prefix_path.dsv'
[7.673s] INFO:colcon.colcon_core.shell:Creating environment hook '/home/rc-005/STrAduts/ConQU/Topic_Learning/student/install/student_node_rclcpp/share/student_node_rclcpp/hook/cmake_prefix_path.sh'
[7.674s] Level 1:colcon.colcon_core.environment:checking '/home/rc-005/STrAduts/ConQU/Topic_Learning/student/install/student_node_rclcpp/lib'
[7.674s] Level 1:colcon.colcon_core.environment:checking '/home/rc-005/STrAduts/ConQU/Topic_Learning/student/install/student_node_rclcpp/bin'
[7.674s] Level 1:colcon.colcon_core.environment:checking '/home/rc-005/STrAduts/ConQU/Topic_Learning/student/install/student_node_rclcpp/lib/pkgconfig/student_node_rclcpp.pc'
[7.674s] Level 1:colcon.colcon_core.environment:checking '/home/rc-005/STrAduts/ConQU/Topic_Learning/student/install/student_node_rclcpp/lib/python3.10/site-packages'
[7.674s] Level 1:colcon.colcon_core.environment:checking '/home/rc-005/STrAduts/ConQU/Topic_Learning/student/install/student_node_rclcpp/bin'
[7.675s] INFO:colcon.colcon_core.shell:Creating package script '/home/rc-005/STrAduts/ConQU/Topic_Learning/student/install/student_node_rclcpp/share/student_node_rclcpp/package.ps1'
[7.675s] INFO:colcon.colcon_core.shell:Creating package descriptor '/home/rc-005/STrAduts/ConQU/Topic_Learning/student/install/student_node_rclcpp/share/student_node_rclcpp/package.dsv'
[7.676s] INFO:colcon.colcon_core.shell:Creating package script '/home/rc-005/STrAduts/ConQU/Topic_Learning/student/install/student_node_rclcpp/share/student_node_rclcpp/package.sh'
[7.676s] INFO:colcon.colcon_core.shell:Creating package script '/home/rc-005/STrAduts/ConQU/Topic_Learning/student/install/student_node_rclcpp/share/student_node_rclcpp/package.bash'
[7.677s] INFO:colcon.colcon_core.shell:Creating package script '/home/rc-005/STrAduts/ConQU/Topic_Learning/student/install/student_node_rclcpp/share/student_node_rclcpp/package.zsh'
[7.677s] Level 1:colcon.colcon_core.environment:create_file_with_runtime_dependencies(/home/rc-005/STrAduts/ConQU/Topic_Learning/student/install/student_node_rclcpp/share/colcon-core/packages/student_node_rclcpp)
[7.677s] Level 1:colcon.colcon_core.environment:create_environment_scripts_only(student_node_rclcpp)
[7.678s] Level 1:colcon.colcon_core.environment:checking '/home/rc-005/STrAduts/ConQU/Topic_Learning/student/install/student_node_rclcpp' for CMake module files
[7.678s] Level 1:colcon.colcon_core.environment:checking '/home/rc-005/STrAduts/ConQU/Topic_Learning/student/install/student_node_rclcpp' for CMake config files
[7.678s] Level 1:colcon.colcon_core.shell:create_environment_hook('student_node_rclcpp', 'cmake_prefix_path')
[7.678s] INFO:colcon.colcon_core.shell:Creating environment hook '/home/rc-005/STrAduts/ConQU/Topic_Learning/student/install/student_node_rclcpp/share/student_node_rclcpp/hook/cmake_prefix_path.ps1'
[7.679s] INFO:colcon.colcon_core.shell:Creating environment descriptor '/home/rc-005/STrAduts/ConQU/Topic_Learning/student/install/student_node_rclcpp/share/student_node_rclcpp/hook/cmake_prefix_path.dsv'
[7.679s] INFO:colcon.colcon_core.shell:Creating environment hook '/home/rc-005/STrAduts/ConQU/Topic_Learning/student/install/student_node_rclcpp/share/student_node_rclcpp/hook/cmake_prefix_path.sh'
[7.679s] Level 1:colcon.colcon_core.environment:checking '/home/rc-005/STrAduts/ConQU/Topic_Learning/student/install/student_node_rclcpp/lib'
[7.679s] Level 1:colcon.colcon_core.environment:checking '/home/rc-005/STrAduts/ConQU/Topic_Learning/student/install/student_node_rclcpp/bin'
[7.679s] Level 1:colcon.colcon_core.environment:checking '/home/rc-005/STrAduts/ConQU/Topic_Learning/student/install/student_node_rclcpp/lib/pkgconfig/student_node_rclcpp.pc'
[7.679s] Level 1:colcon.colcon_core.environment:checking '/home/rc-005/STrAduts/ConQU/Topic_Learning/student/install/student_node_rclcpp/lib/python3.10/site-packages'
[7.680s] Level 1:colcon.colcon_core.environment:checking '/home/rc-005/STrAduts/ConQU/Topic_Learning/student/install/student_node_rclcpp/bin'
[7.680s] INFO:colcon.colcon_core.shell:Creating package script '/home/rc-005/STrAduts/ConQU/Topic_Learning/student/install/student_node_rclcpp/share/student_node_rclcpp/package.ps1'
[7.680s] INFO:colcon.colcon_core.shell:Creating package descriptor '/home/rc-005/STrAduts/ConQU/Topic_Learning/student/install/student_node_rclcpp/share/student_node_rclcpp/package.dsv'
[7.681s] INFO:colcon.colcon_core.shell:Creating package script '/home/rc-005/STrAduts/ConQU/Topic_Learning/student/install/student_node_rclcpp/share/student_node_rclcpp/package.sh'
[7.681s] INFO:colcon.colcon_core.shell:Creating package script '/home/rc-005/STrAduts/ConQU/Topic_Learning/student/install/student_node_rclcpp/share/student_node_rclcpp/package.bash'
[7.682s] INFO:colcon.colcon_core.shell:Creating package script '/home/rc-005/STrAduts/ConQU/Topic_Learning/student/install/student_node_rclcpp/share/student_node_rclcpp/package.zsh'
[7.682s] Level 1:colcon.colcon_core.environment:create_file_with_runtime_dependencies(/home/rc-005/STrAduts/ConQU/Topic_Learning/student/install/student_node_rclcpp/share/colcon-core/packages/student_node_rclcpp)
[7.682s] DEBUG:colcon.colcon_parallel_executor.executor.parallel:closing loop
[7.682s] DEBUG:colcon.colcon_parallel_executor.executor.parallel:loop closed
[7.682s] DEBUG:colcon.colcon_parallel_executor.executor.parallel:run_until_complete finished with '0'
[7.682s] DEBUG:colcon.colcon_core.event_reactor:joining thread
[7.686s] INFO:colcon.colcon_core.plugin_system:Skipping extension 'colcon_notification.desktop_notification.terminal_notifier': Not used on non-Darwin systems
[7.686s] INFO:colcon.colcon_core.plugin_system:Skipping extension 'colcon_notification.desktop_notification.win32': Not used on non-Windows systems
[7.686s] INFO:colcon.colcon_notification.desktop_notification:Sending desktop notification using 'notify2'
[7.693s] DEBUG:colcon.colcon_core.event_reactor:joined thread
[7.694s] INFO:colcon.colcon_core.shell:Creating prefix script '/home/rc-005/STrAduts/ConQU/Topic_Learning/student/install/local_setup.ps1'
[7.695s] INFO:colcon.colcon_core.shell:Creating prefix util module '/home/rc-005/STrAduts/ConQU/Topic_Learning/student/install/_local_setup_util_ps1.py'
[7.696s] INFO:colcon.colcon_core.shell:Creating prefix chain script '/home/rc-005/STrAduts/ConQU/Topic_Learning/student/install/setup.ps1'
[7.696s] INFO:colcon.colcon_core.shell:Creating prefix script '/home/rc-005/STrAduts/ConQU/Topic_Learning/student/install/local_setup.sh'
[7.697s] INFO:colcon.colcon_core.shell:Creating prefix util module '/home/rc-005/STrAduts/ConQU/Topic_Learning/student/install/_local_setup_util_sh.py'
[7.698s] INFO:colcon.colcon_core.shell:Creating prefix chain script '/home/rc-005/STrAduts/ConQU/Topic_Learning/student/install/setup.sh'
[7.699s] INFO:colcon.colcon_core.shell:Creating prefix script '/home/rc-005/STrAduts/ConQU/Topic_Learning/student/install/local_setup.bash'
[7.699s] INFO:colcon.colcon_core.shell:Creating prefix chain script '/home/rc-005/STrAduts/ConQU/Topic_Learning/student/install/setup.bash'
[7.700s] INFO:colcon.colcon_core.shell:Creating prefix script '/home/rc-005/STrAduts/ConQU/Topic_Learning/student/install/local_setup.zsh'
[7.700s] INFO:colcon.colcon_core.shell:Creating prefix chain script '/home/rc-005/STrAduts/ConQU/Topic_Learning/student/install/setup.zsh'
