[35m[1mConsolidate compiler generated dependencies of target niluo_node[0m
[ 50%] [32mBuilding CXX object CMakeFiles/niluo_node.dir/src/niluo_node.cpp.o[0m
[100%] [32m[1mLinking CXX executable niluo_node[0m
[100%] Built target niluo_node
-- Install configuration: ""
-- Up-to-date: /home/rc-005/STrAduts/ConQU/Topic_Learning/niluo/install/niluo_node_rclcpp/share/ament_index/resource_index/package_run_dependencies/niluo_node_rclcpp
-- Up-to-date: /home/rc-005/STrAduts/ConQU/Topic_Learning/niluo/install/niluo_node_rclcpp/share/ament_index/resource_index/parent_prefix_path/niluo_node_rclcpp
-- Up-to-date: /home/rc-005/STrAduts/ConQU/Topic_Learning/niluo/install/niluo_node_rclcpp/share/niluo_node_rclcpp/environment/ament_prefix_path.sh
-- Up-to-date: /home/rc-005/STrAduts/ConQU/Topic_Learning/niluo/install/niluo_node_rclcpp/share/niluo_node_rclcpp/environment/ament_prefix_path.dsv
-- Up-to-date: /home/rc-005/STrAduts/ConQU/Topic_Learning/niluo/install/niluo_node_rclcpp/share/niluo_node_rclcpp/environment/path.sh
-- Up-to-date: /home/rc-005/STrAduts/ConQU/Topic_Learning/niluo/install/niluo_node_rclcpp/share/niluo_node_rclcpp/environment/path.dsv
-- Up-to-date: /home/rc-005/STrAduts/ConQU/Topic_Learning/niluo/install/niluo_node_rclcpp/share/niluo_node_rclcpp/local_setup.bash
-- Up-to-date: /home/rc-005/STrAduts/ConQU/Topic_Learning/niluo/install/niluo_node_rclcpp/share/niluo_node_rclcpp/local_setup.sh
-- Up-to-date: /home/rc-005/STrAduts/ConQU/Topic_Learning/niluo/install/niluo_node_rclcpp/share/niluo_node_rclcpp/local_setup.zsh
-- Up-to-date: /home/rc-005/STrAduts/ConQU/Topic_Learning/niluo/install/niluo_node_rclcpp/share/niluo_node_rclcpp/local_setup.dsv
-- Installing: /home/rc-005/STrAduts/ConQU/Topic_Learning/niluo/install/niluo_node_rclcpp/share/niluo_node_rclcpp/package.dsv
-- Up-to-date: /home/rc-005/STrAduts/ConQU/Topic_Learning/niluo/install/niluo_node_rclcpp/share/ament_index/resource_index/packages/niluo_node_rclcpp
-- Up-to-date: /home/rc-005/STrAduts/ConQU/Topic_Learning/niluo/install/niluo_node_rclcpp/share/niluo_node_rclcpp/cmake/niluo_node_rclcppConfig.cmake
-- Up-to-date: /home/rc-005/STrAduts/ConQU/Topic_Learning/niluo/install/niluo_node_rclcpp/share/niluo_node_rclcpp/cmake/niluo_node_rclcppConfig-version.cmake
-- Up-to-date: /home/rc-005/STrAduts/ConQU/Topic_Learning/niluo/install/niluo_node_rclcpp/share/niluo_node_rclcpp/package.xml
-- Installing: /home/rc-005/STrAduts/ConQU/Topic_Learning/niluo/install/niluo_node_rclcpp/lib/niluo_node_rclcpp/niluo_node
-- Set runtime path of "/home/rc-005/STrAduts/ConQU/Topic_Learning/niluo/install/niluo_node_rclcpp/lib/niluo_node_rclcpp/niluo_node" to ""
