[0.008s] Invoking command in '/home/rc-005/STrAduts/ConQU/Topic_Learning/niluo/build/niluo_node_rclcpp': CMAKE_PREFIX_PATH=${CMAKE_PREFIX_PATH}:/opt/ros/humble /usr/bin/cmake --build /home/rc-005/STrAduts/ConQU/Topic_Learning/niluo/build/niluo_node_rclcpp -- -j8 -l8
[0.038s] [35m[1mConsolidate compiler generated dependencies of target niluo_node[0m
[0.052s] [ 50%] [32mBuilding CXX object CMakeFiles/niluo_node.dir/src/niluo_node.cpp.o[0m
[6.671s] [100%] [32m[1mLinking CXX executable niluo_node[0m
[7.016s] [100%] Built target niluo_node
[7.025s] Invoked command in '/home/rc-005/STrAduts/ConQU/Topic_Learning/niluo/build/niluo_node_rclcpp' returned '0': CMAKE_PREFIX_PATH=${CMAKE_PREFIX_PATH}:/opt/ros/humble /usr/bin/cmake --build /home/rc-005/STrAduts/ConQU/Topic_Learning/niluo/build/niluo_node_rclcpp -- -j8 -l8
[7.032s] Invoking command in '/home/rc-005/STrAduts/ConQU/Topic_Learning/niluo/build/niluo_node_rclcpp': CMAKE_PREFIX_PATH=${CMAKE_PREFIX_PATH}:/opt/ros/humble /usr/bin/cmake --install /home/rc-005/STrAduts/ConQU/Topic_Learning/niluo/build/niluo_node_rclcpp
[7.038s] -- Install configuration: ""
[7.038s] -- Up-to-date: /home/rc-005/STrAduts/ConQU/Topic_Learning/niluo/install/niluo_node_rclcpp/share/ament_index/resource_index/package_run_dependencies/niluo_node_rclcpp
[7.038s] -- Up-to-date: /home/rc-005/STrAduts/ConQU/Topic_Learning/niluo/install/niluo_node_rclcpp/share/ament_index/resource_index/parent_prefix_path/niluo_node_rclcpp
[7.038s] -- Up-to-date: /home/rc-005/STrAduts/ConQU/Topic_Learning/niluo/install/niluo_node_rclcpp/share/niluo_node_rclcpp/environment/ament_prefix_path.sh
[7.038s] -- Up-to-date: /home/rc-005/STrAduts/ConQU/Topic_Learning/niluo/install/niluo_node_rclcpp/share/niluo_node_rclcpp/environment/ament_prefix_path.dsv
[7.038s] -- Up-to-date: /home/rc-005/STrAduts/ConQU/Topic_Learning/niluo/install/niluo_node_rclcpp/share/niluo_node_rclcpp/environment/path.sh
[7.038s] -- Up-to-date: /home/rc-005/STrAduts/ConQU/Topic_Learning/niluo/install/niluo_node_rclcpp/share/niluo_node_rclcpp/environment/path.dsv
[7.038s] -- Up-to-date: /home/rc-005/STrAduts/ConQU/Topic_Learning/niluo/install/niluo_node_rclcpp/share/niluo_node_rclcpp/local_setup.bash
[7.038s] -- Up-to-date: /home/rc-005/STrAduts/ConQU/Topic_Learning/niluo/install/niluo_node_rclcpp/share/niluo_node_rclcpp/local_setup.sh
[7.038s] -- Up-to-date: /home/rc-005/STrAduts/ConQU/Topic_Learning/niluo/install/niluo_node_rclcpp/share/niluo_node_rclcpp/local_setup.zsh
[7.039s] -- Up-to-date: /home/rc-005/STrAduts/ConQU/Topic_Learning/niluo/install/niluo_node_rclcpp/share/niluo_node_rclcpp/local_setup.dsv
[7.039s] -- Installing: /home/rc-005/STrAduts/ConQU/Topic_Learning/niluo/install/niluo_node_rclcpp/share/niluo_node_rclcpp/package.dsv
[7.039s] -- Up-to-date: /home/rc-005/STrAduts/ConQU/Topic_Learning/niluo/install/niluo_node_rclcpp/share/ament_index/resource_index/packages/niluo_node_rclcpp
[7.039s] -- Up-to-date: /home/rc-005/STrAduts/ConQU/Topic_Learning/niluo/install/niluo_node_rclcpp/share/niluo_node_rclcpp/cmake/niluo_node_rclcppConfig.cmake
[7.039s] -- Up-to-date: /home/rc-005/STrAduts/ConQU/Topic_Learning/niluo/install/niluo_node_rclcpp/share/niluo_node_rclcpp/cmake/niluo_node_rclcppConfig-version.cmake
[7.039s] -- Up-to-date: /home/rc-005/STrAduts/ConQU/Topic_Learning/niluo/install/niluo_node_rclcpp/share/niluo_node_rclcpp/package.xml
[7.039s] -- Installing: /home/rc-005/STrAduts/ConQU/Topic_Learning/niluo/install/niluo_node_rclcpp/lib/niluo_node_rclcpp/niluo_node
[7.041s] -- Set runtime path of "/home/rc-005/STrAduts/ConQU/Topic_Learning/niluo/install/niluo_node_rclcpp/lib/niluo_node_rclcpp/niluo_node" to ""
[7.043s] Invoked command in '/home/rc-005/STrAduts/ConQU/Topic_Learning/niluo/build/niluo_node_rclcpp' returned '0': CMAKE_PREFIX_PATH=${CMAKE_PREFIX_PATH}:/opt/ros/humble /usr/bin/cmake --install /home/rc-005/STrAduts/ConQU/Topic_Learning/niluo/build/niluo_node_rclcpp
