[0.008s] Invoking command in '/home/rc1/STrAduts/ConQU/Service_Learning/homework/build/morihuoshan': CMAKE_PREFIX_PATH=${CMAKE_PREFIX_PATH}:/opt/ros/humble /usr/bin/cmake --build /home/rc1/STrAduts/ConQU/Service_Learning/homework/build/morihuoshan -- -j8 -l8
[0.038s] [35m[1mConsolidate compiler generated dependencies of target car_service[0m
[0.038s] [35m[1mConsolidate compiler generated dependencies of target car_client[0m
[0.050s] [ 25%] [32mBuilding CXX object CMakeFiles/car_service.dir/src/car_service.cpp.o[0m
[0.053s] [ 50%] [32mBuilding CXX object CMakeFiles/car_client.dir/src/car_client.cpp.o[0m
[2.036s] [01m[K/home/rc1/STrAduts/ConQU/Service_Learning/homework/src/morihuoshan/src/car_service.cpp:20:13:[m[K [01;31m[Kerror: [m[K‘[01m[Kcosnt[m[K’ has not been declared
[2.036s]    20 |             [01;31m[Kcosnt[m[K std :: shared_ptr <lr_interfaces :: srv :: Climb :: Request> request,
[2.036s]       |             [01;31m[K^~~~~[m[K
[2.036s] [01m[K/home/rc1/STrAduts/ConQU/Service_Learning/homework/src/morihuoshan/src/car_service.cpp:20:80:[m[K [01;31m[Kerror: [m[Kexpected unqualified-id before ‘[01m[Krequest[m[K’
[2.036s]    20 |             cosnt std :: shared_ptr <lr_interfaces :: srv :: Climb :: Request> [01;31m[Krequest[m[K,
[2.036s]       |                                                                                [01;31m[K^~~~~~~[m[K
[2.036s] [01m[K/home/rc1/STrAduts/ConQU/Service_Learning/homework/src/morihuoshan/src/car_service.cpp:20:79:[m[K [01;31m[Kerror: [m[Kexpected ‘[01m[K)[m[K’ before ‘[01m[Krequest[m[K’
[2.036s]    20 |             cosnt std :: shared_ptr <lr_interfaces :: srv :: Climb :: Request>[01;31m[K [m[K[32m[Krequest[m[K,
[2.036s]       |                                                                               [01;31m[K^[m[K[32m[K~~~~~~~[m[K
[2.036s]       |                                                                               [32m[K)[m[K
[2.036s] [01m[K/home/rc1/STrAduts/ConQU/Service_Learning/homework/src/morihuoshan/src/car_service.cpp:19:29:[m[K [01;36m[Knote: [m[Kto match this ‘[01m[K([m[K’
[2.036s]    19 |         void handle_service [01;36m[K([m[K
[2.036s]       |                             [01;36m[K^[m[K
[2.036s] [01m[K/home/rc1/STrAduts/ConQU/Service_Learning/homework/src/morihuoshan/src/car_service.cpp:20:26:[m[K [01;31m[Kerror: [m[Kexpected ‘[01m[K;[m[K’ at end of member declaration
[2.036s]    20 |             cosnt std :: [01;31m[Kshared_ptr <lr_interfaces :: srv :: Climb :: Request>[m[K request,
[2.037s]       |                          [01;31m[K^~~~~~~~~~~~~~~~~~~~~~~~~~~~~~~~~~~~~~~~~~~~~~~~~~~~~[m[K
[2.037s]       |                                                                               [32m[K;[m[K
[2.037s] [01m[K/home/rc1/STrAduts/ConQU/Service_Learning/homework/src/morihuoshan/src/car_service.cpp:20:80:[m[K [01;31m[Kerror: [m[K‘[01m[Krequest[m[K’ does not name a type
[2.038s]    20 |             cosnt std :: shared_ptr <lr_interfaces :: srv :: Climb :: Request> [01;31m[Krequest[m[K,
[2.038s]       |                                                                                [01;31m[K^~~~~~~[m[K
[2.058s] In file included from [01m[K/opt/ros/humble/include/rclcpp/rclcpp/client.hpp:40[m[K,
[2.058s]                  from [01m[K/opt/ros/humble/include/rclcpp/rclcpp/callback_group.hpp:24[m[K,
[2.058s]                  from [01m[K/opt/ros/humble/include/rclcpp/rclcpp/any_executable.hpp:20[m[K,
[2.058s]                  from [01m[K/opt/ros/humble/include/rclcpp/rclcpp/memory_strategy.hpp:25[m[K,
[2.058s]                  from [01m[K/opt/ros/humble/include/rclcpp/rclcpp/memory_strategies.hpp:18[m[K,
[2.058s]                  from [01m[K/opt/ros/humble/include/rclcpp/rclcpp/executor_options.hpp:20[m[K,
[2.058s]                  from [01m[K/opt/ros/humble/include/rclcpp/rclcpp/executor.hpp:37[m[K,
[2.058s]                  from [01m[K/opt/ros/humble/include/rclcpp/rclcpp/executors/multi_threaded_executor.hpp:25[m[K,
[2.058s]                  from [01m[K/opt/ros/humble/include/rclcpp/rclcpp/executors.hpp:21[m[K,
[2.058s]                  from [01m[K/opt/ros/humble/include/rclcpp/rclcpp/rclcpp.hpp:155[m[K,
[2.058s]                  from [01m[K/home/rc1/STrAduts/ConQU/Service_Learning/homework/src/morihuoshan/src/car_service.cpp:1[m[K:
[2.058s] [01m[K/home/rc1/STrAduts/ConQU/Service_Learning/homework/src/morihuoshan/src/car_service.cpp:[m[K In constructor ‘[01m[KCarService::CarService()[m[K’:
[2.058s] [01m[K/home/rc1/STrAduts/ConQU/Service_Learning/homework/src/morihuoshan/src/car_service.cpp:15:13:[m[K [01;31m[Kerror: [m[Kexpected ‘[01m[K;[m[K’ before ‘[01m[Kdo[m[K’
[2.059s]    15 |             [01;31m[KRCLCPP_INFO[m[K (this -> get_logger (), "Car Climb Service is ready.");
[2.059s]       |             [01;31m[K^~~~~~~~~~~[m[K
[2.069s] [01m[K/home/rc1/STrAduts/ConQU/Service_Learning/homework/src/morihuoshan/src/car_client.cpp:48:2:[m[K [01;31m[Kerror: [m[Kexpected ‘[01m[K;[m[K’ after class definition
[2.069s]    48 | }
[2.069s]       |  [01;31m[K^[m[K
[2.069s]       |  [32m[K;[m[K
[2.070s] [01m[K/home/rc1/STrAduts/ConQU/Service_Learning/homework/src/morihuoshan/src/car_client.cpp:[m[K In constructor ‘[01m[KCarClient::CarClient()[m[K’:
[2.070s] [01m[K/home/rc1/STrAduts/ConQU/Service_Learning/homework/src/morihuoshan/src/car_client.cpp:13:70:[m[K [01;31m[Kerror: [m[K‘[01m[Kclimb[m[K’ is not a member of ‘[01m[Klr_interfaces::srv[m[K’; did you mean ‘[01m[KClimb[m[K’?
[2.070s]    13 |             client_ = this -> create_client <lr_interfaces :: srv :: [01;31m[Kclimb[m[K> ("car_climb");
[2.070s]       |                                                                      [01;31m[K^~~~~[m[K
[2.070s]       |                                                                      [32m[KClimb[m[K
[2.070s] [01m[K/home/rc1/STrAduts/ConQU/Service_Learning/homework/src/morihuoshan/src/car_client.cpp:13:77:[m[K [01;31m[Kerror: [m[Kno matching function for call to ‘[01m[KCarClient::create_client<<expression error> >(const char [10])[m[K’
[2.070s]    13 |             client_ = [01;31m[Kthis -> create_client <lr_interfaces :: srv :: climb> ("car_climb")[m[K;
[2.070s]       |                       [01;31m[K~~~~~~~~~~~~~~~~~~~~~~~~~~~~~~~~~~~~~~~~~~~~~~~~~~~~~~^~~~~~~~~~~~~[m[K
[2.070s] In file included from [01m[K/opt/ros/humble/include/rclcpp/rclcpp/executors/single_threaded_executor.hpp:28[m[K,
[2.070s]                  from [01m[K/opt/ros/humble/include/rclcpp/rclcpp/executors.hpp:22[m[K,
[2.070s]                  from [01m[K/opt/ros/humble/include/rclcpp/rclcpp/rclcpp.hpp:155[m[K,
[2.070s]                  from [01m[K/home/rc1/STrAduts/ConQU/Service_Learning/homework/src/morihuoshan/src/car_client.cpp:1[m[K:
[2.070s] [01m[K/opt/ros/humble/include/rclcpp/rclcpp/node.hpp:252:3:[m[K [01;36m[Knote: [m[Kcandidate: ‘[01m[Ktemplate<class ServiceT> typename rclcpp::Client<ServiceT>::SharedPtr rclcpp::Node::create_client(const string&, const rmw_qos_profile_t&, rclcpp::CallbackGroup::SharedPtr)[m[K’
[2.070s]   252 |   [01;36m[Kcreate_client[m[K(
[2.071s]       |   [01;36m[K^~~~~~~~~~~~~[m[K
[2.071s] [01m[K/opt/ros/humble/include/rclcpp/rclcpp/node.hpp:252:3:[m[K [01;36m[Knote: [m[K  template argument deduction/substitution failed:
[2.071s] [01m[K/home/rc1/STrAduts/ConQU/Service_Learning/homework/src/morihuoshan/src/car_client.cpp:13:77:[m[K [01;31m[Kerror: [m[Ktemplate argument 1 is invalid
[2.071s]    13 |             client_ = [01;31m[Kthis -> create_client <lr_interfaces :: srv :: climb> ("car_climb")[m[K;
[2.071s]       |                       [01;31m[K~~~~~~~~~~~~~~~~~~~~~~~~~~~~~~~~~~~~~~~~~~~~~~~~~~~~~~^~~~~~~~~~~~~[m[K
[2.084s] [01m[K/home/rc1/STrAduts/ConQU/Service_Learning/homework/src/morihuoshan/src/car_client.cpp:[m[K In function ‘[01m[Kint main(int, char**)[m[K’:
[2.084s] [01m[K/home/rc1/STrAduts/ConQU/Service_Learning/homework/src/morihuoshan/src/car_client.cpp:58:5:[m[K [01;31m[Kerror: [m[K‘[01m[Kcar_client[m[K’ was not declared in this scope; did you mean ‘[01m[KCarClient[m[K’?
[2.084s]    58 |     [01;31m[Kcar_client[m[K -> send_request (target_height);
[2.084s]       |     [01;31m[K^~~~~~~~~~[m[K
[2.084s]       |     [32m[KCarClient[m[K
[2.294s] In file included from [01m[K/opt/ros/humble/include/rclcpp/rclcpp/client.hpp:39[m[K,
[2.294s]                  from [01m[K/opt/ros/humble/include/rclcpp/rclcpp/callback_group.hpp:24[m[K,
[2.294s]                  from [01m[K/opt/ros/humble/include/rclcpp/rclcpp/any_executable.hpp:20[m[K,
[2.294s]                  from [01m[K/opt/ros/humble/include/rclcpp/rclcpp/memory_strategy.hpp:25[m[K,
[2.294s]                  from [01m[K/opt/ros/humble/include/rclcpp/rclcpp/memory_strategies.hpp:18[m[K,
[2.294s]                  from [01m[K/opt/ros/humble/include/rclcpp/rclcpp/executor_options.hpp:20[m[K,
[2.294s]                  from [01m[K/opt/ros/humble/include/rclcpp/rclcpp/executor.hpp:37[m[K,
[2.294s]                  from [01m[K/opt/ros/humble/include/rclcpp/rclcpp/executors/multi_threaded_executor.hpp:25[m[K,
[2.294s]                  from [01m[K/opt/ros/humble/include/rclcpp/rclcpp/executors.hpp:21[m[K,
[2.294s]                  from [01m[K/opt/ros/humble/include/rclcpp/rclcpp/rclcpp.hpp:155[m[K,
[2.294s]                  from [01m[K/home/rc1/STrAduts/ConQU/Service_Learning/homework/src/morihuoshan/src/car_service.cpp:1[m[K:
[2.295s] /opt/ros/humble/include/rclcpp/rclcpp/function_traits.hpp: In instantiation of ‘[01m[Kstruct rclcpp::function_traits::function_traits<std::_Bind<void (CarService::*(CarService*, std::_Placeholder<1>, std::_Placeholder<2>))(...)> >[m[K’:
[2.295s] [01m[K/opt/ros/humble/include/rclcpp/rclcpp/function_traits.hpp:165:8:[m[K   required from ‘[01m[Kstruct rclcpp::function_traits::same_arguments<std::_Bind<void (CarService::*(CarService*, std::_Placeholder<1>, std::_Placeholder<2>))(...)>, std::function<void(std::shared_ptr<lr_interfaces::srv::Climb_Request_<std::allocator<void> > >, std::shared_ptr<lr_interfaces::srv::Climb_Response_<std::allocator<void> > >)> >[m[K’
[2.295s] [01m[K/opt/ros/humble/include/rclcpp/rclcpp/any_service_callback.hpp:76:10:[m[K   required from ‘[01m[Kvoid rclcpp::AnyServiceCallback<ServiceT>::set(CallbackT&&) [with CallbackT = std::_Bind<void (CarService::*(CarService*, std::_Placeholder<1>, std::_Placeholder<2>))(...)>; typename std::enable_if<(! rclcpp::detail::can_be_nullptr<CallbackT>::value), int>::type <anonymous> = 0; ServiceT = lr_interfaces::srv::Climb][m[K’
[2.295s] [01m[K/opt/ros/humble/include/rclcpp/rclcpp/create_service.hpp:43:27:[m[K   required from ‘[01m[Ktypename rclcpp::Service<ServiceT>::SharedPtr rclcpp::create_service(std::shared_ptr<rclcpp::node_interfaces::NodeBaseInterface>, std::shared_ptr<rclcpp::node_interfaces::NodeServicesInterface>, const string&, CallbackT&&, const rmw_qos_profile_t&, rclcpp::CallbackGroup::SharedPtr) [with ServiceT = lr_interfaces::srv::Climb; CallbackT = std::_Bind<void (CarService::*(CarService*, std::_Placeholder<1>, std::_Placeholder<2>))(...)>; typename rclcpp::Service<ServiceT>::SharedPtr = std::shared_ptr<rclcpp::Service<lr_interfaces::srv::Climb> >; std::string = std::__cxx11::basic_string<char>; rmw_qos_profile_t = rmw_qos_profile_s; rclcpp::CallbackGroup::SharedPtr = std::shared_ptr<rclcpp::CallbackGroup>][m[K’
[2.295s] [01m[K/opt/ros/humble/include/rclcpp/rclcpp/node_impl.hpp:147:53:[m[K   required from ‘[01m[Ktypename rclcpp::Service<ServiceT>::SharedPtr rclcpp::Node::create_service(const string&, CallbackT&&, const rmw_qos_profile_t&, rclcpp::CallbackGroup::SharedPtr) [with ServiceT = lr_interfaces::srv::Climb; CallbackT = std::_Bind<void (CarService::*(CarService*, std::_Placeholder<1>, std::_Placeholder<2>))(...)>; typename rclcpp::Service<ServiceT>::SharedPtr = std::shared_ptr<rclcpp::Service<lr_interfaces::srv::Climb> >; std::string = std::__cxx11::basic_string<char>; rmw_qos_profile_t = rmw_qos_profile_s; rclcpp::CallbackGroup::SharedPtr = std::shared_ptr<rclcpp::CallbackGroup>][m[K’
[2.295s] [01m[K/home/rc1/STrAduts/ConQU/Service_Learning/homework/src/morihuoshan/src/car_service.cpp:11:79:[m[K   required from here
[2.295s] [01m[K/opt/ros/humble/include/rclcpp/rclcpp/function_traits.hpp:51:9:[m[K [01;31m[Kerror: [m[K‘[01m[Kdecltype[m[K’ cannot resolve address of overloaded function
[2.295s]    51 |   using [01;31m[Karguments[m[K = typename tuple_tail<
[2.295s]       |         [01;31m[K^~~~~~~~~[m[K
[2.295s] [01m[K/opt/ros/humble/include/rclcpp/rclcpp/function_traits.hpp:57:9:[m[K [01;31m[Kerror: [m[K‘[01m[Kdecltype[m[K’ cannot resolve address of overloaded function
[2.295s]    57 |   using [01;31m[Kargument_type[m[K = typename std::tuple_element<N, arguments>::type;
[2.295s]       |         [01;31m[K^~~~~~~~~~~~~[m[K
[2.295s] [01m[K/opt/ros/humble/include/rclcpp/rclcpp/function_traits.hpp:59:9:[m[K [01;31m[Kerror: [m[K‘[01m[Kdecltype[m[K’ cannot resolve address of overloaded function
[2.296s]    59 |   using [01;31m[Kreturn_type[m[K = typename function_traits<decltype( &FunctionT::operator())>::return_type;
[2.296s]       |         [01;31m[K^~~~~~~~~~~[m[K
[2.296s] In file included from [01m[K/opt/ros/humble/include/rclcpp/rclcpp/service.hpp:36[m[K,
[2.296s]                  from [01m[K/opt/ros/humble/include/rclcpp/rclcpp/callback_group.hpp:28[m[K,
[2.296s]                  from [01m[K/opt/ros/humble/include/rclcpp/rclcpp/any_executable.hpp:20[m[K,
[2.296s]                  from [01m[K/opt/ros/humble/include/rclcpp/rclcpp/memory_strategy.hpp:25[m[K,
[2.296s]                  from [01m[K/opt/ros/humble/include/rclcpp/rclcpp/memory_strategies.hpp:18[m[K,
[2.296s]                  from [01m[K/opt/ros/humble/include/rclcpp/rclcpp/executor_options.hpp:20[m[K,
[2.296s]                  from [01m[K/opt/ros/humble/include/rclcpp/rclcpp/executor.hpp:37[m[K,
[2.296s]                  from [01m[K/opt/ros/humble/include/rclcpp/rclcpp/executors/multi_threaded_executor.hpp:25[m[K,
[2.296s]                  from [01m[K/opt/ros/humble/include/rclcpp/rclcpp/executors.hpp:21[m[K,
[2.296s]                  from [01m[K/opt/ros/humble/include/rclcpp/rclcpp/rclcpp.hpp:155[m[K,
[2.296s]                  from [01m[K/home/rc1/STrAduts/ConQU/Service_Learning/homework/src/morihuoshan/src/car_service.cpp:1[m[K:
[2.296s] /opt/ros/humble/include/rclcpp/rclcpp/any_service_callback.hpp: In instantiation of ‘[01m[Kvoid rclcpp::AnyServiceCallback<ServiceT>::set(CallbackT&&) [with CallbackT = std::_Bind<void (CarService::*(CarService*, std::_Placeholder<1>, std::_Placeholder<2>))(...)>; typename std::enable_if<(! rclcpp::detail::can_be_nullptr<CallbackT>::value), int>::type <anonymous> = 0; ServiceT = lr_interfaces::srv::Climb][m[K’:
[2.296s] [01m[K/opt/ros/humble/include/rclcpp/rclcpp/create_service.hpp:43:27:[m[K   required from ‘[01m[Ktypename rclcpp::Service<ServiceT>::SharedPtr rclcpp::create_service(std::shared_ptr<rclcpp::node_interfaces::NodeBaseInterface>, std::shared_ptr<rclcpp::node_interfaces::NodeServicesInterface>, const string&, CallbackT&&, const rmw_qos_profile_t&, rclcpp::CallbackGroup::SharedPtr) [with ServiceT = lr_interfaces::srv::Climb; CallbackT = std::_Bind<void (CarService::*(CarService*, std::_Placeholder<1>, std::_Placeholder<2>))(...)>; typename rclcpp::Service<ServiceT>::SharedPtr = std::shared_ptr<rclcpp::Service<lr_interfaces::srv::Climb> >; std::string = std::__cxx11::basic_string<char>; rmw_qos_profile_t = rmw_qos_profile_s; rclcpp::CallbackGroup::SharedPtr = std::shared_ptr<rclcpp::CallbackGroup>][m[K’
[2.296s] [01m[K/opt/ros/humble/include/rclcpp/rclcpp/node_impl.hpp:147:53:[m[K   required from ‘[01m[Ktypename rclcpp::Service<ServiceT>::SharedPtr rclcpp::Node::create_service(const string&, CallbackT&&, const rmw_qos_profile_t&, rclcpp::CallbackGroup::SharedPtr) [with ServiceT = lr_interfaces::srv::Climb; CallbackT = std::_Bind<void (CarService::*(CarService*, std::_Placeholder<1>, std::_Placeholder<2>))(...)>; typename rclcpp::Service<ServiceT>::SharedPtr = std::shared_ptr<rclcpp::Service<lr_interfaces::srv::Climb> >; std::string = std::__cxx11::basic_string<char>; rmw_qos_profile_t = rmw_qos_profile_s; rclcpp::CallbackGroup::SharedPtr = std::shared_ptr<rclcpp::CallbackGroup>][m[K’
[2.297s] [01m[K/home/rc1/STrAduts/ConQU/Service_Learning/homework/src/morihuoshan/src/car_service.cpp:11:79:[m[K   required from here
[2.297s] [01m[K/opt/ros/humble/include/rclcpp/rclcpp/any_service_callback.hpp:76:10:[m[K [01;31m[Kerror: [m[K‘[01m[Kvalue[m[K’ is not a member of ‘[01m[Krclcpp::function_traits::same_arguments<std::_Bind<void (CarService::*(CarService*, std::_Placeholder<1>, std::_Placeholder<2>))(...)>, std::function<void(std::shared_ptr<lr_interfaces::srv::Climb_Request_<std::allocator<void> > >, std::shared_ptr<lr_interfaces::srv::Climb_Response_<std::allocator<void> > >)> >[m[K’
[2.297s]    76 |       >::[01;31m[Kvalue[m[K)
[2.297s]       |          [01;31m[K^~~~~[m[K
[2.301s] [01m[K/opt/ros/humble/include/rclcpp/rclcpp/any_service_callback.hpp:83:10:[m[K [01;31m[Kerror: [m[K‘[01m[Kvalue[m[K’ is not a member of ‘[01m[Krclcpp::function_traits::same_arguments<std::_Bind<void (CarService::*(CarService*, std::_Placeholder<1>, std::_Placeholder<2>))(...)>, std::function<void(std::shared_ptr<rmw_request_id_s>, std::shared_ptr<lr_interfaces::srv::Climb_Request_<std::allocator<void> > >, std::shared_ptr<lr_interfaces::srv::Climb_Response_<std::allocator<void> > >)> >[m[K’
[2.301s]    83 |       >::[01;31m[Kvalue[m[K)
[2.301s]       |          [01;31m[K^~~~~[m[K
[2.304s] [01m[K/opt/ros/humble/include/rclcpp/rclcpp/any_service_callback.hpp:90:10:[m[K [01;31m[Kerror: [m[K‘[01m[Kvalue[m[K’ is not a member of ‘[01m[Krclcpp::function_traits::same_arguments<std::_Bind<void (CarService::*(CarService*, std::_Placeholder<1>, std::_Placeholder<2>))(...)>, std::function<void(std::shared_ptr<rmw_request_id_s>, std::shared_ptr<lr_interfaces::srv::Climb_Request_<std::allocator<void> > >)> >[m[K’
[2.304s]    90 |       >::[01;31m[Kvalue[m[K)
[2.305s]       |          [01;31m[K^~~~~[m[K
[2.306s] [01m[K/opt/ros/humble/include/rclcpp/rclcpp/any_service_callback.hpp:97:10:[m[K [01;31m[Kerror: [m[K‘[01m[Kvalue[m[K’ is not a member of ‘[01m[Krclcpp::function_traits::same_arguments<std::_Bind<void (CarService::*(CarService*, std::_Placeholder<1>, std::_Placeholder<2>))(...)>, std::function<void(std::shared_ptr<rclcpp::Service<lr_interfaces::srv::Climb> >, std::shared_ptr<rmw_request_id_s>, std::shared_ptr<lr_interfaces::srv::Climb_Request_<std::allocator<void> > >)> >[m[K’
[2.306s]    97 |       >::[01;31m[Kvalue[m[K)
[2.306s]       |          [01;31m[K^~~~~[m[K
[2.309s] [01m[K/opt/ros/humble/include/rclcpp/rclcpp/any_service_callback.hpp:103:17:[m[K [01;31m[Kerror: [m[Kno match for ‘[01m[Koperator=[m[K’ (operand types are ‘[01m[Kstd::variant<std::monostate, std::function<void(std::shared_ptr<lr_interfaces::srv::Climb_Request_<std::allocator<void> > >, std::shared_ptr<lr_interfaces::srv::Climb_Response_<std::allocator<void> > >)>, std::function<void(std::shared_ptr<rmw_request_id_s>, std::shared_ptr<lr_interfaces::srv::Climb_Request_<std::allocator<void> > >, std::shared_ptr<lr_interfaces::srv::Climb_Response_<std::allocator<void> > >)>, std::function<void(std::shared_ptr<rmw_request_id_s>, std::shared_ptr<lr_interfaces::srv::Climb_Request_<std::allocator<void> > >)>, std::function<void(std::shared_ptr<rclcpp::Service<lr_interfaces::srv::Climb> >, std::shared_ptr<rmw_request_id_s>, std::shared_ptr<lr_interfaces::srv::Climb_Request_<std::allocator<void> > >)> >[m[K’ and ‘[01m[Kstd::_Bind<void (CarService::*(CarService*, std::_Placeholder<1>, std::_Placeholder<2>))(...)>[m[K’)
[2.309s]   103 |       [01;31m[Kcallback_ = std::forward<CallbackT>(callback)[m[K;
[2.310s]       |       [01;31m[K~~~~~~~~~~^~~~~~~~~~~~~~~~~~~~~~~~~~~~~~~~~~~[m[K
[2.310s] In file included from [01m[K/opt/ros/humble/include/rclcpp/rclcpp/client.hpp:28[m[K,
[2.310s]                  from [01m[K/opt/ros/humble/include/rclcpp/rclcpp/callback_group.hpp:24[m[K,
[2.310s]                  from [01m[K/opt/ros/humble/include/rclcpp/rclcpp/any_executable.hpp:20[m[K,
[2.310s]                  from [01m[K/opt/ros/humble/include/rclcpp/rclcpp/memory_strategy.hpp:25[m[K,
[2.310s]                  from [01m[K/opt/ros/humble/include/rclcpp/rclcpp/memory_strategies.hpp:18[m[K,
[2.310s]                  from [01m[K/opt/ros/humble/include/rclcpp/rclcpp/executor_options.hpp:20[m[K,
[2.311s]                  from [01m[K/opt/ros/humble/include/rclcpp/rclcpp/executor.hpp:37[m[K,
[2.311s]                  from [01m[K/opt/ros/humble/include/rclcpp/rclcpp/executors/multi_threaded_executor.hpp:25[m[K,
[2.311s]                  from [01m[K/opt/ros/humble/include/rclcpp/rclcpp/executors.hpp:21[m[K,
[2.311s]                  from [01m[K/opt/ros/humble/include/rclcpp/rclcpp/rclcpp.hpp:155[m[K,
[2.311s]                  from [01m[K/home/rc1/STrAduts/ConQU/Service_Learning/homework/src/morihuoshan/src/car_service.cpp:1[m[K:
[2.311s] [01m[K/usr/include/c++/11/variant:1461:9:[m[K [01;36m[Knote: [m[Kcandidate: ‘[01m[Ktemplate<class _Tp> std::enable_if_t<((__exactly_once<std::variant<_Types>::__accepted_type<_Tp&&, typename std::enable_if<__not_self<_Tp&&>, void>::type> > && is_constructible_v<std::variant<_Types>::__accepted_type<_Tp&&, typename std::enable_if<__not_self<_Tp&&>, void>::type>, _Tp>) && is_assignable_v<std::variant<_Types>::__accepted_type<_Tp&&, typename std::enable_if<__not_self<_Tp&&>, void>::type>&, _Tp>), std::variant<_Types>&> std::variant<_Types>::operator=(_Tp&&) [with _Tp = _Tp; _Types = {std::monostate, std::function<void(std::shared_ptr<lr_interfaces::srv::Climb_Request_<std::allocator<void> > >, std::shared_ptr<lr_interfaces::srv::Climb_Response_<std::allocator<void> > >)>, std::function<void(std::shared_ptr<rmw_request_id_s>, std::shared_ptr<lr_interfaces::srv::Climb_Request_<std::allocator<void> > >, std::shared_ptr<lr_interfaces::srv::Climb_Response_<std::allocator<void> > >)>, std::function<void(std::shared_ptr<rmw_request_id_s>, std::shared_ptr<lr_interfaces::srv::Climb_Request_<std::allocator<void> > >)>, std::function<void(std::shared_ptr<rclcpp::Service<lr_interfaces::srv::Climb> >, std::shared_ptr<rmw_request_id_s>, std::shared_ptr<lr_interfaces::srv::Climb_Request_<std::allocator<void> > >)>}][m[K’
[2.311s]  1461 |         [01;36m[Koperator[m[K=(_Tp&& __rhs)
[2.311s]       |         [01;36m[K^~~~~~~~[m[K
[2.311s] [01m[K/usr/include/c++/11/variant:1461:9:[m[K [01;36m[Knote: [m[K  template argument deduction/substitution failed:
[2.311s] /usr/include/c++/11/variant: In substitution of ‘[01m[Ktemplate<class ... _Types> template<class _Tp, class> using __accepted_type = std::variant<_Types>::__to_type<__accepted_index<_Tp> > [with _Tp = std::_Bind<void (CarService::*(CarService*, std::_Placeholder<1>, std::_Placeholder<2>))(...)>&&; <template-parameter-2-2> = void; _Types = {std::monostate, std::function<void(std::shared_ptr<lr_interfaces::srv::Climb_Request_<std::allocator<void> > >, std::shared_ptr<lr_interfaces::srv::Climb_Response_<std::allocator<void> > >)>, std::function<void(std::shared_ptr<rmw_request_id_s>, std::shared_ptr<lr_interfaces::srv::Climb_Request_<std::allocator<void> > >, std::shared_ptr<lr_interfaces::srv::Climb_Response_<std::allocator<void> > >)>, std::function<void(std::shared_ptr<rmw_request_id_s>, std::shared_ptr<lr_interfaces::srv::Climb_Request_<std::allocator<void> > >)>, std::function<void(std::shared_ptr<rclcpp::Service<lr_interfaces::srv::Climb> >, std::shared_ptr<rmw_request_id_s>, std::shared_ptr<lr_interfaces::srv::Climb_Request_<std::allocator<void> > >)>}][m[K’:
[2.311s] [01m[K/usr/include/c++/11/variant:1457:14:[m[K   required by substitution of ‘[01m[Ktemplate<class _Tp> std::enable_if_t<((__exactly_once<std::variant<std::monostate, std::function<void(std::shared_ptr<lr_interfaces::srv::Climb_Request_<std::allocator<void> > >, std::shared_ptr<lr_interfaces::srv::Climb_Response_<std::allocator<void> > >)>, std::function<void(std::shared_ptr<rmw_request_id_s>, std::shared_ptr<lr_interfaces::srv::Climb_Request_<std::allocator<void> > >, std::shared_ptr<lr_interfaces::srv::Climb_Response_<std::allocator<void> > >)>, std::function<void(std::shared_ptr<rmw_request_id_s>, std::shared_ptr<lr_interfaces::srv::Climb_Request_<std::allocator<void> > >)>, std::function<void(std::shared_ptr<rclcpp::Service<lr_interfaces::srv::Climb> >, std::shared_ptr<rmw_request_id_s>, std::shared_ptr<lr_interfaces::srv::Climb_Request_<std::allocator<void> > >)> >::__accepted_type<_Tp&&, typename std::enable_if<__not_self<_Tp&&>, void>::type> > && is_constructible_v<std::variant<std::monostate, std::function<void(std::shared_ptr<lr_interfaces::srv::Climb_Request_<std::allocator<void> > >, std::shared_ptr<lr_interfaces::srv::Climb_Response_<std::allocator<void> > >)>, std::function<void(std::shared_ptr<rmw_request_id_s>, std::shared_ptr<lr_interfaces::srv::Climb_Request_<std::allocator<void> > >, std::shared_ptr<lr_interfaces::srv::Climb_Response_<std::allocator<void> > >)>, std::function<void(std::shared_ptr<rmw_request_id_s>, std::shared_ptr<lr_interfaces::srv::Climb_Request_<std::allocator<void> > >)>, std::function<void(std::shared_ptr<rclcpp::Service<lr_interfaces::srv::Climb> >, std::shared_ptr<rmw_request_id_s>, std::shared_ptr<lr_interfaces::srv::Climb_Request_<std::allocator<void> > >)> >::__accepted_type<_Tp&&, typename std::enable_if<__not_self<_Tp&&>, void>::type>, _Tp>) && is_assignable_v<std::variant<std::monostate, std::function<void(std::shared_ptr<lr_interfaces::srv::Climb_Request_<std::allocator<void> > >, std::shared_ptr<lr_interfaces::srv::Climb_Response_<std::allocator<void> > >)>, std::function<void(std::shared_ptr<rmw_request_id_s>, std::shared_ptr<lr_interfaces::srv::Climb_Request_<std::allocator<void> > >, std::shared_ptr<lr_interfaces::srv::Climb_Response_<std::allocator<void> > >)>, std::function<void(std::shared_ptr<rmw_request_id_s>, std::shared_ptr<lr_interfaces::srv::Climb_Request_<std::allocator<void> > >)>, std::function<void(std::shared_ptr<rclcpp::Service<lr_interfaces::srv::Climb> >, std::shared_ptr<rmw_request_id_s>, std::shared_ptr<lr_interfaces::srv::Climb_Request_<std::allocator<void> > >)> >::__accepted_type<_Tp&&, typename std::enable_if<__not_self<_Tp&&>, void>::type>&, _Tp>), std::variant<std::monostate, std::function<void(std::shared_ptr<lr_interfaces::srv::Climb_Request_<std::allocator<void> > >, std::shared_ptr<lr_interfaces::srv::Climb_Response_<std::allocator<void> > >)>, std::function<void(std::shared_ptr<rmw_request_id_s>, std::shared_ptr<lr_interfaces::srv::Climb_Request_<std::allocator<void> > >, std::shared_ptr<lr_interfaces::srv::Climb_Response_<std::allocator<void> > >)>, std::function<void(std::shared_ptr<rmw_request_id_s>, std::shared_ptr<lr_interfaces::srv::Climb_Request_<std::allocator<void> > >)>, std::function<void(std::shared_ptr<rclcpp::Service<lr_interfaces::srv::Climb> >, std::shared_ptr<rmw_request_id_s>, std::shared_ptr<lr_interfaces::srv::Climb_Request_<std::allocator<void> > >)> >&> std::variant<std::monostate, std::function<void(std::shared_ptr<lr_interfaces::srv::Climb_Request_<std::allocator<void> > >, std::shared_ptr<lr_interfaces::srv::Climb_Response_<std::allocator<void> > >)>, std::function<void(std::shared_ptr<rmw_request_id_s>, std::shared_ptr<lr_interfaces::srv::Climb_Request_<std::allocator<void> > >, std::shared_ptr<lr_interfaces::srv::Climb_Response_<std::allocator<void> > >)>, std::function<void(std::shared_ptr<rmw_request_id_s>, std::shared_ptr<lr_interfaces::srv::Climb_Request_<std::allocator<void> > >)>, std::function<void(std::shared_ptr<rclcpp::Service<lr_interfaces::srv::Climb> >, std::shared_ptr<rmw_request_id_s>, std::shared_ptr<lr_interfaces::srv::Climb_Request_<std::allocator<void> > >)> >::operator=<_Tp>(_Tp&&) [with _Tp = std::_Bind<void (CarService::*(CarService*, std::_Placeholder<1>, std::_Placeholder<2>))(...)>][m[K’
[2.311s] [01m[K/opt/ros/humble/include/rclcpp/rclcpp/any_service_callback.hpp:103:17:[m[K   required from ‘[01m[Kvoid rclcpp::AnyServiceCallback<ServiceT>::set(CallbackT&&) [with CallbackT = std::_Bind<void (CarService::*(CarService*, std::_Placeholder<1>, std::_Placeholder<2>))(...)>; typename std::enable_if<(! rclcpp::detail::can_be_nullptr<CallbackT>::value), int>::type <anonymous> = 0; ServiceT = lr_interfaces::srv::Climb][m[K’
[2.311s] [01m[K/opt/ros/humble/include/rclcpp/rclcpp/create_service.hpp:43:27:[m[K   required from ‘[01m[Ktypename rclcpp::Service<ServiceT>::SharedPtr rclcpp::create_service(std::shared_ptr<rclcpp::node_interfaces::NodeBaseInterface>, std::shared_ptr<rclcpp::node_interfaces::NodeServicesInterface>, const string&, CallbackT&&, const rmw_qos_profile_t&, rclcpp::CallbackGroup::SharedPtr) [with ServiceT = lr_interfaces::srv::Climb; CallbackT = std::_Bind<void (CarService::*(CarService*, std::_Placeholder<1>, std::_Placeholder<2>))(...)>; typename rclcpp::Service<ServiceT>::SharedPtr = std::shared_ptr<rclcpp::Service<lr_interfaces::srv::Climb> >; std::string = std::__cxx11::basic_string<char>; rmw_qos_profile_t = rmw_qos_profile_s; rclcpp::CallbackGroup::SharedPtr = std::shared_ptr<rclcpp::CallbackGroup>][m[K’
[2.312s] [01m[K/opt/ros/humble/include/rclcpp/rclcpp/node_impl.hpp:147:53:[m[K   required from ‘[01m[Ktypename rclcpp::Service<ServiceT>::SharedPtr rclcpp::Node::create_service(const string&, CallbackT&&, const rmw_qos_profile_t&, rclcpp::CallbackGroup::SharedPtr) [with ServiceT = lr_interfaces::srv::Climb; CallbackT = std::_Bind<void (CarService::*(CarService*, std::_Placeholder<1>, std::_Placeholder<2>))(...)>; typename rclcpp::Service<ServiceT>::SharedPtr = std::shared_ptr<rclcpp::Service<lr_interfaces::srv::Climb> >; std::string = std::__cxx11::basic_string<char>; rmw_qos_profile_t = rmw_qos_profile_s; rclcpp::CallbackGroup::SharedPtr = std::shared_ptr<rclcpp::CallbackGroup>][m[K’
[2.312s] [01m[K/home/rc1/STrAduts/ConQU/Service_Learning/homework/src/morihuoshan/src/car_service.cpp:11:79:[m[K   required from here
[2.312s] [01m[K/usr/include/c++/11/variant:1375:15:[m[K [01;31m[Kerror: [m[Kno type named ‘[01m[Ktype[m[K’ in ‘[01m[Kstruct std::enable_if<false, void>[m[K’
[2.312s]  1375 |         using [01;31m[K__accepted_type[m[K = __to_type<__accepted_index<_Tp>>;
[2.312s]       |               [01;31m[K^~~~~~~~~~~~~~~[m[K
[2.312s] /opt/ros/humble/include/rclcpp/rclcpp/any_service_callback.hpp: In instantiation of ‘[01m[Kvoid rclcpp::AnyServiceCallback<ServiceT>::set(CallbackT&&) [with CallbackT = std::_Bind<void (CarService::*(CarService*, std::_Placeholder<1>, std::_Placeholder<2>))(...)>; typename std::enable_if<(! rclcpp::detail::can_be_nullptr<CallbackT>::value), int>::type <anonymous> = 0; ServiceT = lr_interfaces::srv::Climb][m[K’:
[2.312s] [01m[K/opt/ros/humble/include/rclcpp/rclcpp/create_service.hpp:43:27:[m[K   required from ‘[01m[Ktypename rclcpp::Service<ServiceT>::SharedPtr rclcpp::create_service(std::shared_ptr<rclcpp::node_interfaces::NodeBaseInterface>, std::shared_ptr<rclcpp::node_interfaces::NodeServicesInterface>, const string&, CallbackT&&, const rmw_qos_profile_t&, rclcpp::CallbackGroup::SharedPtr) [with ServiceT = lr_interfaces::srv::Climb; CallbackT = std::_Bind<void (CarService::*(CarService*, std::_Placeholder<1>, std::_Placeholder<2>))(...)>; typename rclcpp::Service<ServiceT>::SharedPtr = std::shared_ptr<rclcpp::Service<lr_interfaces::srv::Climb> >; std::string = std::__cxx11::basic_string<char>; rmw_qos_profile_t = rmw_qos_profile_s; rclcpp::CallbackGroup::SharedPtr = std::shared_ptr<rclcpp::CallbackGroup>][m[K’
[2.312s] [01m[K/opt/ros/humble/include/rclcpp/rclcpp/node_impl.hpp:147:53:[m[K   required from ‘[01m[Ktypename rclcpp::Service<ServiceT>::SharedPtr rclcpp::Node::create_service(const string&, CallbackT&&, const rmw_qos_profile_t&, rclcpp::CallbackGroup::SharedPtr) [with ServiceT = lr_interfaces::srv::Climb; CallbackT = std::_Bind<void (CarService::*(CarService*, std::_Placeholder<1>, std::_Placeholder<2>))(...)>; typename rclcpp::Service<ServiceT>::SharedPtr = std::shared_ptr<rclcpp::Service<lr_interfaces::srv::Climb> >; std::string = std::__cxx11::basic_string<char>; rmw_qos_profile_t = rmw_qos_profile_s; rclcpp::CallbackGroup::SharedPtr = std::shared_ptr<rclcpp::CallbackGroup>][m[K’
[2.312s] [01m[K/home/rc1/STrAduts/ConQU/Service_Learning/homework/src/morihuoshan/src/car_service.cpp:11:79:[m[K   required from here
[2.312s] [01m[K/usr/include/c++/11/variant:1398:16:[m[K [01;36m[Knote: [m[Kcandidate: ‘[01m[Kstd::variant<_Types>& std::variant<_Types>::operator=(const std::variant<_Types>&) [with _Types = {std::monostate, std::function<void(std::shared_ptr<lr_interfaces::srv::Climb_Request_<std::allocator<void> > >, std::shared_ptr<lr_interfaces::srv::Climb_Response_<std::allocator<void> > >)>, std::function<void(std::shared_ptr<rmw_request_id_s>, std::shared_ptr<lr_interfaces::srv::Climb_Request_<std::allocator<void> > >, std::shared_ptr<lr_interfaces::srv::Climb_Response_<std::allocator<void> > >)>, std::function<void(std::shared_ptr<rmw_request_id_s>, std::shared_ptr<lr_interfaces::srv::Climb_Request_<std::allocator<void> > >)>, std::function<void(std::shared_ptr<rclcpp::Service<lr_interfaces::srv::Climb> >, std::shared_ptr<rmw_request_id_s>, std::shared_ptr<lr_interfaces::srv::Climb_Request_<std::allocator<void> > >)>}][m[K’
[2.312s]  1398 |       variant& [01;36m[Koperator[m[K=(const variant&) = default;
[2.312s]       |                [01;36m[K^~~~~~~~[m[K
[2.312s] [01m[K/usr/include/c++/11/variant:1398:26:[m[K [01;36m[Knote: [m[K  no known conversion for argument 1 from ‘[01m[Kstd::_Bind<void (CarService::*(CarService*, std::_Placeholder<1>, std::_Placeholder<2>))(...)>[m[K’ to ‘[01m[Kconst std::variant<std::monostate, std::function<void(std::shared_ptr<lr_interfaces::srv::Climb_Request_<std::allocator<void> > >, std::shared_ptr<lr_interfaces::srv::Climb_Response_<std::allocator<void> > >)>, std::function<void(std::shared_ptr<rmw_request_id_s>, std::shared_ptr<lr_interfaces::srv::Climb_Request_<std::allocator<void> > >, std::shared_ptr<lr_interfaces::srv::Climb_Response_<std::allocator<void> > >)>, std::function<void(std::shared_ptr<rmw_request_id_s>, std::shared_ptr<lr_interfaces::srv::Climb_Request_<std::allocator<void> > >)>, std::function<void(std::shared_ptr<rclcpp::Service<lr_interfaces::srv::Climb> >, std::shared_ptr<rmw_request_id_s>, std::shared_ptr<lr_interfaces::srv::Climb_Request_<std::allocator<void> > >)> >&[m[K’
[2.312s]  1398 |       variant& operator=([01;36m[Kconst variant&[m[K) = default;
[2.313s]       |                          [01;36m[K^~~~~~~~~~~~~~[m[K
[2.313s] [01m[K/usr/include/c++/11/variant:1399:16:[m[K [01;36m[Knote: [m[Kcandidate: ‘[01m[Kstd::variant<_Types>& std::variant<_Types>::operator=(std::variant<_Types>&&) [with _Types = {std::monostate, std::function<void(std::shared_ptr<lr_interfaces::srv::Climb_Request_<std::allocator<void> > >, std::shared_ptr<lr_interfaces::srv::Climb_Response_<std::allocator<void> > >)>, std::function<void(std::shared_ptr<rmw_request_id_s>, std::shared_ptr<lr_interfaces::srv::Climb_Request_<std::allocator<void> > >, std::shared_ptr<lr_interfaces::srv::Climb_Response_<std::allocator<void> > >)>, std::function<void(std::shared_ptr<rmw_request_id_s>, std::shared_ptr<lr_interfaces::srv::Climb_Request_<std::allocator<void> > >)>, std::function<void(std::shared_ptr<rclcpp::Service<lr_interfaces::srv::Climb> >, std::shared_ptr<rmw_request_id_s>, std::shared_ptr<lr_interfaces::srv::Climb_Request_<std::allocator<void> > >)>}][m[K’
[2.313s]  1399 |       variant& [01;36m[Koperator[m[K=(variant&&) = default;
[2.313s]       |                [01;36m[K^~~~~~~~[m[K
[2.313s] [01m[K/usr/include/c++/11/variant:1399:26:[m[K [01;36m[Knote: [m[K  no known conversion for argument 1 from ‘[01m[Kstd::_Bind<void (CarService::*(CarService*, std::_Placeholder<1>, std::_Placeholder<2>))(...)>[m[K’ to ‘[01m[Kstd::variant<std::monostate, std::function<void(std::shared_ptr<lr_interfaces::srv::Climb_Request_<std::allocator<void> > >, std::shared_ptr<lr_interfaces::srv::Climb_Response_<std::allocator<void> > >)>, std::function<void(std::shared_ptr<rmw_request_id_s>, std::shared_ptr<lr_interfaces::srv::Climb_Request_<std::allocator<void> > >, std::shared_ptr<lr_interfaces::srv::Climb_Response_<std::allocator<void> > >)>, std::function<void(std::shared_ptr<rmw_request_id_s>, std::shared_ptr<lr_interfaces::srv::Climb_Request_<std::allocator<void> > >)>, std::function<void(std::shared_ptr<rclcpp::Service<lr_interfaces::srv::Climb> >, std::shared_ptr<rmw_request_id_s>, std::shared_ptr<lr_interfaces::srv::Climb_Request_<std::allocator<void> > >)> >&&[m[K’
[2.313s]  1399 |       variant& operator=([01;36m[Kvariant&&[m[K) = default;
[2.313s]       |                          [01;36m[K^~~~~~~~~[m[K
[2.580s] gmake[2]: *** [CMakeFiles/car_service.dir/build.make:76: CMakeFiles/car_service.dir/src/car_service.cpp.o] Error 1
[2.580s] gmake[1]: *** [CMakeFiles/Makefile2:139: CMakeFiles/car_service.dir/all] Error 2
[2.580s] gmake[1]: *** Waiting for unfinished jobs....
[2.581s] gmake[2]: *** [CMakeFiles/car_client.dir/build.make:76: CMakeFiles/car_client.dir/src/car_client.cpp.o] Error 1
[2.581s] gmake[1]: *** [CMakeFiles/Makefile2:165: CMakeFiles/car_client.dir/all] Error 2
[2.582s] gmake: *** [Makefile:146: all] Error 2
[2.583s] Invoked command in '/home/rc1/STrAduts/ConQU/Service_Learning/homework/build/morihuoshan' returned '2': CMAKE_PREFIX_PATH=${CMAKE_PREFIX_PATH}:/opt/ros/humble /usr/bin/cmake --build /home/rc1/STrAduts/ConQU/Service_Learning/homework/build/morihuoshan -- -j8 -l8
