[01m[K/home/rc-005/STrAduts/ConQU/Topic_Learning/niluo/src/niluo_node_rclcpp/src/niluo_node.cpp:[m[K In constructor ‘[01m[KNiluo_Node::Niluo_Node()[m[K’:
[01m[K/home/rc-005/STrAduts/ConQU/Topic_Learning/niluo/src/niluo_node_rclcpp/src/niluo_node.cpp:8:13:[m[K [01;31m[Kerror: [m[K‘[01m[KTot[m[K’ was not declared in this scope
    8 |             [01;31m[KTot[m[K = 0;
      |             [01;31m[K^~~[m[K
In file included from [01m[K/opt/ros/humble/include/rclcpp/rclcpp/logging.hpp:24[m[K,
                 from [01m[K/opt/ros/humble/include/rclcpp/rclcpp/client.hpp:40[m[K,
                 from [01m[K/opt/ros/humble/include/rclcpp/rclcpp/callback_group.hpp:24[m[K,
                 from [01m[K/opt/ros/humble/include/rclcpp/rclcpp/any_executable.hpp:20[m[K,
                 from [01m[K/opt/ros/humble/include/rclcpp/rclcpp/memory_strategy.hpp:25[m[K,
                 from [01m[K/opt/ros/humble/include/rclcpp/rclcpp/memory_strategies.hpp:18[m[K,
                 from [01m[K/opt/ros/humble/include/rclcpp/rclcpp/executor_options.hpp:20[m[K,
                 from [01m[K/opt/ros/humble/include/rclcpp/rclcpp/executor.hpp:37[m[K,
                 from [01m[K/opt/ros/humble/include/rclcpp/rclcpp/executors/multi_threaded_executor.hpp:25[m[K,
                 from [01m[K/opt/ros/humble/include/rclcpp/rclcpp/executors.hpp:21[m[K,
                 from [01m[K/opt/ros/humble/include/rclcpp/rclcpp/rclcpp.hpp:155[m[K,
                 from [01m[K/home/rc-005/STrAduts/ConQU/Topic_Learning/niluo/src/niluo_node_rclcpp/src/niluo_node.cpp:1[m[K:
[01m[K/home/rc-005/STrAduts/ConQU/Topic_Learning/niluo/src/niluo_node_rclcpp/src/niluo_node.cpp:9:68:[m[K [01;31m[Kerror: [m[K‘[01m[Kname[m[K’ was not declared in this scope; did you mean ‘[01m[Krosidl_generator_traits::name[m[K’?
    9 |             RCLCPP_INFO (this -> get_logger (), "大家好，我是%s.", [01;31m[Kname[m[K.c_str ());
      |                                                                    [01;31m[K^~~~[m[K
In file included from [01m[K/opt/ros/humble/include/builtin_interfaces/builtin_interfaces/msg/detail/duration__traits.hpp:15[m[K,
                 from [01m[K/opt/ros/humble/include/builtin_interfaces/builtin_interfaces/msg/duration.hpp:9[m[K,
                 from [01m[K/opt/ros/humble/include/rclcpp/rclcpp/duration.hpp:20[m[K,
                 from [01m[K/opt/ros/humble/include/rclcpp/rclcpp/qos.hpp:20[m[K,
                 from [01m[K/opt/ros/humble/include/rclcpp/rclcpp/node_interfaces/node_graph_interface.hpp:32[m[K,
                 from [01m[K/opt/ros/humble/include/rclcpp/rclcpp/client.hpp:42[m[K,
                 from [01m[K/opt/ros/humble/include/rclcpp/rclcpp/callback_group.hpp:24[m[K,
                 from [01m[K/opt/ros/humble/include/rclcpp/rclcpp/any_executable.hpp:20[m[K,
                 from [01m[K/opt/ros/humble/include/rclcpp/rclcpp/memory_strategy.hpp:25[m[K,
                 from [01m[K/opt/ros/humble/include/rclcpp/rclcpp/memory_strategies.hpp:18[m[K,
                 from [01m[K/opt/ros/humble/include/rclcpp/rclcpp/executor_options.hpp:20[m[K,
                 from [01m[K/opt/ros/humble/include/rclcpp/rclcpp/executor.hpp:37[m[K,
                 from [01m[K/opt/ros/humble/include/rclcpp/rclcpp/executors/multi_threaded_executor.hpp:25[m[K,
                 from [01m[K/opt/ros/humble/include/rclcpp/rclcpp/executors.hpp:21[m[K,
                 from [01m[K/opt/ros/humble/include/rclcpp/rclcpp/rclcpp.hpp:155[m[K,
                 from [01m[K/home/rc-005/STrAduts/ConQU/Topic_Learning/niluo/src/niluo_node_rclcpp/src/niluo_node.cpp:1[m[K:
[01m[K/opt/ros/humble/include/rosidl_runtime_cpp/rosidl_runtime_cpp/traits.hpp:155:21:[m[K [01;36m[Knote: [m[K‘[01m[Krosidl_generator_traits::name[m[K’ declared here
  155 | inline const char * [01;36m[Kname[m[K();
      |                     [01;36m[K^~~~[m[K
[01m[K/home/rc-005/STrAduts/ConQU/Topic_Learning/niluo/src/niluo_node_rclcpp/src/niluo_node.cpp:11:13:[m[K [01;31m[Kerror: [m[K‘[01m[Kmingyue_publisher_[m[K’ was not declared in this scope
   11 |             [01;31m[Kmingyue_publisher_[m[K = this -> create_publisher <std_msgs :: msg :: String> ("mingyue", 10);
      |             [01;31m[K^~~~~~~~~~~~~~~~~~[m[K
[01m[K/home/rc-005/STrAduts/ConQU/Topic_Learning/niluo/src/niluo_node_rclcpp/src/niluo_node.cpp:[m[K In member function ‘[01m[Kvoid Niluo_Node::timer_callback()[m[K’:
[01m[K/home/rc-005/STrAduts/ConQU/Topic_Learning/niluo/src/niluo_node_rclcpp/src/niluo_node.cpp:28:13:[m[K [01;31m[Kerror: [m[K‘[01m[Kmingyue_publisher_[m[K’ was not declared in this scope
   28 |             [01;31m[Kmingyue_publisher_[m[K -> publish (message);
      |             [01;31m[K^~~~~~~~~~~~~~~~~~[m[K
In file included from [01m[K/usr/include/x86_64-linux-gnu/c++/11/bits/c++allocator.h:33[m[K,
                 from [01m[K/usr/include/c++/11/bits/allocator.h:46[m[K,
                 from [01m[K/usr/include/c++/11/memory:64[m[K,
                 from [01m[K/opt/ros/humble/include/rclcpp/rclcpp/rclcpp.hpp:153[m[K,
                 from [01m[K/home/rc-005/STrAduts/ConQU/Topic_Learning/niluo/src/niluo_node_rclcpp/src/niluo_node.cpp:1[m[K:
/usr/include/c++/11/ext/new_allocator.h: In instantiation of ‘[01m[Kvoid __gnu_cxx::new_allocator<_Tp>::construct(_Up*, _Args&& ...) [with _Up = Niluo_Node; _Args = {const char (&)[11]}; _Tp = Niluo_Node][m[K’:
[01m[K/usr/include/c++/11/bits/alloc_traits.h:516:17:[m[K   required from ‘[01m[Kstatic void std::allocator_traits<std::allocator<_Tp1> >::construct(std::allocator_traits<std::allocator<_Tp1> >::allocator_type&, _Up*, _Args&& ...) [with _Up = Niluo_Node; _Args = {const char (&)[11]}; _Tp = Niluo_Node; std::allocator_traits<std::allocator<_Tp1> >::allocator_type = std::allocator<Niluo_Node>][m[K’
[01m[K/usr/include/c++/11/bits/shared_ptr_base.h:519:39:[m[K   required from ‘[01m[Kstd::_Sp_counted_ptr_inplace<_Tp, _Alloc, _Lp>::_Sp_counted_ptr_inplace(_Alloc, _Args&& ...) [with _Args = {const char (&)[11]}; _Tp = Niluo_Node; _Alloc = std::allocator<Niluo_Node>; __gnu_cxx::_Lock_policy _Lp = __gnu_cxx::_S_atomic][m[K’
[01m[K/usr/include/c++/11/bits/shared_ptr_base.h:650:16:[m[K   required from ‘[01m[Kstd::__shared_count<_Lp>::__shared_count(_Tp*&, std::_Sp_alloc_shared_tag<_Alloc>, _Args&& ...) [with _Tp = Niluo_Node; _Alloc = std::allocator<Niluo_Node>; _Args = {const char (&)[11]}; __gnu_cxx::_Lock_policy _Lp = __gnu_cxx::_S_atomic][m[K’
[01m[K/usr/include/c++/11/bits/shared_ptr_base.h:1342:14:[m[K   required from ‘[01m[Kstd::__shared_ptr<_Tp, _Lp>::__shared_ptr(std::_Sp_alloc_shared_tag<_Tp>, _Args&& ...) [with _Alloc = std::allocator<Niluo_Node>; _Args = {const char (&)[11]}; _Tp = Niluo_Node; __gnu_cxx::_Lock_policy _Lp = __gnu_cxx::_S_atomic][m[K’
[01m[K/usr/include/c++/11/bits/shared_ptr.h:409:59:[m[K   required from ‘[01m[Kstd::shared_ptr<_Tp>::shared_ptr(std::_Sp_alloc_shared_tag<_Tp>, _Args&& ...) [with _Alloc = std::allocator<Niluo_Node>; _Args = {const char (&)[11]}; _Tp = Niluo_Node][m[K’
[01m[K/usr/include/c++/11/bits/shared_ptr.h:862:14:[m[K   required from ‘[01m[Kstd::shared_ptr<_Tp> std::allocate_shared(const _Alloc&, _Args&& ...) [with _Tp = Niluo_Node; _Alloc = std::allocator<Niluo_Node>; _Args = {const char (&)[11]}][m[K’
[01m[K/usr/include/c++/11/bits/shared_ptr.h:878:39:[m[K   required from ‘[01m[Kstd::shared_ptr<_Tp> std::make_shared(_Args&& ...) [with _Tp = Niluo_Node; _Args = {const char (&)[11]}][m[K’
[01m[K/home/rc-005/STrAduts/ConQU/Topic_Learning/niluo/src/niluo_node_rclcpp/src/niluo_node.cpp:38:49:[m[K   required from here
[01m[K/usr/include/c++/11/ext/new_allocator.h:162:11:[m[K [01;31m[Kerror: [m[Kno matching function for call to ‘[01m[KNiluo_Node::Niluo_Node(const char [11])[m[K’
  162 |         { [01;31m[K::new((void *)__p) _Up(std::forward<_Args>(__args)...)[m[K; }
      |           [01;31m[K^~~~~~~~~~~~~~~~~~~~~~~~~~~~~~~~~~~~~~~~~~~~~~~~~~~~~~[m[K
[01m[K/home/rc-005/STrAduts/ConQU/Topic_Learning/niluo/src/niluo_node_rclcpp/src/niluo_node.cpp:7:9:[m[K [01;36m[Knote: [m[Kcandidate: ‘[01m[KNiluo_Node::Niluo_Node()[m[K’
    7 |         [01;36m[KNiluo_Node[m[K () : Node ("niluo") {
      |         [01;36m[K^~~~~~~~~~[m[K
[01m[K/home/rc-005/STrAduts/ConQU/Topic_Learning/niluo/src/niluo_node_rclcpp/src/niluo_node.cpp:7:9:[m[K [01;36m[Knote: [m[K  candidate expects 0 arguments, 1 provided
gmake[2]: *** [CMakeFiles/niluo_node.dir/build.make:76: CMakeFiles/niluo_node.dir/src/niluo_node.cpp.o] Error 1
gmake[1]: *** [CMakeFiles/Makefile2:137: CMakeFiles/niluo_node.dir/all] Error 2
gmake: *** [Makefile:146: all] Error 2
