[0.007s] Invoking command in '/home/rc-005/STrAduts/ConQU/Topic_Learning/niluo/build/niluo_node_rclcpp': CMAKE_PREFIX_PATH=/opt/ros/humble /usr/bin/cmake --build /home/rc-005/STrAduts/ConQU/Topic_Learning/niluo/build/niluo_node_rclcpp -- -j8 -l8
[0.026s] -- Found ament_cmake: 1.3.12 (/opt/ros/humble/share/ament_cmake/cmake)
[0.121s] -- Found rclcpp: 16.0.15 (/opt/ros/humble/share/rclcpp/cmake)
[0.140s] -- Found rosidl_generator_c: 3.1.7 (/opt/ros/humble/share/rosidl_generator_c/cmake)
[0.142s] -- Found rosidl_adapter: 3.1.7 (/opt/ros/humble/share/rosidl_adapter/cmake)
[0.146s] -- Found rosidl_generator_cpp: 3.1.7 (/opt/ros/humble/share/rosidl_generator_cpp/cmake)
[0.153s] -- Using all available rosidl_typesupport_c: rosidl_typesupport_fastrtps_c;rosidl_typesupport_introspection_c
[0.162s] -- Using all available rosidl_typesupport_cpp: rosidl_typesupport_fastrtps_cpp;rosidl_typesupport_introspection_cpp
[0.184s] -- Found rmw_implementation_cmake: 6.1.2 (/opt/ros/humble/share/rmw_implementation_cmake/cmake)
[0.185s] -- Found rmw_fastrtps_cpp: 6.2.9 (/opt/ros/humble/share/rmw_fastrtps_cpp/cmake)
[0.252s] -- Using RMW implementation 'rmw_fastrtps_cpp' as default
[0.287s] -- Found ament_lint_auto: 0.12.14 (/opt/ros/humble/share/ament_lint_auto/cmake)
[0.338s] -- Added test 'cppcheck' to perform static code analysis on C / C++ code
[0.338s] -- Configured cppcheck include dirs: 
[0.338s] -- Configured cppcheck exclude dirs and/or files: 
[0.338s] -- Added test 'lint_cmake' to check CMake code style
[0.339s] -- Added test 'uncrustify' to check C / C++ code style
[0.339s] -- Configured uncrustify additional arguments: 
[0.339s] -- Added test 'xmllint' to check XML markup files
[0.341s] -- Configuring done
[0.346s] -- Generating done
[0.349s] -- Build files have been written to: /home/rc-005/STrAduts/ConQU/Topic_Learning/niluo/build/niluo_node_rclcpp
[0.376s] [ 50%] [32mBuilding CXX object CMakeFiles/niluo_node.dir/src/niluo_node.cpp.o[0m
[2.176s] [01m[K/home/rc-005/STrAduts/ConQU/Topic_Learning/niluo/src/niluo_node_rclcpp/src/niluo_node.cpp:[m[K In constructor ‘[01m[KNiluo_Node::Niluo_Node()[m[K’:
[2.176s] [01m[K/home/rc-005/STrAduts/ConQU/Topic_Learning/niluo/src/niluo_node_rclcpp/src/niluo_node.cpp:8:13:[m[K [01;31m[Kerror: [m[K‘[01m[KTot[m[K’ was not declared in this scope
[2.176s]     8 |             [01;31m[KTot[m[K = 0;
[2.176s]       |             [01;31m[K^~~[m[K
[2.177s] In file included from [01m[K/opt/ros/humble/include/rclcpp/rclcpp/logging.hpp:24[m[K,
[2.177s]                  from [01m[K/opt/ros/humble/include/rclcpp/rclcpp/client.hpp:40[m[K,
[2.177s]                  from [01m[K/opt/ros/humble/include/rclcpp/rclcpp/callback_group.hpp:24[m[K,
[2.177s]                  from [01m[K/opt/ros/humble/include/rclcpp/rclcpp/any_executable.hpp:20[m[K,
[2.177s]                  from [01m[K/opt/ros/humble/include/rclcpp/rclcpp/memory_strategy.hpp:25[m[K,
[2.177s]                  from [01m[K/opt/ros/humble/include/rclcpp/rclcpp/memory_strategies.hpp:18[m[K,
[2.177s]                  from [01m[K/opt/ros/humble/include/rclcpp/rclcpp/executor_options.hpp:20[m[K,
[2.177s]                  from [01m[K/opt/ros/humble/include/rclcpp/rclcpp/executor.hpp:37[m[K,
[2.177s]                  from [01m[K/opt/ros/humble/include/rclcpp/rclcpp/executors/multi_threaded_executor.hpp:25[m[K,
[2.177s]                  from [01m[K/opt/ros/humble/include/rclcpp/rclcpp/executors.hpp:21[m[K,
[2.177s]                  from [01m[K/opt/ros/humble/include/rclcpp/rclcpp/rclcpp.hpp:155[m[K,
[2.177s]                  from [01m[K/home/rc-005/STrAduts/ConQU/Topic_Learning/niluo/src/niluo_node_rclcpp/src/niluo_node.cpp:1[m[K:
[2.177s] [01m[K/home/rc-005/STrAduts/ConQU/Topic_Learning/niluo/src/niluo_node_rclcpp/src/niluo_node.cpp:9:68:[m[K [01;31m[Kerror: [m[K‘[01m[Kname[m[K’ was not declared in this scope; did you mean ‘[01m[Krosidl_generator_traits::name[m[K’?
[2.178s]     9 |             RCLCPP_INFO (this -> get_logger (), "大家好，我是%s.", [01;31m[Kname[m[K.c_str ());
[2.178s]       |                                                                    [01;31m[K^~~~[m[K
[2.178s] In file included from [01m[K/opt/ros/humble/include/builtin_interfaces/builtin_interfaces/msg/detail/duration__traits.hpp:15[m[K,
[2.178s]                  from [01m[K/opt/ros/humble/include/builtin_interfaces/builtin_interfaces/msg/duration.hpp:9[m[K,
[2.178s]                  from [01m[K/opt/ros/humble/include/rclcpp/rclcpp/duration.hpp:20[m[K,
[2.178s]                  from [01m[K/opt/ros/humble/include/rclcpp/rclcpp/qos.hpp:20[m[K,
[2.178s]                  from [01m[K/opt/ros/humble/include/rclcpp/rclcpp/node_interfaces/node_graph_interface.hpp:32[m[K,
[2.178s]                  from [01m[K/opt/ros/humble/include/rclcpp/rclcpp/client.hpp:42[m[K,
[2.178s]                  from [01m[K/opt/ros/humble/include/rclcpp/rclcpp/callback_group.hpp:24[m[K,
[2.178s]                  from [01m[K/opt/ros/humble/include/rclcpp/rclcpp/any_executable.hpp:20[m[K,
[2.178s]                  from [01m[K/opt/ros/humble/include/rclcpp/rclcpp/memory_strategy.hpp:25[m[K,
[2.178s]                  from [01m[K/opt/ros/humble/include/rclcpp/rclcpp/memory_strategies.hpp:18[m[K,
[2.178s]                  from [01m[K/opt/ros/humble/include/rclcpp/rclcpp/executor_options.hpp:20[m[K,
[2.178s]                  from [01m[K/opt/ros/humble/include/rclcpp/rclcpp/executor.hpp:37[m[K,
[2.178s]                  from [01m[K/opt/ros/humble/include/rclcpp/rclcpp/executors/multi_threaded_executor.hpp:25[m[K,
[2.178s]                  from [01m[K/opt/ros/humble/include/rclcpp/rclcpp/executors.hpp:21[m[K,
[2.179s]                  from [01m[K/opt/ros/humble/include/rclcpp/rclcpp/rclcpp.hpp:155[m[K,
[2.179s]                  from [01m[K/home/rc-005/STrAduts/ConQU/Topic_Learning/niluo/src/niluo_node_rclcpp/src/niluo_node.cpp:1[m[K:
[2.179s] [01m[K/opt/ros/humble/include/rosidl_runtime_cpp/rosidl_runtime_cpp/traits.hpp:155:21:[m[K [01;36m[Knote: [m[K‘[01m[Krosidl_generator_traits::name[m[K’ declared here
[2.179s]   155 | inline const char * [01;36m[Kname[m[K();
[2.179s]       |                     [01;36m[K^~~~[m[K
[2.184s] [01m[K/home/rc-005/STrAduts/ConQU/Topic_Learning/niluo/src/niluo_node_rclcpp/src/niluo_node.cpp:11:13:[m[K [01;31m[Kerror: [m[K‘[01m[Kmingyue_publisher_[m[K’ was not declared in this scope
[2.184s]    11 |             [01;31m[Kmingyue_publisher_[m[K = this -> create_publisher <std_msgs :: msg :: String> ("mingyue", 10);
[2.184s]       |             [01;31m[K^~~~~~~~~~~~~~~~~~[m[K
[2.202s] [01m[K/home/rc-005/STrAduts/ConQU/Topic_Learning/niluo/src/niluo_node_rclcpp/src/niluo_node.cpp:[m[K In member function ‘[01m[Kvoid Niluo_Node::timer_callback()[m[K’:
[2.202s] [01m[K/home/rc-005/STrAduts/ConQU/Topic_Learning/niluo/src/niluo_node_rclcpp/src/niluo_node.cpp:28:13:[m[K [01;31m[Kerror: [m[K‘[01m[Kmingyue_publisher_[m[K’ was not declared in this scope
[2.202s]    28 |             [01;31m[Kmingyue_publisher_[m[K -> publish (message);
[2.202s]       |             [01;31m[K^~~~~~~~~~~~~~~~~~[m[K
[2.534s] In file included from [01m[K/usr/include/x86_64-linux-gnu/c++/11/bits/c++allocator.h:33[m[K,
[2.534s]                  from [01m[K/usr/include/c++/11/bits/allocator.h:46[m[K,
[2.534s]                  from [01m[K/usr/include/c++/11/memory:64[m[K,
[2.534s]                  from [01m[K/opt/ros/humble/include/rclcpp/rclcpp/rclcpp.hpp:153[m[K,
[2.534s]                  from [01m[K/home/rc-005/STrAduts/ConQU/Topic_Learning/niluo/src/niluo_node_rclcpp/src/niluo_node.cpp:1[m[K:
[2.534s] /usr/include/c++/11/ext/new_allocator.h: In instantiation of ‘[01m[Kvoid __gnu_cxx::new_allocator<_Tp>::construct(_Up*, _Args&& ...) [with _Up = Niluo_Node; _Args = {const char (&)[11]}; _Tp = Niluo_Node][m[K’:
[2.534s] [01m[K/usr/include/c++/11/bits/alloc_traits.h:516:17:[m[K   required from ‘[01m[Kstatic void std::allocator_traits<std::allocator<_Tp1> >::construct(std::allocator_traits<std::allocator<_Tp1> >::allocator_type&, _Up*, _Args&& ...) [with _Up = Niluo_Node; _Args = {const char (&)[11]}; _Tp = Niluo_Node; std::allocator_traits<std::allocator<_Tp1> >::allocator_type = std::allocator<Niluo_Node>][m[K’
[2.534s] [01m[K/usr/include/c++/11/bits/shared_ptr_base.h:519:39:[m[K   required from ‘[01m[Kstd::_Sp_counted_ptr_inplace<_Tp, _Alloc, _Lp>::_Sp_counted_ptr_inplace(_Alloc, _Args&& ...) [with _Args = {const char (&)[11]}; _Tp = Niluo_Node; _Alloc = std::allocator<Niluo_Node>; __gnu_cxx::_Lock_policy _Lp = __gnu_cxx::_S_atomic][m[K’
[2.534s] [01m[K/usr/include/c++/11/bits/shared_ptr_base.h:650:16:[m[K   required from ‘[01m[Kstd::__shared_count<_Lp>::__shared_count(_Tp*&, std::_Sp_alloc_shared_tag<_Alloc>, _Args&& ...) [with _Tp = Niluo_Node; _Alloc = std::allocator<Niluo_Node>; _Args = {const char (&)[11]}; __gnu_cxx::_Lock_policy _Lp = __gnu_cxx::_S_atomic][m[K’
[2.534s] [01m[K/usr/include/c++/11/bits/shared_ptr_base.h:1342:14:[m[K   required from ‘[01m[Kstd::__shared_ptr<_Tp, _Lp>::__shared_ptr(std::_Sp_alloc_shared_tag<_Tp>, _Args&& ...) [with _Alloc = std::allocator<Niluo_Node>; _Args = {const char (&)[11]}; _Tp = Niluo_Node; __gnu_cxx::_Lock_policy _Lp = __gnu_cxx::_S_atomic][m[K’
[2.534s] [01m[K/usr/include/c++/11/bits/shared_ptr.h:409:59:[m[K   required from ‘[01m[Kstd::shared_ptr<_Tp>::shared_ptr(std::_Sp_alloc_shared_tag<_Tp>, _Args&& ...) [with _Alloc = std::allocator<Niluo_Node>; _Args = {const char (&)[11]}; _Tp = Niluo_Node][m[K’
[2.534s] [01m[K/usr/include/c++/11/bits/shared_ptr.h:862:14:[m[K   required from ‘[01m[Kstd::shared_ptr<_Tp> std::allocate_shared(const _Alloc&, _Args&& ...) [with _Tp = Niluo_Node; _Alloc = std::allocator<Niluo_Node>; _Args = {const char (&)[11]}][m[K’
[2.534s] [01m[K/usr/include/c++/11/bits/shared_ptr.h:878:39:[m[K   required from ‘[01m[Kstd::shared_ptr<_Tp> std::make_shared(_Args&& ...) [with _Tp = Niluo_Node; _Args = {const char (&)[11]}][m[K’
[2.534s] [01m[K/home/rc-005/STrAduts/ConQU/Topic_Learning/niluo/src/niluo_node_rclcpp/src/niluo_node.cpp:38:49:[m[K   required from here
[2.535s] [01m[K/usr/include/c++/11/ext/new_allocator.h:162:11:[m[K [01;31m[Kerror: [m[Kno matching function for call to ‘[01m[KNiluo_Node::Niluo_Node(const char [11])[m[K’
[2.535s]   162 |         { [01;31m[K::new((void *)__p) _Up(std::forward<_Args>(__args)...)[m[K; }
[2.535s]       |           [01;31m[K^~~~~~~~~~~~~~~~~~~~~~~~~~~~~~~~~~~~~~~~~~~~~~~~~~~~~~[m[K
[2.535s] [01m[K/home/rc-005/STrAduts/ConQU/Topic_Learning/niluo/src/niluo_node_rclcpp/src/niluo_node.cpp:7:9:[m[K [01;36m[Knote: [m[Kcandidate: ‘[01m[KNiluo_Node::Niluo_Node()[m[K’
[2.535s]     7 |         [01;36m[KNiluo_Node[m[K () : Node ("niluo") {
[2.535s]       |         [01;36m[K^~~~~~~~~~[m[K
[2.535s] [01m[K/home/rc-005/STrAduts/ConQU/Topic_Learning/niluo/src/niluo_node_rclcpp/src/niluo_node.cpp:7:9:[m[K [01;36m[Knote: [m[K  candidate expects 0 arguments, 1 provided
[2.750s] gmake[2]: *** [CMakeFiles/niluo_node.dir/build.make:76: CMakeFiles/niluo_node.dir/src/niluo_node.cpp.o] Error 1
[2.750s] gmake[1]: *** [CMakeFiles/Makefile2:137: CMakeFiles/niluo_node.dir/all] Error 2
[2.750s] gmake: *** [Makefile:146: all] Error 2
[2.752s] Invoked command in '/home/rc-005/STrAduts/ConQU/Topic_Learning/niluo/build/niluo_node_rclcpp' returned '2': CMAKE_PREFIX_PATH=/opt/ros/humble /usr/bin/cmake --build /home/rc-005/STrAduts/ConQU/Topic_Learning/niluo/build/niluo_node_rclcpp -- -j8 -l8
