-- Found ament_cmake: 1.3.12 (/opt/ros/humble/share/ament_cmake/cmake)
-- Found rclcpp: 16.0.15 (/opt/ros/humble/share/rclcpp/cmake)
-- Found rosidl_generator_c: 3.1.7 (/opt/ros/humble/share/rosidl_generator_c/cmake)
-- Found rosidl_adapter: 3.1.7 (/opt/ros/humble/share/rosidl_adapter/cmake)
-- Found rosidl_generator_cpp: 3.1.7 (/opt/ros/humble/share/rosidl_generator_cpp/cmake)
-- Using all available rosidl_typesupport_c: rosidl_typesupport_fastrtps_c;rosidl_typesupport_introspection_c
-- Using all available rosidl_typesupport_cpp: rosidl_typesupport_fastrtps_cpp;rosidl_typesupport_introspection_cpp
-- Found rmw_implementation_cmake: 6.1.2 (/opt/ros/humble/share/rmw_implementation_cmake/cmake)
-- Found rmw_fastrtps_cpp: 6.2.9 (/opt/ros/humble/share/rmw_fastrtps_cpp/cmake)
-- Using RMW implementation 'rmw_fastrtps_cpp' as default
-- Found ament_lint_auto: 0.12.14 (/opt/ros/humble/share/ament_lint_auto/cmake)
-- Added test 'cppcheck' to perform static code analysis on C / C++ code
-- Configured cppcheck include dirs: 
-- Configured cppcheck exclude dirs and/or files: 
-- Added test 'lint_cmake' to check CMake code style
-- Added test 'uncrustify' to check C / C++ code style
-- Configured uncrustify additional arguments: 
-- Added test 'xmllint' to check XML markup files
-- Configuring done
-- Generating done
-- Build files have been written to: /home/rc-005/STrAduts/ConQU/Topic_Learning/student/build/student_node_rclcpp
[ 50%] [32mBuilding CXX object CMakeFiles/student_node.dir/src/student_node.cpp.o[0m
[100%] [32m[1mLinking CXX executable student_node[0m
[100%] Built target student_node
-- Install configuration: ""
-- Installing: /home/rc-005/STrAduts/ConQU/Topic_Learning/student/install/student_node_rclcpp/share/ament_index/resource_index/package_run_dependencies/student_node_rclcpp
-- Installing: /home/rc-005/STrAduts/ConQU/Topic_Learning/student/install/student_node_rclcpp/share/ament_index/resource_index/parent_prefix_path/student_node_rclcpp
-- Installing: /home/rc-005/STrAduts/ConQU/Topic_Learning/student/install/student_node_rclcpp/share/student_node_rclcpp/environment/ament_prefix_path.sh
-- Installing: /home/rc-005/STrAduts/ConQU/Topic_Learning/student/install/student_node_rclcpp/share/student_node_rclcpp/environment/ament_prefix_path.dsv
-- Installing: /home/rc-005/STrAduts/ConQU/Topic_Learning/student/install/student_node_rclcpp/share/student_node_rclcpp/environment/path.sh
-- Installing: /home/rc-005/STrAduts/ConQU/Topic_Learning/student/install/student_node_rclcpp/share/student_node_rclcpp/environment/path.dsv
-- Installing: /home/rc-005/STrAduts/ConQU/Topic_Learning/student/install/student_node_rclcpp/share/student_node_rclcpp/local_setup.bash
-- Installing: /home/rc-005/STrAduts/ConQU/Topic_Learning/student/install/student_node_rclcpp/share/student_node_rclcpp/local_setup.sh
-- Installing: /home/rc-005/STrAduts/ConQU/Topic_Learning/student/install/student_node_rclcpp/share/student_node_rclcpp/local_setup.zsh
-- Installing: /home/rc-005/STrAduts/ConQU/Topic_Learning/student/install/student_node_rclcpp/share/student_node_rclcpp/local_setup.dsv
-- Installing: /home/rc-005/STrAduts/ConQU/Topic_Learning/student/install/student_node_rclcpp/share/student_node_rclcpp/package.dsv
-- Installing: /home/rc-005/STrAduts/ConQU/Topic_Learning/student/install/student_node_rclcpp/share/ament_index/resource_index/packages/student_node_rclcpp
-- Installing: /home/rc-005/STrAduts/ConQU/Topic_Learning/student/install/student_node_rclcpp/share/student_node_rclcpp/cmake/student_node_rclcppConfig.cmake
-- Installing: /home/rc-005/STrAduts/ConQU/Topic_Learning/student/install/student_node_rclcpp/share/student_node_rclcpp/cmake/student_node_rclcppConfig-version.cmake
-- Installing: /home/rc-005/STrAduts/ConQU/Topic_Learning/student/install/student_node_rclcpp/share/student_node_rclcpp/package.xml
-- Installing: /home/rc-005/STrAduts/ConQU/Topic_Learning/student/install/student_node_rclcpp/lib/student_node_rclcpp/student_node
-- Set runtime path of "/home/rc-005/STrAduts/ConQU/Topic_Learning/student/install/student_node_rclcpp/lib/student_node_rclcpp/student_node" to ""
