[0.008s] Invoking command in '/home/rc-005/STrAduts/ConQU/Topic_Learning/student/build/student_node_rclcpp': CMAKE_PREFIX_PATH=${CMAKE_PREFIX_PATH}:/opt/ros/humble /usr/bin/cmake /home/rc-005/STrAduts/ConQU/Topic_Learning/student/src/student_node_rclcpp -DCMAKE_INSTALL_PREFIX=/home/rc-005/STrAduts/ConQU/Topic_Learning/student/install/student_node_rclcpp
[0.016s] -- Found ament_cmake: 1.3.12 (/opt/ros/humble/share/ament_cmake/cmake)
[0.112s] -- Found rclcpp: 16.0.15 (/opt/ros/humble/share/rclcpp/cmake)
[0.131s] -- Found rosidl_generator_c: 3.1.7 (/opt/ros/humble/share/rosidl_generator_c/cmake)
[0.133s] -- Found rosidl_adapter: 3.1.7 (/opt/ros/humble/share/rosidl_adapter/cmake)
[0.137s] -- Found rosidl_generator_cpp: 3.1.7 (/opt/ros/humble/share/rosidl_generator_cpp/cmake)
[0.144s] -- Using all available rosidl_typesupport_c: rosidl_typesupport_fastrtps_c;rosidl_typesupport_introspection_c
[0.152s] -- Using all available rosidl_typesupport_cpp: rosidl_typesupport_fastrtps_cpp;rosidl_typesupport_introspection_cpp
[0.175s] -- Found rmw_implementation_cmake: 6.1.2 (/opt/ros/humble/share/rmw_implementation_cmake/cmake)
[0.176s] -- Found rmw_fastrtps_cpp: 6.2.9 (/opt/ros/humble/share/rmw_fastrtps_cpp/cmake)
[0.245s] -- Using RMW implementation 'rmw_fastrtps_cpp' as default
[0.281s] -- Found ament_lint_auto: 0.12.14 (/opt/ros/humble/share/ament_lint_auto/cmake)
[0.338s] -- Added test 'cppcheck' to perform static code analysis on C / C++ code
[0.338s] -- Configured cppcheck include dirs: 
[0.338s] -- Configured cppcheck exclude dirs and/or files: 
[0.338s] -- Added test 'lint_cmake' to check CMake code style
[0.338s] -- Added test 'uncrustify' to check C / C++ code style
[0.338s] -- Configured uncrustify additional arguments: 
[0.339s] -- Added test 'xmllint' to check XML markup files
[0.340s] -- Configuring done
[0.346s] -- Generating done
[0.349s] -- Build files have been written to: /home/rc-005/STrAduts/ConQU/Topic_Learning/student/build/student_node_rclcpp
[0.355s] Invoked command in '/home/rc-005/STrAduts/ConQU/Topic_Learning/student/build/student_node_rclcpp' returned '0': CMAKE_PREFIX_PATH=${CMAKE_PREFIX_PATH}:/opt/ros/humble /usr/bin/cmake /home/rc-005/STrAduts/ConQU/Topic_Learning/student/src/student_node_rclcpp -DCMAKE_INSTALL_PREFIX=/home/rc-005/STrAduts/ConQU/Topic_Learning/student/install/student_node_rclcpp
[0.356s] Invoking command in '/home/rc-005/STrAduts/ConQU/Topic_Learning/student/build/student_node_rclcpp': CMAKE_PREFIX_PATH=${CMAKE_PREFIX_PATH}:/opt/ros/humble /usr/bin/cmake --build /home/rc-005/STrAduts/ConQU/Topic_Learning/student/build/student_node_rclcpp -- -j8 -l8
[0.396s] [ 50%] [32mBuilding CXX object CMakeFiles/student_node.dir/src/student_node.cpp.o[0m
[7.043s] [100%] [32m[1mLinking CXX executable student_node[0m
[7.385s] [100%] Built target student_node
[7.394s] Invoked command in '/home/rc-005/STrAduts/ConQU/Topic_Learning/student/build/student_node_rclcpp' returned '0': CMAKE_PREFIX_PATH=${CMAKE_PREFIX_PATH}:/opt/ros/humble /usr/bin/cmake --build /home/rc-005/STrAduts/ConQU/Topic_Learning/student/build/student_node_rclcpp -- -j8 -l8
[7.402s] Invoking command in '/home/rc-005/STrAduts/ConQU/Topic_Learning/student/build/student_node_rclcpp': CMAKE_PREFIX_PATH=${CMAKE_PREFIX_PATH}:/opt/ros/humble /usr/bin/cmake --install /home/rc-005/STrAduts/ConQU/Topic_Learning/student/build/student_node_rclcpp
[7.408s] -- Install configuration: ""
[7.408s] -- Installing: /home/rc-005/STrAduts/ConQU/Topic_Learning/student/install/student_node_rclcpp/share/ament_index/resource_index/package_run_dependencies/student_node_rclcpp
[7.408s] -- Installing: /home/rc-005/STrAduts/ConQU/Topic_Learning/student/install/student_node_rclcpp/share/ament_index/resource_index/parent_prefix_path/student_node_rclcpp
[7.408s] -- Installing: /home/rc-005/STrAduts/ConQU/Topic_Learning/student/install/student_node_rclcpp/share/student_node_rclcpp/environment/ament_prefix_path.sh
[7.408s] -- Installing: /home/rc-005/STrAduts/ConQU/Topic_Learning/student/install/student_node_rclcpp/share/student_node_rclcpp/environment/ament_prefix_path.dsv
[7.408s] -- Installing: /home/rc-005/STrAduts/ConQU/Topic_Learning/student/install/student_node_rclcpp/share/student_node_rclcpp/environment/path.sh
[7.408s] -- Installing: /home/rc-005/STrAduts/ConQU/Topic_Learning/student/install/student_node_rclcpp/share/student_node_rclcpp/environment/path.dsv
[7.408s] -- Installing: /home/rc-005/STrAduts/ConQU/Topic_Learning/student/install/student_node_rclcpp/share/student_node_rclcpp/local_setup.bash
[7.408s] -- Installing: /home/rc-005/STrAduts/ConQU/Topic_Learning/student/install/student_node_rclcpp/share/student_node_rclcpp/local_setup.sh
[7.408s] -- Installing: /home/rc-005/STrAduts/ConQU/Topic_Learning/student/install/student_node_rclcpp/share/student_node_rclcpp/local_setup.zsh
[7.409s] -- Installing: /home/rc-005/STrAduts/ConQU/Topic_Learning/student/install/student_node_rclcpp/share/student_node_rclcpp/local_setup.dsv
[7.409s] -- Installing: /home/rc-005/STrAduts/ConQU/Topic_Learning/student/install/student_node_rclcpp/share/student_node_rclcpp/package.dsv
[7.409s] -- Installing: /home/rc-005/STrAduts/ConQU/Topic_Learning/student/install/student_node_rclcpp/share/ament_index/resource_index/packages/student_node_rclcpp
[7.409s] -- Installing: /home/rc-005/STrAduts/ConQU/Topic_Learning/student/install/student_node_rclcpp/share/student_node_rclcpp/cmake/student_node_rclcppConfig.cmake
[7.409s] -- Installing: /home/rc-005/STrAduts/ConQU/Topic_Learning/student/install/student_node_rclcpp/share/student_node_rclcpp/cmake/student_node_rclcppConfig-version.cmake
[7.409s] -- Installing: /home/rc-005/STrAduts/ConQU/Topic_Learning/student/install/student_node_rclcpp/share/student_node_rclcpp/package.xml
[7.409s] -- Installing: /home/rc-005/STrAduts/ConQU/Topic_Learning/student/install/student_node_rclcpp/lib/student_node_rclcpp/student_node
[7.411s] -- Set runtime path of "/home/rc-005/STrAduts/ConQU/Topic_Learning/student/install/student_node_rclcpp/lib/student_node_rclcpp/student_node" to ""
[7.412s] Invoked command in '/home/rc-005/STrAduts/ConQU/Topic_Learning/student/build/student_node_rclcpp' returned '0': CMAKE_PREFIX_PATH=${CMAKE_PREFIX_PATH}:/opt/ros/humble /usr/bin/cmake --install /home/rc-005/STrAduts/ConQU/Topic_Learning/student/build/student_node_rclcpp
