[0.007s] Invoking command in '/home/rc1/STrAduts/ConQU/Service_Learning/homework/build/lr_interfaces': CMAKE_PREFIX_PATH=/opt/ros/humble /usr/bin/cmake --build /home/rc1/STrAduts/ConQU/Service_Learning/homework/build/lr_interfaces -- -j8 -l8
[0.040s] [  3%] Built target lr_interfaces__cpp
[0.040s] [ 12%] Built target lr_interfaces__rosidl_generator_c
[0.046s] [ 12%] Built target ament_cmake_python_copy_lr_interfaces
[0.056s] [ 22%] Built target lr_interfaces__rosidl_typesupport_cpp
[0.057s] [ 32%] Built target lr_interfaces__rosidl_typesupport_introspection_cpp
[0.057s] [ 41%] Built target lr_interfaces__rosidl_typesupport_fastrtps_cpp
[0.063s] [ 51%] Built target lr_interfaces__rosidl_typesupport_introspection_c
[0.063s] [ 64%] Built target lr_interfaces__rosidl_typesupport_fastrtps_c
[0.064s] [ 70%] Built target lr_interfaces__rosidl_typesupport_c
[0.077s] [ 70%] Built target lr_interfaces
[0.091s] [ 74%] Built target lr_interfaces__py
[0.106s] [ 80%] Built target lr_interfaces__rosidl_generator_py
[0.121s] [100%] Built target lr_interfaces__rosidl_typesupport_introspection_c__pyext
[0.121s] [100%] Built target lr_interfaces__rosidl_typesupport_c__pyext
[0.121s] [100%] Built target lr_interfaces__rosidl_typesupport_fastrtps_c__pyext
[0.204s] running egg_info
[0.204s] writing lr_interfaces.egg-info/PKG-INFO
[0.205s] writing dependency_links to lr_interfaces.egg-info/dependency_links.txt
[0.205s] writing top-level names to lr_interfaces.egg-info/top_level.txt
[0.206s] reading manifest file 'lr_interfaces.egg-info/SOURCES.txt'
[0.207s] writing manifest file 'lr_interfaces.egg-info/SOURCES.txt'
[0.226s] [100%] Built target ament_cmake_python_build_lr_interfaces_egg
[0.234s] Invoked command in '/home/rc1/STrAduts/ConQU/Service_Learning/homework/build/lr_interfaces' returned '0': CMAKE_PREFIX_PATH=/opt/ros/humble /usr/bin/cmake --build /home/rc1/STrAduts/ConQU/Service_Learning/homework/build/lr_interfaces -- -j8 -l8
[0.240s] Invoking command in '/home/rc1/STrAduts/ConQU/Service_Learning/homework/build/lr_interfaces': CMAKE_PREFIX_PATH=/opt/ros/humble /usr/bin/cmake --install /home/rc1/STrAduts/ConQU/Service_Learning/homework/build/lr_interfaces
[0.246s] -- Install configuration: ""
[0.246s] -- Installing: /home/rc1/STrAduts/ConQU/Service_Learning/homework/install/lr_interfaces/share/ament_index/resource_index/rosidl_interfaces/lr_interfaces
[0.246s] -- Installing: /home/rc1/STrAduts/ConQU/Service_Learning/homework/install/lr_interfaces/include/lr_interfaces/lr_interfaces
[0.247s] -- Installing: /home/rc1/STrAduts/ConQU/Service_Learning/homework/install/lr_interfaces/include/lr_interfaces/lr_interfaces/msg
[0.247s] -- Installing: /home/rc1/STrAduts/ConQU/Service_Learning/homework/install/lr_interfaces/include/lr_interfaces/lr_interfaces/msg/rosidl_generator_c__visibility_control.h
[0.247s] -- Installing: /home/rc1/STrAduts/ConQU/Service_Learning/homework/install/lr_interfaces/include/lr_interfaces/lr_interfaces/srv
[0.247s] -- Installing: /home/rc1/STrAduts/ConQU/Service_Learning/homework/install/lr_interfaces/include/lr_interfaces/lr_interfaces/srv/detail
[0.247s] -- Installing: /home/rc1/STrAduts/ConQU/Service_Learning/homework/install/lr_interfaces/include/lr_interfaces/lr_interfaces/srv/detail/climb__functions.c
[0.247s] -- Installing: /home/rc1/STrAduts/ConQU/Service_Learning/homework/install/lr_interfaces/include/lr_interfaces/lr_interfaces/srv/detail/climb__struct.h
[0.247s] -- Installing: /home/rc1/STrAduts/ConQU/Service_Learning/homework/install/lr_interfaces/include/lr_interfaces/lr_interfaces/srv/detail/climb__type_support.h
[0.247s] -- Installing: /home/rc1/STrAduts/ConQU/Service_Learning/homework/install/lr_interfaces/include/lr_interfaces/lr_interfaces/srv/detail/climb__functions.h
[0.247s] -- Installing: /home/rc1/STrAduts/ConQU/Service_Learning/homework/install/lr_interfaces/include/lr_interfaces/lr_interfaces/srv/climb.h
[0.247s] -- Installing: /home/rc1/STrAduts/ConQU/Service_Learning/homework/install/lr_interfaces/share/lr_interfaces/environment/library_path.sh
[0.247s] -- Installing: /home/rc1/STrAduts/ConQU/Service_Learning/homework/install/lr_interfaces/share/lr_interfaces/environment/library_path.dsv
[0.247s] -- Installing: /home/rc1/STrAduts/ConQU/Service_Learning/homework/install/lr_interfaces/lib/liblr_interfaces__rosidl_generator_c.so
[0.247s] -- Set runtime path of "/home/rc1/STrAduts/ConQU/Service_Learning/homework/install/lr_interfaces/lib/liblr_interfaces__rosidl_generator_c.so" to ""
[0.247s] -- Up-to-date: /home/rc1/STrAduts/ConQU/Service_Learning/homework/install/lr_interfaces/include/lr_interfaces/lr_interfaces
[0.247s] -- Up-to-date: /home/rc1/STrAduts/ConQU/Service_Learning/homework/install/lr_interfaces/include/lr_interfaces/lr_interfaces/msg
[0.247s] -- Installing: /home/rc1/STrAduts/ConQU/Service_Learning/homework/install/lr_interfaces/include/lr_interfaces/lr_interfaces/msg/rosidl_typesupport_fastrtps_c__visibility_control.h
[0.248s] -- Up-to-date: /home/rc1/STrAduts/ConQU/Service_Learning/homework/install/lr_interfaces/include/lr_interfaces/lr_interfaces/srv
[0.248s] -- Up-to-date: /home/rc1/STrAduts/ConQU/Service_Learning/homework/install/lr_interfaces/include/lr_interfaces/lr_interfaces/srv/detail
[0.248s] -- Installing: /home/rc1/STrAduts/ConQU/Service_Learning/homework/install/lr_interfaces/include/lr_interfaces/lr_interfaces/srv/detail/climb__rosidl_typesupport_fastrtps_c.h
[0.248s] -- Installing: /home/rc1/STrAduts/ConQU/Service_Learning/homework/install/lr_interfaces/lib/liblr_interfaces__rosidl_typesupport_fastrtps_c.so
[0.248s] -- Set runtime path of "/home/rc1/STrAduts/ConQU/Service_Learning/homework/install/lr_interfaces/lib/liblr_interfaces__rosidl_typesupport_fastrtps_c.so" to ""
[0.248s] -- Up-to-date: /home/rc1/STrAduts/ConQU/Service_Learning/homework/install/lr_interfaces/include/lr_interfaces/lr_interfaces
[0.248s] -- Up-to-date: /home/rc1/STrAduts/ConQU/Service_Learning/homework/install/lr_interfaces/include/lr_interfaces/lr_interfaces/msg
[0.248s] -- Installing: /home/rc1/STrAduts/ConQU/Service_Learning/homework/install/lr_interfaces/include/lr_interfaces/lr_interfaces/msg/rosidl_typesupport_introspection_c__visibility_control.h
[0.248s] -- Up-to-date: /home/rc1/STrAduts/ConQU/Service_Learning/homework/install/lr_interfaces/include/lr_interfaces/lr_interfaces/srv
[0.248s] -- Up-to-date: /home/rc1/STrAduts/ConQU/Service_Learning/homework/install/lr_interfaces/include/lr_interfaces/lr_interfaces/srv/detail
[0.248s] -- Installing: /home/rc1/STrAduts/ConQU/Service_Learning/homework/install/lr_interfaces/include/lr_interfaces/lr_interfaces/srv/detail/climb__type_support.c
[0.248s] -- Installing: /home/rc1/STrAduts/ConQU/Service_Learning/homework/install/lr_interfaces/include/lr_interfaces/lr_interfaces/srv/detail/climb__rosidl_typesupport_introspection_c.h
[0.248s] -- Installing: /home/rc1/STrAduts/ConQU/Service_Learning/homework/install/lr_interfaces/lib/liblr_interfaces__rosidl_typesupport_introspection_c.so
[0.248s] -- Set runtime path of "/home/rc1/STrAduts/ConQU/Service_Learning/homework/install/lr_interfaces/lib/liblr_interfaces__rosidl_typesupport_introspection_c.so" to ""
[0.248s] -- Installing: /home/rc1/STrAduts/ConQU/Service_Learning/homework/install/lr_interfaces/lib/liblr_interfaces__rosidl_typesupport_c.so
[0.248s] -- Set runtime path of "/home/rc1/STrAduts/ConQU/Service_Learning/homework/install/lr_interfaces/lib/liblr_interfaces__rosidl_typesupport_c.so" to ""
[0.249s] -- Up-to-date: /home/rc1/STrAduts/ConQU/Service_Learning/homework/install/lr_interfaces/include/lr_interfaces/lr_interfaces
[0.249s] -- Up-to-date: /home/rc1/STrAduts/ConQU/Service_Learning/homework/install/lr_interfaces/include/lr_interfaces/lr_interfaces/msg
[0.249s] -- Installing: /home/rc1/STrAduts/ConQU/Service_Learning/homework/install/lr_interfaces/include/lr_interfaces/lr_interfaces/msg/rosidl_generator_cpp__visibility_control.hpp
[0.249s] -- Up-to-date: /home/rc1/STrAduts/ConQU/Service_Learning/homework/install/lr_interfaces/include/lr_interfaces/lr_interfaces/srv
[0.249s] -- Installing: /home/rc1/STrAduts/ConQU/Service_Learning/homework/install/lr_interfaces/include/lr_interfaces/lr_interfaces/srv/climb.hpp
[0.249s] -- Up-to-date: /home/rc1/STrAduts/ConQU/Service_Learning/homework/install/lr_interfaces/include/lr_interfaces/lr_interfaces/srv/detail
[0.249s] -- Installing: /home/rc1/STrAduts/ConQU/Service_Learning/homework/install/lr_interfaces/include/lr_interfaces/lr_interfaces/srv/detail/climb__struct.hpp
[0.249s] -- Installing: /home/rc1/STrAduts/ConQU/Service_Learning/homework/install/lr_interfaces/include/lr_interfaces/lr_interfaces/srv/detail/climb__builder.hpp
[0.249s] -- Installing: /home/rc1/STrAduts/ConQU/Service_Learning/homework/install/lr_interfaces/include/lr_interfaces/lr_interfaces/srv/detail/climb__type_support.hpp
[0.249s] -- Installing: /home/rc1/STrAduts/ConQU/Service_Learning/homework/install/lr_interfaces/include/lr_interfaces/lr_interfaces/srv/detail/climb__traits.hpp
[0.249s] -- Up-to-date: /home/rc1/STrAduts/ConQU/Service_Learning/homework/install/lr_interfaces/include/lr_interfaces/lr_interfaces
[0.249s] -- Up-to-date: /home/rc1/STrAduts/ConQU/Service_Learning/homework/install/lr_interfaces/include/lr_interfaces/lr_interfaces/msg
[0.249s] -- Installing: /home/rc1/STrAduts/ConQU/Service_Learning/homework/install/lr_interfaces/include/lr_interfaces/lr_interfaces/msg/rosidl_typesupport_fastrtps_cpp__visibility_control.h
[0.249s] -- Up-to-date: /home/rc1/STrAduts/ConQU/Service_Learning/homework/install/lr_interfaces/include/lr_interfaces/lr_interfaces/srv
[0.249s] -- Up-to-date: /home/rc1/STrAduts/ConQU/Service_Learning/homework/install/lr_interfaces/include/lr_interfaces/lr_interfaces/srv/detail
[0.249s] -- Installing: /home/rc1/STrAduts/ConQU/Service_Learning/homework/install/lr_interfaces/include/lr_interfaces/lr_interfaces/srv/detail/climb__rosidl_typesupport_fastrtps_cpp.hpp
[0.249s] -- Installing: /home/rc1/STrAduts/ConQU/Service_Learning/homework/install/lr_interfaces/include/lr_interfaces/lr_interfaces/srv/detail/dds_fastrtps
[0.249s] -- Installing: /home/rc1/STrAduts/ConQU/Service_Learning/homework/install/lr_interfaces/lib/liblr_interfaces__rosidl_typesupport_fastrtps_cpp.so
[0.249s] -- Set runtime path of "/home/rc1/STrAduts/ConQU/Service_Learning/homework/install/lr_interfaces/lib/liblr_interfaces__rosidl_typesupport_fastrtps_cpp.so" to ""
[0.249s] -- Up-to-date: /home/rc1/STrAduts/ConQU/Service_Learning/homework/install/lr_interfaces/include/lr_interfaces/lr_interfaces
[0.250s] -- Up-to-date: /home/rc1/STrAduts/ConQU/Service_Learning/homework/install/lr_interfaces/include/lr_interfaces/lr_interfaces/srv
[0.250s] -- Up-to-date: /home/rc1/STrAduts/ConQU/Service_Learning/homework/install/lr_interfaces/include/lr_interfaces/lr_interfaces/srv/detail
[0.250s] -- Installing: /home/rc1/STrAduts/ConQU/Service_Learning/homework/install/lr_interfaces/include/lr_interfaces/lr_interfaces/srv/detail/climb__rosidl_typesupport_introspection_cpp.hpp
[0.250s] -- Installing: /home/rc1/STrAduts/ConQU/Service_Learning/homework/install/lr_interfaces/include/lr_interfaces/lr_interfaces/srv/detail/climb__type_support.cpp
[0.250s] -- Installing: /home/rc1/STrAduts/ConQU/Service_Learning/homework/install/lr_interfaces/lib/liblr_interfaces__rosidl_typesupport_introspection_cpp.so
[0.250s] -- Set runtime path of "/home/rc1/STrAduts/ConQU/Service_Learning/homework/install/lr_interfaces/lib/liblr_interfaces__rosidl_typesupport_introspection_cpp.so" to ""
[0.250s] -- Installing: /home/rc1/STrAduts/ConQU/Service_Learning/homework/install/lr_interfaces/lib/liblr_interfaces__rosidl_typesupport_cpp.so
[0.250s] -- Set runtime path of "/home/rc1/STrAduts/ConQU/Service_Learning/homework/install/lr_interfaces/lib/liblr_interfaces__rosidl_typesupport_cpp.so" to ""
[0.250s] -- Installing: /home/rc1/STrAduts/ConQU/Service_Learning/homework/install/lr_interfaces/share/lr_interfaces/environment/pythonpath.sh
[0.250s] -- Installing: /home/rc1/STrAduts/ConQU/Service_Learning/homework/install/lr_interfaces/share/lr_interfaces/environment/pythonpath.dsv
[0.250s] -- Installing: /home/rc1/STrAduts/ConQU/Service_Learning/homework/install/lr_interfaces/local/lib/python3.10/dist-packages/lr_interfaces-0.0.0-py3.10.egg-info
[0.250s] -- Installing: /home/rc1/STrAduts/ConQU/Service_Learning/homework/install/lr_interfaces/local/lib/python3.10/dist-packages/lr_interfaces-0.0.0-py3.10.egg-info/PKG-INFO
[0.250s] -- Installing: /home/rc1/STrAduts/ConQU/Service_Learning/homework/install/lr_interfaces/local/lib/python3.10/dist-packages/lr_interfaces-0.0.0-py3.10.egg-info/top_level.txt
[0.250s] -- Installing: /home/rc1/STrAduts/ConQU/Service_Learning/homework/install/lr_interfaces/local/lib/python3.10/dist-packages/lr_interfaces-0.0.0-py3.10.egg-info/dependency_links.txt
[0.250s] -- Installing: /home/rc1/STrAduts/ConQU/Service_Learning/homework/install/lr_interfaces/local/lib/python3.10/dist-packages/lr_interfaces-0.0.0-py3.10.egg-info/SOURCES.txt
[0.251s] -- Installing: /home/rc1/STrAduts/ConQU/Service_Learning/homework/install/lr_interfaces/local/lib/python3.10/dist-packages/lr_interfaces
[0.251s] -- Installing: /home/rc1/STrAduts/ConQU/Service_Learning/homework/install/lr_interfaces/local/lib/python3.10/dist-packages/lr_interfaces/liblr_interfaces__rosidl_generator_py.so
[0.251s] -- Installing: /home/rc1/STrAduts/ConQU/Service_Learning/homework/install/lr_interfaces/local/lib/python3.10/dist-packages/lr_interfaces/_lr_interfaces_s.ep.rosidl_typesupport_introspection_c.c
[0.251s] -- Installing: /home/rc1/STrAduts/ConQU/Service_Learning/homework/install/lr_interfaces/local/lib/python3.10/dist-packages/lr_interfaces/__init__.py
[0.251s] -- Installing: /home/rc1/STrAduts/ConQU/Service_Learning/homework/install/lr_interfaces/local/lib/python3.10/dist-packages/lr_interfaces/lr_interfaces_s__rosidl_typesupport_fastrtps_c.cpython-310-x86_64-linux-gnu.so
[0.251s] -- Installing: /home/rc1/STrAduts/ConQU/Service_Learning/homework/install/lr_interfaces/local/lib/python3.10/dist-packages/lr_interfaces/_lr_interfaces_s.ep.rosidl_typesupport_c.c
[0.251s] -- Installing: /home/rc1/STrAduts/ConQU/Service_Learning/homework/install/lr_interfaces/local/lib/python3.10/dist-packages/lr_interfaces/lr_interfaces_s__rosidl_typesupport_c.cpython-310-x86_64-linux-gnu.so
[0.251s] -- Installing: /home/rc1/STrAduts/ConQU/Service_Learning/homework/install/lr_interfaces/local/lib/python3.10/dist-packages/lr_interfaces/srv
[0.251s] -- Installing: /home/rc1/STrAduts/ConQU/Service_Learning/homework/install/lr_interfaces/local/lib/python3.10/dist-packages/lr_interfaces/srv/__init__.py
[0.251s] -- Installing: /home/rc1/STrAduts/ConQU/Service_Learning/homework/install/lr_interfaces/local/lib/python3.10/dist-packages/lr_interfaces/srv/_climb_s.c
[0.251s] -- Installing: /home/rc1/STrAduts/ConQU/Service_Learning/homework/install/lr_interfaces/local/lib/python3.10/dist-packages/lr_interfaces/srv/_climb.py
[0.251s] -- Installing: /home/rc1/STrAduts/ConQU/Service_Learning/homework/install/lr_interfaces/local/lib/python3.10/dist-packages/lr_interfaces/_lr_interfaces_s.ep.rosidl_typesupport_fastrtps_c.c
[0.251s] -- Installing: /home/rc1/STrAduts/ConQU/Service_Learning/homework/install/lr_interfaces/local/lib/python3.10/dist-packages/lr_interfaces/lr_interfaces_s__rosidl_typesupport_introspection_c.cpython-310-x86_64-linux-gnu.so
[0.275s] Listing '/home/rc1/STrAduts/ConQU/Service_Learning/homework/install/lr_interfaces/local/lib/python3.10/dist-packages/lr_interfaces'...
[0.275s] Compiling '/home/rc1/STrAduts/ConQU/Service_Learning/homework/install/lr_interfaces/local/lib/python3.10/dist-packages/lr_interfaces/__init__.py'...
[0.275s] Listing '/home/rc1/STrAduts/ConQU/Service_Learning/homework/install/lr_interfaces/local/lib/python3.10/dist-packages/lr_interfaces/srv'...
[0.275s] Compiling '/home/rc1/STrAduts/ConQU/Service_Learning/homework/install/lr_interfaces/local/lib/python3.10/dist-packages/lr_interfaces/srv/__init__.py'...
[0.275s] Compiling '/home/rc1/STrAduts/ConQU/Service_Learning/homework/install/lr_interfaces/local/lib/python3.10/dist-packages/lr_interfaces/srv/_climb.py'...
[0.278s] -- Installing: /home/rc1/STrAduts/ConQU/Service_Learning/homework/install/lr_interfaces/local/lib/python3.10/dist-packages/lr_interfaces/lr_interfaces_s__rosidl_typesupport_fastrtps_c.cpython-310-x86_64-linux-gnu.so
[0.278s] -- Set runtime path of "/home/rc1/STrAduts/ConQU/Service_Learning/homework/install/lr_interfaces/local/lib/python3.10/dist-packages/lr_interfaces/lr_interfaces_s__rosidl_typesupport_fastrtps_c.cpython-310-x86_64-linux-gnu.so" to ""
[0.279s] -- Installing: /home/rc1/STrAduts/ConQU/Service_Learning/homework/install/lr_interfaces/local/lib/python3.10/dist-packages/lr_interfaces/lr_interfaces_s__rosidl_typesupport_introspection_c.cpython-310-x86_64-linux-gnu.so
[0.279s] -- Set runtime path of "/home/rc1/STrAduts/ConQU/Service_Learning/homework/install/lr_interfaces/local/lib/python3.10/dist-packages/lr_interfaces/lr_interfaces_s__rosidl_typesupport_introspection_c.cpython-310-x86_64-linux-gnu.so" to ""
[0.279s] -- Installing: /home/rc1/STrAduts/ConQU/Service_Learning/homework/install/lr_interfaces/local/lib/python3.10/dist-packages/lr_interfaces/lr_interfaces_s__rosidl_typesupport_c.cpython-310-x86_64-linux-gnu.so
[0.279s] -- Set runtime path of "/home/rc1/STrAduts/ConQU/Service_Learning/homework/install/lr_interfaces/local/lib/python3.10/dist-packages/lr_interfaces/lr_interfaces_s__rosidl_typesupport_c.cpython-310-x86_64-linux-gnu.so" to ""
[0.279s] -- Installing: /home/rc1/STrAduts/ConQU/Service_Learning/homework/install/lr_interfaces/lib/liblr_interfaces__rosidl_generator_py.so
[0.279s] -- Set runtime path of "/home/rc1/STrAduts/ConQU/Service_Learning/homework/install/lr_interfaces/lib/liblr_interfaces__rosidl_generator_py.so" to ""
[0.279s] -- Installing: /home/rc1/STrAduts/ConQU/Service_Learning/homework/install/lr_interfaces/share/lr_interfaces/srv/Climb.idl
[0.279s] -- Installing: /home/rc1/STrAduts/ConQU/Service_Learning/homework/install/lr_interfaces/share/lr_interfaces/srv/Climb.srv
[0.279s] -- Installing: /home/rc1/STrAduts/ConQU/Service_Learning/homework/install/lr_interfaces/share/lr_interfaces/srv/Climb_Request.msg
[0.279s] -- Installing: /home/rc1/STrAduts/ConQU/Service_Learning/homework/install/lr_interfaces/share/lr_interfaces/srv/Climb_Response.msg
[0.279s] -- Installing: /home/rc1/STrAduts/ConQU/Service_Learning/homework/install/lr_interfaces/share/ament_index/resource_index/package_run_dependencies/lr_interfaces
[0.280s] -- Installing: /home/rc1/STrAduts/ConQU/Service_Learning/homework/install/lr_interfaces/share/ament_index/resource_index/parent_prefix_path/lr_interfaces
[0.280s] -- Installing: /home/rc1/STrAduts/ConQU/Service_Learning/homework/install/lr_interfaces/share/lr_interfaces/environment/ament_prefix_path.sh
[0.280s] -- Installing: /home/rc1/STrAduts/ConQU/Service_Learning/homework/install/lr_interfaces/share/lr_interfaces/environment/ament_prefix_path.dsv
[0.280s] -- Installing: /home/rc1/STrAduts/ConQU/Service_Learning/homework/install/lr_interfaces/share/lr_interfaces/environment/path.sh
[0.280s] -- Installing: /home/rc1/STrAduts/ConQU/Service_Learning/homework/install/lr_interfaces/share/lr_interfaces/environment/path.dsv
[0.280s] -- Installing: /home/rc1/STrAduts/ConQU/Service_Learning/homework/install/lr_interfaces/share/lr_interfaces/local_setup.bash
[0.280s] -- Installing: /home/rc1/STrAduts/ConQU/Service_Learning/homework/install/lr_interfaces/share/lr_interfaces/local_setup.sh
[0.280s] -- Installing: /home/rc1/STrAduts/ConQU/Service_Learning/homework/install/lr_interfaces/share/lr_interfaces/local_setup.zsh
[0.280s] -- Installing: /home/rc1/STrAduts/ConQU/Service_Learning/homework/install/lr_interfaces/share/lr_interfaces/local_setup.dsv
[0.280s] -- Installing: /home/rc1/STrAduts/ConQU/Service_Learning/homework/install/lr_interfaces/share/lr_interfaces/package.dsv
[0.280s] -- Installing: /home/rc1/STrAduts/ConQU/Service_Learning/homework/install/lr_interfaces/share/ament_index/resource_index/packages/lr_interfaces
[0.280s] -- Installing: /home/rc1/STrAduts/ConQU/Service_Learning/homework/install/lr_interfaces/share/lr_interfaces/cmake/export_lr_interfaces__rosidl_generator_cExport.cmake
[0.280s] -- Installing: /home/rc1/STrAduts/ConQU/Service_Learning/homework/install/lr_interfaces/share/lr_interfaces/cmake/export_lr_interfaces__rosidl_generator_cExport-noconfig.cmake
[0.281s] -- Installing: /home/rc1/STrAduts/ConQU/Service_Learning/homework/install/lr_interfaces/share/lr_interfaces/cmake/export_lr_interfaces__rosidl_typesupport_fastrtps_cExport.cmake
[0.281s] -- Installing: /home/rc1/STrAduts/ConQU/Service_Learning/homework/install/lr_interfaces/share/lr_interfaces/cmake/export_lr_interfaces__rosidl_typesupport_fastrtps_cExport-noconfig.cmake
[0.281s] -- Installing: /home/rc1/STrAduts/ConQU/Service_Learning/homework/install/lr_interfaces/share/lr_interfaces/cmake/lr_interfaces__rosidl_typesupport_introspection_cExport.cmake
[0.281s] -- Installing: /home/rc1/STrAduts/ConQU/Service_Learning/homework/install/lr_interfaces/share/lr_interfaces/cmake/lr_interfaces__rosidl_typesupport_introspection_cExport-noconfig.cmake
[0.281s] -- Installing: /home/rc1/STrAduts/ConQU/Service_Learning/homework/install/lr_interfaces/share/lr_interfaces/cmake/lr_interfaces__rosidl_typesupport_cExport.cmake
[0.281s] -- Installing: /home/rc1/STrAduts/ConQU/Service_Learning/homework/install/lr_interfaces/share/lr_interfaces/cmake/lr_interfaces__rosidl_typesupport_cExport-noconfig.cmake
[0.281s] -- Installing: /home/rc1/STrAduts/ConQU/Service_Learning/homework/install/lr_interfaces/share/lr_interfaces/cmake/export_lr_interfaces__rosidl_generator_cppExport.cmake
[0.281s] -- Installing: /home/rc1/STrAduts/ConQU/Service_Learning/homework/install/lr_interfaces/share/lr_interfaces/cmake/export_lr_interfaces__rosidl_typesupport_fastrtps_cppExport.cmake
[0.281s] -- Installing: /home/rc1/STrAduts/ConQU/Service_Learning/homework/install/lr_interfaces/share/lr_interfaces/cmake/export_lr_interfaces__rosidl_typesupport_fastrtps_cppExport-noconfig.cmake
[0.281s] -- Installing: /home/rc1/STrAduts/ConQU/Service_Learning/homework/install/lr_interfaces/share/lr_interfaces/cmake/lr_interfaces__rosidl_typesupport_introspection_cppExport.cmake
[0.281s] -- Installing: /home/rc1/STrAduts/ConQU/Service_Learning/homework/install/lr_interfaces/share/lr_interfaces/cmake/lr_interfaces__rosidl_typesupport_introspection_cppExport-noconfig.cmake
[0.281s] -- Installing: /home/rc1/STrAduts/ConQU/Service_Learning/homework/install/lr_interfaces/share/lr_interfaces/cmake/lr_interfaces__rosidl_typesupport_cppExport.cmake
[0.281s] -- Installing: /home/rc1/STrAduts/ConQU/Service_Learning/homework/install/lr_interfaces/share/lr_interfaces/cmake/lr_interfaces__rosidl_typesupport_cppExport-noconfig.cmake
[0.282s] -- Installing: /home/rc1/STrAduts/ConQU/Service_Learning/homework/install/lr_interfaces/share/lr_interfaces/cmake/export_lr_interfaces__rosidl_generator_pyExport.cmake
[0.282s] -- Installing: /home/rc1/STrAduts/ConQU/Service_Learning/homework/install/lr_interfaces/share/lr_interfaces/cmake/export_lr_interfaces__rosidl_generator_pyExport-noconfig.cmake
[0.282s] -- Installing: /home/rc1/STrAduts/ConQU/Service_Learning/homework/install/lr_interfaces/share/lr_interfaces/cmake/rosidl_cmake-extras.cmake
[0.282s] -- Installing: /home/rc1/STrAduts/ConQU/Service_Learning/homework/install/lr_interfaces/share/lr_interfaces/cmake/ament_cmake_export_include_directories-extras.cmake
[0.282s] -- Installing: /home/rc1/STrAduts/ConQU/Service_Learning/homework/install/lr_interfaces/share/lr_interfaces/cmake/ament_cmake_export_libraries-extras.cmake
[0.282s] -- Installing: /home/rc1/STrAduts/ConQU/Service_Learning/homework/install/lr_interfaces/share/lr_interfaces/cmake/ament_cmake_export_targets-extras.cmake
[0.282s] -- Installing: /home/rc1/STrAduts/ConQU/Service_Learning/homework/install/lr_interfaces/share/lr_interfaces/cmake/rosidl_cmake_export_typesupport_targets-extras.cmake
[0.282s] -- Installing: /home/rc1/STrAduts/ConQU/Service_Learning/homework/install/lr_interfaces/share/lr_interfaces/cmake/ament_cmake_export_dependencies-extras.cmake
[0.282s] -- Installing: /home/rc1/STrAduts/ConQU/Service_Learning/homework/install/lr_interfaces/share/lr_interfaces/cmake/rosidl_cmake_export_typesupport_libraries-extras.cmake
[0.282s] -- Installing: /home/rc1/STrAduts/ConQU/Service_Learning/homework/install/lr_interfaces/share/lr_interfaces/cmake/lr_interfacesConfig.cmake
[0.282s] -- Installing: /home/rc1/STrAduts/ConQU/Service_Learning/homework/install/lr_interfaces/share/lr_interfaces/cmake/lr_interfacesConfig-version.cmake
[0.282s] -- Installing: /home/rc1/STrAduts/ConQU/Service_Learning/homework/install/lr_interfaces/share/lr_interfaces/package.xml
[0.284s] Invoked command in '/home/rc1/STrAduts/ConQU/Service_Learning/homework/build/lr_interfaces' returned '0': CMAKE_PREFIX_PATH=/opt/ros/humble /usr/bin/cmake --install /home/rc1/STrAduts/ConQU/Service_Learning/homework/build/lr_interfaces
