[0.008s] Invoking command in '/home/rc1/STrAduts/ConQU/Topic_Learning/build/niluo_node_rclcpp': CMAKE_PREFIX_PATH=${CMAKE_PREFIX_PATH}:/opt/ros/humble /usr/bin/cmake /home/rc1/STrAduts/ConQU/Topic_Learning/niluo/src/niluo_node_rclcpp -DCMAKE_INSTALL_PREFIX=/home/rc1/STrAduts/ConQU/Topic_Learning/install/niluo_node_rclcpp
[0.045s] -- The C compiler identification is GNU 11.4.0
[0.084s] -- The CXX compiler identification is GNU 11.4.0
[0.090s] -- Detecting C compiler ABI info
[0.136s] -- Detecting C compiler ABI info - done
[0.141s] -- Check for working C compiler: /usr/bin/cc - skipped
[0.142s] -- Detecting C compile features
[0.142s] -- Detecting C compile features - done
[0.144s] -- Detecting CXX compiler ABI info
[0.199s] -- Detecting CXX compiler ABI info - done
[0.204s] -- Check for working CXX compiler: /usr/bin/c++ - skipped
[0.204s] -- Detecting CXX compile features
[0.205s] -- Detecting CXX compile features - done
[0.206s] -- Found ament_cmake: 1.3.12 (/opt/ros/humble/share/ament_cmake/cmake)
[0.313s] -- Found Python3: /usr/bin/python3 (found version "3.10.12") found components: Interpreter 
[0.379s] -- Found rclcpp: 16.0.15 (/opt/ros/humble/share/rclcpp/cmake)
[0.404s] -- Found rosidl_generator_c: 3.1.7 (/opt/ros/humble/share/rosidl_generator_c/cmake)
[0.407s] -- Found rosidl_adapter: 3.1.7 (/opt/ros/humble/share/rosidl_adapter/cmake)
[0.413s] -- Found rosidl_generator_cpp: 3.1.7 (/opt/ros/humble/share/rosidl_generator_cpp/cmake)
[0.420s] -- Using all available rosidl_typesupport_c: rosidl_typesupport_fastrtps_c;rosidl_typesupport_introspection_c
[0.431s] -- Using all available rosidl_typesupport_cpp: rosidl_typesupport_fastrtps_cpp;rosidl_typesupport_introspection_cpp
[0.458s] -- Found rmw_implementation_cmake: 6.1.2 (/opt/ros/humble/share/rmw_implementation_cmake/cmake)
[0.460s] -- Found rmw_fastrtps_cpp: 6.2.9 (/opt/ros/humble/share/rmw_fastrtps_cpp/cmake)
[0.513s] -- Found OpenSSL: /usr/lib/x86_64-linux-gnu/libcrypto.so (found version "3.0.2")  
[0.531s] -- Found FastRTPS: /opt/ros/humble/include  
[0.559s] -- Using RMW implementation 'rmw_fastrtps_cpp' as default
[0.564s] -- Looking for pthread.h
[0.614s] -- Looking for pthread.h - found
[0.615s] -- Performing Test CMAKE_HAVE_LIBC_PTHREAD
[0.665s] -- Performing Test CMAKE_HAVE_LIBC_PTHREAD - Success
[0.666s] -- Found Threads: TRUE  
[0.700s] -- Found ament_lint_auto: 0.12.14 (/opt/ros/humble/share/ament_lint_auto/cmake)
[0.756s] -- Added test 'cppcheck' to perform static code analysis on C / C++ code
[0.756s] -- Configured cppcheck include dirs: 
[0.756s] -- Configured cppcheck exclude dirs and/or files: 
[0.757s] -- Added test 'lint_cmake' to check CMake code style
[0.757s] -- Added test 'uncrustify' to check C / C++ code style
[0.757s] -- Configured uncrustify additional arguments: 
[0.758s] -- Added test 'xmllint' to check XML markup files
[0.759s] -- Configuring done
[0.765s] -- Generating done
[0.767s] -- Build files have been written to: /home/rc1/STrAduts/ConQU/Topic_Learning/build/niluo_node_rclcpp
[0.774s] Invoked command in '/home/rc1/STrAduts/ConQU/Topic_Learning/build/niluo_node_rclcpp' returned '0': CMAKE_PREFIX_PATH=${CMAKE_PREFIX_PATH}:/opt/ros/humble /usr/bin/cmake /home/rc1/STrAduts/ConQU/Topic_Learning/niluo/src/niluo_node_rclcpp -DCMAKE_INSTALL_PREFIX=/home/rc1/STrAduts/ConQU/Topic_Learning/install/niluo_node_rclcpp
[0.775s] Invoking command in '/home/rc1/STrAduts/ConQU/Topic_Learning/build/niluo_node_rclcpp': CMAKE_PREFIX_PATH=${CMAKE_PREFIX_PATH}:/opt/ros/humble /usr/bin/cmake --build /home/rc1/STrAduts/ConQU/Topic_Learning/build/niluo_node_rclcpp -- -j8 -l8
[0.809s] [ 50%] [32mBuilding CXX object CMakeFiles/niluo_node.dir/src/niluo_node.cpp.o[0m
[6.857s] [100%] [32m[1mLinking CXX executable niluo_node[0m
[7.187s] [100%] Built target niluo_node
[7.196s] Invoked command in '/home/rc1/STrAduts/ConQU/Topic_Learning/build/niluo_node_rclcpp' returned '0': CMAKE_PREFIX_PATH=${CMAKE_PREFIX_PATH}:/opt/ros/humble /usr/bin/cmake --build /home/rc1/STrAduts/ConQU/Topic_Learning/build/niluo_node_rclcpp -- -j8 -l8
[7.203s] Invoking command in '/home/rc1/STrAduts/ConQU/Topic_Learning/build/niluo_node_rclcpp': CMAKE_PREFIX_PATH=${CMAKE_PREFIX_PATH}:/opt/ros/humble /usr/bin/cmake --install /home/rc1/STrAduts/ConQU/Topic_Learning/build/niluo_node_rclcpp
[7.208s] -- Install configuration: ""
[7.208s] -- Installing: /home/rc1/STrAduts/ConQU/Topic_Learning/install/niluo_node_rclcpp/share/ament_index/resource_index/package_run_dependencies/niluo_node_rclcpp
[7.208s] -- Installing: /home/rc1/STrAduts/ConQU/Topic_Learning/install/niluo_node_rclcpp/share/ament_index/resource_index/parent_prefix_path/niluo_node_rclcpp
[7.208s] -- Installing: /home/rc1/STrAduts/ConQU/Topic_Learning/install/niluo_node_rclcpp/share/niluo_node_rclcpp/environment/ament_prefix_path.sh
[7.208s] -- Installing: /home/rc1/STrAduts/ConQU/Topic_Learning/install/niluo_node_rclcpp/share/niluo_node_rclcpp/environment/ament_prefix_path.dsv
[7.208s] -- Installing: /home/rc1/STrAduts/ConQU/Topic_Learning/install/niluo_node_rclcpp/share/niluo_node_rclcpp/environment/path.sh
[7.209s] -- Installing: /home/rc1/STrAduts/ConQU/Topic_Learning/install/niluo_node_rclcpp/share/niluo_node_rclcpp/environment/path.dsv
[7.209s] -- Installing: /home/rc1/STrAduts/ConQU/Topic_Learning/install/niluo_node_rclcpp/share/niluo_node_rclcpp/local_setup.bash
[7.209s] -- Installing: /home/rc1/STrAduts/ConQU/Topic_Learning/install/niluo_node_rclcpp/share/niluo_node_rclcpp/local_setup.sh
[7.209s] -- Installing: /home/rc1/STrAduts/ConQU/Topic_Learning/install/niluo_node_rclcpp/share/niluo_node_rclcpp/local_setup.zsh
[7.209s] -- Installing: /home/rc1/STrAduts/ConQU/Topic_Learning/install/niluo_node_rclcpp/share/niluo_node_rclcpp/local_setup.dsv
[7.209s] -- Installing: /home/rc1/STrAduts/ConQU/Topic_Learning/install/niluo_node_rclcpp/share/niluo_node_rclcpp/package.dsv
[7.209s] -- Installing: /home/rc1/STrAduts/ConQU/Topic_Learning/install/niluo_node_rclcpp/share/ament_index/resource_index/packages/niluo_node_rclcpp
[7.209s] -- Installing: /home/rc1/STrAduts/ConQU/Topic_Learning/install/niluo_node_rclcpp/share/niluo_node_rclcpp/cmake/niluo_node_rclcppConfig.cmake
[7.209s] -- Installing: /home/rc1/STrAduts/ConQU/Topic_Learning/install/niluo_node_rclcpp/share/niluo_node_rclcpp/cmake/niluo_node_rclcppConfig-version.cmake
[7.209s] -- Installing: /home/rc1/STrAduts/ConQU/Topic_Learning/install/niluo_node_rclcpp/share/niluo_node_rclcpp/package.xml
[7.209s] -- Installing: /home/rc1/STrAduts/ConQU/Topic_Learning/install/niluo_node_rclcpp/lib/niluo_node_rclcpp/niluo_node
[7.211s] -- Set runtime path of "/home/rc1/STrAduts/ConQU/Topic_Learning/install/niluo_node_rclcpp/lib/niluo_node_rclcpp/niluo_node" to ""
[7.212s] Invoked command in '/home/rc1/STrAduts/ConQU/Topic_Learning/build/niluo_node_rclcpp' returned '0': CMAKE_PREFIX_PATH=${CMAKE_PREFIX_PATH}:/opt/ros/humble /usr/bin/cmake --install /home/rc1/STrAduts/ConQU/Topic_Learning/build/niluo_node_rclcpp
