[0.067s] DEBUG:colcon:Command line arguments: ['/usr/bin/colcon', 'build']
[0.067s] DEBUG:colcon:Parsed command line arguments: Namespace(log_base=None, log_level=None, verb_name='build', build_base='build', install_base='install', merge_install=False, symlink_install=False, test_result_base=None, continue_on_error=False, executor='parallel', parallel_workers=8, event_handlers=None, ignore_user_meta=False, metas=['./colcon.meta'], base_paths=['.'], packages_ignore=None, packages_ignore_regex=None, paths=None, packages_up_to=None, packages_up_to_regex=None, packages_above=None, packages_above_and_dependencies=None, packages_above_depth=None, packages_select_by_dep=None, packages_skip_by_dep=None, packages_skip_up_to=None, packages_select_build_failed=False, packages_skip_build_finished=False, packages_select_test_failures=False, packages_skip_test_passed=False, packages_select=None, packages_skip=None, packages_select_regex=None, packages_skip_regex=None, packages_start=None, packages_end=None, allow_overriding=[], cmake_args=None, cmake_target=None, cmake_target_skip_unavailable=False, cmake_clean_cache=False, cmake_clean_first=False, cmake_force_configure=False, ament_cmake_args=None, catkin_cmake_args=None, catkin_skip_building_tests=False, verb_parser=<colcon_defaults.argument_parser.defaults.DefaultArgumentsDecorator object at 0x7d43d96d6ef0>, verb_extension=<colcon_core.verb.build.BuildVerb object at 0x7d43d98e87f0>, main=<bound method BuildVerb.main of <colcon_core.verb.build.BuildVerb object at 0x7d43d98e87f0>>)
[0.166s] Level 1:colcon.colcon_core.package_discovery:discover_packages(colcon_meta) check parameters
[0.166s] Level 1:colcon.colcon_core.package_discovery:discover_packages(recursive) check parameters
[0.166s] Level 1:colcon.colcon_core.package_discovery:discover_packages(ignore) check parameters
[0.166s] Level 1:colcon.colcon_core.package_discovery:discover_packages(path) check parameters
[0.167s] Level 1:colcon.colcon_core.package_discovery:discover_packages(colcon_meta) discover
[0.167s] Level 1:colcon.colcon_core.package_discovery:discover_packages(recursive) discover
[0.167s] INFO:colcon.colcon_core.package_discovery:Crawling recursively for packages in '/home/rc1/STrAduts/ConQU/Service_Learning/homework'
[0.167s] Level 1:colcon.colcon_core.package_identification:_identify(.) by extensions ['ignore', 'ignore_ament_install']
[0.167s] Level 1:colcon.colcon_core.package_identification:_identify(.) by extension 'ignore'
[0.167s] Level 1:colcon.colcon_core.package_identification:_identify(.) by extension 'ignore_ament_install'
[0.167s] Level 1:colcon.colcon_core.package_identification:_identify(.) by extensions ['colcon_pkg']
[0.167s] Level 1:colcon.colcon_core.package_identification:_identify(.) by extension 'colcon_pkg'
[0.167s] Level 1:colcon.colcon_core.package_identification:_identify(.) by extensions ['colcon_meta']
[0.167s] Level 1:colcon.colcon_core.package_identification:_identify(.) by extension 'colcon_meta'
[0.167s] Level 1:colcon.colcon_core.package_identification:_identify(.) by extensions ['ros']
[0.167s] Level 1:colcon.colcon_core.package_identification:_identify(.) by extension 'ros'
[0.175s] Level 1:colcon.colcon_core.package_identification:_identify(.) by extensions ['cmake', 'python']
[0.175s] Level 1:colcon.colcon_core.package_identification:_identify(.) by extension 'cmake'
[0.175s] Level 1:colcon.colcon_core.package_identification:_identify(.) by extension 'python'
[0.175s] Level 1:colcon.colcon_core.package_identification:_identify(.) by extensions ['python_setup_py']
[0.175s] Level 1:colcon.colcon_core.package_identification:_identify(.) by extension 'python_setup_py'
[0.175s] Level 1:colcon.colcon_core.package_identification:_identify(build) by extensions ['ignore', 'ignore_ament_install']
[0.175s] Level 1:colcon.colcon_core.package_identification:_identify(build) by extension 'ignore'
[0.175s] Level 1:colcon.colcon_core.package_identification:_identify(build) ignored
[0.175s] Level 1:colcon.colcon_core.package_identification:_identify(install) by extensions ['ignore', 'ignore_ament_install']
[0.175s] Level 1:colcon.colcon_core.package_identification:_identify(install) by extension 'ignore'
[0.175s] Level 1:colcon.colcon_core.package_identification:_identify(install) ignored
[0.175s] Level 1:colcon.colcon_core.package_identification:_identify(log) by extensions ['ignore', 'ignore_ament_install']
[0.175s] Level 1:colcon.colcon_core.package_identification:_identify(log) by extension 'ignore'
[0.175s] Level 1:colcon.colcon_core.package_identification:_identify(log) ignored
[0.175s] Level 1:colcon.colcon_core.package_identification:_identify(src) by extensions ['ignore', 'ignore_ament_install']
[0.175s] Level 1:colcon.colcon_core.package_identification:_identify(src) by extension 'ignore'
[0.175s] Level 1:colcon.colcon_core.package_identification:_identify(src) by extension 'ignore_ament_install'
[0.175s] Level 1:colcon.colcon_core.package_identification:_identify(src) by extensions ['colcon_pkg']
[0.175s] Level 1:colcon.colcon_core.package_identification:_identify(src) by extension 'colcon_pkg'
[0.176s] Level 1:colcon.colcon_core.package_identification:_identify(src) by extensions ['colcon_meta']
[0.176s] Level 1:colcon.colcon_core.package_identification:_identify(src) by extension 'colcon_meta'
[0.176s] Level 1:colcon.colcon_core.package_identification:_identify(src) by extensions ['ros']
[0.176s] Level 1:colcon.colcon_core.package_identification:_identify(src) by extension 'ros'
[0.176s] Level 1:colcon.colcon_core.package_identification:_identify(src) by extensions ['cmake', 'python']
[0.176s] Level 1:colcon.colcon_core.package_identification:_identify(src) by extension 'cmake'
[0.176s] Level 1:colcon.colcon_core.package_identification:_identify(src) by extension 'python'
[0.176s] Level 1:colcon.colcon_core.package_identification:_identify(src) by extensions ['python_setup_py']
[0.176s] Level 1:colcon.colcon_core.package_identification:_identify(src) by extension 'python_setup_py'
[0.176s] Level 1:colcon.colcon_core.package_identification:_identify(src/lr_interfaces) by extensions ['ignore', 'ignore_ament_install']
[0.176s] Level 1:colcon.colcon_core.package_identification:_identify(src/lr_interfaces) by extension 'ignore'
[0.176s] Level 1:colcon.colcon_core.package_identification:_identify(src/lr_interfaces) by extension 'ignore_ament_install'
[0.176s] Level 1:colcon.colcon_core.package_identification:_identify(src/lr_interfaces) by extensions ['colcon_pkg']
[0.176s] Level 1:colcon.colcon_core.package_identification:_identify(src/lr_interfaces) by extension 'colcon_pkg'
[0.176s] Level 1:colcon.colcon_core.package_identification:_identify(src/lr_interfaces) by extensions ['colcon_meta']
[0.176s] Level 1:colcon.colcon_core.package_identification:_identify(src/lr_interfaces) by extension 'colcon_meta'
[0.176s] Level 1:colcon.colcon_core.package_identification:_identify(src/lr_interfaces) by extensions ['ros']
[0.176s] Level 1:colcon.colcon_core.package_identification:_identify(src/lr_interfaces) by extension 'ros'
[0.178s] DEBUG:colcon.colcon_core.package_identification:Package 'src/lr_interfaces' with type 'ros.ament_cmake' and name 'lr_interfaces'
[0.178s] Level 1:colcon.colcon_core.package_identification:_identify(src/morihuoshan) by extensions ['ignore', 'ignore_ament_install']
[0.178s] Level 1:colcon.colcon_core.package_identification:_identify(src/morihuoshan) by extension 'ignore'
[0.178s] Level 1:colcon.colcon_core.package_identification:_identify(src/morihuoshan) by extension 'ignore_ament_install'
[0.178s] Level 1:colcon.colcon_core.package_identification:_identify(src/morihuoshan) by extensions ['colcon_pkg']
[0.178s] Level 1:colcon.colcon_core.package_identification:_identify(src/morihuoshan) by extension 'colcon_pkg'
[0.178s] Level 1:colcon.colcon_core.package_identification:_identify(src/morihuoshan) by extensions ['colcon_meta']
[0.178s] Level 1:colcon.colcon_core.package_identification:_identify(src/morihuoshan) by extension 'colcon_meta'
[0.178s] Level 1:colcon.colcon_core.package_identification:_identify(src/morihuoshan) by extensions ['ros']
[0.178s] Level 1:colcon.colcon_core.package_identification:_identify(src/morihuoshan) by extension 'ros'
[0.178s] DEBUG:colcon.colcon_core.package_identification:Package 'src/morihuoshan' with type 'ros.ament_cmake' and name 'morihuoshan'
[0.179s] Level 1:colcon.colcon_core.package_discovery:discover_packages(recursive) using defaults
[0.179s] Level 1:colcon.colcon_core.package_discovery:discover_packages(ignore) discover
[0.179s] Level 1:colcon.colcon_core.package_discovery:discover_packages(ignore) using defaults
[0.179s] Level 1:colcon.colcon_core.package_discovery:discover_packages(path) discover
[0.179s] Level 1:colcon.colcon_core.package_discovery:discover_packages(path) using defaults
[0.192s] Level 1:colcon.colcon_core.package_discovery:discover_packages(prefix_path) check parameters
[0.192s] Level 1:colcon.colcon_core.package_discovery:discover_packages(prefix_path) discover
[0.193s] DEBUG:colcon.colcon_installed_package_information.package_discovery:Found 2 installed packages in /home/rc1/STrAduts/ConQU/Topic_Learning/install
[0.193s] DEBUG:colcon.colcon_installed_package_information.package_discovery:Found 2 installed packages in /home/rc1/STrAduts/ConQU/Service_Learning/homework/install
[0.194s] DEBUG:colcon.colcon_installed_package_information.package_discovery:Found 271 installed packages in /opt/ros/humble
[0.195s] Level 1:colcon.colcon_core.package_discovery:discover_packages(prefix_path) using defaults
[0.227s] Level 5:colcon.colcon_core.verb:set package 'lr_interfaces' build argument 'cmake_args' from command line to 'None'
[0.227s] Level 5:colcon.colcon_core.verb:set package 'lr_interfaces' build argument 'cmake_target' from command line to 'None'
[0.227s] Level 5:colcon.colcon_core.verb:set package 'lr_interfaces' build argument 'cmake_target_skip_unavailable' from command line to 'False'
[0.227s] Level 5:colcon.colcon_core.verb:set package 'lr_interfaces' build argument 'cmake_clean_cache' from command line to 'False'
[0.227s] Level 5:colcon.colcon_core.verb:set package 'lr_interfaces' build argument 'cmake_clean_first' from command line to 'False'
[0.227s] Level 5:colcon.colcon_core.verb:set package 'lr_interfaces' build argument 'cmake_force_configure' from command line to 'False'
[0.227s] Level 5:colcon.colcon_core.verb:set package 'lr_interfaces' build argument 'ament_cmake_args' from command line to 'None'
[0.227s] Level 5:colcon.colcon_core.verb:set package 'lr_interfaces' build argument 'catkin_cmake_args' from command line to 'None'
[0.227s] Level 5:colcon.colcon_core.verb:set package 'lr_interfaces' build argument 'catkin_skip_building_tests' from command line to 'False'
[0.227s] DEBUG:colcon.colcon_core.verb:Building package 'lr_interfaces' with the following arguments: {'ament_cmake_args': None, 'build_base': '/home/rc1/STrAduts/ConQU/Service_Learning/homework/build/lr_interfaces', 'catkin_cmake_args': None, 'catkin_skip_building_tests': False, 'cmake_args': None, 'cmake_clean_cache': False, 'cmake_clean_first': False, 'cmake_force_configure': False, 'cmake_target': None, 'cmake_target_skip_unavailable': False, 'install_base': '/home/rc1/STrAduts/ConQU/Service_Learning/homework/install/lr_interfaces', 'merge_install': False, 'path': '/home/rc1/STrAduts/ConQU/Service_Learning/homework/src/lr_interfaces', 'symlink_install': False, 'test_result_base': None}
[0.227s] Level 5:colcon.colcon_core.verb:set package 'morihuoshan' build argument 'cmake_args' from command line to 'None'
[0.227s] Level 5:colcon.colcon_core.verb:set package 'morihuoshan' build argument 'cmake_target' from command line to 'None'
[0.227s] Level 5:colcon.colcon_core.verb:set package 'morihuoshan' build argument 'cmake_target_skip_unavailable' from command line to 'False'
[0.227s] Level 5:colcon.colcon_core.verb:set package 'morihuoshan' build argument 'cmake_clean_cache' from command line to 'False'
[0.227s] Level 5:colcon.colcon_core.verb:set package 'morihuoshan' build argument 'cmake_clean_first' from command line to 'False'
[0.227s] Level 5:colcon.colcon_core.verb:set package 'morihuoshan' build argument 'cmake_force_configure' from command line to 'False'
[0.227s] Level 5:colcon.colcon_core.verb:set package 'morihuoshan' build argument 'ament_cmake_args' from command line to 'None'
[0.227s] Level 5:colcon.colcon_core.verb:set package 'morihuoshan' build argument 'catkin_cmake_args' from command line to 'None'
[0.227s] Level 5:colcon.colcon_core.verb:set package 'morihuoshan' build argument 'catkin_skip_building_tests' from command line to 'False'
[0.227s] DEBUG:colcon.colcon_core.verb:Building package 'morihuoshan' with the following arguments: {'ament_cmake_args': None, 'build_base': '/home/rc1/STrAduts/ConQU/Service_Learning/homework/build/morihuoshan', 'catkin_cmake_args': None, 'catkin_skip_building_tests': False, 'cmake_args': None, 'cmake_clean_cache': False, 'cmake_clean_first': False, 'cmake_force_configure': False, 'cmake_target': None, 'cmake_target_skip_unavailable': False, 'install_base': '/home/rc1/STrAduts/ConQU/Service_Learning/homework/install/morihuoshan', 'merge_install': False, 'path': '/home/rc1/STrAduts/ConQU/Service_Learning/homework/src/morihuoshan', 'symlink_install': False, 'test_result_base': None}
[0.227s] INFO:colcon.colcon_core.executor:Executing jobs using 'parallel' executor
[0.228s] DEBUG:colcon.colcon_parallel_executor.executor.parallel:run_until_complete
[0.228s] INFO:colcon.colcon_ros.task.ament_cmake.build:Building ROS package in '/home/rc1/STrAduts/ConQU/Service_Learning/homework/src/lr_interfaces' with build type 'ament_cmake'
[0.228s] INFO:colcon.colcon_cmake.task.cmake.build:Building CMake package in '/home/rc1/STrAduts/ConQU/Service_Learning/homework/src/lr_interfaces'
[0.230s] INFO:colcon.colcon_core.plugin_system:Skipping extension 'colcon_core.shell.bat': Not used on non-Windows systems
[0.230s] INFO:colcon.colcon_core.shell:Skip shell extension 'powershell' for command environment: Not usable outside of PowerShell
[0.230s] DEBUG:colcon.colcon_core.shell:Skip shell extension 'dsv' for command environment
[0.232s] INFO:colcon.colcon_ros.task.ament_cmake.build:Building ROS package in '/home/rc1/STrAduts/ConQU/Service_Learning/homework/src/morihuoshan' with build type 'ament_cmake'
[0.232s] INFO:colcon.colcon_cmake.task.cmake.build:Building CMake package in '/home/rc1/STrAduts/ConQU/Service_Learning/homework/src/morihuoshan'
[0.233s] INFO:colcon.colcon_core.shell:Skip shell extension 'powershell' for command environment: Not usable outside of PowerShell
[0.233s] DEBUG:colcon.colcon_core.shell:Skip shell extension 'dsv' for command environment
[0.239s] DEBUG:colcon.colcon_core.event_handler.log_command:Invoking command in '/home/rc1/STrAduts/ConQU/Service_Learning/homework/build/lr_interfaces': CMAKE_PREFIX_PATH=${CMAKE_PREFIX_PATH}:/opt/ros/humble /usr/bin/cmake --build /home/rc1/STrAduts/ConQU/Service_Learning/homework/build/lr_interfaces -- -j8 -l8
[0.241s] DEBUG:colcon.colcon_core.event_handler.log_command:Invoking command in '/home/rc1/STrAduts/ConQU/Service_Learning/homework/build/morihuoshan': CMAKE_PREFIX_PATH=${CMAKE_PREFIX_PATH}:/opt/ros/humble /usr/bin/cmake --build /home/rc1/STrAduts/ConQU/Service_Learning/homework/build/morihuoshan -- -j8 -l8
[0.301s] DEBUG:colcon.colcon_core.event_handler.log_command:Invoked command in '/home/rc1/STrAduts/ConQU/Service_Learning/homework/build/morihuoshan' returned '0': CMAKE_PREFIX_PATH=${CMAKE_PREFIX_PATH}:/opt/ros/humble /usr/bin/cmake --build /home/rc1/STrAduts/ConQU/Service_Learning/homework/build/morihuoshan -- -j8 -l8
[0.308s] DEBUG:colcon.colcon_core.event_handler.log_command:Invoking command in '/home/rc1/STrAduts/ConQU/Service_Learning/homework/build/morihuoshan': CMAKE_PREFIX_PATH=${CMAKE_PREFIX_PATH}:/opt/ros/humble /usr/bin/cmake --install /home/rc1/STrAduts/ConQU/Service_Learning/homework/build/morihuoshan
[0.314s] Level 1:colcon.colcon_core.environment:create_environment_scripts_only(morihuoshan)
[0.315s] DEBUG:colcon.colcon_core.event_handler.log_command:Invoked command in '/home/rc1/STrAduts/ConQU/Service_Learning/homework/build/morihuoshan' returned '0': CMAKE_PREFIX_PATH=${CMAKE_PREFIX_PATH}:/opt/ros/humble /usr/bin/cmake --install /home/rc1/STrAduts/ConQU/Service_Learning/homework/build/morihuoshan
[0.317s] Level 1:colcon.colcon_core.environment:checking '/home/rc1/STrAduts/ConQU/Service_Learning/homework/install/morihuoshan' for CMake module files
[0.318s] Level 1:colcon.colcon_core.environment:checking '/home/rc1/STrAduts/ConQU/Service_Learning/homework/install/morihuoshan' for CMake config files
[0.318s] Level 1:colcon.colcon_core.shell:create_environment_hook('morihuoshan', 'cmake_prefix_path')
[0.318s] INFO:colcon.colcon_core.shell:Creating environment hook '/home/rc1/STrAduts/ConQU/Service_Learning/homework/install/morihuoshan/share/morihuoshan/hook/cmake_prefix_path.ps1'
[0.319s] INFO:colcon.colcon_core.shell:Creating environment descriptor '/home/rc1/STrAduts/ConQU/Service_Learning/homework/install/morihuoshan/share/morihuoshan/hook/cmake_prefix_path.dsv'
[0.320s] INFO:colcon.colcon_core.shell:Creating environment hook '/home/rc1/STrAduts/ConQU/Service_Learning/homework/install/morihuoshan/share/morihuoshan/hook/cmake_prefix_path.sh'
[0.321s] Level 1:colcon.colcon_core.environment:checking '/home/rc1/STrAduts/ConQU/Service_Learning/homework/install/morihuoshan/lib'
[0.321s] Level 1:colcon.colcon_core.environment:checking '/home/rc1/STrAduts/ConQU/Service_Learning/homework/install/morihuoshan/bin'
[0.321s] Level 1:colcon.colcon_core.environment:checking '/home/rc1/STrAduts/ConQU/Service_Learning/homework/install/morihuoshan/lib/pkgconfig/morihuoshan.pc'
[0.321s] Level 1:colcon.colcon_core.environment:checking '/home/rc1/STrAduts/ConQU/Service_Learning/homework/install/morihuoshan/lib/python3.10/site-packages'
[0.322s] Level 1:colcon.colcon_core.environment:checking '/home/rc1/STrAduts/ConQU/Service_Learning/homework/install/morihuoshan/bin'
[0.322s] INFO:colcon.colcon_core.shell:Creating package script '/home/rc1/STrAduts/ConQU/Service_Learning/homework/install/morihuoshan/share/morihuoshan/package.ps1'
[0.323s] INFO:colcon.colcon_core.shell:Creating package descriptor '/home/rc1/STrAduts/ConQU/Service_Learning/homework/install/morihuoshan/share/morihuoshan/package.dsv'
[0.324s] INFO:colcon.colcon_core.shell:Creating package script '/home/rc1/STrAduts/ConQU/Service_Learning/homework/install/morihuoshan/share/morihuoshan/package.sh'
[0.325s] INFO:colcon.colcon_core.shell:Creating package script '/home/rc1/STrAduts/ConQU/Service_Learning/homework/install/morihuoshan/share/morihuoshan/package.bash'
[0.326s] INFO:colcon.colcon_core.shell:Creating package script '/home/rc1/STrAduts/ConQU/Service_Learning/homework/install/morihuoshan/share/morihuoshan/package.zsh'
[0.326s] Level 1:colcon.colcon_core.environment:create_file_with_runtime_dependencies(/home/rc1/STrAduts/ConQU/Service_Learning/homework/install/morihuoshan/share/colcon-core/packages/morihuoshan)
[0.327s] Level 1:colcon.colcon_core.environment:create_environment_scripts_only(morihuoshan)
[0.327s] Level 1:colcon.colcon_core.environment:checking '/home/rc1/STrAduts/ConQU/Service_Learning/homework/install/morihuoshan' for CMake module files
[0.328s] Level 1:colcon.colcon_core.environment:checking '/home/rc1/STrAduts/ConQU/Service_Learning/homework/install/morihuoshan' for CMake config files
[0.328s] Level 1:colcon.colcon_core.shell:create_environment_hook('morihuoshan', 'cmake_prefix_path')
[0.329s] INFO:colcon.colcon_core.shell:Creating environment hook '/home/rc1/STrAduts/ConQU/Service_Learning/homework/install/morihuoshan/share/morihuoshan/hook/cmake_prefix_path.ps1'
[0.329s] INFO:colcon.colcon_core.shell:Creating environment descriptor '/home/rc1/STrAduts/ConQU/Service_Learning/homework/install/morihuoshan/share/morihuoshan/hook/cmake_prefix_path.dsv'
[0.330s] INFO:colcon.colcon_core.shell:Creating environment hook '/home/rc1/STrAduts/ConQU/Service_Learning/homework/install/morihuoshan/share/morihuoshan/hook/cmake_prefix_path.sh'
[0.330s] Level 1:colcon.colcon_core.environment:checking '/home/rc1/STrAduts/ConQU/Service_Learning/homework/install/morihuoshan/lib'
[0.330s] Level 1:colcon.colcon_core.environment:checking '/home/rc1/STrAduts/ConQU/Service_Learning/homework/install/morihuoshan/bin'
[0.330s] Level 1:colcon.colcon_core.environment:checking '/home/rc1/STrAduts/ConQU/Service_Learning/homework/install/morihuoshan/lib/pkgconfig/morihuoshan.pc'
[0.331s] Level 1:colcon.colcon_core.environment:checking '/home/rc1/STrAduts/ConQU/Service_Learning/homework/install/morihuoshan/lib/python3.10/site-packages'
[0.331s] Level 1:colcon.colcon_core.environment:checking '/home/rc1/STrAduts/ConQU/Service_Learning/homework/install/morihuoshan/bin'
[0.331s] INFO:colcon.colcon_core.shell:Creating package script '/home/rc1/STrAduts/ConQU/Service_Learning/homework/install/morihuoshan/share/morihuoshan/package.ps1'
[0.332s] INFO:colcon.colcon_core.shell:Creating package descriptor '/home/rc1/STrAduts/ConQU/Service_Learning/homework/install/morihuoshan/share/morihuoshan/package.dsv'
[0.332s] INFO:colcon.colcon_core.shell:Creating package script '/home/rc1/STrAduts/ConQU/Service_Learning/homework/install/morihuoshan/share/morihuoshan/package.sh'
[0.333s] INFO:colcon.colcon_core.shell:Creating package script '/home/rc1/STrAduts/ConQU/Service_Learning/homework/install/morihuoshan/share/morihuoshan/package.bash'
[0.333s] INFO:colcon.colcon_core.shell:Creating package script '/home/rc1/STrAduts/ConQU/Service_Learning/homework/install/morihuoshan/share/morihuoshan/package.zsh'
[0.334s] Level 1:colcon.colcon_core.environment:create_file_with_runtime_dependencies(/home/rc1/STrAduts/ConQU/Service_Learning/homework/install/morihuoshan/share/colcon-core/packages/morihuoshan)
[0.480s] DEBUG:colcon.colcon_core.event_handler.log_command:Invoked command in '/home/rc1/STrAduts/ConQU/Service_Learning/homework/build/lr_interfaces' returned '0': CMAKE_PREFIX_PATH=${CMAKE_PREFIX_PATH}:/opt/ros/humble /usr/bin/cmake --build /home/rc1/STrAduts/ConQU/Service_Learning/homework/build/lr_interfaces -- -j8 -l8
[0.480s] DEBUG:colcon.colcon_core.event_handler.log_command:Invoking command in '/home/rc1/STrAduts/ConQU/Service_Learning/homework/build/lr_interfaces': CMAKE_PREFIX_PATH=${CMAKE_PREFIX_PATH}:/opt/ros/humble /usr/bin/cmake --install /home/rc1/STrAduts/ConQU/Service_Learning/homework/build/lr_interfaces
[0.518s] Level 1:colcon.colcon_core.environment:create_environment_scripts_only(lr_interfaces)
[0.518s] Level 1:colcon.colcon_core.environment:checking '/home/rc1/STrAduts/ConQU/Service_Learning/homework/install/lr_interfaces' for CMake module files
[0.518s] DEBUG:colcon.colcon_core.event_handler.log_command:Invoked command in '/home/rc1/STrAduts/ConQU/Service_Learning/homework/build/lr_interfaces' returned '0': CMAKE_PREFIX_PATH=${CMAKE_PREFIX_PATH}:/opt/ros/humble /usr/bin/cmake --install /home/rc1/STrAduts/ConQU/Service_Learning/homework/build/lr_interfaces
[0.519s] Level 1:colcon.colcon_core.environment:checking '/home/rc1/STrAduts/ConQU/Service_Learning/homework/install/lr_interfaces' for CMake config files
[0.519s] Level 1:colcon.colcon_core.shell:create_environment_hook('lr_interfaces', 'cmake_prefix_path')
[0.519s] INFO:colcon.colcon_core.shell:Creating environment hook '/home/rc1/STrAduts/ConQU/Service_Learning/homework/install/lr_interfaces/share/lr_interfaces/hook/cmake_prefix_path.ps1'
[0.520s] INFO:colcon.colcon_core.shell:Creating environment descriptor '/home/rc1/STrAduts/ConQU/Service_Learning/homework/install/lr_interfaces/share/lr_interfaces/hook/cmake_prefix_path.dsv'
[0.520s] INFO:colcon.colcon_core.shell:Creating environment hook '/home/rc1/STrAduts/ConQU/Service_Learning/homework/install/lr_interfaces/share/lr_interfaces/hook/cmake_prefix_path.sh'
[0.520s] Level 1:colcon.colcon_core.environment:checking '/home/rc1/STrAduts/ConQU/Service_Learning/homework/install/lr_interfaces/lib'
[0.520s] Level 1:colcon.colcon_core.shell:create_environment_hook('lr_interfaces', 'ld_library_path_lib')
[0.520s] INFO:colcon.colcon_core.shell:Creating environment hook '/home/rc1/STrAduts/ConQU/Service_Learning/homework/install/lr_interfaces/share/lr_interfaces/hook/ld_library_path_lib.ps1'
[0.521s] INFO:colcon.colcon_core.shell:Creating environment descriptor '/home/rc1/STrAduts/ConQU/Service_Learning/homework/install/lr_interfaces/share/lr_interfaces/hook/ld_library_path_lib.dsv'
[0.521s] INFO:colcon.colcon_core.shell:Creating environment hook '/home/rc1/STrAduts/ConQU/Service_Learning/homework/install/lr_interfaces/share/lr_interfaces/hook/ld_library_path_lib.sh'
[0.521s] Level 1:colcon.colcon_core.environment:checking '/home/rc1/STrAduts/ConQU/Service_Learning/homework/install/lr_interfaces/bin'
[0.521s] Level 1:colcon.colcon_core.environment:checking '/home/rc1/STrAduts/ConQU/Service_Learning/homework/install/lr_interfaces/lib/pkgconfig/lr_interfaces.pc'
[0.521s] Level 1:colcon.colcon_core.environment:checking '/home/rc1/STrAduts/ConQU/Service_Learning/homework/install/lr_interfaces/lib/python3.10/site-packages'
[0.522s] Level 1:colcon.colcon_core.environment:checking '/home/rc1/STrAduts/ConQU/Service_Learning/homework/install/lr_interfaces/bin'
[0.522s] INFO:colcon.colcon_core.shell:Creating package script '/home/rc1/STrAduts/ConQU/Service_Learning/homework/install/lr_interfaces/share/lr_interfaces/package.ps1'
[0.522s] INFO:colcon.colcon_core.shell:Creating package descriptor '/home/rc1/STrAduts/ConQU/Service_Learning/homework/install/lr_interfaces/share/lr_interfaces/package.dsv'
[0.522s] INFO:colcon.colcon_core.shell:Creating package script '/home/rc1/STrAduts/ConQU/Service_Learning/homework/install/lr_interfaces/share/lr_interfaces/package.sh'
[0.523s] INFO:colcon.colcon_core.shell:Creating package script '/home/rc1/STrAduts/ConQU/Service_Learning/homework/install/lr_interfaces/share/lr_interfaces/package.bash'
[0.523s] INFO:colcon.colcon_core.shell:Creating package script '/home/rc1/STrAduts/ConQU/Service_Learning/homework/install/lr_interfaces/share/lr_interfaces/package.zsh'
[0.523s] Level 1:colcon.colcon_core.environment:create_file_with_runtime_dependencies(/home/rc1/STrAduts/ConQU/Service_Learning/homework/install/lr_interfaces/share/colcon-core/packages/lr_interfaces)
[0.524s] Level 1:colcon.colcon_core.environment:create_environment_scripts_only(lr_interfaces)
[0.524s] Level 1:colcon.colcon_core.environment:checking '/home/rc1/STrAduts/ConQU/Service_Learning/homework/install/lr_interfaces' for CMake module files
[0.524s] Level 1:colcon.colcon_core.environment:checking '/home/rc1/STrAduts/ConQU/Service_Learning/homework/install/lr_interfaces' for CMake config files
[0.524s] Level 1:colcon.colcon_core.shell:create_environment_hook('lr_interfaces', 'cmake_prefix_path')
[0.524s] INFO:colcon.colcon_core.shell:Creating environment hook '/home/rc1/STrAduts/ConQU/Service_Learning/homework/install/lr_interfaces/share/lr_interfaces/hook/cmake_prefix_path.ps1'
[0.525s] INFO:colcon.colcon_core.shell:Creating environment descriptor '/home/rc1/STrAduts/ConQU/Service_Learning/homework/install/lr_interfaces/share/lr_interfaces/hook/cmake_prefix_path.dsv'
[0.525s] INFO:colcon.colcon_core.shell:Creating environment hook '/home/rc1/STrAduts/ConQU/Service_Learning/homework/install/lr_interfaces/share/lr_interfaces/hook/cmake_prefix_path.sh'
[0.525s] Level 1:colcon.colcon_core.environment:checking '/home/rc1/STrAduts/ConQU/Service_Learning/homework/install/lr_interfaces/lib'
[0.525s] Level 1:colcon.colcon_core.shell:create_environment_hook('lr_interfaces', 'ld_library_path_lib')
[0.525s] INFO:colcon.colcon_core.shell:Creating environment hook '/home/rc1/STrAduts/ConQU/Service_Learning/homework/install/lr_interfaces/share/lr_interfaces/hook/ld_library_path_lib.ps1'
[0.526s] INFO:colcon.colcon_core.shell:Creating environment descriptor '/home/rc1/STrAduts/ConQU/Service_Learning/homework/install/lr_interfaces/share/lr_interfaces/hook/ld_library_path_lib.dsv'
[0.526s] INFO:colcon.colcon_core.shell:Creating environment hook '/home/rc1/STrAduts/ConQU/Service_Learning/homework/install/lr_interfaces/share/lr_interfaces/hook/ld_library_path_lib.sh'
[0.526s] Level 1:colcon.colcon_core.environment:checking '/home/rc1/STrAduts/ConQU/Service_Learning/homework/install/lr_interfaces/bin'
[0.526s] Level 1:colcon.colcon_core.environment:checking '/home/rc1/STrAduts/ConQU/Service_Learning/homework/install/lr_interfaces/lib/pkgconfig/lr_interfaces.pc'
[0.526s] Level 1:colcon.colcon_core.environment:checking '/home/rc1/STrAduts/ConQU/Service_Learning/homework/install/lr_interfaces/lib/python3.10/site-packages'
[0.527s] Level 1:colcon.colcon_core.environment:checking '/home/rc1/STrAduts/ConQU/Service_Learning/homework/install/lr_interfaces/bin'
[0.527s] INFO:colcon.colcon_core.shell:Creating package script '/home/rc1/STrAduts/ConQU/Service_Learning/homework/install/lr_interfaces/share/lr_interfaces/package.ps1'
[0.527s] INFO:colcon.colcon_core.shell:Creating package descriptor '/home/rc1/STrAduts/ConQU/Service_Learning/homework/install/lr_interfaces/share/lr_interfaces/package.dsv'
[0.527s] INFO:colcon.colcon_core.shell:Creating package script '/home/rc1/STrAduts/ConQU/Service_Learning/homework/install/lr_interfaces/share/lr_interfaces/package.sh'
[0.528s] INFO:colcon.colcon_core.shell:Creating package script '/home/rc1/STrAduts/ConQU/Service_Learning/homework/install/lr_interfaces/share/lr_interfaces/package.bash'
[0.528s] INFO:colcon.colcon_core.shell:Creating package script '/home/rc1/STrAduts/ConQU/Service_Learning/homework/install/lr_interfaces/share/lr_interfaces/package.zsh'
[0.529s] Level 1:colcon.colcon_core.environment:create_file_with_runtime_dependencies(/home/rc1/STrAduts/ConQU/Service_Learning/homework/install/lr_interfaces/share/colcon-core/packages/lr_interfaces)
[0.529s] DEBUG:colcon.colcon_parallel_executor.executor.parallel:closing loop
[0.529s] DEBUG:colcon.colcon_parallel_executor.executor.parallel:loop closed
[0.529s] DEBUG:colcon.colcon_parallel_executor.executor.parallel:run_until_complete finished with '0'
[0.529s] DEBUG:colcon.colcon_core.event_reactor:joining thread
[0.533s] INFO:colcon.colcon_core.plugin_system:Skipping extension 'colcon_notification.desktop_notification.terminal_notifier': Not used on non-Darwin systems
[0.533s] INFO:colcon.colcon_core.plugin_system:Skipping extension 'colcon_notification.desktop_notification.win32': Not used on non-Windows systems
[0.533s] INFO:colcon.colcon_notification.desktop_notification:Sending desktop notification using 'notify2'
[0.540s] DEBUG:colcon.colcon_core.event_reactor:joined thread
[0.540s] INFO:colcon.colcon_core.shell:Creating prefix script '/home/rc1/STrAduts/ConQU/Service_Learning/homework/install/local_setup.ps1'
[0.541s] INFO:colcon.colcon_core.shell:Creating prefix util module '/home/rc1/STrAduts/ConQU/Service_Learning/homework/install/_local_setup_util_ps1.py'
[0.542s] INFO:colcon.colcon_core.shell:Creating prefix chain script '/home/rc1/STrAduts/ConQU/Service_Learning/homework/install/setup.ps1'
[0.543s] INFO:colcon.colcon_core.shell:Creating prefix script '/home/rc1/STrAduts/ConQU/Service_Learning/homework/install/local_setup.sh'
[0.543s] INFO:colcon.colcon_core.shell:Creating prefix util module '/home/rc1/STrAduts/ConQU/Service_Learning/homework/install/_local_setup_util_sh.py'
[0.543s] INFO:colcon.colcon_core.shell:Creating prefix chain script '/home/rc1/STrAduts/ConQU/Service_Learning/homework/install/setup.sh'
[0.544s] INFO:colcon.colcon_core.shell:Creating prefix script '/home/rc1/STrAduts/ConQU/Service_Learning/homework/install/local_setup.bash'
[0.545s] INFO:colcon.colcon_core.shell:Creating prefix chain script '/home/rc1/STrAduts/ConQU/Service_Learning/homework/install/setup.bash'
[0.545s] INFO:colcon.colcon_core.shell:Creating prefix script '/home/rc1/STrAduts/ConQU/Service_Learning/homework/install/local_setup.zsh'
[0.546s] INFO:colcon.colcon_core.shell:Creating prefix chain script '/home/rc1/STrAduts/ConQU/Service_Learning/homework/install/setup.zsh'
