[0.008s] Invoking command in '/home/rc-005/STrAduts/ConQU/Topic_Learning/niluo/build/niluo_node_rclcpp': CMAKE_PREFIX_PATH=/opt/ros/humble /usr/bin/cmake --build /home/rc-005/STrAduts/ConQU/Topic_Learning/niluo/build/niluo_node_rclcpp -- -j8 -l8
[0.040s] [35m[1mConsolidate compiler generated dependencies of target niluo_node[0m
[0.057s] [ 50%] [32mBuilding CXX object CMakeFiles/niluo_node.dir/src/niluo_node.cpp.o[0m
[3.389s] [100%] [32m[1mLinking CXX executable niluo_node[0m
[3.540s] [100%] Built target niluo_node
[3.549s] Invoked command in '/home/rc-005/STrAduts/ConQU/Topic_Learning/niluo/build/niluo_node_rclcpp' returned '0': CMAKE_PREFIX_PATH=/opt/ros/humble /usr/bin/cmake --build /home/rc-005/STrAduts/ConQU/Topic_Learning/niluo/build/niluo_node_rclcpp -- -j8 -l8
[3.557s] Invoking command in '/home/rc-005/STrAduts/ConQU/Topic_Learning/niluo/build/niluo_node_rclcpp': CMAKE_PREFIX_PATH=/opt/ros/humble /usr/bin/cmake --install /home/rc-005/STrAduts/ConQU/Topic_Learning/niluo/build/niluo_node_rclcpp
[3.562s] -- Install configuration: ""
[3.562s] -- Installing: /home/rc-005/STrAduts/ConQU/Topic_Learning/niluo/install/niluo_node_rclcpp/share/ament_index/resource_index/package_run_dependencies/niluo_node_rclcpp
[3.562s] -- Installing: /home/rc-005/STrAduts/ConQU/Topic_Learning/niluo/install/niluo_node_rclcpp/share/ament_index/resource_index/parent_prefix_path/niluo_node_rclcpp
[3.562s] -- Installing: /home/rc-005/STrAduts/ConQU/Topic_Learning/niluo/install/niluo_node_rclcpp/share/niluo_node_rclcpp/environment/ament_prefix_path.sh
[3.563s] -- Installing: /home/rc-005/STrAduts/ConQU/Topic_Learning/niluo/install/niluo_node_rclcpp/share/niluo_node_rclcpp/environment/ament_prefix_path.dsv
[3.563s] -- Installing: /home/rc-005/STrAduts/ConQU/Topic_Learning/niluo/install/niluo_node_rclcpp/share/niluo_node_rclcpp/environment/path.sh
[3.563s] -- Installing: /home/rc-005/STrAduts/ConQU/Topic_Learning/niluo/install/niluo_node_rclcpp/share/niluo_node_rclcpp/environment/path.dsv
[3.563s] -- Installing: /home/rc-005/STrAduts/ConQU/Topic_Learning/niluo/install/niluo_node_rclcpp/share/niluo_node_rclcpp/local_setup.bash
[3.563s] -- Installing: /home/rc-005/STrAduts/ConQU/Topic_Learning/niluo/install/niluo_node_rclcpp/share/niluo_node_rclcpp/local_setup.sh
[3.563s] -- Installing: /home/rc-005/STrAduts/ConQU/Topic_Learning/niluo/install/niluo_node_rclcpp/share/niluo_node_rclcpp/local_setup.zsh
[3.563s] -- Installing: /home/rc-005/STrAduts/ConQU/Topic_Learning/niluo/install/niluo_node_rclcpp/share/niluo_node_rclcpp/local_setup.dsv
[3.563s] -- Installing: /home/rc-005/STrAduts/ConQU/Topic_Learning/niluo/install/niluo_node_rclcpp/share/niluo_node_rclcpp/package.dsv
[3.564s] -- Installing: /home/rc-005/STrAduts/ConQU/Topic_Learning/niluo/install/niluo_node_rclcpp/share/ament_index/resource_index/packages/niluo_node_rclcpp
[3.564s] -- Installing: /home/rc-005/STrAduts/ConQU/Topic_Learning/niluo/install/niluo_node_rclcpp/share/niluo_node_rclcpp/cmake/niluo_node_rclcppConfig.cmake
[3.564s] -- Installing: /home/rc-005/STrAduts/ConQU/Topic_Learning/niluo/install/niluo_node_rclcpp/share/niluo_node_rclcpp/cmake/niluo_node_rclcppConfig-version.cmake
[3.564s] -- Installing: /home/rc-005/STrAduts/ConQU/Topic_Learning/niluo/install/niluo_node_rclcpp/share/niluo_node_rclcpp/package.xml
[3.564s] -- Installing: /home/rc-005/STrAduts/ConQU/Topic_Learning/niluo/install/niluo_node_rclcpp/lib/niluo_node_rclcpp/niluo_node
[3.564s] -- Set runtime path of "/home/rc-005/STrAduts/ConQU/Topic_Learning/niluo/install/niluo_node_rclcpp/lib/niluo_node_rclcpp/niluo_node" to ""
[3.566s] Invoked command in '/home/rc-005/STrAduts/ConQU/Topic_Learning/niluo/build/niluo_node_rclcpp' returned '0': CMAKE_PREFIX_PATH=/opt/ros/humble /usr/bin/cmake --install /home/rc-005/STrAduts/ConQU/Topic_Learning/niluo/build/niluo_node_rclcpp
