[  3%] [34m[1mGenerating C code for ROS interfaces[0m
[  6%] [34m[1mGenerating C++ code for ROS interfaces[0m
[  6%] Built target ament_cmake_python_copy_lr_interfaces
running egg_info
creating lr_interfaces.egg-info
writing lr_interfaces.egg-info/PKG-INFO
writing dependency_links to lr_interfaces.egg-info/dependency_links.txt
writing top-level names to lr_interfaces.egg-info/top_level.txt
writing manifest file 'lr_interfaces.egg-info/SOURCES.txt'
reading manifest file 'lr_interfaces.egg-info/SOURCES.txt'
writing manifest file 'lr_interfaces.egg-info/SOURCES.txt'
[  6%] Built target ament_cmake_python_build_lr_interfaces_egg
[  6%] Built target lr_interfaces__cpp
[ 12%] [34m[1mGenerating C++ introspection for ROS interfaces[0m
[ 12%] [34m[1mGenerating C++ type support for eProsima Fast-RTPS[0m
[ 16%] [34m[1mGenerating C++ type support dispatch for ROS interfaces[0m
[ 19%] [32mBuilding C object CMakeFiles/lr_interfaces__rosidl_generator_c.dir/rosidl_generator_c/lr_interfaces/srv/detail/climb__functions.c.o[0m
[ 22%] [32m[1mLinking C shared library liblr_interfaces__rosidl_generator_c.so[0m
[ 22%] Built target lr_interfaces__rosidl_generator_c
[ 29%] [34m[1mGenerating C type support dispatch for ROS interfaces[0m
[ 29%] [34m[1mGenerating C type support for eProsima Fast-RTPS[0m
[ 32%] [34m[1mGenerating C introspection for ROS interfaces[0m
[ 35%] [32mBuilding CXX object CMakeFiles/lr_interfaces__rosidl_typesupport_cpp.dir/rosidl_typesupport_cpp/lr_interfaces/srv/climb__type_support.cpp.o[0m
[ 38%] [32mBuilding CXX object CMakeFiles/lr_interfaces__rosidl_typesupport_fastrtps_cpp.dir/rosidl_typesupport_fastrtps_cpp/lr_interfaces/srv/detail/dds_fastrtps/climb__type_support.cpp.o[0m
[ 41%] [32mBuilding CXX object CMakeFiles/lr_interfaces__rosidl_typesupport_introspection_cpp.dir/rosidl_typesupport_introspection_cpp/lr_interfaces/srv/detail/climb__type_support.cpp.o[0m
[ 45%] [32mBuilding C object CMakeFiles/lr_interfaces__rosidl_typesupport_introspection_c.dir/rosidl_typesupport_introspection_c/lr_interfaces/srv/detail/climb__type_support.c.o[0m
[ 48%] [32mBuilding CXX object CMakeFiles/lr_interfaces__rosidl_typesupport_c.dir/rosidl_typesupport_c/lr_interfaces/srv/climb__type_support.cpp.o[0m
[ 51%] [32m[1mLinking CXX shared library liblr_interfaces__rosidl_typesupport_cpp.so[0m
[ 54%] [32m[1mLinking C shared library liblr_interfaces__rosidl_typesupport_introspection_c.so[0m
[ 58%] [32m[1mLinking CXX shared library liblr_interfaces__rosidl_typesupport_c.so[0m
[ 61%] [32mBuilding CXX object CMakeFiles/lr_interfaces__rosidl_typesupport_fastrtps_c.dir/rosidl_typesupport_fastrtps_c/lr_interfaces/srv/detail/climb__type_support_c.cpp.o[0m
[ 61%] Built target lr_interfaces__rosidl_typesupport_introspection_c
[ 61%] Built target lr_interfaces__rosidl_typesupport_cpp
[ 61%] Built target lr_interfaces__rosidl_typesupport_c
[ 64%] [32m[1mLinking CXX shared library liblr_interfaces__rosidl_typesupport_fastrtps_cpp.so[0m
[ 64%] Built target lr_interfaces__rosidl_typesupport_fastrtps_cpp
[ 67%] [32m[1mLinking CXX shared library liblr_interfaces__rosidl_typesupport_introspection_cpp.so[0m
[ 67%] Built target lr_interfaces__rosidl_typesupport_introspection_cpp
[ 70%] [32m[1mLinking CXX shared library liblr_interfaces__rosidl_typesupport_fastrtps_c.so[0m
[ 70%] Built target lr_interfaces__rosidl_typesupport_fastrtps_c
[ 70%] Built target lr_interfaces
[ 74%] [34m[1mGenerating Python code for ROS interfaces[0m
[ 74%] Built target lr_interfaces__py
[ 77%] [32mBuilding C object CMakeFiles/lr_interfaces__rosidl_generator_py.dir/rosidl_generator_py/lr_interfaces/srv/_climb_s.c.o[0m
[ 80%] [32m[1mLinking C shared library rosidl_generator_py/lr_interfaces/liblr_interfaces__rosidl_generator_py.so[0m
[ 80%] Built target lr_interfaces__rosidl_generator_py
[ 90%] [32mBuilding C object CMakeFiles/lr_interfaces__rosidl_typesupport_c__pyext.dir/rosidl_generator_py/lr_interfaces/_lr_interfaces_s.ep.rosidl_typesupport_c.c.o[0m
[ 90%] [32mBuilding C object CMakeFiles/lr_interfaces__rosidl_typesupport_fastrtps_c__pyext.dir/rosidl_generator_py/lr_interfaces/_lr_interfaces_s.ep.rosidl_typesupport_fastrtps_c.c.o[0m
[ 90%] [32mBuilding C object CMakeFiles/lr_interfaces__rosidl_typesupport_introspection_c__pyext.dir/rosidl_generator_py/lr_interfaces/_lr_interfaces_s.ep.rosidl_typesupport_introspection_c.c.o[0m
[ 96%] [32m[1mLinking C shared library rosidl_generator_py/lr_interfaces/lr_interfaces_s__rosidl_typesupport_c.cpython-310-x86_64-linux-gnu.so[0m
[ 96%] [32m[1mLinking C shared library rosidl_generator_py/lr_interfaces/lr_interfaces_s__rosidl_typesupport_introspection_c.cpython-310-x86_64-linux-gnu.so[0m
[100%] [32m[1mLinking C shared library rosidl_generator_py/lr_interfaces/lr_interfaces_s__rosidl_typesupport_fastrtps_c.cpython-310-x86_64-linux-gnu.so[0m
[100%] Built target lr_interfaces__rosidl_typesupport_c__pyext
[100%] Built target lr_interfaces__rosidl_typesupport_introspection_c__pyext
[100%] Built target lr_interfaces__rosidl_typesupport_fastrtps_c__pyext
